#
# A fatal error has been detected by the Java Runtime Environment:
#
#  SIGSEGV (0xb) at pc=0x000000012b9a7fa0, pid=55807, tid=36611
#
# JRE version: OpenJDK Runtime Environment (15.0.1+9) (build 15.0.1+9)
# Java VM: OpenJDK 64-Bit Server VM (15.0.1+9, mixed mode, sharing, tiered, compressed oops, g1 gc, bsd-amd64)
# Problematic frame:
# C  [libClp.1.13.11.dylib+0xadfa0]  ClpPresolve::presolve(CoinPresolveMatrix*)+0x3470
#
# No core dump will be written. Core dumps have been disabled. To enable core dumping, try "ulimit -c unlimited" before starting Java again
#
# If you would like to submit a bug report, please visit:
#   https://bugreport.java.com/bugreport/crash.jsp
# The crash happened outside the Java Virtual Machine in native code.
# See problematic frame for where to report the bug.
#

---------------  S U M M A R Y ------------

Command Line: -Djava.library.path=/Users/yudeng/OR_TOOLS/lib ch.ethz.math.ifor.atsp.main

Host: MacBookPro14,3 x86_64 2800 MHz, 8 cores, 16G, Darwin 19.4.0
Time: Mon Mar  8 20:33:19 2021 CET elapsed time: 8.047656 seconds (0d 0h 0m 8s)

---------------  T H R E A D  ---------------

Current thread (0x00007fec452bfa00):  JavaThread "scala-execution-context-global-15" daemon [_thread_in_native, id=36611, stack(0x00007000115df000,0x00007000116df000)]

Stack: [0x00007000115df000,0x00007000116df000],  sp=0x00007000115d5e10,  free space=18014398509481947k
Native frames: (J=compiled Java code, A=aot compiled Java code, j=interpreted, Vv=VM code, C=native code)
C  [libClp.1.13.11.dylib+0xadfa0]  ClpPresolve::presolve(CoinPresolveMatrix*)+0x3470

Java frames: (J=compiled Java code, j=interpreted, Vv=VM code)
J 2030  com.google.ortools.linearsolver.main_research_linear_solverJNI.MPSolver_solve__SWIG_0(JLcom/google/ortools/linearsolver/MPSolver;)I (0 bytes) @ 0x00000001174c3c05 [0x00000001174c3ba0+0x0000000000000065]
J 2029 c1 com.google.ortools.linearsolver.MPSolver.solve()Lcom/google/ortools/linearsolver/MPSolver$ResultStatus; (12 bytes) @ 0x000000011025869c [0x0000000110258640+0x000000000000005c]
j  ch.ethz.math.ifor.atsp.CompactFormulations.MTZ2020$.solve(Lch/ethz/math/ifor/atsp/Input;)Lch/ethz/math/ifor/atsp/Output;+160
j  ch.ethz.math.ifor.atsp.instanceAlgoMatrix.package$.$anonfun$namedSolvers$5(Lch/ethz/math/ifor/atsp/Input;)Lch/ethz/math/ifor/atsp/Output;+4
j  ch.ethz.math.ifor.atsp.instanceAlgoMatrix.package$$$Lambda$28+0x0000000800c3c510.apply(Ljava/lang/Object;)Ljava/lang/Object;+4
j  ch.ethz.math.ifor.atsp.instanceAlgoMatrix.timeOut$.$anonfun$timed$1(Lscala/Function1;Lch/ethz/math/ifor/atsp/Input;)Lch/ethz/math/ifor/atsp/Output;+2
j  ch.ethz.math.ifor.atsp.instanceAlgoMatrix.timeOut$$$Lambda$43+0x0000000800c4baf0.apply()Ljava/lang/Object;+8
j  scala.concurrent.Future$.$anonfun$apply$1(Lscala/Function0;Lscala/runtime/BoxedUnit;)Ljava/lang/Object;+1
j  scala.concurrent.Future$$$Lambda$46+0x0000000800c4dbb0.apply(Ljava/lang/Object;)Ljava/lang/Object;+8
j  scala.concurrent.impl.Promise$Transformation.run()V+112
j  scala.concurrent.BatchingExecutor$AbstractBatch.runN(I)V+49
j  scala.concurrent.BatchingExecutor$AsyncBatch.apply(Lscala/concurrent/BlockContext;)Ljava/lang/Throwable;+9
j  scala.concurrent.BatchingExecutor$AsyncBatch.apply(Ljava/lang/Object;)Ljava/lang/Object;+5
j  scala.concurrent.BlockContext$.usingBlockContext(Lscala/concurrent/BlockContext;Lscala/Function1;)Ljava/lang/Object;+40
j  scala.concurrent.BatchingExecutor$AsyncBatch.run()V+19
j  java.util.concurrent.ForkJoinTask$RunnableExecuteAction.exec()Z+4 java.base@15.0.1
j  java.util.concurrent.ForkJoinTask.doExec()I+10 java.base@15.0.1
j  java.util.concurrent.ForkJoinPool$WorkQueue.topLevelExec(Ljava/util/concurrent/ForkJoinTask;Ljava/util/concurrent/ForkJoinPool$WorkQueue;I)V+11 java.base@15.0.1
j  java.util.concurrent.ForkJoinPool.scan(Ljava/util/concurrent/ForkJoinPool$WorkQueue;I)Z+185 java.base@15.0.1
j  java.util.concurrent.ForkJoinPool.runWorker(Ljava/util/concurrent/ForkJoinPool$WorkQueue;)V+25 java.base@15.0.1
j  java.util.concurrent.ForkJoinWorkerThread.run()V+24 java.base@15.0.1
v  ~StubRoutines::call_stub

siginfo: si_signo: 749462944 (INVALID), si_code: 1 (unknown)

Register to memory mapping:

RAX=0x00007fec46eea8e0 points into unknown readable memory: 0x000000012bc47a20 | 20 7a c4 2b 01 00 00 00
RBX=0x00007000115d5f38 is pointing into the stack for thread: 0x00007fec45afbc00
RCX=0x0 is NULL
RDX=0x000000000026aa00 is an unknown value
RSP=0x00007000115d5e10 is pointing into the stack for thread: 0x00007fec45afbc00
RBP=0x000070002ca652e0 is an unknown value
RSI=1536 is a compressed pointer to class: 0x0000000800003000
RDI=0x0000000075978ed5 is an unknown value
R8 =0x0000000000008001 is an unknown value
R9 =0x00007fec44a8c600 points into unknown readable memory: 0x00007fec44a0ec00 | 00 ec a0 44 ec 7f 00 00
R10=0x00007fec44a8c600 points into unknown readable memory: 0x00007fec44a0ec00 | 00 ec a0 44 ec 7f 00 00
R11=0x00007fec44800000 points into unknown readable memory: 0x0000000000000000 | 00 00 00 00 00 00 00 00
R12=0x00007fec46eea8e0 points into unknown readable memory: 0x000000012bc47a20 | 20 7a c4 2b 01 00 00 00
R13=0x0000000000000001 is an unknown value
R14=0x00007fec46e5c558 points into unknown readable memory: 0x00007fec46eea8e0 | e0 a8 ee 46 ec 7f 00 00
R15=0x00007000115d60f0 is pointing into the stack for thread: 0x00007fec45afbc00


Registers:
RAX=0x00007fec46eea8e0, RBX=0x00007000115d5f38, RCX=0x0000000000000000, RDX=0x000000000026aa00
RSP=0x00007000115d5e10, RBP=0x000070002ca652e0, RSI=0x0000000000000600, RDI=0x0000000075978ed5
R8 =0x0000000000008001, R9 =0x00007fec44a8c600, R10=0x00007fec44a8c600, R11=0x00007fec44800000
R12=0x00007fec46eea8e0, R13=0x0000000000000001, R14=0x00007fec46e5c558, R15=0x00007000115d60f0
RIP=0x000000012b9a7fa0, EFLAGS=0x0000000000010246, ERR=0x0000000000000004
  TRAPNO=0x000000000000000e

Top of Stack: (sp=0x00007000115d5e10)
0x00007000115d5e10:   0000000000000003 f6b7c0006e696f43
0x00007000115d5e20:   0000072000000002 00007fec44a74e00
0x00007000115d5e30:   0000000000000003 0000000102240e00
0x00007000115d5e40:   000070002ca63a70 00007fff2cabe690
0x00007000115d5e50:   0000000000000000 000000010221d380
0x00007000115d5e60:   0000000000000003 000000010223fa00
0x00007000115d5e70:   0000000102240e00 0000000000000003
0x00007000115d5e80:   0000000000000000 0000000000000005
0x00007000115d5e90:   0000000000000030 0000000000000005
0x00007000115d5ea0:   00007000115d5ee0 00007fff6bb63aa2
0x00007000115d5eb0:   000000010221d380 000000012caadf00
0x00007000115d5ec0:   0000000000000020 000000002caaf138
0x00007000115d5ed0:   0000072000000002 00007fec44a75600
0x00007000115d5ee0:   00007000115d5f80 00007fff6bb632d8
0x00007000115d5ef0:   f6b7c00070001002 00007fec46e0ffff
0x00007000115d5f00:   00007fec46e5c5a0 000000002ca46730
0x00007000115d5f10:   0000000000000026 000000010221d080
0x00007000115d5f20:   0000000102238e00 0000000000000002
0x00007000115d5f30:   0000000102238e00 0000000000000000
0x00007000115d5f40:   000000006e696f43 0000072000000002
0x00007000115d5f50:   00007fec44a74600 0000000000000910
0x00007000115d5f60:   0000000000000910 ffffffffffffffff
0x00007000115d5f70:   0000000000000000 000000010221c000
0x00007000115d5f80:   00007000115d5fb0 00007fff6bb630fc
0x00007000115d5f90:   0000000000000910 0000000000000488
0x00007000115d5fa0:   00007fff924d4000 0000000000000122
0x00007000115d5fb0:   00007000115d5fe0 00007fff6bb61d7a
0x00007000115d5fc0:   00007fec44d63400 0000000000000910
0x00007000115d5fd0:   00007000115d60f0 0000000000000122
0x00007000115d5fe0:   00007000115d6000 00007fff6bb61cf5
0x00007000115d5ff0:   00007fec44d63400 0000000000000910
0x00007000115d6000:   00007000115d6020 00007fff68cdbdea 

Instructions: (pc=0x000000012b9a7fa0)
0x000000012b9a7ea0:   f3 0f 6f 14 9a f3 0f 6f 5c 9a 10 f3 0f 6f 64 9a
0x000000012b9a7eb0:   20 f3 0f 6f 6c 9a 30 66 0f 76 d6 66 0f fa c2 66
0x000000012b9a7ec0:   0f 76 de 66 0f fa cb 66 0f 76 e6 66 0f fa c4 66
0x000000012b9a7ed0:   0f 76 ee 66 0f fa cd 48 83 c3 10 48 83 c7 02 75
0x000000012b9a7ee0:   bf eb 0a 66 0f 57 c0 31 db 66 0f 57 c9 4d 85 c0
0x000000012b9a7ef0:   74 1b f3 0f 6f 14 9a f3 0f 6f 5c 9a 10 66 0f 76
0x000000012b9a7f00:   de 66 0f fa cb 66 0f 76 d6 66 0f fa c2 66 0f fe
0x000000012b9a7f10:   c1 66 0f 70 c8 4e 66 0f fe c8 66 0f 38 02 c9 66
0x000000012b9a7f20:   41 0f 7e c8 48 39 c6 4c 8b 75 c8 74 23 48 29 f0
0x000000012b9a7f30:   48 8d 14 b2 66 66 66 2e 0f 1f 84 00 00 00 00 00
0x000000012b9a7f40:   83 3a 01 41 83 d0 00 48 83 c2 04 48 ff c8 75 f0
0x000000012b9a7f50:   be 48 00 00 00 31 c0 48 8d 3d e2 76 0c 00 8b 55
0x000000012b9a7f60:   b8 e8 ce a3 0b 00 8b 75 d4 40 f6 c6 08 0f 84 97
0x000000012b9a7f70:   fd ff ff 66 66 66 66 2e 0f 1f 84 00 00 00 00 00
0x000000012b9a7f80:   40 f6 c6 20 0f 85 f6 03 00 00 49 8b 36 4c 89 ff
0x000000012b9a7f90:   e8 93 a0 0b 00 49 89 06 41 83 bf 58 01 00 00 00
0x000000012b9a7fa0:   8b 75 d4 66 0f ef f6 0f 85 39 07 00 00 48 8b 45
0x000000012b9a7fb0:   b0 83 38 00 0f 89 c6 03 00 00 49 63 47 04 45 31
0x000000012b9a7fc0:   c0 b9 00 00 00 00 48 85 c0 0f 8e 90 02 00 00 49
0x000000012b9a7fd0:   8b 97 20 01 00 00 83 f8 08 73 09 31 f6 31 c9 e9
0x000000012b9a7fe0:   5d 02 00 00 48 89 c6 48 83 e6 f8 48 8d 5e f8 48
0x000000012b9a7ff0:   89 df 48 c1 ef 03 8d 4f 01 83 e1 01 48 85 db 0f
0x000000012b9a8000:   84 f3 01 00 00 48 8d 59 ff 48 29 fb 66 0f 57 c0
0x000000012b9a8010:   31 ff 66 0f 57 c9 66 2e 0f 1f 84 00 00 00 00 00
0x000000012b9a8020:   f3 0f 6f 14 ba f3 0f 6f 5c ba 10 f3 0f 6f 64 ba
0x000000012b9a8030:   20 f3 0f 6f 6c ba 30 66 0f 76 d6 66 0f fa c2 66
0x000000012b9a8040:   0f 76 de 66 0f fa cb 66 0f 76 e6 66 0f fa c4 66
0x000000012b9a8050:   0f 76 ee 66 0f fa cd 48 83 c7 10 48 83 c3 02 75
0x000000012b9a8060:   bf e9 9c 01 00 00 66 0f 57 c0 31 ff 66 0f 57 c9
0x000000012b9a8070:   48 85 c9 74 1b f3 0f 6f 14 ba f3 0f 6f 5c ba 10
0x000000012b9a8080:   66 0f 76 de 66 0f fa cb 66 0f 76 d6 66 0f fa c2
0x000000012b9a8090:   66 0f fe c1 66 0f 70 c8 4e 66 0f fe c8 66 0f 38 


Stack slot to memory mapping:
stack at sp + 0 slots: 0x0000000000000003 is an unknown value
stack at sp + 1 slots: 0xf6b7c0002cab1690 is an unknown value
stack at sp + 2 slots: 0x0000072000000002 is an unknown value
stack at sp + 3 slots: 0x00007fec44a74e00 points into unknown readable memory: 0x0000000000000000 | 00 00 00 00 00 00 00 00
stack at sp + 4 slots: 0x000000002cab0db8 is an unknown value
stack at sp + 5 slots: 0x000000012ca2b580 is pointing into metadata
stack at sp + 6 slots: 0x000070002ca63a70 is an unknown value
stack at sp + 7 slots: 0x00007fff2cabe690 points into unknown readable memory: 0xf68944fa450f44ff | ff 44 0f 45 fa 44 89 f6


---------------  P R O C E S S  ---------------

Threads class SMR info:
_java_thread_list=0x00007fec46ffe470, length=13, elements={
0x00007fec45009600, 0x00007fec460b9200, 0x00007fec4480cc00, 0x00007fec45838400,
0x00007fec4481bc00, 0x00007fec460b9e00, 0x00007fec4502d800, 0x00007fec45030600,
0x00007fec4583b400, 0x00007fec460b9800, 0x00007fec44868a00, 0x00007fec45afbc00,
0x00007fec452bfa00
}

Java Threads: ( => current thread )
  0x00007fec45009600 JavaThread "main" [_thread_blocked, id=9987, stack(0x000070000fc91000,0x000070000fd91000)]
  0x00007fec460b9200 JavaThread "Reference Handler" daemon [_thread_blocked, id=17411, stack(0x00007000103a6000,0x00007000104a6000)]
  0x00007fec4480cc00 JavaThread "Finalizer" daemon [_thread_blocked, id=15107, stack(0x00007000104a9000,0x00007000105a9000)]
  0x00007fec45838400 JavaThread "Signal Dispatcher" daemon [_thread_blocked, id=42755, stack(0x00007000106b2000,0x00007000107b2000)]
  0x00007fec4481bc00 JavaThread "Service Thread" daemon [_thread_blocked, id=23043, stack(0x00007000107b5000,0x00007000108b5000)]
  0x00007fec460b9e00 JavaThread "C2 CompilerThread0" daemon [_thread_in_native, id=24067, stack(0x00007000108b8000,0x00007000109b8000)]
  0x00007fec4502d800 JavaThread "C1 CompilerThread0" daemon [_thread_blocked, id=41731, stack(0x00007000109bb000,0x0000700010abb000)]
  0x00007fec45030600 JavaThread "Sweeper thread" daemon [_thread_blocked, id=25603, stack(0x0000700010abe000,0x0000700010bbe000)]
  0x00007fec4583b400 JavaThread "Notification Thread" daemon [_thread_blocked, id=40963, stack(0x0000700010bc1000,0x0000700010cc1000)]
  0x00007fec460b9800 JavaThread "Common-Cleaner" daemon [_thread_blocked, id=26627, stack(0x0000700010dc7000,0x0000700010ec7000)]
  0x00007fec44868a00 JavaThread "scala-execution-context-global-13" daemon [_thread_in_native, id=27139, stack(0x0000700010eca000,0x0000700010fca000)]
  0x00007fec45afbc00 JavaThread "scala-execution-context-global-14" daemon [_thread_in_native, id=28675, stack(0x00007000114dc000,0x00007000115dc000)]
=>0x00007fec452bfa00 JavaThread "scala-execution-context-global-15" daemon [_thread_in_native, id=36611, stack(0x00007000115df000,0x00007000116df000)]

Other Threads:
  0x00007fec44611100 VMThread "VM Thread" [stack: 0x00007000102a3000,0x00007000103a3000] [id=13827]
  0x00007fec4472b430 WatcherThread [stack: 0x0000700010cc4000,0x0000700010dc4000] [id=40451]
  0x00007fec44511520 GCTaskThread "GC Thread#0" [stack: 0x000070000fd94000,0x000070000fe94000] [id=19715]
  0x00007fec446ae040 GCTaskThread "GC Thread#1" [stack: 0x0000700010fcd000,0x00007000110cd000] [id=38915]
  0x00007fec446aec00 GCTaskThread "GC Thread#2" [stack: 0x00007000110d0000,0x00007000111d0000] [id=27651]
  0x00007fec447802c0 GCTaskThread "GC Thread#3" [stack: 0x00007000111d3000,0x00007000112d3000] [id=38403]
  0x00007fec44780f10 GCTaskThread "GC Thread#4" [stack: 0x00007000112d6000,0x00007000113d6000] [id=27907]
  0x00007fec44781b60 GCTaskThread "GC Thread#5" [stack: 0x00007000113d9000,0x00007000114d9000] [id=37635]
  0x00007fec44704960 ConcurrentGCThread "G1 Main Marker" [stack: 0x000070000fe97000,0x000070000ff97000] [id=12803]
  0x00007fec447059c0 ConcurrentGCThread "G1 Conc#0" [stack: 0x000070000ff9a000,0x000070001009a000] [id=18691]
  0x00007fec44722600 ConcurrentGCThread "G1 Refine#0" [stack: 0x000070001009d000,0x000070001019d000] [id=18179]
  0x00007fec44605520 ConcurrentGCThread "G1 Young RemSet Sampling" [stack: 0x00007000101a0000,0x00007000102a0000] [id=13315]

Threads with active compile tasks:
C2 CompilerThread0     8061 1975       4       ch.ethz.math.ifor.atsp.BranchAndBound.upperBoundSolvers.Patching.Karp79$$$Lambda$74/0x0000000800c6cee0::apply (40 bytes)

VM state: not at safepoint (normal execution)

VM Mutex/Monitor currently owned by a thread: None

Heap address: 0x0000000700000000, size: 4096 MB, Compressed Oops mode: Zero based, Oop shift amount: 3
CDS archive(s) mapped at: [0x0000000800000000-0x0000000800b2d000-0x0000000800b2d000), size 11718656, SharedBaseAddress: 0x0000000800000000, ArchiveRelocationMode: 0.
Compressed class space mapped at: 0x0000000800b30000-0x0000000840b30000, size: 1073741824
Narrow klass base: 0x0000000800000000, Narrow klass shift: 3, Narrow klass range: 0x100000000

GC Precious Log:
 CPUs: 8 total, 8 available
 Memory: 16384M
 Large Page Support: Disabled
 NUMA Support: Disabled
 Compressed Oops: Enabled (Zero based)
 Heap Region Size: 2M
 Heap Min Capacity: 8M
 Heap Initial Capacity: 256M
 Heap Max Capacity: 4G
 Pre-touch: Disabled
 Parallel Workers: 8
 Concurrent Workers: 2
 Concurrent Refinement Workers: 8
 Periodic GC: Disabled

Heap:
 garbage-first heap   total 266240K, used 112865K [0x0000000700000000, 0x0000000800000000)
  region size 2048K, 50 young (102400K), 4 survivors (8192K)
 Metaspace       used 9894K, capacity 12812K, committed 13184K, reserved 1060864K
  class space    used 1280K, capacity 1584K, committed 1664K, reserved 1048576K

Heap Regions: E=young(eden), S=young(survivor), O=old, HS=humongous(starts), HC=humongous(continues), CS=collection set, F=free, OA=open archive, CA=closed archive, TAMS=top-at-mark-start (previous, next)
|   0|0x0000000700000000, 0x0000000700200000, 0x0000000700200000|100%| O|  |TAMS 0x0000000700000000, 0x0000000700000000| Untracked 
|   1|0x0000000700200000, 0x0000000700400000, 0x0000000700400000|100%| O|  |TAMS 0x0000000700200000, 0x0000000700200000| Untracked 
|   2|0x0000000700400000, 0x0000000700600000, 0x0000000700600000|100%| O|  |TAMS 0x0000000700400000, 0x0000000700400000| Untracked 
|   3|0x0000000700600000, 0x0000000700800000, 0x0000000700800000|100%| O|  |TAMS 0x0000000700600000, 0x0000000700600000| Untracked 
|   4|0x0000000700800000, 0x0000000700a00000, 0x0000000700a00000|100%| O|  |TAMS 0x0000000700800000, 0x0000000700800000| Untracked 
|   5|0x0000000700a00000, 0x0000000700b41800, 0x0000000700c00000| 62%| O|  |TAMS 0x0000000700a00000, 0x0000000700a00000| Untracked 
|   6|0x0000000700c00000, 0x0000000700c00000, 0x0000000700e00000|  0%| F|  |TAMS 0x0000000700c00000, 0x0000000700c00000| Untracked 
|   7|0x0000000700e00000, 0x0000000700e00000, 0x0000000701000000|  0%| F|  |TAMS 0x0000000700e00000, 0x0000000700e00000| Untracked 
|   8|0x0000000701000000, 0x0000000701000000, 0x0000000701200000|  0%| F|  |TAMS 0x0000000701000000, 0x0000000701000000| Untracked 
|   9|0x0000000701200000, 0x0000000701200000, 0x0000000701400000|  0%| F|  |TAMS 0x0000000701200000, 0x0000000701200000| Untracked 
|  10|0x0000000701400000, 0x0000000701400000, 0x0000000701600000|  0%| F|  |TAMS 0x0000000701400000, 0x0000000701400000| Untracked 
|  11|0x0000000701600000, 0x0000000701600000, 0x0000000701800000|  0%| F|  |TAMS 0x0000000701600000, 0x0000000701600000| Untracked 
|  12|0x0000000701800000, 0x0000000701800000, 0x0000000701a00000|  0%| F|  |TAMS 0x0000000701800000, 0x0000000701800000| Untracked 
|  13|0x0000000701a00000, 0x0000000701a00000, 0x0000000701c00000|  0%| F|  |TAMS 0x0000000701a00000, 0x0000000701a00000| Untracked 
|  14|0x0000000701c00000, 0x0000000701c00000, 0x0000000701e00000|  0%| F|  |TAMS 0x0000000701c00000, 0x0000000701c00000| Untracked 
|  15|0x0000000701e00000, 0x0000000701e00000, 0x0000000702000000|  0%| F|  |TAMS 0x0000000701e00000, 0x0000000701e00000| Untracked 
|  16|0x0000000702000000, 0x0000000702000000, 0x0000000702200000|  0%| F|  |TAMS 0x0000000702000000, 0x0000000702000000| Untracked 
|  17|0x0000000702200000, 0x0000000702200000, 0x0000000702400000|  0%| F|  |TAMS 0x0000000702200000, 0x0000000702200000| Untracked 
|  18|0x0000000702400000, 0x0000000702400000, 0x0000000702600000|  0%| F|  |TAMS 0x0000000702400000, 0x0000000702400000| Untracked 
|  19|0x0000000702600000, 0x0000000702600000, 0x0000000702800000|  0%| F|  |TAMS 0x0000000702600000, 0x0000000702600000| Untracked 
|  20|0x0000000702800000, 0x0000000702800000, 0x0000000702a00000|  0%| F|  |TAMS 0x0000000702800000, 0x0000000702800000| Untracked 
|  21|0x0000000702a00000, 0x0000000702a00000, 0x0000000702c00000|  0%| F|  |TAMS 0x0000000702a00000, 0x0000000702a00000| Untracked 
|  22|0x0000000702c00000, 0x0000000702c00000, 0x0000000702e00000|  0%| F|  |TAMS 0x0000000702c00000, 0x0000000702c00000| Untracked 
|  23|0x0000000702e00000, 0x0000000702e00000, 0x0000000703000000|  0%| F|  |TAMS 0x0000000702e00000, 0x0000000702e00000| Untracked 
|  24|0x0000000703000000, 0x0000000703000000, 0x0000000703200000|  0%| F|  |TAMS 0x0000000703000000, 0x0000000703000000| Untracked 
|  25|0x0000000703200000, 0x0000000703200000, 0x0000000703400000|  0%| F|  |TAMS 0x0000000703200000, 0x0000000703200000| Untracked 
|  26|0x0000000703400000, 0x0000000703400000, 0x0000000703600000|  0%| F|  |TAMS 0x0000000703400000, 0x0000000703400000| Untracked 
|  27|0x0000000703600000, 0x0000000703600000, 0x0000000703800000|  0%| F|  |TAMS 0x0000000703600000, 0x0000000703600000| Untracked 
|  28|0x0000000703800000, 0x0000000703800000, 0x0000000703a00000|  0%| F|  |TAMS 0x0000000703800000, 0x0000000703800000| Untracked 
|  29|0x0000000703a00000, 0x0000000703a00000, 0x0000000703c00000|  0%| F|  |TAMS 0x0000000703a00000, 0x0000000703a00000| Untracked 
|  30|0x0000000703c00000, 0x0000000703c00000, 0x0000000703e00000|  0%| F|  |TAMS 0x0000000703c00000, 0x0000000703c00000| Untracked 
|  31|0x0000000703e00000, 0x0000000703e00000, 0x0000000704000000|  0%| F|  |TAMS 0x0000000703e00000, 0x0000000703e00000| Untracked 
|  32|0x0000000704000000, 0x0000000704000000, 0x0000000704200000|  0%| F|  |TAMS 0x0000000704000000, 0x0000000704000000| Untracked 
|  33|0x0000000704200000, 0x0000000704200000, 0x0000000704400000|  0%| F|  |TAMS 0x0000000704200000, 0x0000000704200000| Untracked 
|  34|0x0000000704400000, 0x0000000704400000, 0x0000000704600000|  0%| F|  |TAMS 0x0000000704400000, 0x0000000704400000| Untracked 
|  35|0x0000000704600000, 0x0000000704600000, 0x0000000704800000|  0%| F|  |TAMS 0x0000000704600000, 0x0000000704600000| Untracked 
|  36|0x0000000704800000, 0x0000000704800000, 0x0000000704a00000|  0%| F|  |TAMS 0x0000000704800000, 0x0000000704800000| Untracked 
|  37|0x0000000704a00000, 0x0000000704a00000, 0x0000000704c00000|  0%| F|  |TAMS 0x0000000704a00000, 0x0000000704a00000| Untracked 
|  38|0x0000000704c00000, 0x0000000704c00000, 0x0000000704e00000|  0%| F|  |TAMS 0x0000000704c00000, 0x0000000704c00000| Untracked 
|  39|0x0000000704e00000, 0x0000000704e00000, 0x0000000705000000|  0%| F|  |TAMS 0x0000000704e00000, 0x0000000704e00000| Untracked 
|  40|0x0000000705000000, 0x0000000705000000, 0x0000000705200000|  0%| F|  |TAMS 0x0000000705000000, 0x0000000705000000| Untracked 
|  41|0x0000000705200000, 0x0000000705200000, 0x0000000705400000|  0%| F|  |TAMS 0x0000000705200000, 0x0000000705200000| Untracked 
|  42|0x0000000705400000, 0x0000000705400000, 0x0000000705600000|  0%| F|  |TAMS 0x0000000705400000, 0x0000000705400000| Untracked 
|  43|0x0000000705600000, 0x0000000705600000, 0x0000000705800000|  0%| F|  |TAMS 0x0000000705600000, 0x0000000705600000| Untracked 
|  44|0x0000000705800000, 0x0000000705800000, 0x0000000705a00000|  0%| F|  |TAMS 0x0000000705800000, 0x0000000705800000| Untracked 
|  45|0x0000000705a00000, 0x0000000705a00000, 0x0000000705c00000|  0%| F|  |TAMS 0x0000000705a00000, 0x0000000705a00000| Untracked 
|  46|0x0000000705c00000, 0x0000000705c00000, 0x0000000705e00000|  0%| F|  |TAMS 0x0000000705c00000, 0x0000000705c00000| Untracked 
|  47|0x0000000705e00000, 0x0000000705e00000, 0x0000000706000000|  0%| F|  |TAMS 0x0000000705e00000, 0x0000000705e00000| Untracked 
|  48|0x0000000706000000, 0x0000000706000000, 0x0000000706200000|  0%| F|  |TAMS 0x0000000706000000, 0x0000000706000000| Untracked 
|  49|0x0000000706200000, 0x0000000706200000, 0x0000000706400000|  0%| F|  |TAMS 0x0000000706200000, 0x0000000706200000| Untracked 
|  50|0x0000000706400000, 0x0000000706400000, 0x0000000706600000|  0%| F|  |TAMS 0x0000000706400000, 0x0000000706400000| Untracked 
|  51|0x0000000706600000, 0x0000000706600000, 0x0000000706800000|  0%| F|  |TAMS 0x0000000706600000, 0x0000000706600000| Untracked 
|  52|0x0000000706800000, 0x0000000706800000, 0x0000000706a00000|  0%| F|  |TAMS 0x0000000706800000, 0x0000000706800000| Untracked 
|  53|0x0000000706a00000, 0x0000000706a00000, 0x0000000706c00000|  0%| F|  |TAMS 0x0000000706a00000, 0x0000000706a00000| Untracked 
|  54|0x0000000706c00000, 0x0000000706c00000, 0x0000000706e00000|  0%| F|  |TAMS 0x0000000706c00000, 0x0000000706c00000| Untracked 
|  55|0x0000000706e00000, 0x0000000706e00000, 0x0000000707000000|  0%| F|  |TAMS 0x0000000706e00000, 0x0000000706e00000| Untracked 
|  56|0x0000000707000000, 0x000000070712ce10, 0x0000000707200000| 58%| S|CS|TAMS 0x0000000707000000, 0x0000000707000000| Complete 
|  57|0x0000000707200000, 0x0000000707400000, 0x0000000707400000|100%| S|CS|TAMS 0x0000000707200000, 0x0000000707200000| Complete 
|  58|0x0000000707400000, 0x0000000707600000, 0x0000000707600000|100%| S|CS|TAMS 0x0000000707400000, 0x0000000707400000| Complete 
|  59|0x0000000707600000, 0x0000000707800000, 0x0000000707800000|100%| S|CS|TAMS 0x0000000707600000, 0x0000000707600000| Complete 
|  60|0x0000000707800000, 0x0000000707800000, 0x0000000707a00000|  0%| F|  |TAMS 0x0000000707800000, 0x0000000707800000| Untracked 
|  61|0x0000000707a00000, 0x0000000707a00000, 0x0000000707c00000|  0%| F|  |TAMS 0x0000000707a00000, 0x0000000707a00000| Untracked 
|  62|0x0000000707c00000, 0x0000000707c00000, 0x0000000707e00000|  0%| F|  |TAMS 0x0000000707c00000, 0x0000000707c00000| Untracked 
|  63|0x0000000707e00000, 0x0000000707e00000, 0x0000000708000000|  0%| F|  |TAMS 0x0000000707e00000, 0x0000000707e00000| Untracked 
|  64|0x0000000708000000, 0x0000000708000000, 0x0000000708200000|  0%| F|  |TAMS 0x0000000708000000, 0x0000000708000000| Untracked 
|  65|0x0000000708200000, 0x0000000708200000, 0x0000000708400000|  0%| F|  |TAMS 0x0000000708200000, 0x0000000708200000| Untracked 
|  66|0x0000000708400000, 0x0000000708400000, 0x0000000708600000|  0%| F|  |TAMS 0x0000000708400000, 0x0000000708400000| Untracked 
|  67|0x0000000708600000, 0x0000000708600000, 0x0000000708800000|  0%| F|  |TAMS 0x0000000708600000, 0x0000000708600000| Untracked 
|  68|0x0000000708800000, 0x0000000708800000, 0x0000000708a00000|  0%| F|  |TAMS 0x0000000708800000, 0x0000000708800000| Untracked 
|  69|0x0000000708a00000, 0x0000000708a00000, 0x0000000708c00000|  0%| F|  |TAMS 0x0000000708a00000, 0x0000000708a00000| Untracked 
|  70|0x0000000708c00000, 0x0000000708c00000, 0x0000000708e00000|  0%| F|  |TAMS 0x0000000708c00000, 0x0000000708c00000| Untracked 
|  71|0x0000000708e00000, 0x0000000708e00000, 0x0000000709000000|  0%| F|  |TAMS 0x0000000708e00000, 0x0000000708e00000| Untracked 
|  72|0x0000000709000000, 0x0000000709000000, 0x0000000709200000|  0%| F|  |TAMS 0x0000000709000000, 0x0000000709000000| Untracked 
|  73|0x0000000709200000, 0x0000000709200000, 0x0000000709400000|  0%| F|  |TAMS 0x0000000709200000, 0x0000000709200000| Untracked 
|  74|0x0000000709400000, 0x0000000709400000, 0x0000000709600000|  0%| F|  |TAMS 0x0000000709400000, 0x0000000709400000| Untracked 
|  75|0x0000000709600000, 0x0000000709600000, 0x0000000709800000|  0%| F|  |TAMS 0x0000000709600000, 0x0000000709600000| Untracked 
|  76|0x0000000709800000, 0x0000000709800000, 0x0000000709a00000|  0%| F|  |TAMS 0x0000000709800000, 0x0000000709800000| Untracked 
|  77|0x0000000709a00000, 0x0000000709a00000, 0x0000000709c00000|  0%| F|  |TAMS 0x0000000709a00000, 0x0000000709a00000| Untracked 
|  78|0x0000000709c00000, 0x0000000709c00000, 0x0000000709e00000|  0%| F|  |TAMS 0x0000000709c00000, 0x0000000709c00000| Untracked 
|  79|0x0000000709e00000, 0x0000000709e00000, 0x000000070a000000|  0%| F|  |TAMS 0x0000000709e00000, 0x0000000709e00000| Untracked 
|  80|0x000000070a000000, 0x000000070a000000, 0x000000070a200000|  0%| F|  |TAMS 0x000000070a000000, 0x000000070a000000| Untracked 
|  81|0x000000070a200000, 0x000000070a200000, 0x000000070a400000|  0%| F|  |TAMS 0x000000070a200000, 0x000000070a200000| Untracked 
|  82|0x000000070a400000, 0x000000070a500800, 0x000000070a600000| 50%| E|  |TAMS 0x000000070a400000, 0x000000070a400000| Complete 
|  83|0x000000070a600000, 0x000000070a800000, 0x000000070a800000|100%| E|CS|TAMS 0x000000070a600000, 0x000000070a600000| Complete 
|  84|0x000000070a800000, 0x000000070aa00000, 0x000000070aa00000|100%| E|CS|TAMS 0x000000070a800000, 0x000000070a800000| Complete 
|  85|0x000000070aa00000, 0x000000070ac00000, 0x000000070ac00000|100%| E|CS|TAMS 0x000000070aa00000, 0x000000070aa00000| Complete 
|  86|0x000000070ac00000, 0x000000070ae00000, 0x000000070ae00000|100%| E|CS|TAMS 0x000000070ac00000, 0x000000070ac00000| Complete 
|  87|0x000000070ae00000, 0x000000070b000000, 0x000000070b000000|100%| E|CS|TAMS 0x000000070ae00000, 0x000000070ae00000| Complete 
|  88|0x000000070b000000, 0x000000070b200000, 0x000000070b200000|100%| E|CS|TAMS 0x000000070b000000, 0x000000070b000000| Complete 
|  89|0x000000070b200000, 0x000000070b400000, 0x000000070b400000|100%| E|CS|TAMS 0x000000070b200000, 0x000000070b200000| Complete 
|  90|0x000000070b400000, 0x000000070b600000, 0x000000070b600000|100%| E|CS|TAMS 0x000000070b400000, 0x000000070b400000| Complete 
|  91|0x000000070b600000, 0x000000070b800000, 0x000000070b800000|100%| E|CS|TAMS 0x000000070b600000, 0x000000070b600000| Complete 
|  92|0x000000070b800000, 0x000000070ba00000, 0x000000070ba00000|100%| E|CS|TAMS 0x000000070b800000, 0x000000070b800000| Complete 
|  93|0x000000070ba00000, 0x000000070bc00000, 0x000000070bc00000|100%| E|CS|TAMS 0x000000070ba00000, 0x000000070ba00000| Complete 
|  94|0x000000070bc00000, 0x000000070be00000, 0x000000070be00000|100%| E|CS|TAMS 0x000000070bc00000, 0x000000070bc00000| Complete 
|  95|0x000000070be00000, 0x000000070c000000, 0x000000070c000000|100%| E|CS|TAMS 0x000000070be00000, 0x000000070be00000| Complete 
|  96|0x000000070c000000, 0x000000070c200000, 0x000000070c200000|100%| E|CS|TAMS 0x000000070c000000, 0x000000070c000000| Complete 
|  97|0x000000070c200000, 0x000000070c400000, 0x000000070c400000|100%| E|CS|TAMS 0x000000070c200000, 0x000000070c200000| Complete 
|  98|0x000000070c400000, 0x000000070c600000, 0x000000070c600000|100%| E|CS|TAMS 0x000000070c400000, 0x000000070c400000| Complete 
|  99|0x000000070c600000, 0x000000070c800000, 0x000000070c800000|100%| E|CS|TAMS 0x000000070c600000, 0x000000070c600000| Complete 
| 100|0x000000070c800000, 0x000000070ca00000, 0x000000070ca00000|100%| E|CS|TAMS 0x000000070c800000, 0x000000070c800000| Complete 
| 101|0x000000070ca00000, 0x000000070cc00000, 0x000000070cc00000|100%| E|CS|TAMS 0x000000070ca00000, 0x000000070ca00000| Complete 
| 102|0x000000070cc00000, 0x000000070ce00000, 0x000000070ce00000|100%| E|CS|TAMS 0x000000070cc00000, 0x000000070cc00000| Complete 
| 103|0x000000070ce00000, 0x000000070d000000, 0x000000070d000000|100%| E|CS|TAMS 0x000000070ce00000, 0x000000070ce00000| Complete 
| 104|0x000000070d000000, 0x000000070d200000, 0x000000070d200000|100%| E|CS|TAMS 0x000000070d000000, 0x000000070d000000| Complete 
| 105|0x000000070d200000, 0x000000070d400000, 0x000000070d400000|100%| E|CS|TAMS 0x000000070d200000, 0x000000070d200000| Complete 
| 106|0x000000070d400000, 0x000000070d600000, 0x000000070d600000|100%| E|CS|TAMS 0x000000070d400000, 0x000000070d400000| Complete 
| 107|0x000000070d600000, 0x000000070d800000, 0x000000070d800000|100%| E|CS|TAMS 0x000000070d600000, 0x000000070d600000| Complete 
| 108|0x000000070d800000, 0x000000070da00000, 0x000000070da00000|100%| E|CS|TAMS 0x000000070d800000, 0x000000070d800000| Complete 
| 109|0x000000070da00000, 0x000000070dc00000, 0x000000070dc00000|100%| E|CS|TAMS 0x000000070da00000, 0x000000070da00000| Complete 
| 110|0x000000070dc00000, 0x000000070de00000, 0x000000070de00000|100%| E|CS|TAMS 0x000000070dc00000, 0x000000070dc00000| Complete 
| 111|0x000000070de00000, 0x000000070e000000, 0x000000070e000000|100%| E|CS|TAMS 0x000000070de00000, 0x000000070de00000| Complete 
| 112|0x000000070e000000, 0x000000070e200000, 0x000000070e200000|100%| E|CS|TAMS 0x000000070e000000, 0x000000070e000000| Complete 
| 113|0x000000070e200000, 0x000000070e400000, 0x000000070e400000|100%| E|CS|TAMS 0x000000070e200000, 0x000000070e200000| Complete 
| 114|0x000000070e400000, 0x000000070e600000, 0x000000070e600000|100%| E|CS|TAMS 0x000000070e400000, 0x000000070e400000| Complete 
| 115|0x000000070e600000, 0x000000070e800000, 0x000000070e800000|100%| E|CS|TAMS 0x000000070e600000, 0x000000070e600000| Complete 
| 116|0x000000070e800000, 0x000000070ea00000, 0x000000070ea00000|100%| E|CS|TAMS 0x000000070e800000, 0x000000070e800000| Complete 
| 117|0x000000070ea00000, 0x000000070ec00000, 0x000000070ec00000|100%| E|CS|TAMS 0x000000070ea00000, 0x000000070ea00000| Complete 
| 118|0x000000070ec00000, 0x000000070ee00000, 0x000000070ee00000|100%| E|CS|TAMS 0x000000070ec00000, 0x000000070ec00000| Complete 
| 119|0x000000070ee00000, 0x000000070f000000, 0x000000070f000000|100%| E|CS|TAMS 0x000000070ee00000, 0x000000070ee00000| Complete 
| 120|0x000000070f000000, 0x000000070f200000, 0x000000070f200000|100%| E|CS|TAMS 0x000000070f000000, 0x000000070f000000| Complete 
| 121|0x000000070f200000, 0x000000070f400000, 0x000000070f400000|100%| E|CS|TAMS 0x000000070f200000, 0x000000070f200000| Complete 
| 122|0x000000070f400000, 0x000000070f600000, 0x000000070f600000|100%| E|CS|TAMS 0x000000070f400000, 0x000000070f400000| Complete 
| 123|0x000000070f600000, 0x000000070f800000, 0x000000070f800000|100%| E|CS|TAMS 0x000000070f600000, 0x000000070f600000| Complete 
| 124|0x000000070f800000, 0x000000070fa00000, 0x000000070fa00000|100%| E|CS|TAMS 0x000000070f800000, 0x000000070f800000| Complete 
| 125|0x000000070fa00000, 0x000000070fc00000, 0x000000070fc00000|100%| E|CS|TAMS 0x000000070fa00000, 0x000000070fa00000| Complete 
| 126|0x000000070fc00000, 0x000000070fe00000, 0x000000070fe00000|100%| E|CS|TAMS 0x000000070fc00000, 0x000000070fc00000| Complete 
| 127|0x000000070fe00000, 0x0000000710000000, 0x0000000710000000|100%| E|CS|TAMS 0x000000070fe00000, 0x000000070fe00000| Complete 
|1534|0x00000007bfc00000, 0x00000007bfd51000, 0x00000007bfe00000| 65%|OA|  |TAMS 0x00000007bfc00000, 0x00000007bfc00000| Untracked 
|1535|0x00000007bfe00000, 0x00000007bfe79000, 0x00000007c0000000| 23%|CA|  |TAMS 0x00000007bfe00000, 0x00000007bfe00000| Untracked 

Card table byte_map: [0x000000010d929000,0x000000010e129000] _byte_map_base: 0x000000010a129000

Marking Bits (Prev, Next): (CMBitMap*) 0x00007fec46009a10, (CMBitMap*) 0x00007fec46009a50
 Prev Bits: [0x000000011e95b000, 0x000000012295b000)
 Next Bits: [0x000000012295b000, 0x000000012695b000)

Polling page: 0x000000010226f000

Metaspace:

Usage:
  Non-class:     10.96 MB capacity,     8.41 MB ( 77%) used,     2.54 MB ( 23%) free+waste,    12.50 KB ( <1%) overhead. 
      Class:      1.55 MB capacity,     1.25 MB ( 81%) used,   298.81 KB ( 19%) free+waste,     5.06 KB ( <1%) overhead. 
       Both:     12.51 MB capacity,     9.66 MB ( 77%) used,     2.83 MB ( 23%) free+waste,    17.56 KB ( <1%) overhead. 

Virtual space:
  Non-class space:       12.00 MB reserved,      11.25 MB ( 94%) committed 
      Class space:        1.00 GB reserved,       1.62 MB ( <1%) committed 
             Both:        1.01 GB reserved,      12.88 MB (  1%) committed 

Chunk freelists:
   Non-Class:  116.00 KB
       Class:  16.00 KB
        Both:  132.00 KB

MaxMetaspaceSize: 17179869184.00 GB
CompressedClassSpaceSize: 1.00 GB

CodeHeap 'non-profiled nmethods': size=120028Kb used=772Kb max_used=772Kb free=119256Kb
 bounds [0x0000000117424000, 0x0000000117694000, 0x000000011e95b000]
CodeHeap 'profiled nmethods': size=120028Kb used=4046Kb max_used=4046Kb free=115981Kb
 bounds [0x000000010feed000, 0x00000001102ed000, 0x0000000117424000]
CodeHeap 'non-nmethods': size=5704Kb used=1171Kb max_used=1219Kb free=4532Kb
 bounds [0x000000010f95b000, 0x000000010fbcb000, 0x000000010feed000]
 total_blobs=2678 nmethods=2251 adapters=340
 compilation: enabled
              stopped_count=0, restarted_count=0
 full_count=0

Compilation events (20 events):
Event: 8.040 Thread 0x00007fec4502d800 2312       2       ch.ethz.math.ifor.atsp.CompactFormulations.MTZ2020$$$Lambda$205/0x0000000800cbb5d8::apply (20 bytes)
Event: 8.040 Thread 0x00007fec4502d800 nmethod 2312 0x00000001102da590 code [0x00000001102da780, 0x00000001102daa20]
Event: 8.040 Thread 0x00007fec4502d800 2313       2       ch.ethz.math.ifor.atsp.CompactFormulations.MTZ2020$::$anonfun$solve$5$adapted (11 bytes)
Event: 8.040 Thread 0x00007fec4502d800 nmethod 2313 0x00000001102dac10 code [0x00000001102dae00, 0x00000001102db020]
Event: 8.041 Thread 0x00007fec4502d800 2314       2       ch.ethz.math.ifor.atsp.CompactFormulations.MTZ2020$$$Lambda$207/0x0000000800cbbd78::apply (20 bytes)
Event: 8.041 Thread 0x00007fec4502d800 nmethod 2314 0x00000001102db190 code [0x00000001102db380, 0x00000001102db620]
Event: 8.042 Thread 0x00007fec4502d800 2315       2       ch.ethz.math.ifor.atsp.CompactFormulations.MTZ2020$::$anonfun$solve$7$adapted (11 bytes)
Event: 8.042 Thread 0x00007fec4502d800 nmethod 2315 0x00000001102db810 code [0x00000001102dba00, 0x00000001102dbc20]
Event: 8.042 Thread 0x00007fec4502d800 2316   !   2       java.lang.invoke.MethodHandleNatives::linkMethodHandleConstant (50 bytes)
Event: 8.042 Thread 0x00007fec4502d800 nmethod 2316 0x00000001102dbd90 code [0x00000001102dbf40, 0x00000001102dc0c0]
Event: 8.042 Thread 0x00007fec4502d800 2318       2       java.lang.invoke.InnerClassLambdaMetafactory$ForwardingMethodGenerator::generate (276 bytes)
Event: 8.044 Thread 0x00007fec4502d800 nmethod 2318 0x00000001102dc210 code [0x00000001102dc4e0, 0x00000001102dce90]
Event: 8.044 Thread 0x00007fec4502d800 2319       2       java.lang.invoke.InnerClassLambdaMetafactory$ForwardingMethodGenerator::convertArgumentTypes (96 bytes)
Event: 8.045 Thread 0x00007fec4502d800 nmethod 2319 0x00000001102dd510 code [0x00000001102dd700, 0x00000001102ddb10]
Event: 8.045 Thread 0x00007fec4502d800 2320       2       java.lang.invoke.InnerClassLambdaMetafactory$ForwardingMethodGenerator::invocationOpcode (93 bytes)
Event: 8.045 Thread 0x00007fec4502d800 nmethod 2320 0x00000001102ddf10 code [0x00000001102de100, 0x00000001102de490]
Event: 8.045 Thread 0x00007fec4502d800 2321       2       java.lang.invoke.InnerClassLambdaMetafactory::getReturnOpcode (20 bytes)
Event: 8.045 Thread 0x00007fec4502d800 nmethod 2321 0x00000001102de690 code [0x00000001102de820, 0x00000001102de940]
Event: 8.045 Thread 0x00007fec4502d800 2317       2       java.lang.invoke.MethodHandles$Lookup::findBoundCallerLookup (27 bytes)
Event: 8.046 Thread 0x00007fec4502d800 nmethod 2317 0x00000001102dea10 code [0x00000001102debc0, 0x00000001102dee90]

GC Heap History (8 events):
Event: 2.123 GC heap before
{Heap before GC invocations=0 (full 0):
 garbage-first heap   total 266240K, used 22312K [0x0000000700000000, 0x0000000800000000)
  region size 2048K, 11 young (22528K), 0 survivors (0K)
 Metaspace       used 7963K, capacity 11046K, committed 11392K, reserved 1058816K
  class space    used 1049K, capacity 1360K, committed 1408K, reserved 1048576K
}
Event: 2.126 GC heap after
{Heap after GC invocations=1 (full 0):
 garbage-first heap   total 266240K, used 4343K [0x0000000700000000, 0x0000000800000000)
  region size 2048K, 2 young (4096K), 2 survivors (4096K)
 Metaspace       used 7963K, capacity 11046K, committed 11392K, reserved 1058816K
  class space    used 1049K, capacity 1360K, committed 1408K, reserved 1048576K
}
Event: 3.290 GC heap before
{Heap before GC invocations=1 (full 0):
 garbage-first heap   total 266240K, used 35063K [0x0000000700000000, 0x0000000800000000)
  region size 2048K, 17 young (34816K), 2 survivors (4096K)
 Metaspace       used 8443K, capacity 11529K, committed 11648K, reserved 1058816K
  class space    used 1096K, capacity 1392K, committed 1408K, reserved 1048576K
}
Event: 3.297 GC heap after
{Heap after GC invocations=2 (full 0):
 garbage-first heap   total 266240K, used 7561K [0x0000000700000000, 0x0000000800000000)
  region size 2048K, 3 young (6144K), 3 survivors (6144K)
 Metaspace       used 8443K, capacity 11529K, committed 11648K, reserved 1058816K
  class space    used 1096K, capacity 1392K, committed 1408K, reserved 1048576K
}
Event: 5.836 GC heap before
{Heap before GC invocations=2 (full 0):
 garbage-first heap   total 266240K, used 157065K [0x0000000700000000, 0x0000000800000000)
  region size 2048K, 76 young (155648K), 3 survivors (6144K)
 Metaspace       used 9652K, capacity 12619K, committed 12928K, reserved 1060864K
  class space    used 1261K, capacity 1584K, committed 1664K, reserved 1048576K
}
Event: 5.860 GC heap after
{Heap after GC invocations=3 (full 0):
 garbage-first heap   total 266240K, used 17525K [0x0000000700000000, 0x0000000800000000)
  region size 2048K, 8 young (16384K), 8 survivors (16384K)
 Metaspace       used 9652K, capacity 12619K, committed 12928K, reserved 1060864K
  class space    used 1261K, capacity 1584K, committed 1664K, reserved 1048576K
}
Event: 7.194 GC heap before
{Heap before GC invocations=3 (full 0):
 garbage-first heap   total 266240K, used 156789K [0x0000000700000000, 0x0000000800000000)
  region size 2048K, 76 young (155648K), 8 survivors (16384K)
 Metaspace       used 9788K, capacity 12747K, committed 13184K, reserved 1060864K
  class space    used 1267K, capacity 1584K, committed 1664K, reserved 1048576K
}
Event: 7.210 GC heap after
{Heap after GC invocations=4 (full 0):
 garbage-first heap   total 266240K, used 20705K [0x0000000700000000, 0x0000000800000000)
  region size 2048K, 4 young (8192K), 4 survivors (8192K)
 Metaspace       used 9788K, capacity 12747K, committed 13184K, reserved 1060864K
  class space    used 1267K, capacity 1584K, committed 1664K, reserved 1048576K
}

Deoptimization events (20 events):
Event: 7.231 Thread 0x00007fec4480cc00 DEOPT PACKING pc=0x000000011027b528 sp=0x00007000105a8af0
Event: 7.231 Thread 0x00007fec4480cc00 DEOPT UNPACKING pc=0x000000010f9a8f2b sp=0x00007000105a7ff8 mode 0
Event: 7.233 Thread 0x00007fec460b9200 DEOPT PACKING pc=0x0000000110274720 sp=0x00007000104a5ac0
Event: 7.233 Thread 0x00007fec460b9200 DEOPT UNPACKING pc=0x000000010f9a8f2b sp=0x00007000104a4f80 mode 0
Event: 7.236 Thread 0x00007fec460b9200 DEOPT PACKING pc=0x0000000110274720 sp=0x00007000104a5ac0
Event: 7.236 Thread 0x00007fec460b9200 DEOPT UNPACKING pc=0x000000010f9a8f2b sp=0x00007000104a4f80 mode 0
Event: 7.240 Thread 0x00007fec4480cc00 DEOPT PACKING pc=0x000000011027b528 sp=0x00007000105a8af0
Event: 7.240 Thread 0x00007fec4480cc00 DEOPT UNPACKING pc=0x000000010f9a8f2b sp=0x00007000105a7ff8 mode 0
Event: 7.248 Thread 0x00007fec4480cc00 DEOPT PACKING pc=0x000000011027b528 sp=0x00007000105a8af0
Event: 7.248 Thread 0x00007fec4480cc00 DEOPT UNPACKING pc=0x000000010f9a8f2b sp=0x00007000105a7ff8 mode 0
Event: 7.257 Thread 0x00007fec4480cc00 DEOPT PACKING pc=0x000000011027b528 sp=0x00007000105a8af0
Event: 7.257 Thread 0x00007fec4480cc00 DEOPT UNPACKING pc=0x000000010f9a8f2b sp=0x00007000105a7ff8 mode 0
Event: 7.335 Thread 0x00007fec45afbc00 DEOPT PACKING pc=0x000000011025f09d sp=0x00007000115da630
Event: 7.335 Thread 0x00007fec45afbc00 DEOPT UNPACKING pc=0x000000010f9a8f2b sp=0x00007000115d9b60 mode 0
Event: 7.769 Thread 0x00007fec45afbc00 DEOPT PACKING pc=0x000000011025f09d sp=0x00007000115da630
Event: 7.769 Thread 0x00007fec45afbc00 DEOPT UNPACKING pc=0x000000010f9a8f2b sp=0x00007000115d9b60 mode 0
Event: 7.910 Thread 0x00007fec44868a00 DEOPT PACKING pc=0x0000000110182a41 sp=0x0000700010fc8750
Event: 7.910 Thread 0x00007fec44868a00 DEOPT UNPACKING pc=0x000000010f9a8f2b sp=0x0000700010fc7c18 mode 0
Event: 8.033 Thread 0x00007fec45afbc00 DEOPT PACKING pc=0x000000011025f09d sp=0x00007000115da630
Event: 8.033 Thread 0x00007fec45afbc00 DEOPT UNPACKING pc=0x000000010f9a8f2b sp=0x00007000115d9b60 mode 0

Classes unloaded (0 events):
No events

Classes redefined (0 events):
No events

Internal exceptions (20 events):
Event: 1.781 Thread 0x00007fec44868a00 Exception <a 'java/lang/NoSuchMethodError'{0x000000070ec79320}: 'java.lang.Object java.lang.invoke.DirectMethodHandle$Holder.newInvokeSpecial(java.lang.Object, java.lang.Object, java.lang.Object, java.lang.Object, java.lang.Object, java.lang.Object)'> (0x000000070ec79320) 
thrown [src/hotspot/share/interpreter/linkResolver.cpp, line 782]
Event: 1.783 Thread 0x00007fec44868a00 Exception <a 'java/lang/NoSuchMethodError'{0x000000070ecfa640}: 'java.lang.Object java.lang.invoke.DirectMethodHandle$Holder.newInvokeSpecial(java.lang.Object, java.lang.Object, java.lang.Object, java.lang.Object, java.lang.Object)'> (0x000000070ecfa640) 
thrown [src/hotspot/share/interpreter/linkResolver.cpp, line 782]
Event: 1.914 Thread 0x00007fec44868a00 Exception <a 'java/lang/NoSuchMethodError'{0x000000070ea852e0}: 'java.lang.Object java.lang.invoke.DirectMethodHandle$Holder.newInvokeSpecial(java.lang.Object, java.lang.Object, java.lang.Object, java.lang.Object, java.lang.Object, java.lang.Object, java.lang.Object)'> (0x000000070ea852e0) 
thrown [src/hotspot/share/interpreter/linkResolver.cpp, line 782]
Event: 1.915 Thread 0x00007fec44868a00 Exception <a 'java/lang/NoSuchMethodError'{0x000000070ea8a148}: 'java.lang.Object java.lang.invoke.Invokers$Holder.linkToTargetMethod(java.lang.Object, java.lang.Object, java.lang.Object, java.lang.Object, java.lang.Object, java.lang.Object, java.lang.Object)'> (0x000000070ea8a148) 
thrown [src/hotspot/share/interpreter/linkResolver.cpp, line 782]
Event: 1.916 Thread 0x00007fec44868a00 Exception <a 'java/lang/NoSuchMethodError'{0x000000070ea96278}: 'java.lang.Object java.lang.invoke.DirectMethodHandle$Holder.newInvokeSpecial(java.lang.Object, java.lang.Object, java.lang.Object, java.lang.Object, java.lang.Object, java.lang.Object, java.lang.Object, java.lang.Object)'> (0x000000070ea96278) 
thrown [src/hotspot/share/interpreter/linkResolver.cpp, line 782]
Event: 1.926 Thread 0x00007fec44868a00 Exception <a 'java/lang/NoSuchMethodError'{0x000000070ea9b660}: 'java.lang.Object java.lang.invoke.DirectMethodHandle$Holder.invokeSpecial(java.lang.Object, java.lang.Object, java.lang.Object, java.lang.Object, java.lang.Object, java.lang.Object, java.lang.Object, java.lang.Object, java.lang.Object)'> (0x000000070ea9b660) 
thrown [src/hotspot/share/interpreter/linkResolver.cpp, line 782]
Event: 1.926 Thread 0x00007fec44868a00 Exception <a 'java/lang/NoSuchMethodError'{0x000000070eaa04e8}: 'java.lang.Object java.lang.invoke.Invokers$Holder.linkToTargetMethod(java.lang.Object, java.lang.Object, java.lang.Object, java.lang.Object, java.lang.Object, java.lang.Object, java.lang.Object, java.lang.Object)'> (0x000000070eaa04e8) 
thrown [src/hotspot/share/interpreter/linkResolver.cpp, line 782]
Event: 1.928 Thread 0x00007fec44868a00 Exception <a 'java/lang/NoSuchMethodError'{0x000000070eaacbf0}: 'java.lang.Object java.lang.invoke.DirectMethodHandle$Holder.newInvokeSpecial(java.lang.Object, java.lang.Object, java.lang.Object, java.lang.Object, java.lang.Object, java.lang.Object, java.lang.Object, java.lang.Object, java.lang.Object)'> (0x000000070eaacbf0) 
thrown [src/hotspot/share/interpreter/linkResolver.cpp, line 782]
Event: 1.929 Thread 0x00007fec44868a00 Exception <a 'java/lang/NoSuchMethodError'{0x000000070eab1f08}: 'java.lang.Object java.lang.invoke.DirectMethodHandle$Holder.invokeSpecial(java.lang.Object, java.lang.Object, java.lang.Object, java.lang.Object, java.lang.Object, java.lang.Object, java.lang.Object, java.lang.Object, java.lang.Object, java.lang.Object)'> (0x000000070eab1f08) 
thrown [src/hotspot/share/interpreter/linkResolver.cpp, line 782]
Event: 1.998 Thread 0x00007fec44868a00 Exception <a 'java/lang/NoSuchMethodError'{0x000000070eab66c8}: 'java.lang.Object java.lang.invoke.Invokers$Holder.linkToTargetMethod(java.lang.Object, java.lang.Object, java.lang.Object, java.lang.Object, java.lang.Object, java.lang.Object, java.lang.Object, java.lang.Object, java.lang.Object)'> (0x000000070eab66c8) 
thrown [src/hotspot/share/interpreter/linkResolver.cpp, line 782]
Event: 2.007 Thread 0x00007fec44868a00 Exception <a 'java/lang/NoSuchMethodError'{0x000000070eb14900}: 'java.lang.Object java.lang.invoke.DirectMethodHandle$Holder.newInvokeSpecial(java.lang.Object, double)'> (0x000000070eb14900) 
thrown [src/hotspot/share/interpreter/linkResolver.cpp, line 782]
Event: 2.021 Thread 0x00007fec44868a00 Exception <a 'java/lang/NoSuchMethodError'{0x000000070eb2af18}: 'java.lang.Object java.lang.invoke.DirectMethodHandle$Holder.invokeStatic(java.lang.Object, java.lang.Object, double, java.lang.Object)'> (0x000000070eb2af18) 
thrown [src/hotspot/share/interpreter/linkResolver.cpp, line 782]
Event: 2.022 Thread 0x00007fec44868a00 Exception <a 'java/lang/NoSuchMethodError'{0x000000070eb340d8}: 'java.lang.Object java.lang.invoke.DirectMethodHandle$Holder.newInvokeSpecial(java.lang.Object, java.lang.Object, double)'> (0x000000070eb340d8) 
thrown [src/hotspot/share/interpreter/linkResolver.cpp, line 782]
Event: 2.022 Thread 0x00007fec44868a00 Exception <a 'java/lang/NoSuchMethodError'{0x000000070eb38348}: 'java.lang.Object java.lang.invoke.DirectMethodHandle$Holder.invokeSpecial(java.lang.Object, java.lang.Object, java.lang.Object, double)'> (0x000000070eb38348) 
thrown [src/hotspot/share/interpreter/linkResolver.cpp, line 782]
Event: 2.023 Thread 0x00007fec44868a00 Exception <a 'java/lang/NoSuchMethodError'{0x000000070eb3c010}: 'java.lang.Object java.lang.invoke.Invokers$Holder.linkToTargetMethod(java.lang.Object, double, java.lang.Object)'> (0x000000070eb3c010) 
thrown [src/hotspot/share/interpreter/linkResolver.cpp, line 782]
Event: 2.028 Thread 0x00007fec44868a00 Exception <a 'java/lang/NoSuchMethodError'{0x000000070eb7df80}: 'int java.lang.invoke.DirectMethodHandle$Holder.invokeStatic(java.lang.Object)'> (0x000000070eb7df80) 
thrown [src/hotspot/share/interpreter/linkResolver.cpp, line 782]
Event: 2.057 Thread 0x00007fec44868a00 Exception <a 'java/lang/NoSuchMethodError'{0x000000070ebc36a8}: 'java.lang.Object java.lang.invoke.Invokers$Holder.linkToTargetMethod(java.lang.Object, java.lang.Object, java.lang.Object, int, java.lang.Object)'> (0x000000070ebc36a8) 
thrown [src/hotspot/share/interpreter/linkResolver.cpp, line 782]
Event: 2.117 Thread 0x00007fec44868a00 Exception <a 'java/lang/NoSuchMethodError'{0x000000070ebcf640}: 'java.lang.Object java.lang.invoke.DirectMethodHandle$Holder.newInvokeSpecial(java.lang.Object, java.lang.Object, java.lang.Object, int)'> (0x000000070ebcf640) 
thrown [src/hotspot/share/interpreter/linkResolver.cpp, line 782]
Event: 2.117 Thread 0x00007fec44868a00 Exception <a 'java/lang/NoSuchMethodError'{0x000000070ebd34e8}: 'java.lang.Object java.lang.invoke.DirectMethodHandle$Holder.invokeSpecial(java.lang.Object, java.lang.Object, java.lang.Object, java.lang.Object, int)'> (0x000000070ebd34e8) 
thrown [src/hotspot/share/interpreter/linkResolver.cpp, line 782]
Event: 2.118 Thread 0x00007fec44868a00 Exception <a 'java/lang/NoSuchMethodError'{0x000000070ebd70b8}: 'java.lang.Object java.lang.invoke.Invokers$Holder.linkToTargetMethod(java.lang.Object, java.lang.Object, int, java.lang.Object)'> (0x000000070ebd70b8) 
thrown [src/hotspot/share/interpreter/linkResolver.cpp, line 782]

Events (20 events):
Event: 1.700 Executing VM operation: HandshakeAllThreads done
Event: 1.813 Loaded shared library /usr/local/Cellar/openjdk/15.0.1/libexec/openjdk.jdk/Contents/Home/lib/libzip.dylib
Event: 2.123 Executing VM operation: G1CollectForAllocation
Event: 2.126 Executing VM operation: G1CollectForAllocation done
Event: 2.994 Executing VM operation: ICBufferFull
Event: 3.004 Executing VM operation: ICBufferFull done
Event: 3.290 Executing VM operation: G1CollectForAllocation
Event: 3.297 Executing VM operation: G1CollectForAllocation done
Event: 4.297 Executing VM operation: HandshakeAllThreads
Event: 4.297 Executing VM operation: HandshakeAllThreads done
Event: 4.376 Thread 0x00007fec45afbc00 Thread added: 0x00007fec45afbc00
Event: 4.376 Protecting memory [0x00007000114dc000,0x00007000114e0000] with protection modes 0
Event: 5.836 Executing VM operation: G1CollectForAllocation
Event: 5.860 Executing VM operation: G1CollectForAllocation done
Event: 6.881 Executing VM operation: HandshakeAllThreads
Event: 6.881 Executing VM operation: HandshakeAllThreads done
Event: 7.150 Executing VM operation: G1CollectForAllocation
Event: 7.220 Executing VM operation: G1CollectForAllocation done
Event: 8.034 Thread 0x00007fec452bfa00 Thread added: 0x00007fec452bfa00
Event: 8.034 Protecting memory [0x00007000115df000,0x00007000115e3000] with protection modes 0


Dynamic libraries:
0x00007fff6aecd000 	/usr/lib/libz.1.dylib
0x000000010221e000 	/usr/local/Cellar/openjdk/15.0.1/libexec/openjdk.jdk/Contents/Home/lib/libjli.dylib
0x00007fff30b45000 	/System/Library/Frameworks/Cocoa.framework/Versions/A/Cocoa
0x00007fff3e322000 	/System/Library/Frameworks/Security.framework/Versions/A/Security
0x00007fff2faaf000 	/System/Library/Frameworks/ApplicationServices.framework/Versions/A/ApplicationServices
0x00007fff68991000 	/usr/lib/libSystem.B.dylib
0x00007fff6b78d000 	/usr/lib/system/libcache.dylib
0x00007fff6b793000 	/usr/lib/system/libcommonCrypto.dylib
0x00007fff6b79f000 	/usr/lib/system/libcompiler_rt.dylib
0x00007fff6b7a7000 	/usr/lib/system/libcopyfile.dylib
0x00007fff6b7b1000 	/usr/lib/system/libcorecrypto.dylib
0x00007fff6b950000 	/usr/lib/system/libdispatch.dylib
0x00007fff6b991000 	/usr/lib/system/libdyld.dylib
0x00007fff6b9c8000 	/usr/lib/system/libkeymgr.dylib
0x00007fff6b9d6000 	/usr/lib/system/liblaunch.dylib
0x00007fff6b9d7000 	/usr/lib/system/libmacho.dylib
0x00007fff6b9dd000 	/usr/lib/system/libquarantine.dylib
0x00007fff6b9e0000 	/usr/lib/system/libremovefile.dylib
0x00007fff6b9e2000 	/usr/lib/system/libsystem_asl.dylib
0x00007fff6b9fa000 	/usr/lib/system/libsystem_blocks.dylib
0x00007fff6b9fb000 	/usr/lib/system/libsystem_c.dylib
0x00007fff6ba83000 	/usr/lib/system/libsystem_configuration.dylib
0x00007fff6ba87000 	/usr/lib/system/libsystem_coreservices.dylib
0x00007fff6ba8b000 	/usr/lib/system/libsystem_darwin.dylib
0x00007fff6ba94000 	/usr/lib/system/libsystem_dnssd.dylib
0x00007fff6ba9c000 	/usr/lib/system/libsystem_featureflags.dylib
0x00007fff6ba9e000 	/usr/lib/system/libsystem_info.dylib
0x00007fff6bb19000 	/usr/lib/system/libsystem_m.dylib
0x00007fff6bb61000 	/usr/lib/system/libsystem_malloc.dylib
0x00007fff6bb89000 	/usr/lib/system/libsystem_networkextension.dylib
0x00007fff6bb97000 	/usr/lib/system/libsystem_notify.dylib
0x00007fff6bbb5000 	/usr/lib/system/libsystem_sandbox.dylib
0x00007fff6bbba000 	/usr/lib/system/libsystem_secinit.dylib
0x00007fff6baec000 	/usr/lib/system/libsystem_kernel.dylib
0x00007fff6bba1000 	/usr/lib/system/libsystem_platform.dylib
0x00007fff6bbaa000 	/usr/lib/system/libsystem_pthread.dylib
0x00007fff6bbbd000 	/usr/lib/system/libsystem_symptoms.dylib
0x00007fff6bbc5000 	/usr/lib/system/libsystem_trace.dylib
0x00007fff6bbdd000 	/usr/lib/system/libunwind.dylib
0x00007fff6bbe3000 	/usr/lib/system/libxpc.dylib
0x00007fff6a7f1000 	/usr/lib/libobjc.A.dylib
0x00007fff68cca000 	/usr/lib/libc++abi.dylib
0x00007fff68c77000 	/usr/lib/libc++.1.dylib
0x00007fff319e0000 	/System/Library/Frameworks/CoreFoundation.framework/Versions/A/CoreFoundation
0x00007fff34096000 	/System/Library/Frameworks/Foundation.framework/Versions/C/Foundation
0x00007fff2eca0000 	/System/Library/Frameworks/AppKit.framework/Versions/C/AppKit
0x00007fff314c9000 	/System/Library/Frameworks/CoreData.framework/Versions/A/CoreData
0x00007fff629b2000 	/System/Library/PrivateFrameworks/UIFoundation.framework/Versions/A/UIFoundation
0x00007fff5da60000 	/System/Library/PrivateFrameworks/RemoteViewServices.framework/Versions/A/RemoteViewServices
0x00007fff65506000 	/System/Library/PrivateFrameworks/XCTTargetBootstrap.framework/Versions/A/XCTTargetBootstrap
0x00007fff318b4000 	/System/Library/Frameworks/CoreDisplay.framework/Versions/A/CoreDisplay
0x00007fff36f4f000 	/System/Library/Frameworks/Metal.framework/Versions/A/Metal
0x00007fff4bab9000 	/System/Library/PrivateFrameworks/DesktopServicesPriv.framework/Versions/A/DesktopServicesPriv
0x00007fff69ace000 	/usr/lib/liblangid.dylib
0x00007fff4ad52000 	/System/Library/PrivateFrameworks/CoreSVG.framework/Versions/A/CoreSVG
0x00007fff60bb6000 	/System/Library/PrivateFrameworks/SkyLight.framework/Versions/A/SkyLight
0x00007fff31e61000 	/System/Library/Frameworks/CoreGraphics.framework/Versions/A/CoreGraphics
0x00007fff2d674000 	/System/Library/Frameworks/Accelerate.framework/Versions/A/Accelerate
0x00007fff6adbe000 	/usr/lib/libxml2.2.dylib
0x00007fff56a12000 	/System/Library/PrivateFrameworks/IconServices.framework/Versions/A/IconServices
0x00007fff34875000 	/System/Library/Frameworks/IOSurface.framework/Versions/A/IOSurface
0x00007fff684bb000 	/usr/lib/libDiagnosticMessagesClient.dylib
0x00007fff4b913000 	/System/Library/PrivateFrameworks/DFRFoundation.framework/Versions/A/DFRFoundation
0x00007fff6985d000 	/usr/lib/libicucore.A.dylib
0x00007fff2fde1000 	/System/Library/Frameworks/AudioToolbox.framework/Versions/A/AudioToolbox
0x00007fff2fec4000 	/System/Library/Frameworks/AudioUnit.framework/Versions/A/AudioUnit
0x00007fff68b93000 	/usr/lib/libauto.dylib
0x00007fff4b9b5000 	/System/Library/PrivateFrameworks/DataDetectorsCore.framework/Versions/A/DataDetectorsCore
0x00007fff30666000 	/System/Library/Frameworks/Carbon.framework/Versions/A/Frameworks/HIToolbox.framework/Versions/A/HIToolbox
0x00007fff3d51f000 	/System/Library/Frameworks/QuartzCore.framework/Versions/A/QuartzCore
0x00007fff309a5000 	/System/Library/Frameworks/Carbon.framework/Versions/A/Frameworks/SpeechRecognition.framework/Versions/A/SpeechRecognition
0x00007fff4b42a000 	/System/Library/PrivateFrameworks/CoreUI.framework/Versions/A/CoreUI
0x00007fff30f34000 	/System/Library/Frameworks/CoreAudio.framework/Versions/A/CoreAudio
0x00007fff33d5b000 	/System/Library/Frameworks/DiskArbitration.framework/Versions/A/DiskArbitration
0x00007fff58a5f000 	/System/Library/PrivateFrameworks/MultitouchSupport.framework/Versions/A/MultitouchSupport
0x00007fff69724000 	/usr/lib/libenergytrace.dylib
0x00007fff347cf000 	/System/Library/Frameworks/IOKit.framework/Versions/A/IOKit
0x00007fff32dc8000 	/System/Library/Frameworks/CoreServices.framework/Versions/A/CoreServices
0x00007fff5abf6000 	/System/Library/PrivateFrameworks/PerformanceAnalysis.framework/Versions/A/PerformanceAnalysis
0x00007fff3c552000 	/System/Library/Frameworks/OpenGL.framework/Versions/A/OpenGL
0x00007fff30b53000 	/System/Library/Frameworks/ColorSync.framework/Versions/A/ColorSync
0x00007fff324e3000 	/System/Library/Frameworks/CoreImage.framework/Versions/A/CoreImage
0x00007fff3383a000 	/System/Library/Frameworks/CoreText.framework/Versions/A/CoreText
0x00007fff34905000 	/System/Library/Frameworks/ImageIO.framework/Versions/A/ImageIO
0x00007fff68cf3000 	/usr/lib/libcompression.dylib
0x00007fff687ff000 	/usr/lib/libMobileGestalt.dylib
0x00007fff6272b000 	/System/Library/PrivateFrameworks/TextureIO.framework/Versions/A/TextureIO
0x00007fff68af6000 	/usr/lib/libate.dylib
0x00007fff56c1b000 	/System/Library/PrivateFrameworks/InternationalSupport.framework/Versions/A/InternationalSupport
0x00007fff69ad0000 	/usr/lib/liblzma.5.dylib
0x00007fff6974b000 	/usr/lib/libfakelink.dylib
0x00007fff68a83000 	/usr/lib/libarchive.2.dylib
0x00007fff3f3d2000 	/System/Library/Frameworks/SystemConfiguration.framework/Versions/A/SystemConfiguration
0x00007fff683ee000 	/usr/lib/libCRFSuite.dylib
0x00007fff30257000 	/System/Library/Frameworks/CFNetwork.framework/Versions/A/CFNetwork
0x00007fff68c59000 	/usr/lib/libbsm.0.dylib
0x00007fff6b9c9000 	/usr/lib/system/libkxld.dylib
0x00007fff452e8000 	/System/Library/PrivateFrameworks/AppleFSCompression.framework/Versions/A/AppleFSCompression
0x00007fff68fe4000 	/usr/lib/libcoretls.dylib
0x00007fff68ffb000 	/usr/lib/libcoretls_cfhelpers.dylib
0x00007fff6a837000 	/usr/lib/libpam.2.dylib
0x00007fff6a96c000 	/usr/lib/libsqlite3.dylib
0x00007fff6adab000 	/usr/lib/libxar.1.dylib
0x00007fff68c6a000 	/usr/lib/libbz2.1.0.dylib
0x00007fff6976c000 	/usr/lib/libiconv.2.dylib
0x00007fff68ce0000 	/usr/lib/libcharset.1.dylib
0x00007fff6a2d6000 	/usr/lib/libnetwork.dylib
0x00007fff6a83e000 	/usr/lib/libpcap.A.dylib
0x00007fff68a38000 	/usr/lib/libapple_nghttp2.dylib
0x00007fff3317f000 	/System/Library/Frameworks/CoreServices.framework/Versions/A/Frameworks/FSEvents.framework/Versions/A/FSEvents
0x00007fff32e4f000 	/System/Library/Frameworks/CoreServices.framework/Versions/A/Frameworks/CarbonCore.framework/Versions/A/CarbonCore
0x00007fff333c2000 	/System/Library/Frameworks/CoreServices.framework/Versions/A/Frameworks/Metadata.framework/Versions/A/Metadata
0x00007fff3345b000 	/System/Library/Frameworks/CoreServices.framework/Versions/A/Frameworks/OSServices.framework/Versions/A/OSServices
0x00007fff33489000 	/System/Library/Frameworks/CoreServices.framework/Versions/A/Frameworks/SearchKit.framework/Versions/A/SearchKit
0x00007fff32dc9000 	/System/Library/Frameworks/CoreServices.framework/Versions/A/Frameworks/AE.framework/Versions/A/AE
0x00007fff33188000 	/System/Library/Frameworks/CoreServices.framework/Versions/A/Frameworks/LaunchServices.framework/Versions/A/LaunchServices
0x00007fff33131000 	/System/Library/Frameworks/CoreServices.framework/Versions/A/Frameworks/DictionaryServices.framework/Versions/A/DictionaryServices
0x00007fff334f1000 	/System/Library/Frameworks/CoreServices.framework/Versions/A/Frameworks/SharedFileList.framework/Versions/A/SharedFileList
0x00007fff38372000 	/System/Library/Frameworks/NetFS.framework/Versions/A/NetFS
0x00007fff58f8e000 	/System/Library/PrivateFrameworks/NetAuth.framework/Versions/A/NetAuth
0x00007fff658d3000 	/System/Library/PrivateFrameworks/login.framework/Versions/A/Frameworks/loginsupport.framework/Versions/A/loginsupport
0x00007fff621f8000 	/System/Library/PrivateFrameworks/TCC.framework/Versions/A/TCC
0x00007fff49ec5000 	/System/Library/PrivateFrameworks/CoreNLP.framework/Versions/A/CoreNLP
0x00007fff5848d000 	/System/Library/PrivateFrameworks/MetadataUtilities.framework/Versions/A/MetadataUtilities
0x00007fff69ba8000 	/usr/lib/libmecabra.dylib
0x00007fff69b00000 	/usr/lib/libmecab.dylib
0x00007fff6975c000 	/usr/lib/libgermantok.dylib
0x00007fff68a1f000 	/usr/lib/libThaiTokenizer.dylib
0x00007fff68425000 	/usr/lib/libChineseTokenizer.dylib
0x00007fff2d68c000 	/System/Library/Frameworks/Accelerate.framework/Versions/A/Frameworks/vImage.framework/Versions/A/vImage
0x00007fff2eaf6000 	/System/Library/Frameworks/Accelerate.framework/Versions/A/Frameworks/vecLib.framework/Versions/A/vecLib
0x00007fff2ea33000 	/System/Library/Frameworks/Accelerate.framework/Versions/A/Frameworks/vecLib.framework/Versions/A/libvMisc.dylib
0x00007fff2e85b000 	/System/Library/Frameworks/Accelerate.framework/Versions/A/Frameworks/vecLib.framework/Versions/A/libvDSP.dylib
0x00007fff2dce3000 	/System/Library/Frameworks/Accelerate.framework/Versions/A/Frameworks/vecLib.framework/Versions/A/libBLAS.dylib
0x00007fff2e41f000 	/System/Library/Frameworks/Accelerate.framework/Versions/A/Frameworks/vecLib.framework/Versions/A/libLAPACK.dylib
0x00007fff2e7bb000 	/System/Library/Frameworks/Accelerate.framework/Versions/A/Frameworks/vecLib.framework/Versions/A/libLinearAlgebra.dylib
0x00007fff2e848000 	/System/Library/Frameworks/Accelerate.framework/Versions/A/Frameworks/vecLib.framework/Versions/A/libSparseBLAS.dylib
0x00007fff2e7d1000 	/System/Library/Frameworks/Accelerate.framework/Versions/A/Frameworks/vecLib.framework/Versions/A/libQuadrature.dylib
0x00007fff2df4b000 	/System/Library/Frameworks/Accelerate.framework/Versions/A/Frameworks/vecLib.framework/Versions/A/libBNNS.dylib
0x00007fff2e7d7000 	/System/Library/Frameworks/Accelerate.framework/Versions/A/Frameworks/vecLib.framework/Versions/A/libSparse.dylib
0x00007fff57003000 	/System/Library/PrivateFrameworks/LanguageModeling.framework/Versions/A/LanguageModeling
0x00007fff49875000 	/System/Library/PrivateFrameworks/CoreEmoji.framework/Versions/A/CoreEmoji
0x00007fff57121000 	/System/Library/PrivateFrameworks/LinguisticData.framework/Versions/A/LinguisticData
0x00007fff570d2000 	/System/Library/PrivateFrameworks/Lexicon.framework/Versions/A/Lexicon
0x00007fff68ce1000 	/usr/lib/libcmph.dylib
0x00007fff3af60000 	/System/Library/Frameworks/OpenDirectory.framework/Versions/A/Frameworks/CFOpenDirectory.framework/Versions/A/CFOpenDirectory
0x00007fff3af7d000 	/System/Library/Frameworks/OpenDirectory.framework/Versions/A/OpenDirectory
0x00007fff4339d000 	/System/Library/PrivateFrameworks/APFS.framework/Versions/A/APFS
0x00007fff3e66c000 	/System/Library/Frameworks/SecurityFoundation.framework/Versions/A/SecurityFoundation
0x00007fff6ada7000 	/usr/lib/libutil.dylib
0x00007fff4adaa000 	/System/Library/PrivateFrameworks/CoreServicesStore.framework/Versions/A/CoreServicesStore
0x00007fff3e723000 	/System/Library/Frameworks/ServiceManagement.framework/Versions/A/ServiceManagement
0x00007fff46ab6000 	/System/Library/PrivateFrameworks/BackgroundTaskManagement.framework/Versions/A/BackgroundTaskManagement
0x00007fff6aea4000 	/usr/lib/libxslt.1.dylib
0x00007fff4595a000 	/System/Library/PrivateFrameworks/AppleSystemInfo.framework/Versions/A/AppleSystemInfo
0x00007fff34b20000 	/System/Library/Frameworks/ImageIO.framework/Versions/A/Resources/libJPEG.dylib
0x00007fff34ddc000 	/System/Library/Frameworks/ImageIO.framework/Versions/A/Resources/libTIFF.dylib
0x00007fff34dbf000 	/System/Library/Frameworks/ImageIO.framework/Versions/A/Resources/libPng.dylib
0x00007fff34a62000 	/System/Library/Frameworks/ImageIO.framework/Versions/A/Resources/libGIF.dylib
0x00007fff34a66000 	/System/Library/Frameworks/ImageIO.framework/Versions/A/Resources/libJP2.dylib
0x00007fff34dda000 	/System/Library/Frameworks/ImageIO.framework/Versions/A/Resources/libRadiance.dylib
0x00007fff69725000 	/usr/lib/libexpat.1.dylib
0x00007fff45443000 	/System/Library/PrivateFrameworks/AppleJPEG.framework/Versions/A/AppleJPEG
0x00007fff4e085000 	/System/Library/PrivateFrameworks/FontServices.framework/libFontParser.dylib
0x00007fff648d9000 	/System/Library/PrivateFrameworks/WatchdogClient.framework/Versions/A/WatchdogClient
0x00007fff5665f000 	/System/Library/PrivateFrameworks/IOAccelerator.framework/Versions/A/IOAccelerator
0x00007fff372ea000 	/System/Library/Frameworks/MetalPerformanceShaders.framework/Versions/A/MetalPerformanceShaders
0x00007fff52df8000 	/System/Library/PrivateFrameworks/GPUWrangler.framework/Versions/A/GPUWrangler
0x00007fff56674000 	/System/Library/PrivateFrameworks/IOPresentment.framework/Versions/A/IOPresentment
0x00007fff4b926000 	/System/Library/PrivateFrameworks/DSExternalDisplay.framework/Versions/A/DSExternalDisplay
0x00007fff3b8f1000 	/System/Library/Frameworks/OpenGL.framework/Versions/A/Libraries/libCoreFSCache.dylib
0x00007fff37036000 	/System/Library/Frameworks/MetalPerformanceShaders.framework/Frameworks/MPSCore.framework/Versions/A/MPSCore
0x00007fff37074000 	/System/Library/Frameworks/MetalPerformanceShaders.framework/Frameworks/MPSImage.framework/Versions/A/MPSImage
0x00007fff3713b000 	/System/Library/Frameworks/MetalPerformanceShaders.framework/Frameworks/MPSNeuralNetwork.framework/Versions/A/MPSNeuralNetwork
0x00007fff370ff000 	/System/Library/Frameworks/MetalPerformanceShaders.framework/Frameworks/MPSMatrix.framework/Versions/A/MPSMatrix
0x00007fff3729a000 	/System/Library/Frameworks/MetalPerformanceShaders.framework/Frameworks/MPSRayIntersector.framework/Versions/A/MPSRayIntersector
0x00007fff37125000 	/System/Library/Frameworks/MetalPerformanceShaders.framework/Frameworks/MPSNDArray.framework/Versions/A/MPSNDArray
0x00007fff584da000 	/System/Library/PrivateFrameworks/MetalTools.framework/Versions/A/MetalTools
0x00007fff44570000 	/System/Library/PrivateFrameworks/AggregateDictionary.framework/Versions/A/AggregateDictionary
0x00007fff492cf000 	/System/Library/PrivateFrameworks/CoreAnalytics.framework/Versions/A/CoreAnalytics
0x00007fff45879000 	/System/Library/PrivateFrameworks/AppleSauce.framework/Versions/A/AppleSauce
0x00007fff686e1000 	/usr/lib/libIOReport.dylib
0x00007fff339f2000 	/System/Library/Frameworks/CoreVideo.framework/Versions/A/CoreVideo
0x00007fff54272000 	/System/Library/PrivateFrameworks/GraphVisualizer.framework/Versions/A/GraphVisualizer
0x00007fff4d5d9000 	/System/Library/PrivateFrameworks/FaceCore.framework/Versions/A/FaceCore
0x00007fff3af07000 	/System/Library/Frameworks/OpenCL.framework/Versions/A/OpenCL
0x00007fff68503000 	/usr/lib/libFosl_dynamic.dylib
0x00007fff599a3000 	/System/Library/PrivateFrameworks/OTSVG.framework/Versions/A/OTSVG
0x00007fff2fbb4000 	/System/Library/Frameworks/ApplicationServices.framework/Versions/A/Frameworks/ATS.framework/Versions/A/Resources/libFontRegistry.dylib
0x00007fff4e256000 	/System/Library/PrivateFrameworks/FontServices.framework/libhvf.dylib
0x00007fff3b8fc000 	/System/Library/Frameworks/OpenGL.framework/Versions/A/Libraries/libGFXShared.dylib
0x00007fff3bada000 	/System/Library/Frameworks/OpenGL.framework/Versions/A/Libraries/libGLU.dylib
0x00007fff3b905000 	/System/Library/Frameworks/OpenGL.framework/Versions/A/Libraries/libGL.dylib
0x00007fff3b910000 	/System/Library/Frameworks/OpenGL.framework/Versions/A/Libraries/libGLImage.dylib
0x00007fff3b8ee000 	/System/Library/Frameworks/OpenGL.framework/Versions/A/Libraries/libCVMSPluginSupport.dylib
0x00007fff3b8f7000 	/System/Library/Frameworks/OpenGL.framework/Versions/A/Libraries/libCoreVMClient.dylib
0x00007fff6a177000 	/usr/lib/libncurses.5.4.dylib
0x00007fff2fab0000 	/System/Library/Frameworks/ApplicationServices.framework/Versions/A/Frameworks/ATS.framework/Versions/A/ATS
0x00007fff2fc7d000 	/System/Library/Frameworks/ApplicationServices.framework/Versions/A/Frameworks/ColorSyncLegacy.framework/Versions/A/ColorSyncLegacy
0x00007fff2fd1b000 	/System/Library/Frameworks/ApplicationServices.framework/Versions/A/Frameworks/HIServices.framework/Versions/A/HIServices
0x00007fff2fd73000 	/System/Library/Frameworks/ApplicationServices.framework/Versions/A/Frameworks/LangAnalysis.framework/Versions/A/LangAnalysis
0x00007fff2fd82000 	/System/Library/Frameworks/ApplicationServices.framework/Versions/A/Frameworks/PrintCore.framework/Versions/A/PrintCore
0x00007fff2fdc8000 	/System/Library/Frameworks/ApplicationServices.framework/Versions/A/Frameworks/QD.framework/Versions/A/QD
0x00007fff2fdd3000 	/System/Library/Frameworks/ApplicationServices.framework/Versions/A/Frameworks/SpeechSynthesis.framework/Versions/A/SpeechSynthesis
0x00007fff2fc4d000 	/System/Library/Frameworks/ApplicationServices.framework/Versions/A/Frameworks/ATSUI.framework/Versions/A/ATSUI
0x00007fff695b9000 	/usr/lib/libcups.2.dylib
0x00007fff36387000 	/System/Library/Frameworks/Kerberos.framework/Versions/A/Kerberos
0x00007fff344c8000 	/System/Library/Frameworks/GSS.framework/Versions/A/GSS
0x00007fff6a8f8000 	/usr/lib/libresolv.9.dylib
0x00007fff54420000 	/System/Library/PrivateFrameworks/Heimdal.framework/Versions/A/Heimdal
0x00007fff3639a000 	/System/Library/Frameworks/Kerberos.framework/Versions/A/Libraries/libHeimdalProxy.dylib
0x00007fff69762000 	/usr/lib/libheimdal-asn1.dylib
0x00007fff48768000 	/System/Library/PrivateFrameworks/CommonAuth.framework/Versions/A/CommonAuth
0x00007fff459f7000 	/System/Library/PrivateFrameworks/AssertionServices.framework/Versions/A/AssertionServices
0x00007fff46599000 	/System/Library/PrivateFrameworks/AudioToolboxCore.framework/Versions/A/AudioToolboxCore
0x00007fff65583000 	/System/Library/PrivateFrameworks/caulk.framework/Versions/A/caulk
0x00007fff46b62000 	/System/Library/PrivateFrameworks/BaseBoard.framework/Versions/A/BaseBoard
0x00007fff5dbee000 	/System/Library/PrivateFrameworks/RunningBoardServices.framework/Versions/A/RunningBoardServices
0x00007fff5ac02000 	/System/Library/PrivateFrameworks/PersistentConnection.framework/Versions/A/PersistentConnection
0x00007fff5d5e8000 	/System/Library/PrivateFrameworks/ProtocolBuffer.framework/Versions/A/ProtocolBuffer
0x00007fff4878c000 	/System/Library/PrivateFrameworks/CommonUtilities.framework/Versions/A/CommonUtilities
0x00007fff46cf0000 	/System/Library/PrivateFrameworks/Bom.framework/Versions/A/Bom
0x00007fff683b4000 	/usr/lib/libAudioToolboxUtility.dylib
0x00007fff46ac0000 	/System/Library/PrivateFrameworks/Backup.framework/Versions/A/Backup
0x00007fff4b847000 	/System/Library/PrivateFrameworks/CrashReporterSupport.framework/Versions/A/CrashReporterSupport
0x00007fff5f67c000 	/System/Library/PrivateFrameworks/Sharing.framework/Versions/A/Sharing
0x00007fff45006000 	/System/Library/PrivateFrameworks/Apple80211.framework/Versions/A/Apple80211
0x00007fff467dd000 	/System/Library/PrivateFrameworks/AuthKit.framework/Versions/A/AuthKit
0x00007fff4b557000 	/System/Library/PrivateFrameworks/CoreUtils.framework/Versions/A/CoreUtils
0x00007fff33a37000 	/System/Library/Frameworks/CoreWLAN.framework/Versions/A/CoreWLAN
0x00007fff34655000 	/System/Library/Frameworks/IOBluetooth.framework/Versions/A/IOBluetooth
0x00007fff587de000 	/System/Library/PrivateFrameworks/MobileKeyBag.framework/Versions/A/MobileKeyBag
0x00007fff4a35d000 	/System/Library/PrivateFrameworks/CorePhoneNumbers.framework/Versions/A/CorePhoneNumbers
0x00007fff453f6000 	/System/Library/PrivateFrameworks/AppleIDAuthSupport.framework/Versions/A/AppleIDAuthSupport
0x00007fff3837f000 	/System/Library/Frameworks/Network.framework/Versions/A/Network
0x00007fff56eaf000 	/System/Library/PrivateFrameworks/KeychainCircle.framework/Versions/A/KeychainCircle
0x00007fff31490000 	/System/Library/Frameworks/CoreBluetooth.framework/Versions/A/CoreBluetooth
0x00007fff616f9000 	/System/Library/PrivateFrameworks/SpeechRecognitionCore.framework/Versions/A/SpeechRecognitionCore
0x0000000103400000 	/usr/local/Cellar/openjdk/15.0.1/libexec/openjdk.jdk/Contents/Home/lib/server/libjvm.dylib
0x000000010225f000 	/usr/local/Cellar/openjdk/15.0.1/libexec/openjdk.jdk/Contents/Home/lib/libjimage.dylib
0x00000001022b9000 	/usr/local/Cellar/openjdk/15.0.1/libexec/openjdk.jdk/Contents/Home/lib/libjava.dylib
0x000000010f332000 	/usr/local/Cellar/openjdk/15.0.1/libexec/openjdk.jdk/Contents/Home/lib/libnio.dylib
0x000000010f34a000 	/usr/local/Cellar/openjdk/15.0.1/libexec/openjdk.jdk/Contents/Home/lib/libnet.dylib
0x000000010f3ee000 	/usr/local/Cellar/openjdk/15.0.1/libexec/openjdk.jdk/Contents/Home/lib/libzip.dylib
0x000000012ac87000 	/Users/yudeng/OR_TOOLS/lib/libjniortools.jnilib
0x000000010f708000 	/Users/yudeng/OR_TOOLS/lib/libgflags.2.2.2.dylib
0x000000010f76b000 	/Users/yudeng/OR_TOOLS/lib/libglog.0.dylib
0x000000012af0b000 	/Users/yudeng/OR_TOOLS/lib/libprotobuf.3.6.1.dylib
0x000000012b5b4000 	/Users/yudeng/OR_TOOLS/lib/libCbcSolver.3.9.9.dylib
0x000000012b6c8000 	/Users/yudeng/OR_TOOLS/lib/libCbc.3.9.9.dylib
0x000000010f7b7000 	/Users/yudeng/OR_TOOLS/lib/libOsiCbc.3.9.9.dylib
0x000000012b7dd000 	/Users/yudeng/OR_TOOLS/lib/libCgl.1.9.10.dylib
0x000000010f7c6000 	/Users/yudeng/OR_TOOLS/lib/libClpSolver.1.13.11.dylib
0x000000012b8fa000 	/Users/yudeng/OR_TOOLS/lib/libClp.1.13.11.dylib
0x000000012baa6000 	/Users/yudeng/OR_TOOLS/lib/libOsiClp.1.13.11.dylib
0x000000012baf1000 	/Users/yudeng/OR_TOOLS/lib/libOsi.1.12.9.dylib
0x000000012bb40000 	/Users/yudeng/OR_TOOLS/lib/libCoinUtils.3.10.14.dylib
0x000000012bc76000 	/Users/yudeng/OR_TOOLS/lib/libortools.dylib


VM Arguments:
jvm_args: -Djava.library.path=/Users/yudeng/OR_TOOLS/lib 
java_command: ch.ethz.math.ifor.atsp.main
java_class_path (initial): /Users/yudeng/Desktop/atsp/code/target/bg-jobs/sbt_d1036c58/job-1/target/c4faed0d/d351106b/code_2.13-0.1.0-SNAPSHOT.jar:/Users/yudeng/Desktop/atsp/code/target/bg-jobs/sbt_d1036c58/target/d4a281f3/3337e965/protobuf.jar:/Users/yudeng/Desktop/atsp/code/target/bg-jobs/sbt_d1036c58/target/a761eb85/12543ae9/com.google.ortools.jar:/Users/yudeng/Desktop/atsp/code/target/bg-jobs/sbt_d1036c58/target/9b2e4d82/37851899/scala-library-2.13.3.jar:/Users/yudeng/Desktop/atsp/code/target/bg-jobs/sbt_d1036c58/target/84790c17/6649001c/poi-3.15-beta2.jar:/Users/yudeng/Desktop/atsp/code/target/bg-jobs/sbt_d1036c58/target/472c4902/5fc67ecc/poi-ooxml-3.15-beta2.jar:/Users/yudeng/Desktop/atsp/code/target/bg-jobs/sbt_d1036c58/target/6cd070e0/3e039909/poi-ooxml-schemas-3.15-beta2.jar:/Users/yudeng/Desktop/atsp/code/target/bg-jobs/sbt_d1036c58/target/0b39f4c4/7bccdab4/optimus_2.13-3.2.4.jar:/Users/yudeng/Desktop/atsp/code/target/bg-jobs/sbt_d1036c58/target/25921351/ef561290/optimus-solver-oj_2.13-3.2.4.jar:/Users/yudeng/Desktop/atsp/code/target/bg-jobs/sbt_d1036c58/target/c1f63037/eb52c418/optimus-solver-lp_2.13-3.2.4.jar:/Users/yudeng/Desktop/atsp/code/target/bg-jobs/sbt_d1036c58/target/047d7ea9/840dd1b1/commons-codec-1.10.jar:/Users/yudeng/Desktop/atsp/code/target/bg-jobs/sbt_d1036c58/target/44f0e576/82bf8f6e/curvesapi-1.04.jar:/Users/yudeng/Desktop/atsp/code/target/bg-jobs/sbt_d1036c58/target/39498863/29a8b466/xmlbeans-2.6.0.jar:/Users/yudeng/Desktop/atsp/code/target/bg-jobs/sbt_d1036c58/target/92e2572a/97705cb7/logback-classic-1.2.3.jar:/Users/yudeng/Desktop/atsp/code/target/bg-jobs/sbt_d1036c58/target/1e330caf/ea14e73b/scala-logging_2.13-3.9.2.jar:/Users/yudeng/Desktop/atsp/code/target/bg-jobs/sbt_d1036c58/target/65a7a742/f4c65b0c/scala-xml_2.13-1.3.0.jar:/Users/yudeng/Desktop/atsp/code/target/bg-jobs/sbt_d1036c58/target/d64f8e1d/4649e2d9/core-3.1.0.jar:/Users/yudeng/Desktop/atsp/code/target/bg-jobs/sbt_d1036c58/target/f1ad3b4b/23600323/enumeratum_2.13-1.6.1.j
Launcher Type: SUN_STANDARD

[Global flags]
     intx CICompilerCount                          = 4                                         {product} {ergonomic}
     uint ConcGCThreads                            = 2                                         {product} {ergonomic}
     uint G1ConcRefinementThreads                  = 8                                         {product} {ergonomic}
   size_t G1HeapRegionSize                         = 2097152                                   {product} {ergonomic}
    uintx GCDrainStackTargetSize                   = 64                                        {product} {ergonomic}
   size_t InitialHeapSize                          = 268435456                                 {product} {ergonomic}
   size_t MarkStackSize                            = 4194304                                   {product} {ergonomic}
   size_t MaxHeapSize                              = 4294967296                                {product} {ergonomic}
   size_t MaxNewSize                               = 2575302656                                {product} {ergonomic}
   size_t MinHeapDeltaBytes                        = 2097152                                   {product} {ergonomic}
   size_t MinHeapSize                              = 8388608                                   {product} {ergonomic}
    uintx NonNMethodCodeHeapSize                   = 5839372                                {pd product} {ergonomic}
    uintx NonProfiledCodeHeapSize                  = 122909434                              {pd product} {ergonomic}
    uintx ProfiledCodeHeapSize                     = 122909434                              {pd product} {ergonomic}
    uintx ReservedCodeCacheSize                    = 251658240                              {pd product} {ergonomic}
     bool SegmentedCodeCache                       = true                                      {product} {ergonomic}
   size_t SoftMaxHeapSize                          = 4294967296                             {manageable} {ergonomic}
     bool UseCompressedClassPointers               = true                                 {lp64_product} {ergonomic}
     bool UseCompressedOops                        = true                                 {lp64_product} {ergonomic}
     bool UseG1GC                                  = true                                      {product} {ergonomic}
     bool UseNUMA                                  = false                                     {product} {ergonomic}
     bool UseNUMAInterleaving                      = false                                     {product} {ergonomic}

Logging:
Log output configuration:
 #0: stdout all=warning uptime,level,tags
 #1: stderr all=off uptime,level,tags

Environment Variables:
JAVA_HOME=/Library/Java/JavaVirtualMachines/openjdk.jdk/Contents/Home
CLASSPATH=/Library/Java/JavaVirtualMachines/openjdk.jdk/Contents/Home/lib/tools.jar:/Library/Java/JavaVirtualMachines/openjdk.jdk/Contents/Home/lib/dt.jar:.
PATH=/Library/Java/JavaVirtualMachines/openjdk.jdk/Contents/Home/bin:/Library/Java/JavaVirtualMachines/openjdk.jdk/Contents/Home/bin:/usr/local/opt/openjdk/bin:/Library/Frameworks/Python.framework/Versions/3.6/bin:/anaconda3/bin:/Library/Frameworks/Python.framework/Versions/3.7/bin:/usr/local/bin:/usr/bin:/bin:/usr/sbin:/sbin:/Library/TeX/texbin:/usr/local/aria2/bin:/opt/X11/bin:.:.
SHELL=/bin/bash
DISPLAY=/private/tmp/com.apple.launchd.6qK3kQfXEI/org.macosforge.xquartz:0
LC_CTYPE=UTF-8

Signal Handlers:
SIGSEGV: [libjvm.dylib+0xa69a60], sa_mask[0]=11111111011111110111111111111111, sa_flags=SA_ONSTACK|SA_RESTART|SA_SIGINFO
SIGBUS: [libjvm.dylib+0xa69a60], sa_mask[0]=11111111011111110111111111111111, sa_flags=SA_RESTART|SA_SIGINFO
SIGFPE: [libjvm.dylib+0xa69a60], sa_mask[0]=11111111011111110111111111111111, sa_flags=SA_RESTART|SA_SIGINFO
SIGPIPE: [libjvm.dylib+0x82ae30], sa_mask[0]=11111111011111110111111111111111, sa_flags=SA_RESTART|SA_SIGINFO
SIGXFSZ: [libjvm.dylib+0x82ae30], sa_mask[0]=11111111011111110111111111111111, sa_flags=SA_RESTART|SA_SIGINFO
SIGILL: [libjvm.dylib+0xa69a60], sa_mask[0]=11111111011111110111111111111111, sa_flags=SA_RESTART|SA_SIGINFO
SIGUSR2: [libjvm.dylib+0x82b8d0], sa_mask[0]=00100000000000000000000000000000, sa_flags=SA_RESTART|SA_SIGINFO
SIGHUP: [libjvm.dylib+0x82a030], sa_mask[0]=11111111011111110111111111111111, sa_flags=SA_RESTART|SA_SIGINFO
SIGINT: [libClp.1.13.11.dylib+0x145a60], sa_mask[0]=00000000000000000000000000000000, sa_flags=SA_RESTART
SIGTERM: [libjvm.dylib+0x82a030], sa_mask[0]=11111111011111110111111111111111, sa_flags=SA_RESTART|SA_SIGINFO
SIGQUIT: [libjvm.dylib+0x82a030], sa_mask[0]=11111111011111110111111111111111, sa_flags=SA_RESTART|SA_SIGINFO


---------------  S Y S T E M  ---------------

OS:uname: Darwin 19.4.0 Darwin Kernel Version 19.4.0: Wed Mar  4 22:28:40 PST 2020; root:xnu-6153.101.6~15/RELEASE_X86_64 x86_64
OS uptime: 12 days 11:46 hours
rlimit (soft/hard): STACK 8192k/65532k , CORE 0k/infinity , NPROC 2784/4176 , NOFILE 10240/infinity , AS infinity/infinity , CPU infinity/infinity , DATA infinity/infinity , FSIZE infinity/infinity , MEMLOCK infinity/infinity , RSS infinity/infinity
load average: 253.00 261.24 281.52

CPU: total 8 (initial active 8) (4 cores per cpu, 2 threads per core) family 6 model 158 stepping 9 microcode 0xca, cmov, cx8, fxsr, mmx, sse, sse2, sse3, ssse3, sse4.1, sse4.2, popcnt, vzeroupper, avx, avx2, aes, clmul, erms, 3dnowpref, lzcnt, ht, tsc, tscinvbit, bmi1, bmi2, adx, fma, clflush, clflushopt

Memory: 4k page, physical 16777216k(92048k free), swap 18874368k(1348352k free)

vm_info: OpenJDK 64-Bit Server VM (15.0.1+9) for bsd-amd64 JRE (15.0.1+9), built on Oct 28 2020 22:29:08 by "brew" with clang Apple LLVM 12.0.0 (clang-1200.0.32.21)

END.
