#
# A fatal error has been detected by the Java Runtime Environment:
#
#  SIGSEGV (0xb) at pc=0x000000012a0855de, pid=43221, tid=10499
#
# JRE version: OpenJDK Runtime Environment (15.0.1+9) (build 15.0.1+9)
# Java VM: OpenJDK 64-Bit Server VM (15.0.1+9, mixed mode, sharing, tiered, compressed oops, g1 gc, bsd-amd64)
# Problematic frame:
# C  [libortools.dylib+0x33b5de]  operations_research::MPConstraint::dual_value() const+0xe
#
# No core dump will be written. Core dumps have been disabled. To enable core dumping, try "ulimit -c unlimited" before starting Java again
#
# If you would like to submit a bug report, please visit:
#   https://bugreport.java.com/bugreport/crash.jsp
# The crash happened outside the Java Virtual Machine in native code.
# See problematic frame for where to report the bug.
#

---------------  S U M M A R Y ------------

Command Line: -Djava.library.path=/Users/yudeng/OR_TOOLS/lib georg.ImportTest

Host: MacBookPro14,3 x86_64 2800 MHz, 8 cores, 16G, Darwin 19.4.0
Time: Mon Mar  8 04:59:23 2021 CET elapsed time: 16.197218 seconds (0d 0h 0m 16s)

---------------  T H R E A D  ---------------

Current thread (0x00007fd9e000f000):  JavaThread "main" [_thread_in_native, id=10499, stack(0x0000700006ef6000,0x0000700006ff6000)]

Stack: [0x0000700006ef6000,0x0000700006ff6000],  sp=0x0000700006ff4a30,  free space=1018k
Native frames: (J=compiled Java code, A=aot compiled Java code, j=interpreted, Vv=VM code, C=native code)
C  [libortools.dylib+0x33b5de]  operations_research::MPConstraint::dual_value() const+0xe
J 646  com.google.ortools.linearsolver.main_research_linear_solverJNI.MPConstraint_dualValue(JLcom/google/ortools/linearsolver/MPConstraint;)D (0 bytes) @ 0x000000011329287a [0x00000001132927a0+0x00000000000000da]
J 1263 c2 ch.ethz.math.ifor.atsp.BranchAndBound.lowerBoundSolvers.AssignmentProblem.ORToolsIP$$$Lambda$35+0x0000000800c4dfe8.apply(Ljava/lang/Object;)Ljava/lang/Object; (20 bytes) @ 0x00000001132d33f4 [0x00000001132d3000+0x00000000000003f4]
J 1457 c2 scala.collection.StrictOptimizedMapOps.map(Lscala/Function1;)Lscala/collection/IterableOps; (73 bytes) @ 0x00000001133036e4 [0x0000000113303020+0x00000000000006c4]
J 1863 c2 ch.ethz.math.ifor.atsp.BranchAndBound.lowerBoundSolvers.AssignmentProblem.ORToolsIP$$$Lambda$34+0x0000000800c4cce0.apply(Ljava/lang/Object;)Ljava/lang/Object; (16 bytes) @ 0x0000000113366c04 [0x0000000113366ac0+0x0000000000000144]
J 1457 c2 scala.collection.StrictOptimizedMapOps.map(Lscala/Function1;)Lscala/collection/IterableOps; (73 bytes) @ 0x00000001133036e4 [0x0000000113303020+0x00000000000006c4]
J 1793 c2 scala.collection.immutable.HashMap.map(Lscala/Function1;)Lscala/collection/IterableOps; (6 bytes) @ 0x000000011334d9b4 [0x000000011334d980+0x0000000000000034]
J 1874 c1 ch.ethz.math.ifor.atsp.BranchAndBound.lowerBoundSolvers.AssignmentProblem.ORToolsIP$.compute(Lch/ethz/math/ifor/atsp/BranchAndBound/BranchNode;)Lscala/Tuple2; (296 bytes) @ 0x000000010c076194 [0x000000010c073000+0x0000000000003194]
J 2120 c1 ch.ethz.math.ifor.atsp.BranchAndBound.BranchNode.<init>(Lch/ethz/math/ifor/atsp/Input;Lscala/collection/immutable/Map;Z)V (196 bytes) @ 0x000000010c0eef94 [0x000000010c0eedc0+0x00000000000001d4]
J 1954 c1 ch.ethz.math.ifor.atsp.BranchAndBound.branchingSchemes.CT80$.$anonfun$listChildren$15(Lscala/runtime/ObjectRef;Lch/ethz/math/ifor/atsp/BranchAndBound/BranchNode;Lscala/runtime/ObjectRef;Lscala/runtime/ObjectRef;I)V (228 bytes) @ 0x000000010c093154 [0x000000010c090fe0+0x0000000000002174]
J 1953 c1 ch.ethz.math.ifor.atsp.BranchAndBound.branchingSchemes.CT80$$$Lambda$69+0x0000000800c6da68.apply$mcVI$sp(I)V (21 bytes) @ 0x000000010c09093c [0x000000010c0908a0+0x000000000000009c]
J 1527 c1 scala.collection.immutable.Range.foreach$mVc$sp(Lscala/Function1;)V (39 bytes) @ 0x000000010bfc9dc4 [0x000000010bfc9ac0+0x0000000000000304]
J 2106 c1 ch.ethz.math.ifor.atsp.BranchAndBound.branchingSchemes.CT80$.listChildren(Lch/ethz/math/ifor/atsp/BranchAndBound/BranchNode;)Lscala/collection/immutable/List; (518 bytes) @ 0x000000010c0e7bbc [0x000000010c0e1de0+0x0000000000005ddc]
J 2103 c1 ch.ethz.math.ifor.atsp.BranchAndBound.BranchNode.branchStep()Lscala/util/Either; (42 bytes) @ 0x000000010c0e0554 [0x000000010c0e02a0+0x00000000000002b4]
j  ch.ethz.math.ifor.atsp.BranchAndBound.BranchAndBoundSolver$.solve(Lch/ethz/math/ifor/atsp/Input;Ljava/lang/String;ZZ)Lch/ethz/math/ifor/atsp/Output;+299
j  georg.ImportTest$.delayedEndpoint$georg$ImportTest$1()V+162
j  georg.ImportTest$delayedInit$body.apply()Ljava/lang/Object;+4
j  scala.Function0.apply$mcV$sp()V+1
j  scala.Function0.apply$mcV$sp$(Lscala/Function0;)V+1
j  scala.runtime.AbstractFunction0.apply$mcV$sp()V+1
j  scala.App.$anonfun$main$1(Lscala/Function0;)V+1
j  scala.App.$anonfun$main$1$adapted(Lscala/Function0;)Ljava/lang/Object;+1
j  scala.App$$Lambda$1+0x0000000800bbcdc8.apply(Ljava/lang/Object;)Ljava/lang/Object;+4
j  scala.collection.IterableOnceOps.foreach(Lscala/Function1;)V+26
j  scala.collection.IterableOnceOps.foreach$(Lscala/collection/IterableOnceOps;Lscala/Function1;)V+2
j  scala.collection.AbstractIterable.foreach(Lscala/Function1;)V+2
j  scala.App.main([Ljava/lang/String;)V+18
j  scala.App.main$(Lscala/App;[Ljava/lang/String;)V+2
j  georg.ImportTest$.main([Ljava/lang/String;)V+2
j  georg.ImportTest.main([Ljava/lang/String;)V+4
v  ~StubRoutines::call_stub
V  [libjvm.dylib+0x4b019d]  JavaCalls::call_helper(JavaValue*, methodHandle const&, JavaCallArguments*, Thread*)+0x2cd
V  [libjvm.dylib+0x51374a]  jni_invoke_static(JNIEnv_*, JavaValue*, _jobject*, JNICallType, _jmethodID*, JNI_ArgumentPusher*, Thread*)+0x1fa
V  [libjvm.dylib+0x516fb2]  jni_CallStaticVoidMethod+0x1a2
C  [libjli.dylib+0x911f]  JavaMain+0x9bf
C  [libjli.dylib+0xb839]  ThreadJavaMain+0x9
C  [libsystem_pthread.dylib+0x6109]  _pthread_start+0x94
C  [libsystem_pthread.dylib+0x1b8b]  thread_start+0xf

Java frames: (J=compiled Java code, j=interpreted, Vv=VM code)
J 646  com.google.ortools.linearsolver.main_research_linear_solverJNI.MPConstraint_dualValue(JLcom/google/ortools/linearsolver/MPConstraint;)D (0 bytes) @ 0x0000000113292805 [0x00000001132927a0+0x0000000000000065]
J 1263 c2 ch.ethz.math.ifor.atsp.BranchAndBound.lowerBoundSolvers.AssignmentProblem.ORToolsIP$$$Lambda$35+0x0000000800c4dfe8.apply(Ljava/lang/Object;)Ljava/lang/Object; (20 bytes) @ 0x00000001132d33f4 [0x00000001132d3000+0x00000000000003f4]
J 1457 c2 scala.collection.StrictOptimizedMapOps.map(Lscala/Function1;)Lscala/collection/IterableOps; (73 bytes) @ 0x00000001133036e4 [0x0000000113303020+0x00000000000006c4]
J 1863 c2 ch.ethz.math.ifor.atsp.BranchAndBound.lowerBoundSolvers.AssignmentProblem.ORToolsIP$$$Lambda$34+0x0000000800c4cce0.apply(Ljava/lang/Object;)Ljava/lang/Object; (16 bytes) @ 0x0000000113366c04 [0x0000000113366ac0+0x0000000000000144]
J 1457 c2 scala.collection.StrictOptimizedMapOps.map(Lscala/Function1;)Lscala/collection/IterableOps; (73 bytes) @ 0x00000001133036e4 [0x0000000113303020+0x00000000000006c4]
J 1793 c2 scala.collection.immutable.HashMap.map(Lscala/Function1;)Lscala/collection/IterableOps; (6 bytes) @ 0x000000011334d9b4 [0x000000011334d980+0x0000000000000034]
J 1874 c1 ch.ethz.math.ifor.atsp.BranchAndBound.lowerBoundSolvers.AssignmentProblem.ORToolsIP$.compute(Lch/ethz/math/ifor/atsp/BranchAndBound/BranchNode;)Lscala/Tuple2; (296 bytes) @ 0x000000010c076194 [0x000000010c073000+0x0000000000003194]
J 2120 c1 ch.ethz.math.ifor.atsp.BranchAndBound.BranchNode.<init>(Lch/ethz/math/ifor/atsp/Input;Lscala/collection/immutable/Map;Z)V (196 bytes) @ 0x000000010c0eef94 [0x000000010c0eedc0+0x00000000000001d4]
J 1954 c1 ch.ethz.math.ifor.atsp.BranchAndBound.branchingSchemes.CT80$.$anonfun$listChildren$15(Lscala/runtime/ObjectRef;Lch/ethz/math/ifor/atsp/BranchAndBound/BranchNode;Lscala/runtime/ObjectRef;Lscala/runtime/ObjectRef;I)V (228 bytes) @ 0x000000010c093154 [0x000000010c090fe0+0x0000000000002174]
J 1953 c1 ch.ethz.math.ifor.atsp.BranchAndBound.branchingSchemes.CT80$$$Lambda$69+0x0000000800c6da68.apply$mcVI$sp(I)V (21 bytes) @ 0x000000010c09093c [0x000000010c0908a0+0x000000000000009c]
J 1527 c1 scala.collection.immutable.Range.foreach$mVc$sp(Lscala/Function1;)V (39 bytes) @ 0x000000010bfc9dc4 [0x000000010bfc9ac0+0x0000000000000304]
J 2106 c1 ch.ethz.math.ifor.atsp.BranchAndBound.branchingSchemes.CT80$.listChildren(Lch/ethz/math/ifor/atsp/BranchAndBound/BranchNode;)Lscala/collection/immutable/List; (518 bytes) @ 0x000000010c0e7bbc [0x000000010c0e1de0+0x0000000000005ddc]
J 2103 c1 ch.ethz.math.ifor.atsp.BranchAndBound.BranchNode.branchStep()Lscala/util/Either; (42 bytes) @ 0x000000010c0e0554 [0x000000010c0e02a0+0x00000000000002b4]
j  ch.ethz.math.ifor.atsp.BranchAndBound.BranchAndBoundSolver$.solve(Lch/ethz/math/ifor/atsp/Input;Ljava/lang/String;ZZ)Lch/ethz/math/ifor/atsp/Output;+299
j  georg.ImportTest$.delayedEndpoint$georg$ImportTest$1()V+162
j  georg.ImportTest$delayedInit$body.apply()Ljava/lang/Object;+4
j  scala.Function0.apply$mcV$sp()V+1
j  scala.Function0.apply$mcV$sp$(Lscala/Function0;)V+1
j  scala.runtime.AbstractFunction0.apply$mcV$sp()V+1
j  scala.App.$anonfun$main$1(Lscala/Function0;)V+1
j  scala.App.$anonfun$main$1$adapted(Lscala/Function0;)Ljava/lang/Object;+1
j  scala.App$$Lambda$1+0x0000000800bbcdc8.apply(Ljava/lang/Object;)Ljava/lang/Object;+4
j  scala.collection.IterableOnceOps.foreach(Lscala/Function1;)V+26
j  scala.collection.IterableOnceOps.foreach$(Lscala/collection/IterableOnceOps;Lscala/Function1;)V+2
j  scala.collection.AbstractIterable.foreach(Lscala/Function1;)V+2
j  scala.App.main([Ljava/lang/String;)V+18
j  scala.App.main$(Lscala/App;[Ljava/lang/String;)V+2
j  georg.ImportTest$.main([Ljava/lang/String;)V+2
j  georg.ImportTest.main([Ljava/lang/String;)V+4
v  ~StubRoutines::call_stub

siginfo: si_signo: 11 (SIGSEGV), si_code: 1 (SEGV_MAPERR), si_addr: 0x00007fd9e590ff90

Register to memory mapping:

RAX=0x00000007132000e0 is an oop: scala.Tuple2 
{0x00000007132000e0} - klass: 'scala/Tuple2'
RBX=0x00007fd9e590ff20 is an unknown value
RCX=0x0000700006ff4a68 is pointing into the stack for thread: 0x00007fd9e000f000
RDX=0x00007fd9e590ff20 is an unknown value
RSP=0x0000700006ff4a30 is pointing into the stack for thread: 0x00007fd9e000f000
RBP=0x0000700006ff4a50 is pointing into the stack for thread: 0x00007fd9e000f000
RSI=0x0000700006ff4a90 is pointing into the stack for thread: 0x00007fd9e000f000
RDI=0x00007fd9e590ff20 is an unknown value
R8 =3776084983 is a compressed pointer to object: scala.collection.immutable.BitmapIndexedMapNode 
{0x000000070893dfb8} - klass: 'scala/collection/immutable/BitmapIndexedMapNode'
R9 =0x0000000000000008 is an unknown value
R10=0x0000000113292805 is at entry_point+101 in (nmethod*)0x0000000113292610
R11=0x000000070893dfe0 is an oop: [Ljava.lang.Object; 
{0x000000070893dfe0} - klass: 'java/lang/Object'[]
 - length: 23
R12=0x0 is NULL
R13=0x00000007132000e0 is an oop: scala.Tuple2 
{0x00000007132000e0} - klass: 'scala/Tuple2'
R14=0x0000700006ff4a90 is pointing into the stack for thread: 0x00007fd9e000f000
R15=0x00007fd9e000f000 is a thread


Registers:
RAX=0x00000007132000e0, RBX=0x00007fd9e590ff20, RCX=0x0000700006ff4a68, RDX=0x00007fd9e590ff20
RSP=0x0000700006ff4a30, RBP=0x0000700006ff4a50, RSI=0x0000700006ff4a90, RDI=0x00007fd9e590ff20
R8 =0x00000000e1127bf7, R9 =0x0000000000000008, R10=0x0000000113292805, R11=0x000000070893dfe0
R12=0x0000000000000000, R13=0x00000007132000e0, R14=0x0000700006ff4a90, R15=0x00007fd9e000f000
RIP=0x000000012a0855de, EFLAGS=0x0000000000010206, ERR=0x0000000000000004
  TRAPNO=0x000000000000000e

Top of Stack: (sp=0x0000700006ff4a30)
0x0000700006ff4a30:   0000700006ff4a60 0000000708bffccc
0x0000700006ff4a40:   00000000e1127bfc 0000700006ff4a90
0x0000700006ff4a50:   0000700006ff4aa0 000000011329287a
0x0000700006ff4a60:   000000000000000a 000000070893e2a0
0x0000700006ff4a70:   0000000708bffdb8 0000000000000000
0x0000700006ff4a80:   0000700006ff4a90 07f13d6ee000f000
0x0000700006ff4a90:   00000007000ba8c0 000000070893dba8
0x0000700006ff4aa0:   00000007000ca620 00000001132d33f4
0x0000700006ff4ab0:   00000007000ca620 4048000000000000
0x0000700006ff4ac0:   00000007132000e0 0000001500000013
0x0000700006ff4ad0:   0000000713200018 00000000e1127b7c
0x0000700006ff4ae0:   0000000000000048 0000001700000017
0x0000700006ff4af0:   000000070893d9c0 0000000000000073
0x0000700006ff4b00:   e117e2eb00000009 0000000708bfa8e8
0x0000700006ff4b10:   00000007000db7c8 00000001133036e4
0x0000700006ff4b20:   e001b6c70000000a 0000000708800018
0x0000700006ff4b30:   00000007000db760 0000000708800018
0x0000700006ff4b40:   0000000708800018 0000000708800030
0x0000700006ff4b50:   0000000708800048 0000000708800018
0x0000700006ff4b60:   000000011779e000 00000007000db638
0x0000700006ff4b70:   0000000708bff330 e117fc6399197d8d
0x0000700006ff4b80:   0000000708bfb308 0000000300002000
0x0000700006ff4b90:   00000000e0018e64 0000000113366c04
0x0000700006ff4ba0:   00000007e117d31d 00000007000db628
0x0000700006ff4bb0:   0000000708800070 0000000800000008
0x0000700006ff4bc0:   00000007000c7320 0000000000000037
0x0000700006ff4bd0:   0000000000000000 00000007000dd070
0x0000700006ff4be0:   00000007000db628 00000001133036e4
0x0000700006ff4bf0:   e001954f00000003 0000000708bfb2f0
0x0000700006ff4c00:   0000700006ff4c30 0000000708800088
0x0000700006ff4c10:   0000000708800088 00000007088000a0
0x0000700006ff4c20:   00000007088000b8 0000000708800088 

Instructions: (pc=0x000000012a0855de)
0x000000012a0854de:   43 10 00 00 00 00 48 8b 3b 48 83 c2 10 be 80 00
0x000000012a0854ee:   00 00 e8 e3 07 2c 00 48 8b 03 48 8b 4b 18 c6 04
0x000000012a0854fe:   08 ff 48 8b 43 18 48 89 c1 48 c1 e9 03 48 89 c2
0x000000012a08550e:   48 29 ca 48 2b 53 10 48 89 53 28 48 8b 4b 20 48
0x000000012a08551e:   85 c9 74 ae 48 c7 41 08 00 00 00 00 48 89 01 48
0x000000012a08552e:   c7 41 20 00 00 00 00 48 c7 41 10 00 00 00 00 48
0x000000012a08553e:   83 c4 08 5b 5d c3 31 c0 48 8b 4b 20 48 85 c9 74
0x000000012a08554e:   81 eb d1 66 66 66 66 66 66 2e 0f 1f 84 00 00 00
0x000000012a08555e:   00 00 55 48 89 e5 f2 0f 10 57 38 66 0f 2e d0 75
0x000000012a08556e:   02 7b 0c f2 0f 11 47 38 f2 0f 11 4f 40 eb 17 f2
0x000000012a08557e:   0f 10 57 40 f2 0f 11 47 38 f2 0f 11 4f 40 66 0f
0x000000012a08558e:   2e d1 75 02 7b 31 48 8b 47 70 48 63 77 30 48 8b
0x000000012a08559e:   48 08 48 8b 89 e8 00 00 00 48 89 f2 48 c1 ea 06
0x000000012a0855ae:   48 8b 0c d1 48 0f a3 f1 73 0d 48 8b 08 48 8b 49
0x000000012a0855be:   40 48 89 c7 5d ff e1 5d c3 66 0f 1f 84 00 00 00
0x000000012a0855ce:   00 00 55 48 89 e5 41 56 53 48 83 ec 10 48 89 fb
0x000000012a0855de:   48 8b 7b 70 48 8b 07 ff 90 b8 00 00 00 84 c0 74
0x000000012a0855ee:   2d 4c 8b 73 70 4c 89 f7 e8 05 84 00 00 0f 57 c0
0x000000012a0855fe:   84 c0 74 5f 49 8b 06 4c 89 f7 ff 90 a8 00 00 00
0x000000012a08560e:   0f 57 c0 84 c0 74 4c f2 0f 10 43 68 eb 45 48 8d
0x000000012a08561e:   35 94 e8 33 00 48 8d 5d e0 ba 6f 00 00 00 b9 02
0x000000012a08562e:   00 00 00 48 89 df e8 d3 f9 2b 00 48 89 df e8 bf
0x000000012a08563e:   f9 2b 00 48 8d 35 7c ea 33 00 ba 31 00 00 00 48
0x000000012a08564e:   89 c7 e8 77 03 2c 00 48 8d 7d e0 e8 b4 f9 2b 00
0x000000012a08565e:   0f 57 c0 48 83 c4 10 5b 41 5e 5d c3 48 89 c3 48
0x000000012a08566e:   8d 7d e0 e8 9c f9 2b 00 48 89 df e8 c4 ed 2b 00
0x000000012a08567e:   0f 0b 55 48 89 e5 41 56 53 48 83 ec 10 48 89 fb
0x000000012a08568e:   48 8b 7b 70 48 8b 07 ff 90 b8 00 00 00 84 c0 74
0x000000012a08569e:   3b 4c 8b 73 70 4c 89 f7 e8 55 83 00 00 84 c0 74
0x000000012a0856ae:   6d 49 8b 06 4c 89 f7 ff 90 a8 00 00 00 84 c0 74
0x000000012a0856be:   5d 48 8b 7b 70 48 8b 07 48 8b 80 98 00 00 00 8b
0x000000012a0856ce:   73 30 48 83 c4 10 5b 41 5e 5d ff e0 48 8d 35 d6 


Stack slot to memory mapping:
stack at sp + 0 slots: 0x0000700006ff4a60 is pointing into the stack for thread: 0x00007fd9e000f000
stack at sp + 1 slots: 0x0000000708bffccc is pointing into object: scala.Tuple2 
{0x0000000708a00000} - klass: 'scala/Tuple2'
stack at sp + 2 slots: 3776084988 is a compressed pointer to object: [Ljava.lang.Object; 
{0x000000070893dfe0} - klass: 'java/lang/Object'[]
 - length: 23
stack at sp + 3 slots: 0x0000700006ff4a90 is pointing into the stack for thread: 0x00007fd9e000f000
stack at sp + 4 slots: 0x0000700006ff4aa0 is pointing into the stack for thread: 0x00007fd9e000f000
stack at sp + 5 slots: 0x000000011329287a is at entry_point+218 in (nmethod*)0x0000000113292610
stack at sp + 6 slots: 0x000000000000000a is an unknown value
stack at sp + 7 slots: 0x000000070893e2a0 is an oop: com.google.ortools.linearsolver.MPConstraint 
{0x000000070893e2a0} - klass: 'com/google/ortools/linearsolver/MPConstraint'


---------------  P R O C E S S  ---------------

Threads class SMR info:
_java_thread_list=0x00007fd9e236ca50, length=10, elements={
0x00007fd9e000f000, 0x00007fd9e006d200, 0x00007fd9e180d400, 0x00007fd9e1870a00,
0x00007fd9e0830600, 0x00007fd9e180ee00, 0x00007fd9e0072000, 0x00007fd9e0072600,
0x00007fd9e0074c00, 0x00007fd9e0075200
}

Java Threads: ( => current thread )
=>0x00007fd9e000f000 JavaThread "main" [_thread_in_native, id=10499, stack(0x0000700006ef6000,0x0000700006ff6000)]
  0x00007fd9e006d200 JavaThread "Reference Handler" daemon [_thread_blocked, id=16131, stack(0x000070000760b000,0x000070000770b000)]
  0x00007fd9e180d400 JavaThread "Finalizer" daemon [_thread_in_native, id=16899, stack(0x000070000770e000,0x000070000780e000)]
  0x00007fd9e1870a00 JavaThread "Signal Dispatcher" daemon [_thread_blocked, id=23043, stack(0x0000700007917000,0x0000700007a17000)]
  0x00007fd9e0830600 JavaThread "Service Thread" daemon [_thread_blocked, id=23555, stack(0x0000700007a1a000,0x0000700007b1a000)]
  0x00007fd9e180ee00 JavaThread "C2 CompilerThread0" daemon [_thread_blocked, id=24067, stack(0x0000700007b1d000,0x0000700007c1d000)]
  0x00007fd9e0072000 JavaThread "C1 CompilerThread0" daemon [_thread_blocked, id=41731, stack(0x0000700007c20000,0x0000700007d20000)]
  0x00007fd9e0072600 JavaThread "Sweeper thread" daemon [_thread_blocked, id=41219, stack(0x0000700007d23000,0x0000700007e23000)]
  0x00007fd9e0074c00 JavaThread "Notification Thread" daemon [_thread_blocked, id=25859, stack(0x0000700007e26000,0x0000700007f26000)]
  0x00007fd9e0075200 JavaThread "Common-Cleaner" daemon [_thread_blocked, id=40195, stack(0x000070000802c000,0x000070000812c000)]

Other Threads:
  0x00007fd9dff15bb0 VMThread "VM Thread" [stack: 0x0000700007508000,0x0000700007608000] [id=14851]
  0x00007fd9e200bcb0 WatcherThread [stack: 0x0000700007f29000,0x0000700008029000] [id=26371]
  0x00007fd9dfc279d0 GCTaskThread "GC Thread#0" [stack: 0x0000700006ff9000,0x00007000070f9000] [id=19971]
  0x00007fd9dfe5db00 GCTaskThread "GC Thread#1" [stack: 0x000070000812f000,0x000070000822f000] [id=39687]
  0x00007fd9dff98d90 GCTaskThread "GC Thread#2" [stack: 0x0000700008232000,0x0000700008332000] [id=39943]
  0x00007fd9dff997c0 GCTaskThread "GC Thread#3" [stack: 0x0000700008335000,0x0000700008435000] [id=27651]
  0x00007fd9dff9a3c0 GCTaskThread "GC Thread#4" [stack: 0x0000700008438000,0x0000700008538000] [id=27907]
  0x00007fd9dfd666b0 GCTaskThread "GC Thread#5" [stack: 0x000070000853b000,0x000070000863b000] [id=28163]
  0x00007fd9e2421790 GCTaskThread "GC Thread#6" [stack: 0x000070000863e000,0x000070000873e000] [id=38667]
  0x00007fd9dff04ef0 ConcurrentGCThread "G1 Main Marker" [stack: 0x00007000070fc000,0x00007000071fc000] [id=13059]
  0x00007fd9dfc28690 ConcurrentGCThread "G1 Conc#0" [stack: 0x00007000071ff000,0x00007000072ff000] [id=13571]
  0x00007fd9dfd08200 ConcurrentGCThread "G1 Refine#0" [stack: 0x0000700007302000,0x0000700007402000] [id=14339]
  0x00007fd9dfd091c0 ConcurrentGCThread "G1 Young RemSet Sampling" [stack: 0x0000700007405000,0x0000700007505000] [id=19203]

Threads with active compile tasks:

VM state: not at safepoint (normal execution)

VM Mutex/Monitor currently owned by a thread: None

Heap address: 0x0000000700000000, size: 4096 MB, Compressed Oops mode: Zero based, Oop shift amount: 3
CDS archive(s) mapped at: [0x0000000800000000-0x0000000800b2d000-0x0000000800b2d000), size 11718656, SharedBaseAddress: 0x0000000800000000, ArchiveRelocationMode: 0.
Compressed class space mapped at: 0x0000000800b30000-0x0000000840b30000, size: 1073741824
Narrow klass base: 0x0000000800000000, Narrow klass shift: 3, Narrow klass range: 0x100000000

GC Precious Log:
 CPUs: 8 total, 8 available
 Memory: 16384M
 Large Page Support: Disabled
 NUMA Support: Disabled
 Compressed Oops: Enabled (Zero based)
 Heap Region Size: 2M
 Heap Min Capacity: 8M
 Heap Initial Capacity: 256M
 Heap Max Capacity: 4G
 Pre-touch: Disabled
 Parallel Workers: 8
 Concurrent Workers: 2
 Concurrent Refinement Workers: 8
 Periodic GC: Disabled

Heap:
 garbage-first heap   total 319488K, used 71345K [0x0000000700000000, 0x0000000800000000)
  region size 2048K, 9 young (18432K), 8 survivors (16384K)
 Metaspace       used 8205K, capacity 11240K, committed 11392K, reserved 1058816K
  class space    used 1022K, capacity 1356K, committed 1408K, reserved 1048576K

Heap Regions: E=young(eden), S=young(survivor), O=old, HS=humongous(starts), HC=humongous(continues), CS=collection set, F=free, OA=open archive, CA=closed archive, TAMS=top-at-mark-start (previous, next)
|   0|0x0000000700000000, 0x0000000700200000, 0x0000000700200000|100%| O|  |TAMS 0x0000000700000000, 0x0000000700000000| Untracked 
|   1|0x0000000700200000, 0x0000000700400000, 0x0000000700400000|100%| O|  |TAMS 0x0000000700200000, 0x0000000700200000| Untracked 
|   2|0x0000000700400000, 0x0000000700600000, 0x0000000700600000|100%| O|  |TAMS 0x0000000700400000, 0x0000000700400000| Untracked 
|   3|0x0000000700600000, 0x0000000700800000, 0x0000000700800000|100%| O|  |TAMS 0x0000000700600000, 0x0000000700600000| Untracked 
|   4|0x0000000700800000, 0x0000000700a00000, 0x0000000700a00000|100%| O|  |TAMS 0x0000000700800000, 0x0000000700800000| Untracked 
|   5|0x0000000700a00000, 0x0000000700c00000, 0x0000000700c00000|100%| O|  |TAMS 0x0000000700a00000, 0x0000000700a00000| Untracked 
|   6|0x0000000700c00000, 0x0000000700e00000, 0x0000000700e00000|100%| O|  |TAMS 0x0000000700c00000, 0x0000000700c00000| Untracked 
|   7|0x0000000700e00000, 0x0000000701000000, 0x0000000701000000|100%| O|  |TAMS 0x0000000700e00000, 0x0000000700e00000| Untracked 
|   8|0x0000000701000000, 0x0000000701200000, 0x0000000701200000|100%| O|  |TAMS 0x0000000701000000, 0x0000000701000000| Untracked 
|   9|0x0000000701200000, 0x0000000701400000, 0x0000000701400000|100%| O|  |TAMS 0x0000000701200000, 0x0000000701200000| Untracked 
|  10|0x0000000701400000, 0x0000000701600000, 0x0000000701600000|100%| O|  |TAMS 0x0000000701400000, 0x0000000701400000| Untracked 
|  11|0x0000000701600000, 0x0000000701800000, 0x0000000701800000|100%| O|  |TAMS 0x0000000701600000, 0x0000000701600000| Untracked 
|  12|0x0000000701800000, 0x0000000701a00000, 0x0000000701a00000|100%| O|  |TAMS 0x0000000701800000, 0x0000000701800000| Untracked 
|  13|0x0000000701a00000, 0x0000000701c00000, 0x0000000701c00000|100%| O|  |TAMS 0x0000000701a00000, 0x0000000701a00000| Untracked 
|  14|0x0000000701c00000, 0x0000000701e00000, 0x0000000701e00000|100%| O|  |TAMS 0x0000000701c00000, 0x0000000701c00000| Untracked 
|  15|0x0000000701e00000, 0x0000000702000000, 0x0000000702000000|100%| O|  |TAMS 0x0000000701e00000, 0x0000000701e00000| Untracked 
|  16|0x0000000702000000, 0x0000000702200000, 0x0000000702200000|100%| O|  |TAMS 0x0000000702000000, 0x0000000702000000| Untracked 
|  17|0x0000000702200000, 0x0000000702400000, 0x0000000702400000|100%| O|  |TAMS 0x0000000702200000, 0x0000000702200000| Untracked 
|  18|0x0000000702400000, 0x0000000702600000, 0x0000000702600000|100%| O|  |TAMS 0x0000000702400000, 0x0000000702400000| Untracked 
|  19|0x0000000702600000, 0x0000000702800000, 0x0000000702800000|100%| O|  |TAMS 0x0000000702600000, 0x0000000702600000| Untracked 
|  20|0x0000000702800000, 0x0000000702a00000, 0x0000000702a00000|100%| O|  |TAMS 0x0000000702800000, 0x0000000702800000| Untracked 
|  21|0x0000000702a00000, 0x0000000702c00000, 0x0000000702c00000|100%| O|  |TAMS 0x0000000702a00000, 0x0000000702a00000| Untracked 
|  22|0x0000000702c00000, 0x0000000702e00000, 0x0000000702e00000|100%| O|  |TAMS 0x0000000702c00000, 0x0000000702c00000| Untracked 
|  23|0x0000000702e00000, 0x0000000703000000, 0x0000000703000000|100%| O|  |TAMS 0x0000000702e00000, 0x0000000702e00000| Untracked 
|  24|0x0000000703000000, 0x0000000703200000, 0x0000000703200000|100%| O|  |TAMS 0x0000000703000000, 0x0000000703000000| Untracked 
|  25|0x0000000703200000, 0x0000000703400000, 0x0000000703400000|100%| O|  |TAMS 0x0000000703200000, 0x0000000703200000| Untracked 
|  26|0x0000000703400000, 0x000000070343b400, 0x0000000703600000| 11%| O|  |TAMS 0x0000000703400000, 0x0000000703400000| Untracked 
|  27|0x0000000703600000, 0x0000000703600000, 0x0000000703800000|  0%| F|  |TAMS 0x0000000703600000, 0x0000000703600000| Untracked 
|  28|0x0000000703800000, 0x0000000703800000, 0x0000000703a00000|  0%| F|  |TAMS 0x0000000703800000, 0x0000000703800000| Untracked 
|  29|0x0000000703a00000, 0x0000000703a00000, 0x0000000703c00000|  0%| F|  |TAMS 0x0000000703a00000, 0x0000000703a00000| Untracked 
|  30|0x0000000703c00000, 0x0000000703c00000, 0x0000000703e00000|  0%| F|  |TAMS 0x0000000703c00000, 0x0000000703c00000| Untracked 
|  31|0x0000000703e00000, 0x0000000703e00000, 0x0000000704000000|  0%| F|  |TAMS 0x0000000703e00000, 0x0000000703e00000| Untracked 
|  32|0x0000000704000000, 0x0000000704000000, 0x0000000704200000|  0%| F|  |TAMS 0x0000000704000000, 0x0000000704000000| Untracked 
|  33|0x0000000704200000, 0x0000000704200000, 0x0000000704400000|  0%| F|  |TAMS 0x0000000704200000, 0x0000000704200000| Untracked 
|  34|0x0000000704400000, 0x0000000704400000, 0x0000000704600000|  0%| F|  |TAMS 0x0000000704400000, 0x0000000704400000| Untracked 
|  35|0x0000000704600000, 0x0000000704600000, 0x0000000704800000|  0%| F|  |TAMS 0x0000000704600000, 0x0000000704600000| Untracked 
|  36|0x0000000704800000, 0x0000000704800000, 0x0000000704a00000|  0%| F|  |TAMS 0x0000000704800000, 0x0000000704800000| Untracked 
|  37|0x0000000704a00000, 0x0000000704a00000, 0x0000000704c00000|  0%| F|  |TAMS 0x0000000704a00000, 0x0000000704a00000| Untracked 
|  38|0x0000000704c00000, 0x0000000704c00000, 0x0000000704e00000|  0%| F|  |TAMS 0x0000000704c00000, 0x0000000704c00000| Untracked 
|  39|0x0000000704e00000, 0x0000000704e00000, 0x0000000705000000|  0%| F|  |TAMS 0x0000000704e00000, 0x0000000704e00000| Untracked 
|  40|0x0000000705000000, 0x0000000705000000, 0x0000000705200000|  0%| F|  |TAMS 0x0000000705000000, 0x0000000705000000| Untracked 
|  41|0x0000000705200000, 0x0000000705200000, 0x0000000705400000|  0%| F|  |TAMS 0x0000000705200000, 0x0000000705200000| Untracked 
|  42|0x0000000705400000, 0x0000000705400000, 0x0000000705600000|  0%| F|  |TAMS 0x0000000705400000, 0x0000000705400000| Untracked 
|  43|0x0000000705600000, 0x0000000705600000, 0x0000000705800000|  0%| F|  |TAMS 0x0000000705600000, 0x0000000705600000| Untracked 
|  44|0x0000000705800000, 0x0000000705800000, 0x0000000705a00000|  0%| F|  |TAMS 0x0000000705800000, 0x0000000705800000| Untracked 
|  45|0x0000000705a00000, 0x0000000705a00000, 0x0000000705c00000|  0%| F|  |TAMS 0x0000000705a00000, 0x0000000705a00000| Untracked 
|  46|0x0000000705c00000, 0x0000000705c00000, 0x0000000705e00000|  0%| F|  |TAMS 0x0000000705c00000, 0x0000000705c00000| Untracked 
|  47|0x0000000705e00000, 0x0000000705e00000, 0x0000000706000000|  0%| F|  |TAMS 0x0000000705e00000, 0x0000000705e00000| Untracked 
|  48|0x0000000706000000, 0x0000000706000000, 0x0000000706200000|  0%| F|  |TAMS 0x0000000706000000, 0x0000000706000000| Untracked 
|  49|0x0000000706200000, 0x0000000706200000, 0x0000000706400000|  0%| F|  |TAMS 0x0000000706200000, 0x0000000706200000| Untracked 
|  50|0x0000000706400000, 0x0000000706400000, 0x0000000706600000|  0%| F|  |TAMS 0x0000000706400000, 0x0000000706400000| Untracked 
|  51|0x0000000706600000, 0x0000000706600000, 0x0000000706800000|  0%| F|  |TAMS 0x0000000706600000, 0x0000000706600000| Untracked 
|  52|0x0000000706800000, 0x0000000706800000, 0x0000000706a00000|  0%| F|  |TAMS 0x0000000706800000, 0x0000000706800000| Untracked 
|  53|0x0000000706a00000, 0x0000000706ba7340, 0x0000000706c00000| 82%| S|CS|TAMS 0x0000000706a00000, 0x0000000706a00000| Complete 
|  54|0x0000000706c00000, 0x0000000706e00000, 0x0000000706e00000|100%| S|CS|TAMS 0x0000000706c00000, 0x0000000706c00000| Complete 
|  55|0x0000000706e00000, 0x0000000707000000, 0x0000000707000000|100%| S|CS|TAMS 0x0000000706e00000, 0x0000000706e00000| Complete 
|  56|0x0000000707000000, 0x0000000707200000, 0x0000000707200000|100%| S|CS|TAMS 0x0000000707000000, 0x0000000707000000| Complete 
|  57|0x0000000707200000, 0x0000000707400000, 0x0000000707400000|100%| S|CS|TAMS 0x0000000707200000, 0x0000000707200000| Complete 
|  58|0x0000000707400000, 0x0000000707600000, 0x0000000707600000|100%| S|CS|TAMS 0x0000000707400000, 0x0000000707400000| Complete 
|  59|0x0000000707600000, 0x0000000707800000, 0x0000000707800000|100%| S|CS|TAMS 0x0000000707600000, 0x0000000707600000| Complete 
|  60|0x0000000707800000, 0x0000000707800000, 0x0000000707a00000|  0%| F|  |TAMS 0x0000000707800000, 0x0000000707800000| Untracked 
|  61|0x0000000707a00000, 0x0000000707a00000, 0x0000000707c00000|  0%| F|  |TAMS 0x0000000707a00000, 0x0000000707a00000| Untracked 
|  62|0x0000000707c00000, 0x0000000707c00000, 0x0000000707e00000|  0%| F|  |TAMS 0x0000000707c00000, 0x0000000707c00000| Untracked 
|  63|0x0000000707e00000, 0x0000000707e00000, 0x0000000708000000|  0%| F|  |TAMS 0x0000000707e00000, 0x0000000707e00000| Untracked 
|  64|0x0000000708000000, 0x0000000708000000, 0x0000000708200000|  0%| F|  |TAMS 0x0000000708000000, 0x0000000708000000| Untracked 
|  65|0x0000000708200000, 0x0000000708200000, 0x0000000708400000|  0%| F|  |TAMS 0x0000000708200000, 0x0000000708200000| Untracked 
|  66|0x0000000708400000, 0x0000000708400000, 0x0000000708600000|  0%| F|  |TAMS 0x0000000708400000, 0x0000000708400000| Untracked 
|  67|0x0000000708600000, 0x0000000708600000, 0x0000000708800000|  0%| F|  |TAMS 0x0000000708600000, 0x0000000708600000| Untracked 
|  68|0x0000000708800000, 0x0000000708a00000, 0x0000000708a00000|100%| S|CS|TAMS 0x0000000708800000, 0x0000000708800000| Complete 
|  69|0x0000000708a00000, 0x0000000708a00000, 0x0000000708c00000|  0%| F|  |TAMS 0x0000000708a00000, 0x0000000708a00000| Untracked 
|  70|0x0000000708c00000, 0x0000000708c00000, 0x0000000708e00000|  0%| F|  |TAMS 0x0000000708c00000, 0x0000000708c00000| Untracked 
|  71|0x0000000708e00000, 0x0000000708e00000, 0x0000000709000000|  0%| F|  |TAMS 0x0000000708e00000, 0x0000000708e00000| Untracked 
|  72|0x0000000709000000, 0x0000000709000000, 0x0000000709200000|  0%| F|  |TAMS 0x0000000709000000, 0x0000000709000000| Untracked 
|  73|0x0000000709200000, 0x0000000709200000, 0x0000000709400000|  0%| F|  |TAMS 0x0000000709200000, 0x0000000709200000| Untracked 
|  74|0x0000000709400000, 0x0000000709400000, 0x0000000709600000|  0%| F|  |TAMS 0x0000000709400000, 0x0000000709400000| Untracked 
|  75|0x0000000709600000, 0x0000000709600000, 0x0000000709800000|  0%| F|  |TAMS 0x0000000709600000, 0x0000000709600000| Untracked 
|  76|0x0000000709800000, 0x0000000709800000, 0x0000000709a00000|  0%| F|  |TAMS 0x0000000709800000, 0x0000000709800000| Untracked 
|  77|0x0000000709a00000, 0x0000000709a00000, 0x0000000709c00000|  0%| F|  |TAMS 0x0000000709a00000, 0x0000000709a00000| Untracked 
|  78|0x0000000709c00000, 0x0000000709c00000, 0x0000000709e00000|  0%| F|  |TAMS 0x0000000709c00000, 0x0000000709c00000| Untracked 
|  79|0x0000000709e00000, 0x0000000709e00000, 0x000000070a000000|  0%| F|  |TAMS 0x0000000709e00000, 0x0000000709e00000| Untracked 
|  80|0x000000070a000000, 0x000000070a000000, 0x000000070a200000|  0%| F|  |TAMS 0x000000070a000000, 0x000000070a000000| Untracked 
|  81|0x000000070a200000, 0x000000070a200000, 0x000000070a400000|  0%| F|  |TAMS 0x000000070a200000, 0x000000070a200000| Untracked 
|  82|0x000000070a400000, 0x000000070a400000, 0x000000070a600000|  0%| F|  |TAMS 0x000000070a400000, 0x000000070a400000| Untracked 
|  83|0x000000070a600000, 0x000000070a600000, 0x000000070a800000|  0%| F|  |TAMS 0x000000070a600000, 0x000000070a600000| Untracked 
|  84|0x000000070a800000, 0x000000070a800000, 0x000000070aa00000|  0%| F|  |TAMS 0x000000070a800000, 0x000000070a800000| Untracked 
|  85|0x000000070aa00000, 0x000000070aa00000, 0x000000070ac00000|  0%| F|  |TAMS 0x000000070aa00000, 0x000000070aa00000| Untracked 
|  86|0x000000070ac00000, 0x000000070ac00000, 0x000000070ae00000|  0%| F|  |TAMS 0x000000070ac00000, 0x000000070ac00000| Untracked 
|  87|0x000000070ae00000, 0x000000070ae00000, 0x000000070b000000|  0%| F|  |TAMS 0x000000070ae00000, 0x000000070ae00000| Untracked 
|  88|0x000000070b000000, 0x000000070b000000, 0x000000070b200000|  0%| F|  |TAMS 0x000000070b000000, 0x000000070b000000| Untracked 
|  89|0x000000070b200000, 0x000000070b200000, 0x000000070b400000|  0%| F|  |TAMS 0x000000070b200000, 0x000000070b200000| Untracked 
|  90|0x000000070b400000, 0x000000070b400000, 0x000000070b600000|  0%| F|  |TAMS 0x000000070b400000, 0x000000070b400000| Untracked 
|  91|0x000000070b600000, 0x000000070b600000, 0x000000070b800000|  0%| F|  |TAMS 0x000000070b600000, 0x000000070b600000| Untracked 
|  92|0x000000070b800000, 0x000000070b800000, 0x000000070ba00000|  0%| F|  |TAMS 0x000000070b800000, 0x000000070b800000| Untracked 
|  93|0x000000070ba00000, 0x000000070ba00000, 0x000000070bc00000|  0%| F|  |TAMS 0x000000070ba00000, 0x000000070ba00000| Untracked 
|  94|0x000000070bc00000, 0x000000070bc00000, 0x000000070be00000|  0%| F|  |TAMS 0x000000070bc00000, 0x000000070bc00000| Untracked 
|  95|0x000000070be00000, 0x000000070be00000, 0x000000070c000000|  0%| F|  |TAMS 0x000000070be00000, 0x000000070be00000| Untracked 
|  96|0x000000070c000000, 0x000000070c000000, 0x000000070c200000|  0%| F|  |TAMS 0x000000070c000000, 0x000000070c000000| Untracked 
|  97|0x000000070c200000, 0x000000070c200000, 0x000000070c400000|  0%| F|  |TAMS 0x000000070c200000, 0x000000070c200000| Untracked 
|  98|0x000000070c400000, 0x000000070c400000, 0x000000070c600000|  0%| F|  |TAMS 0x000000070c400000, 0x000000070c400000| Untracked 
|  99|0x000000070c600000, 0x000000070c600000, 0x000000070c800000|  0%| F|  |TAMS 0x000000070c600000, 0x000000070c600000| Untracked 
| 100|0x000000070c800000, 0x000000070c800000, 0x000000070ca00000|  0%| F|  |TAMS 0x000000070c800000, 0x000000070c800000| Untracked 
| 101|0x000000070ca00000, 0x000000070ca00000, 0x000000070cc00000|  0%| F|  |TAMS 0x000000070ca00000, 0x000000070ca00000| Untracked 
| 102|0x000000070cc00000, 0x000000070cc00000, 0x000000070ce00000|  0%| F|  |TAMS 0x000000070cc00000, 0x000000070cc00000| Untracked 
| 103|0x000000070ce00000, 0x000000070ce00000, 0x000000070d000000|  0%| F|  |TAMS 0x000000070ce00000, 0x000000070ce00000| Untracked 
| 104|0x000000070d000000, 0x000000070d000000, 0x000000070d200000|  0%| F|  |TAMS 0x000000070d000000, 0x000000070d000000| Untracked 
| 105|0x000000070d200000, 0x000000070d200000, 0x000000070d400000|  0%| F|  |TAMS 0x000000070d200000, 0x000000070d200000| Untracked 
| 106|0x000000070d400000, 0x000000070d400000, 0x000000070d600000|  0%| F|  |TAMS 0x000000070d400000, 0x000000070d400000| Untracked 
| 107|0x000000070d600000, 0x000000070d600000, 0x000000070d800000|  0%| F|  |TAMS 0x000000070d600000, 0x000000070d600000| Untracked 
| 108|0x000000070d800000, 0x000000070d800000, 0x000000070da00000|  0%| F|  |TAMS 0x000000070d800000, 0x000000070d800000| Untracked 
| 109|0x000000070da00000, 0x000000070da00000, 0x000000070dc00000|  0%| F|  |TAMS 0x000000070da00000, 0x000000070da00000| Untracked 
| 110|0x000000070dc00000, 0x000000070dc00000, 0x000000070de00000|  0%| F|  |TAMS 0x000000070dc00000, 0x000000070dc00000| Untracked 
| 111|0x000000070de00000, 0x000000070de00000, 0x000000070e000000|  0%| F|  |TAMS 0x000000070de00000, 0x000000070de00000| Untracked 
| 112|0x000000070e000000, 0x000000070e000000, 0x000000070e200000|  0%| F|  |TAMS 0x000000070e000000, 0x000000070e000000| Untracked 
| 113|0x000000070e200000, 0x000000070e200000, 0x000000070e400000|  0%| F|  |TAMS 0x000000070e200000, 0x000000070e200000| Untracked 
| 114|0x000000070e400000, 0x000000070e400000, 0x000000070e600000|  0%| F|  |TAMS 0x000000070e400000, 0x000000070e400000| Untracked 
| 115|0x000000070e600000, 0x000000070e600000, 0x000000070e800000|  0%| F|  |TAMS 0x000000070e600000, 0x000000070e600000| Untracked 
| 116|0x000000070e800000, 0x000000070e800000, 0x000000070ea00000|  0%| F|  |TAMS 0x000000070e800000, 0x000000070e800000| Untracked 
| 117|0x000000070ea00000, 0x000000070ea00000, 0x000000070ec00000|  0%| F|  |TAMS 0x000000070ea00000, 0x000000070ea00000| Untracked 
| 118|0x000000070ec00000, 0x000000070ec00000, 0x000000070ee00000|  0%| F|  |TAMS 0x000000070ec00000, 0x000000070ec00000| Untracked 
| 119|0x000000070ee00000, 0x000000070ee00000, 0x000000070f000000|  0%| F|  |TAMS 0x000000070ee00000, 0x000000070ee00000| Untracked 
| 120|0x000000070f000000, 0x000000070f000000, 0x000000070f200000|  0%| F|  |TAMS 0x000000070f000000, 0x000000070f000000| Untracked 
| 121|0x000000070f200000, 0x000000070f200000, 0x000000070f400000|  0%| F|  |TAMS 0x000000070f200000, 0x000000070f200000| Untracked 
| 122|0x000000070f400000, 0x000000070f400000, 0x000000070f600000|  0%| F|  |TAMS 0x000000070f400000, 0x000000070f400000| Untracked 
| 123|0x000000070f600000, 0x000000070f600000, 0x000000070f800000|  0%| F|  |TAMS 0x000000070f600000, 0x000000070f600000| Untracked 
| 124|0x000000070f800000, 0x000000070f800000, 0x000000070fa00000|  0%| F|  |TAMS 0x000000070f800000, 0x000000070f800000| Untracked 
| 125|0x000000070fa00000, 0x000000070fa00000, 0x000000070fc00000|  0%| F|  |TAMS 0x000000070fa00000, 0x000000070fa00000| Untracked 
| 126|0x000000070fc00000, 0x000000070fc00000, 0x000000070fe00000|  0%| F|  |TAMS 0x000000070fc00000, 0x000000070fc00000| Untracked 
| 127|0x000000070fe00000, 0x000000070fe00000, 0x0000000710000000|  0%| F|  |TAMS 0x000000070fe00000, 0x000000070fe00000| Untracked 
| 128|0x0000000710000000, 0x0000000710000000, 0x0000000710200000|  0%| F|  |TAMS 0x0000000710000000, 0x0000000710000000| Untracked 
| 129|0x0000000710200000, 0x0000000710200000, 0x0000000710400000|  0%| F|  |TAMS 0x0000000710200000, 0x0000000710200000| Untracked 
| 130|0x0000000710400000, 0x0000000710400000, 0x0000000710600000|  0%| F|  |TAMS 0x0000000710400000, 0x0000000710400000| Untracked 
| 131|0x0000000710600000, 0x0000000710600000, 0x0000000710800000|  0%| F|  |TAMS 0x0000000710600000, 0x0000000710600000| Untracked 
| 132|0x0000000710800000, 0x0000000710800000, 0x0000000710a00000|  0%| F|  |TAMS 0x0000000710800000, 0x0000000710800000| Untracked 
| 133|0x0000000710a00000, 0x0000000710a00000, 0x0000000710c00000|  0%| F|  |TAMS 0x0000000710a00000, 0x0000000710a00000| Untracked 
| 134|0x0000000710c00000, 0x0000000710c00000, 0x0000000710e00000|  0%| F|  |TAMS 0x0000000710c00000, 0x0000000710c00000| Untracked 
| 135|0x0000000710e00000, 0x0000000710e00000, 0x0000000711000000|  0%| F|  |TAMS 0x0000000710e00000, 0x0000000710e00000| Untracked 
| 136|0x0000000711000000, 0x0000000711000000, 0x0000000711200000|  0%| F|  |TAMS 0x0000000711000000, 0x0000000711000000| Untracked 
| 137|0x0000000711200000, 0x0000000711200000, 0x0000000711400000|  0%| F|  |TAMS 0x0000000711200000, 0x0000000711200000| Untracked 
| 138|0x0000000711400000, 0x0000000711400000, 0x0000000711600000|  0%| F|  |TAMS 0x0000000711400000, 0x0000000711400000| Untracked 
| 139|0x0000000711600000, 0x0000000711600000, 0x0000000711800000|  0%| F|  |TAMS 0x0000000711600000, 0x0000000711600000| Untracked 
| 140|0x0000000711800000, 0x0000000711800000, 0x0000000711a00000|  0%| F|  |TAMS 0x0000000711800000, 0x0000000711800000| Untracked 
| 141|0x0000000711a00000, 0x0000000711a00000, 0x0000000711c00000|  0%| F|  |TAMS 0x0000000711a00000, 0x0000000711a00000| Untracked 
| 142|0x0000000711c00000, 0x0000000711c00000, 0x0000000711e00000|  0%| F|  |TAMS 0x0000000711c00000, 0x0000000711c00000| Untracked 
| 143|0x0000000711e00000, 0x0000000711e00000, 0x0000000712000000|  0%| F|  |TAMS 0x0000000711e00000, 0x0000000711e00000| Untracked 
| 144|0x0000000712000000, 0x0000000712000000, 0x0000000712200000|  0%| F|  |TAMS 0x0000000712000000, 0x0000000712000000| Untracked 
| 145|0x0000000712200000, 0x0000000712200000, 0x0000000712400000|  0%| F|  |TAMS 0x0000000712200000, 0x0000000712200000| Untracked 
| 146|0x0000000712400000, 0x0000000712400000, 0x0000000712600000|  0%| F|  |TAMS 0x0000000712400000, 0x0000000712400000| Untracked 
| 147|0x0000000712600000, 0x0000000712600000, 0x0000000712800000|  0%| F|  |TAMS 0x0000000712600000, 0x0000000712600000| Untracked 
| 148|0x0000000712800000, 0x0000000712800000, 0x0000000712a00000|  0%| F|  |TAMS 0x0000000712800000, 0x0000000712800000| Untracked 
| 149|0x0000000712a00000, 0x0000000712a00000, 0x0000000712c00000|  0%| F|  |TAMS 0x0000000712a00000, 0x0000000712a00000| Untracked 
| 150|0x0000000712c00000, 0x0000000712c00000, 0x0000000712e00000|  0%| F|  |TAMS 0x0000000712c00000, 0x0000000712c00000| Untracked 
| 151|0x0000000712e00000, 0x0000000712e00000, 0x0000000713000000|  0%| F|  |TAMS 0x0000000712e00000, 0x0000000712e00000| Untracked 
| 152|0x0000000713000000, 0x0000000713000000, 0x0000000713200000|  0%| F|  |TAMS 0x0000000713000000, 0x0000000713000000| Untracked 
| 153|0x0000000713200000, 0x0000000713200800, 0x0000000713400000|  0%| E|  |TAMS 0x0000000713200000, 0x0000000713200000| Complete 
|1534|0x00000007bfc00000, 0x00000007bfd51000, 0x00000007bfe00000| 65%|OA|  |TAMS 0x00000007bfc00000, 0x00000007bfc00000| Untracked 
|1535|0x00000007bfe00000, 0x00000007bfe79000, 0x00000007c0000000| 23%|CA|  |TAMS 0x00000007bfe00000, 0x00000007bfe00000| Untracked 

Card table byte_map: [0x000000011af9e000,0x000000011b79e000] _byte_map_base: 0x000000011779e000

Marking Bits (Prev, Next): (CMBitMap*) 0x00007fd9e1808210, (CMBitMap*) 0x00007fd9e1808250
 Prev Bits: [0x000000011bf9e000, 0x000000011ff9e000)
 Next Bits: [0x000000011ff9e000, 0x0000000123f9e000)

Polling page: 0x0000000100557000

Metaspace:

Usage:
  Non-class:      9.65 MB capacity,     7.02 MB ( 73%) used,     2.63 MB ( 27%) free+waste,    10.81 KB ( <1%) overhead. 
      Class:      1.32 MB capacity,  1022.18 KB ( 75%) used,   329.45 KB ( 24%) free+waste,     4.38 KB ( <1%) overhead. 
       Both:     10.98 MB capacity,     8.01 MB ( 73%) used,     2.95 MB ( 27%) free+waste,    15.19 KB ( <1%) overhead. 

Virtual space:
  Non-class space:       10.00 MB reserved,       9.75 MB ( 98%) committed 
      Class space:        1.00 GB reserved,       1.38 MB ( <1%) committed 
             Both:        1.01 GB reserved,      11.12 MB (  1%) committed 

Chunk freelists:
   Non-Class:  4.00 KB
       Class:  20.00 KB
        Both:  24.00 KB

MaxMetaspaceSize: 17179869184.00 GB
CompressedClassSpaceSize: 1.00 GB

CodeHeap 'non-profiled nmethods': size=120028Kb used=1316Kb max_used=1316Kb free=118711Kb
 bounds [0x0000000113267000, 0x00000001134d7000, 0x000000011a79e000]
CodeHeap 'profiled nmethods': size=120028Kb used=3842Kb max_used=3842Kb free=116185Kb
 bounds [0x000000010bd30000, 0x000000010c100000, 0x0000000113267000]
CodeHeap 'non-nmethods': size=5704Kb used=1170Kb max_used=1228Kb free=4533Kb
 bounds [0x000000010b79e000, 0x000000010ba0e000, 0x000000010bd30000]
 total_blobs=2543 nmethods=2119 adapters=337
 compilation: enabled
              stopped_count=0, restarted_count=0
 full_count=0

Compilation events (20 events):
Event: 14.300 Thread 0x00007fd9e0072000 2111       3       ch.ethz.math.ifor.atsp.BranchAndBound.branchingSchemes.CT80$$anonfun$listChildren$9::<init> (10 bytes)
Event: 14.300 Thread 0x00007fd9e0072000 nmethod 2111 0x000000010c0edf90 code [0x000000010c0ee120, 0x000000010c0ee330]
Event: 14.414 Thread 0x00007fd9e180ee00 2112       4       scala.collection.immutable.HashMap::removed (42 bytes)
Event: 14.428 Thread 0x00007fd9e180ee00 nmethod 2112 0x00000001133ab010 code [0x00000001133ab1e0, 0x00000001133ab810]
Event: 14.428 Thread 0x00007fd9e180ee00 2113       4       jdk.internal.loader.NativeLibraries::loadLibrary (55 bytes)
Event: 14.461 Thread 0x00007fd9e180ee00 nmethod 2113 0x00000001133abc90 code [0x00000001133abea0, 0x00000001133ace30]
Event: 14.592 Thread 0x00007fd9e180ee00 2114       4       scala.collection.mutable.MapOps::clone (32 bytes)
Event: 14.596 Thread 0x00007fd9e180ee00 nmethod 2114 0x00000001133ad910 code [0x00000001133adac0, 0x00000001133addc8]
Event: 14.596 Thread 0x00007fd9e180ee00 2115       4       scala.collection.MapFactoryDefaults::empty (43 bytes)
Event: 14.599 Thread 0x00007fd9e180ee00 nmethod 2115 0x00000001133ae090 code [0x00000001133ae220, 0x00000001133ae4b8]
Event: 14.758 Thread 0x00007fd9e180ee00 2116       4       scala.collection.mutable.HashMap::subtractOne (6 bytes)
Event: 14.779 Thread 0x00007fd9e180ee00 nmethod 2116 0x00000001133ae690 code [0x00000001133ae8a0, 0x00000001133af480]
Event: 15.034 Thread 0x00007fd9e180ee00 2117       4       scala.runtime.BoxesRunTime::equalsNumObject (52 bytes)
Event: 15.035 Thread 0x00007fd9e180ee00 nmethod 2117 0x00000001133afd10 code [0x00000001133afea0, 0x00000001133aff78]
Event: 15.814 Thread 0x00007fd9e0072000 2118       3       scala.collection.immutable.HashMap::knownSize (8 bytes)
Event: 15.814 Thread 0x00007fd9e0072000 nmethod 2118 0x000000010c0ee410 code [0x000000010c0ee5a0, 0x000000010c0ee6d0]
Event: 15.882 Thread 0x00007fd9e0072000 2119       3       scala.collection.immutable.List$$anon$1::apply (2 bytes)
Event: 15.882 Thread 0x00007fd9e0072000 nmethod 2119 0x000000010c0ee790 code [0x000000010c0ee920, 0x000000010c0eea10]
Event: 15.947 Thread 0x00007fd9e0072000 2120       3       ch.ethz.math.ifor.atsp.BranchAndBound.BranchNode::<init> (196 bytes)
Event: 15.948 Thread 0x00007fd9e0072000 nmethod 2120 0x000000010c0eea90 code [0x000000010c0eedc0, 0x000000010c0f03f0]

GC Heap History (16 events):
Event: 1.644 GC heap before
{Heap before GC invocations=0 (full 0):
 garbage-first heap   total 266240K, used 22312K [0x0000000700000000, 0x0000000800000000)
  region size 2048K, 11 young (22528K), 0 survivors (0K)
 Metaspace       used 7376K, capacity 10594K, committed 10880K, reserved 1058816K
  class space    used 973K, capacity 1292K, committed 1408K, reserved 1048576K
}
Event: 1.648 GC heap after
{Heap after GC invocations=1 (full 0):
 garbage-first heap   total 266240K, used 4226K [0x0000000700000000, 0x0000000800000000)
  region size 2048K, 2 young (4096K), 2 survivors (4096K)
 Metaspace       used 7376K, capacity 10594K, committed 10880K, reserved 1058816K
  class space    used 973K, capacity 1292K, committed 1408K, reserved 1048576K
}
Event: 2.679 GC heap before
{Heap before GC invocations=1 (full 0):
 garbage-first heap   total 266240K, used 36994K [0x0000000700000000, 0x0000000800000000)
  region size 2048K, 18 young (36864K), 2 survivors (4096K)
 Metaspace       used 7924K, capacity 11043K, committed 11136K, reserved 1058816K
  class space    used 1021K, capacity 1356K, committed 1408K, reserved 1048576K
}
Event: 2.688 GC heap after
{Heap after GC invocations=2 (full 0):
 garbage-first heap   total 266240K, used 7554K [0x0000000700000000, 0x0000000800000000)
  region size 2048K, 3 young (6144K), 3 survivors (6144K)
 Metaspace       used 7924K, capacity 11043K, committed 11136K, reserved 1058816K
  class space    used 1021K, capacity 1356K, committed 1408K, reserved 1048576K
}
Event: 5.514 GC heap before
{Heap before GC invocations=2 (full 0):
 garbage-first heap   total 266240K, used 146818K [0x0000000700000000, 0x0000000800000000)
  region size 2048K, 71 young (145408K), 3 survivors (6144K)
 Metaspace       used 8082K, capacity 11173K, committed 11392K, reserved 1058816K
  class space    used 1022K, capacity 1356K, committed 1408K, reserved 1048576K
}
Event: 5.549 GC heap after
{Heap after GC invocations=3 (full 0):
 garbage-first heap   total 266240K, used 20973K [0x0000000700000000, 0x0000000800000000)
  region size 2048K, 9 young (18432K), 9 survivors (18432K)
 Metaspace       used 8082K, capacity 11173K, committed 11392K, reserved 1058816K
  class space    used 1022K, capacity 1356K, committed 1408K, reserved 1048576K
}
Event: 7.428 GC heap before
{Heap before GC invocations=3 (full 0):
 garbage-first heap   total 266240K, used 158189K [0x0000000700000000, 0x0000000800000000)
  region size 2048K, 76 young (155648K), 9 survivors (18432K)
 Metaspace       used 8141K, capacity 11174K, committed 11392K, reserved 1058816K
  class space    used 1022K, capacity 1356K, committed 1408K, reserved 1048576K
}
Event: 7.457 GC heap after
{Heap after GC invocations=4 (full 0):
 garbage-first heap   total 266240K, used 31672K [0x0000000700000000, 0x0000000800000000)
  region size 2048K, 8 young (16384K), 8 survivors (16384K)
 Metaspace       used 8141K, capacity 11174K, committed 11392K, reserved 1058816K
  class space    used 1022K, capacity 1356K, committed 1408K, reserved 1048576K
}
Event: 9.231 GC heap before
{Heap before GC invocations=4 (full 0):
 garbage-first heap   total 266240K, used 170936K [0x0000000700000000, 0x0000000800000000)
  region size 2048K, 76 young (155648K), 8 survivors (16384K)
 Metaspace       used 8166K, capacity 11239K, committed 11392K, reserved 1058816K
  class space    used 1022K, capacity 1356K, committed 1408K, reserved 1048576K
}
Event: 9.248 GC heap after
{Heap after GC invocations=5 (full 0):
 garbage-first heap   total 266240K, used 40041K [0x0000000700000000, 0x0000000800000000)
  region size 2048K, 7 young (14336K), 7 survivors (14336K)
 Metaspace       used 8166K, capacity 11239K, committed 11392K, reserved 1058816K
  class space    used 1022K, capacity 1356K, committed 1408K, reserved 1048576K
}
Event: 11.219 GC heap before
{Heap before GC invocations=5 (full 0):
 garbage-first heap   total 266240K, used 181353K [0x0000000700000000, 0x0000000800000000)
  region size 2048K, 76 young (155648K), 7 survivors (14336K)
 Metaspace       used 8178K, capacity 11239K, committed 11392K, reserved 1058816K
  class space    used 1022K, capacity 1356K, committed 1408K, reserved 1048576K
}
Event: 11.237 GC heap after
{Heap after GC invocations=6 (full 0):
 garbage-first heap   total 319488K, used 49542K [0x0000000700000000, 0x0000000800000000)
  region size 2048K, 7 young (14336K), 7 survivors (14336K)
 Metaspace       used 8178K, capacity 11239K, committed 11392K, reserved 1058816K
  class space    used 1022K, capacity 1356K, committed 1408K, reserved 1048576K
}
Event: 13.778 GC heap before
{Heap before GC invocations=6 (full 0):
 garbage-first heap   total 319488K, used 225670K [0x0000000700000000, 0x0000000800000000)
  region size 2048K, 93 young (190464K), 7 survivors (14336K)
 Metaspace       used 8180K, capacity 11239K, committed 11392K, reserved 1058816K
  class space    used 1022K, capacity 1356K, committed 1408K, reserved 1048576K
}
Event: 13.801 GC heap after
{Heap after GC invocations=7 (full 0):
 garbage-first heap   total 319488K, used 60714K [0x0000000700000000, 0x0000000800000000)
  region size 2048K, 8 young (16384K), 8 survivors (16384K)
 Metaspace       used 8180K, capacity 11239K, committed 11392K, reserved 1058816K
  class space    used 1022K, capacity 1356K, committed 1408K, reserved 1048576K
}
Event: 16.145 GC heap before
{Heap before GC invocations=7 (full 0):
 garbage-first heap   total 319488K, used 234794K [0x0000000700000000, 0x0000000800000000)
  region size 2048K, 93 young (190464K), 8 survivors (16384K)
 Metaspace       used 8205K, capacity 11240K, committed 11392K, reserved 1058816K
  class space    used 1022K, capacity 1356K, committed 1408K, reserved 1048576K
}
Event: 16.162 GC heap after
{Heap after GC invocations=8 (full 0):
 garbage-first heap   total 319488K, used 71345K [0x0000000700000000, 0x0000000800000000)
  region size 2048K, 8 young (16384K), 8 survivors (16384K)
 Metaspace       used 8205K, capacity 11240K, committed 11392K, reserved 1058816K
  class space    used 1022K, capacity 1356K, committed 1408K, reserved 1048576K
}

Deoptimization events (20 events):
Event: 9.627 Thread 0x00007fd9e000f000 Uncommon trap: trap_request=0xffffff45 fr.pc=0x0000000113386178 relative=0x00000000000001b8
Event: 9.627 Thread 0x00007fd9e000f000 Uncommon trap: reason=unstable_if action=reinterpret pc=0x0000000113386178 method=ch.ethz.math.ifor.atsp.BranchAndBound.BranchAndBoundSolver$.$anonfun$solve$2(DLch/ethz/math/ifor/atsp/BranchAndBound/BranchNode;)Z @ 6 c2
Event: 9.627 Thread 0x00007fd9e000f000 DEOPT PACKING pc=0x0000000113386178 sp=0x0000700006ff53e0
Event: 9.627 Thread 0x00007fd9e000f000 DEOPT UNPACKING pc=0x000000010b7ec125 sp=0x0000700006ff51e0 mode 2
Event: 9.982 Thread 0x00007fd9e000f000 DEOPT PACKING pc=0x000000010c0bf86e sp=0x0000700006ff52e0
Event: 9.982 Thread 0x00007fd9e000f000 DEOPT UNPACKING pc=0x000000010b7ebf2b sp=0x0000700006ff4820 mode 0
Event: 10.328 Thread 0x00007fd9e000f000 DEOPT PACKING pc=0x000000010c0bf86e sp=0x0000700006ff52e0
Event: 10.328 Thread 0x00007fd9e000f000 DEOPT UNPACKING pc=0x000000010b7ebf2b sp=0x0000700006ff4820 mode 0
Event: 10.680 Thread 0x00007fd9e000f000 DEOPT PACKING pc=0x000000010c0bf86e sp=0x0000700006ff52e0
Event: 10.680 Thread 0x00007fd9e000f000 DEOPT UNPACKING pc=0x000000010b7ebf2b sp=0x0000700006ff4820 mode 0
Event: 10.882 Thread 0x00007fd9e000f000 DEOPT PACKING pc=0x000000010bff61a4 sp=0x0000700006ff4e30
Event: 10.882 Thread 0x00007fd9e000f000 DEOPT UNPACKING pc=0x000000010b7ebf2b sp=0x0000700006ff4398 mode 0
Event: 10.987 Thread 0x00007fd9e000f000 DEOPT PACKING pc=0x000000010c0bf86e sp=0x0000700006ff52e0
Event: 10.987 Thread 0x00007fd9e000f000 DEOPT UNPACKING pc=0x000000010b7ebf2b sp=0x0000700006ff4820 mode 0
Event: 11.367 Thread 0x00007fd9e000f000 DEOPT PACKING pc=0x000000010c0bf86e sp=0x0000700006ff52e0
Event: 11.367 Thread 0x00007fd9e000f000 DEOPT UNPACKING pc=0x000000010b7ebf2b sp=0x0000700006ff4820 mode 0
Event: 13.289 Thread 0x00007fd9e000f000 DEOPT PACKING pc=0x000000010c03e29b sp=0x0000700006ff4fd0
Event: 13.289 Thread 0x00007fd9e000f000 DEOPT UNPACKING pc=0x000000010b7ebf2b sp=0x0000700006ff45e0 mode 0
Event: 15.948 Thread 0x00007fd9e000f000 DEOPT PACKING pc=0x000000010c0253ae sp=0x0000700006ff4e70
Event: 15.948 Thread 0x00007fd9e000f000 DEOPT UNPACKING pc=0x000000010b7ebf2b sp=0x0000700006ff4328 mode 0

Classes unloaded (0 events):
No events

Classes redefined (0 events):
No events

Internal exceptions (20 events):
Event: 1.157 Thread 0x00007fd9e000f000 Exception <a 'java/lang/NoSuchMethodError'{0x000000070f116e90}: 'java.lang.Object java.lang.invoke.DirectMethodHandle$Holder.newInvokeSpecial(java.lang.Object, java.lang.Object, java.lang.Object, java.lang.Object, java.lang.Object, java.lang.Object)'> (0x000000070f116e90) 
thrown [src/hotspot/share/interpreter/linkResolver.cpp, line 782]
Event: 1.161 Thread 0x00007fd9e000f000 Exception <a 'java/lang/NoSuchMethodError'{0x000000070f12c9f8}: 'java.lang.Object java.lang.invoke.DirectMethodHandle$Holder.newInvokeSpecial(java.lang.Object, java.lang.Object, java.lang.Object, java.lang.Object, java.lang.Object)'> (0x000000070f12c9f8) 
thrown [src/hotspot/share/interpreter/linkResolver.cpp, line 782]
Event: 1.296 Thread 0x00007fd9e000f000 Exception <a 'java/lang/NoSuchMethodError'{0x000000070eed8ec0}: 'java.lang.Object java.lang.invoke.DirectMethodHandle$Holder.newInvokeSpecial(java.lang.Object, java.lang.Object, java.lang.Object, java.lang.Object, java.lang.Object, java.lang.Object, java.lang.Object)'> (0x000000070eed8ec0) 
thrown [src/hotspot/share/interpreter/linkResolver.cpp, line 782]
Event: 1.297 Thread 0x00007fd9e000f000 Exception <a 'java/lang/NoSuchMethodError'{0x000000070eeddd28}: 'java.lang.Object java.lang.invoke.Invokers$Holder.linkToTargetMethod(java.lang.Object, java.lang.Object, java.lang.Object, java.lang.Object, java.lang.Object, java.lang.Object, java.lang.Object)'> (0x000000070eeddd28) 
thrown [src/hotspot/share/interpreter/linkResolver.cpp, line 782]
Event: 1.298 Thread 0x00007fd9e000f000 Exception <a 'java/lang/NoSuchMethodError'{0x000000070eeea0b0}: 'java.lang.Object java.lang.invoke.DirectMethodHandle$Holder.newInvokeSpecial(java.lang.Object, java.lang.Object, java.lang.Object, java.lang.Object, java.lang.Object, java.lang.Object, java.lang.Object, java.lang.Object)'> (0x000000070eeea0b0) 
thrown [src/hotspot/share/interpreter/linkResolver.cpp, line 782]
Event: 1.299 Thread 0x00007fd9e000f000 Exception <a 'java/lang/NoSuchMethodError'{0x000000070eeef498}: 'java.lang.Object java.lang.invoke.DirectMethodHandle$Holder.invokeSpecial(java.lang.Object, java.lang.Object, java.lang.Object, java.lang.Object, java.lang.Object, java.lang.Object, java.lang.Object, java.lang.Object, java.lang.Object)'> (0x000000070eeef498) 
thrown [src/hotspot/share/interpreter/linkResolver.cpp, line 782]
Event: 1.299 Thread 0x00007fd9e000f000 Exception <a 'java/lang/NoSuchMethodError'{0x000000070eef4320}: 'java.lang.Object java.lang.invoke.Invokers$Holder.linkToTargetMethod(java.lang.Object, java.lang.Object, java.lang.Object, java.lang.Object, java.lang.Object, java.lang.Object, java.lang.Object, java.lang.Object)'> (0x000000070eef4320) 
thrown [src/hotspot/share/interpreter/linkResolver.cpp, line 782]
Event: 1.301 Thread 0x00007fd9e000f000 Exception <a 'java/lang/NoSuchMethodError'{0x000000070ef00a28}: 'java.lang.Object java.lang.invoke.DirectMethodHandle$Holder.newInvokeSpecial(java.lang.Object, java.lang.Object, java.lang.Object, java.lang.Object, java.lang.Object, java.lang.Object, java.lang.Object, java.lang.Object, java.lang.Object)'> (0x000000070ef00a28) 
thrown [src/hotspot/share/interpreter/linkResolver.cpp, line 782]
Event: 1.301 Thread 0x00007fd9e000f000 Exception <a 'java/lang/NoSuchMethodError'{0x000000070ef05d40}: 'java.lang.Object java.lang.invoke.DirectMethodHandle$Holder.invokeSpecial(java.lang.Object, java.lang.Object, java.lang.Object, java.lang.Object, java.lang.Object, java.lang.Object, java.lang.Object, java.lang.Object, java.lang.Object, java.lang.Object)'> (0x000000070ef05d40) 
thrown [src/hotspot/share/interpreter/linkResolver.cpp, line 782]
Event: 1.302 Thread 0x00007fd9e000f000 Exception <a 'java/lang/NoSuchMethodError'{0x000000070ef0a500}: 'java.lang.Object java.lang.invoke.Invokers$Holder.linkToTargetMethod(java.lang.Object, java.lang.Object, java.lang.Object, java.lang.Object, java.lang.Object, java.lang.Object, java.lang.Object, java.lang.Object, java.lang.Object)'> (0x000000070ef0a500) 
thrown [src/hotspot/share/interpreter/linkResolver.cpp, line 782]
Event: 1.335 Thread 0x00007fd9e000f000 Exception <a 'java/lang/NoSuchMethodError'{0x000000070ef686d0}: 'java.lang.Object java.lang.invoke.DirectMethodHandle$Holder.newInvokeSpecial(java.lang.Object, double)'> (0x000000070ef686d0) 
thrown [src/hotspot/share/interpreter/linkResolver.cpp, line 782]
Event: 1.350 Thread 0x00007fd9e000f000 Exception <a 'java/lang/NoSuchMethodError'{0x000000070ef9da38}: 'java.lang.Object java.lang.invoke.DirectMethodHandle$Holder.invokeStatic(java.lang.Object, java.lang.Object, double, java.lang.Object)'> (0x000000070ef9da38) 
thrown [src/hotspot/share/interpreter/linkResolver.cpp, line 782]
Event: 1.352 Thread 0x00007fd9e000f000 Exception <a 'java/lang/NoSuchMethodError'{0x000000070efa6bf8}: 'java.lang.Object java.lang.invoke.DirectMethodHandle$Holder.newInvokeSpecial(java.lang.Object, java.lang.Object, double)'> (0x000000070efa6bf8) 
thrown [src/hotspot/share/interpreter/linkResolver.cpp, line 782]
Event: 1.353 Thread 0x00007fd9e000f000 Exception <a 'java/lang/NoSuchMethodError'{0x000000070efaae68}: 'java.lang.Object java.lang.invoke.DirectMethodHandle$Holder.invokeSpecial(java.lang.Object, java.lang.Object, java.lang.Object, double)'> (0x000000070efaae68) 
thrown [src/hotspot/share/interpreter/linkResolver.cpp, line 782]
Event: 1.354 Thread 0x00007fd9e000f000 Exception <a 'java/lang/NoSuchMethodError'{0x000000070efaeb30}: 'java.lang.Object java.lang.invoke.Invokers$Holder.linkToTargetMethod(java.lang.Object, double, java.lang.Object)'> (0x000000070efaeb30) 
thrown [src/hotspot/share/interpreter/linkResolver.cpp, line 782]
Event: 1.366 Thread 0x00007fd9e000f000 Exception <a 'java/lang/NoSuchMethodError'{0x000000070eff0c18}: 'int java.lang.invoke.DirectMethodHandle$Holder.invokeStatic(java.lang.Object)'> (0x000000070eff0c18) 
thrown [src/hotspot/share/interpreter/linkResolver.cpp, line 782]
Event: 1.465 Thread 0x00007fd9e000f000 Exception <a 'java/lang/NoSuchMethodError'{0x000000070ec369a0}: 'java.lang.Object java.lang.invoke.Invokers$Holder.linkToTargetMethod(java.lang.Object, java.lang.Object, java.lang.Object, int, java.lang.Object)'> (0x000000070ec369a0) 
thrown [src/hotspot/share/interpreter/linkResolver.cpp, line 782]
Event: 1.467 Thread 0x00007fd9e000f000 Exception <a 'java/lang/NoSuchMethodError'{0x000000070ec42a20}: 'java.lang.Object java.lang.invoke.DirectMethodHandle$Holder.newInvokeSpecial(java.lang.Object, java.lang.Object, java.lang.Object, int)'> (0x000000070ec42a20) 
thrown [src/hotspot/share/interpreter/linkResolver.cpp, line 782]
Event: 1.467 Thread 0x00007fd9e000f000 Exception <a 'java/lang/NoSuchMethodError'{0x000000070ec468c8}: 'java.lang.Object java.lang.invoke.DirectMethodHandle$Holder.invokeSpecial(java.lang.Object, java.lang.Object, java.lang.Object, java.lang.Object, int)'> (0x000000070ec468c8) 
thrown [src/hotspot/share/interpreter/linkResolver.cpp, line 782]
Event: 1.467 Thread 0x00007fd9e000f000 Exception <a 'java/lang/NoSuchMethodError'{0x000000070ec4a498}: 'java.lang.Object java.lang.invoke.Invokers$Holder.linkToTargetMethod(java.lang.Object, java.lang.Object, int, java.lang.Object)'> (0x000000070ec4a498) 
thrown [src/hotspot/share/interpreter/linkResolver.cpp, line 782]

Events (20 events):
Event: 6.549 Executing VM operation: HandshakeAllThreads
Event: 6.549 Executing VM operation: HandshakeAllThreads done
Event: 7.428 Executing VM operation: G1CollectForAllocation
Event: 7.457 Executing VM operation: G1CollectForAllocation done
Event: 8.460 Executing VM operation: HandshakeAllThreads
Event: 8.460 Executing VM operation: HandshakeAllThreads done
Event: 9.231 Executing VM operation: G1CollectForAllocation
Event: 9.248 Executing VM operation: G1CollectForAllocation done
Event: 10.249 Executing VM operation: HandshakeAllThreads
Event: 10.249 Executing VM operation: HandshakeAllThreads done
Event: 11.219 Executing VM operation: G1CollectForAllocation
Event: 11.237 Executing VM operation: G1CollectForAllocation done
Event: 12.238 Executing VM operation: HandshakeAllThreads
Event: 12.238 Executing VM operation: HandshakeAllThreads done
Event: 13.778 Executing VM operation: G1CollectForAllocation
Event: 13.801 Executing VM operation: G1CollectForAllocation done
Event: 14.812 Executing VM operation: HandshakeAllThreads
Event: 14.812 Executing VM operation: HandshakeAllThreads done
Event: 16.145 Executing VM operation: G1CollectForAllocation
Event: 16.162 Executing VM operation: G1CollectForAllocation done


Dynamic libraries:
0x00007fff6aecd000 	/usr/lib/libz.1.dylib
0x0000000100508000 	/usr/local/Cellar/openjdk/15.0.1/libexec/openjdk.jdk/Contents/Home/lib/libjli.dylib
0x00007fff30b45000 	/System/Library/Frameworks/Cocoa.framework/Versions/A/Cocoa
0x00007fff3e322000 	/System/Library/Frameworks/Security.framework/Versions/A/Security
0x00007fff2faaf000 	/System/Library/Frameworks/ApplicationServices.framework/Versions/A/ApplicationServices
0x00007fff68991000 	/usr/lib/libSystem.B.dylib
0x00007fff6b78d000 	/usr/lib/system/libcache.dylib
0x00007fff6b793000 	/usr/lib/system/libcommonCrypto.dylib
0x00007fff6b79f000 	/usr/lib/system/libcompiler_rt.dylib
0x00007fff6b7a7000 	/usr/lib/system/libcopyfile.dylib
0x00007fff6b7b1000 	/usr/lib/system/libcorecrypto.dylib
0x00007fff6b950000 	/usr/lib/system/libdispatch.dylib
0x00007fff6b991000 	/usr/lib/system/libdyld.dylib
0x00007fff6b9c8000 	/usr/lib/system/libkeymgr.dylib
0x00007fff6b9d6000 	/usr/lib/system/liblaunch.dylib
0x00007fff6b9d7000 	/usr/lib/system/libmacho.dylib
0x00007fff6b9dd000 	/usr/lib/system/libquarantine.dylib
0x00007fff6b9e0000 	/usr/lib/system/libremovefile.dylib
0x00007fff6b9e2000 	/usr/lib/system/libsystem_asl.dylib
0x00007fff6b9fa000 	/usr/lib/system/libsystem_blocks.dylib
0x00007fff6b9fb000 	/usr/lib/system/libsystem_c.dylib
0x00007fff6ba83000 	/usr/lib/system/libsystem_configuration.dylib
0x00007fff6ba87000 	/usr/lib/system/libsystem_coreservices.dylib
0x00007fff6ba8b000 	/usr/lib/system/libsystem_darwin.dylib
0x00007fff6ba94000 	/usr/lib/system/libsystem_dnssd.dylib
0x00007fff6ba9c000 	/usr/lib/system/libsystem_featureflags.dylib
0x00007fff6ba9e000 	/usr/lib/system/libsystem_info.dylib
0x00007fff6bb19000 	/usr/lib/system/libsystem_m.dylib
0x00007fff6bb61000 	/usr/lib/system/libsystem_malloc.dylib
0x00007fff6bb89000 	/usr/lib/system/libsystem_networkextension.dylib
0x00007fff6bb97000 	/usr/lib/system/libsystem_notify.dylib
0x00007fff6bbb5000 	/usr/lib/system/libsystem_sandbox.dylib
0x00007fff6bbba000 	/usr/lib/system/libsystem_secinit.dylib
0x00007fff6baec000 	/usr/lib/system/libsystem_kernel.dylib
0x00007fff6bba1000 	/usr/lib/system/libsystem_platform.dylib
0x00007fff6bbaa000 	/usr/lib/system/libsystem_pthread.dylib
0x00007fff6bbbd000 	/usr/lib/system/libsystem_symptoms.dylib
0x00007fff6bbc5000 	/usr/lib/system/libsystem_trace.dylib
0x00007fff6bbdd000 	/usr/lib/system/libunwind.dylib
0x00007fff6bbe3000 	/usr/lib/system/libxpc.dylib
0x00007fff6a7f1000 	/usr/lib/libobjc.A.dylib
0x00007fff68cca000 	/usr/lib/libc++abi.dylib
0x00007fff68c77000 	/usr/lib/libc++.1.dylib
0x00007fff319e0000 	/System/Library/Frameworks/CoreFoundation.framework/Versions/A/CoreFoundation
0x00007fff34096000 	/System/Library/Frameworks/Foundation.framework/Versions/C/Foundation
0x00007fff2eca0000 	/System/Library/Frameworks/AppKit.framework/Versions/C/AppKit
0x00007fff314c9000 	/System/Library/Frameworks/CoreData.framework/Versions/A/CoreData
0x00007fff629b2000 	/System/Library/PrivateFrameworks/UIFoundation.framework/Versions/A/UIFoundation
0x00007fff5da60000 	/System/Library/PrivateFrameworks/RemoteViewServices.framework/Versions/A/RemoteViewServices
0x00007fff65506000 	/System/Library/PrivateFrameworks/XCTTargetBootstrap.framework/Versions/A/XCTTargetBootstrap
0x00007fff318b4000 	/System/Library/Frameworks/CoreDisplay.framework/Versions/A/CoreDisplay
0x00007fff36f4f000 	/System/Library/Frameworks/Metal.framework/Versions/A/Metal
0x00007fff4bab9000 	/System/Library/PrivateFrameworks/DesktopServicesPriv.framework/Versions/A/DesktopServicesPriv
0x00007fff69ace000 	/usr/lib/liblangid.dylib
0x00007fff4ad52000 	/System/Library/PrivateFrameworks/CoreSVG.framework/Versions/A/CoreSVG
0x00007fff60bb6000 	/System/Library/PrivateFrameworks/SkyLight.framework/Versions/A/SkyLight
0x00007fff31e61000 	/System/Library/Frameworks/CoreGraphics.framework/Versions/A/CoreGraphics
0x00007fff2d674000 	/System/Library/Frameworks/Accelerate.framework/Versions/A/Accelerate
0x00007fff6adbe000 	/usr/lib/libxml2.2.dylib
0x00007fff56a12000 	/System/Library/PrivateFrameworks/IconServices.framework/Versions/A/IconServices
0x00007fff34875000 	/System/Library/Frameworks/IOSurface.framework/Versions/A/IOSurface
0x00007fff684bb000 	/usr/lib/libDiagnosticMessagesClient.dylib
0x00007fff4b913000 	/System/Library/PrivateFrameworks/DFRFoundation.framework/Versions/A/DFRFoundation
0x00007fff6985d000 	/usr/lib/libicucore.A.dylib
0x00007fff2fde1000 	/System/Library/Frameworks/AudioToolbox.framework/Versions/A/AudioToolbox
0x00007fff2fec4000 	/System/Library/Frameworks/AudioUnit.framework/Versions/A/AudioUnit
0x00007fff68b93000 	/usr/lib/libauto.dylib
0x00007fff4b9b5000 	/System/Library/PrivateFrameworks/DataDetectorsCore.framework/Versions/A/DataDetectorsCore
0x00007fff30666000 	/System/Library/Frameworks/Carbon.framework/Versions/A/Frameworks/HIToolbox.framework/Versions/A/HIToolbox
0x00007fff3d51f000 	/System/Library/Frameworks/QuartzCore.framework/Versions/A/QuartzCore
0x00007fff309a5000 	/System/Library/Frameworks/Carbon.framework/Versions/A/Frameworks/SpeechRecognition.framework/Versions/A/SpeechRecognition
0x00007fff4b42a000 	/System/Library/PrivateFrameworks/CoreUI.framework/Versions/A/CoreUI
0x00007fff30f34000 	/System/Library/Frameworks/CoreAudio.framework/Versions/A/CoreAudio
0x00007fff33d5b000 	/System/Library/Frameworks/DiskArbitration.framework/Versions/A/DiskArbitration
0x00007fff58a5f000 	/System/Library/PrivateFrameworks/MultitouchSupport.framework/Versions/A/MultitouchSupport
0x00007fff69724000 	/usr/lib/libenergytrace.dylib
0x00007fff347cf000 	/System/Library/Frameworks/IOKit.framework/Versions/A/IOKit
0x00007fff32dc8000 	/System/Library/Frameworks/CoreServices.framework/Versions/A/CoreServices
0x00007fff5abf6000 	/System/Library/PrivateFrameworks/PerformanceAnalysis.framework/Versions/A/PerformanceAnalysis
0x00007fff3c552000 	/System/Library/Frameworks/OpenGL.framework/Versions/A/OpenGL
0x00007fff30b53000 	/System/Library/Frameworks/ColorSync.framework/Versions/A/ColorSync
0x00007fff324e3000 	/System/Library/Frameworks/CoreImage.framework/Versions/A/CoreImage
0x00007fff3383a000 	/System/Library/Frameworks/CoreText.framework/Versions/A/CoreText
0x00007fff34905000 	/System/Library/Frameworks/ImageIO.framework/Versions/A/ImageIO
0x00007fff68cf3000 	/usr/lib/libcompression.dylib
0x00007fff687ff000 	/usr/lib/libMobileGestalt.dylib
0x00007fff6272b000 	/System/Library/PrivateFrameworks/TextureIO.framework/Versions/A/TextureIO
0x00007fff68af6000 	/usr/lib/libate.dylib
0x00007fff56c1b000 	/System/Library/PrivateFrameworks/InternationalSupport.framework/Versions/A/InternationalSupport
0x00007fff69ad0000 	/usr/lib/liblzma.5.dylib
0x00007fff6974b000 	/usr/lib/libfakelink.dylib
0x00007fff68a83000 	/usr/lib/libarchive.2.dylib
0x00007fff3f3d2000 	/System/Library/Frameworks/SystemConfiguration.framework/Versions/A/SystemConfiguration
0x00007fff683ee000 	/usr/lib/libCRFSuite.dylib
0x00007fff30257000 	/System/Library/Frameworks/CFNetwork.framework/Versions/A/CFNetwork
0x00007fff68c59000 	/usr/lib/libbsm.0.dylib
0x00007fff6b9c9000 	/usr/lib/system/libkxld.dylib
0x00007fff452e8000 	/System/Library/PrivateFrameworks/AppleFSCompression.framework/Versions/A/AppleFSCompression
0x00007fff68fe4000 	/usr/lib/libcoretls.dylib
0x00007fff68ffb000 	/usr/lib/libcoretls_cfhelpers.dylib
0x00007fff6a837000 	/usr/lib/libpam.2.dylib
0x00007fff6a96c000 	/usr/lib/libsqlite3.dylib
0x00007fff6adab000 	/usr/lib/libxar.1.dylib
0x00007fff68c6a000 	/usr/lib/libbz2.1.0.dylib
0x00007fff6976c000 	/usr/lib/libiconv.2.dylib
0x00007fff68ce0000 	/usr/lib/libcharset.1.dylib
0x00007fff6a2d6000 	/usr/lib/libnetwork.dylib
0x00007fff6a83e000 	/usr/lib/libpcap.A.dylib
0x00007fff68a38000 	/usr/lib/libapple_nghttp2.dylib
0x00007fff3317f000 	/System/Library/Frameworks/CoreServices.framework/Versions/A/Frameworks/FSEvents.framework/Versions/A/FSEvents
0x00007fff32e4f000 	/System/Library/Frameworks/CoreServices.framework/Versions/A/Frameworks/CarbonCore.framework/Versions/A/CarbonCore
0x00007fff333c2000 	/System/Library/Frameworks/CoreServices.framework/Versions/A/Frameworks/Metadata.framework/Versions/A/Metadata
0x00007fff3345b000 	/System/Library/Frameworks/CoreServices.framework/Versions/A/Frameworks/OSServices.framework/Versions/A/OSServices
0x00007fff33489000 	/System/Library/Frameworks/CoreServices.framework/Versions/A/Frameworks/SearchKit.framework/Versions/A/SearchKit
0x00007fff32dc9000 	/System/Library/Frameworks/CoreServices.framework/Versions/A/Frameworks/AE.framework/Versions/A/AE
0x00007fff33188000 	/System/Library/Frameworks/CoreServices.framework/Versions/A/Frameworks/LaunchServices.framework/Versions/A/LaunchServices
0x00007fff33131000 	/System/Library/Frameworks/CoreServices.framework/Versions/A/Frameworks/DictionaryServices.framework/Versions/A/DictionaryServices
0x00007fff334f1000 	/System/Library/Frameworks/CoreServices.framework/Versions/A/Frameworks/SharedFileList.framework/Versions/A/SharedFileList
0x00007fff38372000 	/System/Library/Frameworks/NetFS.framework/Versions/A/NetFS
0x00007fff58f8e000 	/System/Library/PrivateFrameworks/NetAuth.framework/Versions/A/NetAuth
0x00007fff658d3000 	/System/Library/PrivateFrameworks/login.framework/Versions/A/Frameworks/loginsupport.framework/Versions/A/loginsupport
0x00007fff621f8000 	/System/Library/PrivateFrameworks/TCC.framework/Versions/A/TCC
0x00007fff49ec5000 	/System/Library/PrivateFrameworks/CoreNLP.framework/Versions/A/CoreNLP
0x00007fff5848d000 	/System/Library/PrivateFrameworks/MetadataUtilities.framework/Versions/A/MetadataUtilities
0x00007fff69ba8000 	/usr/lib/libmecabra.dylib
0x00007fff69b00000 	/usr/lib/libmecab.dylib
0x00007fff6975c000 	/usr/lib/libgermantok.dylib
0x00007fff68a1f000 	/usr/lib/libThaiTokenizer.dylib
0x00007fff68425000 	/usr/lib/libChineseTokenizer.dylib
0x00007fff2d68c000 	/System/Library/Frameworks/Accelerate.framework/Versions/A/Frameworks/vImage.framework/Versions/A/vImage
0x00007fff2eaf6000 	/System/Library/Frameworks/Accelerate.framework/Versions/A/Frameworks/vecLib.framework/Versions/A/vecLib
0x00007fff2ea33000 	/System/Library/Frameworks/Accelerate.framework/Versions/A/Frameworks/vecLib.framework/Versions/A/libvMisc.dylib
0x00007fff2e85b000 	/System/Library/Frameworks/Accelerate.framework/Versions/A/Frameworks/vecLib.framework/Versions/A/libvDSP.dylib
0x00007fff2dce3000 	/System/Library/Frameworks/Accelerate.framework/Versions/A/Frameworks/vecLib.framework/Versions/A/libBLAS.dylib
0x00007fff2e41f000 	/System/Library/Frameworks/Accelerate.framework/Versions/A/Frameworks/vecLib.framework/Versions/A/libLAPACK.dylib
0x00007fff2e7bb000 	/System/Library/Frameworks/Accelerate.framework/Versions/A/Frameworks/vecLib.framework/Versions/A/libLinearAlgebra.dylib
0x00007fff2e848000 	/System/Library/Frameworks/Accelerate.framework/Versions/A/Frameworks/vecLib.framework/Versions/A/libSparseBLAS.dylib
0x00007fff2e7d1000 	/System/Library/Frameworks/Accelerate.framework/Versions/A/Frameworks/vecLib.framework/Versions/A/libQuadrature.dylib
0x00007fff2df4b000 	/System/Library/Frameworks/Accelerate.framework/Versions/A/Frameworks/vecLib.framework/Versions/A/libBNNS.dylib
0x00007fff2e7d7000 	/System/Library/Frameworks/Accelerate.framework/Versions/A/Frameworks/vecLib.framework/Versions/A/libSparse.dylib
0x00007fff57003000 	/System/Library/PrivateFrameworks/LanguageModeling.framework/Versions/A/LanguageModeling
0x00007fff49875000 	/System/Library/PrivateFrameworks/CoreEmoji.framework/Versions/A/CoreEmoji
0x00007fff57121000 	/System/Library/PrivateFrameworks/LinguisticData.framework/Versions/A/LinguisticData
0x00007fff570d2000 	/System/Library/PrivateFrameworks/Lexicon.framework/Versions/A/Lexicon
0x00007fff68ce1000 	/usr/lib/libcmph.dylib
0x00007fff3af60000 	/System/Library/Frameworks/OpenDirectory.framework/Versions/A/Frameworks/CFOpenDirectory.framework/Versions/A/CFOpenDirectory
0x00007fff3af7d000 	/System/Library/Frameworks/OpenDirectory.framework/Versions/A/OpenDirectory
0x00007fff4339d000 	/System/Library/PrivateFrameworks/APFS.framework/Versions/A/APFS
0x00007fff3e66c000 	/System/Library/Frameworks/SecurityFoundation.framework/Versions/A/SecurityFoundation
0x00007fff6ada7000 	/usr/lib/libutil.dylib
0x00007fff4adaa000 	/System/Library/PrivateFrameworks/CoreServicesStore.framework/Versions/A/CoreServicesStore
0x00007fff3e723000 	/System/Library/Frameworks/ServiceManagement.framework/Versions/A/ServiceManagement
0x00007fff46ab6000 	/System/Library/PrivateFrameworks/BackgroundTaskManagement.framework/Versions/A/BackgroundTaskManagement
0x00007fff6aea4000 	/usr/lib/libxslt.1.dylib
0x00007fff4595a000 	/System/Library/PrivateFrameworks/AppleSystemInfo.framework/Versions/A/AppleSystemInfo
0x00007fff34b20000 	/System/Library/Frameworks/ImageIO.framework/Versions/A/Resources/libJPEG.dylib
0x00007fff34ddc000 	/System/Library/Frameworks/ImageIO.framework/Versions/A/Resources/libTIFF.dylib
0x00007fff34dbf000 	/System/Library/Frameworks/ImageIO.framework/Versions/A/Resources/libPng.dylib
0x00007fff34a62000 	/System/Library/Frameworks/ImageIO.framework/Versions/A/Resources/libGIF.dylib
0x00007fff34a66000 	/System/Library/Frameworks/ImageIO.framework/Versions/A/Resources/libJP2.dylib
0x00007fff34dda000 	/System/Library/Frameworks/ImageIO.framework/Versions/A/Resources/libRadiance.dylib
0x00007fff69725000 	/usr/lib/libexpat.1.dylib
0x00007fff45443000 	/System/Library/PrivateFrameworks/AppleJPEG.framework/Versions/A/AppleJPEG
0x00007fff4e085000 	/System/Library/PrivateFrameworks/FontServices.framework/libFontParser.dylib
0x00007fff648d9000 	/System/Library/PrivateFrameworks/WatchdogClient.framework/Versions/A/WatchdogClient
0x00007fff5665f000 	/System/Library/PrivateFrameworks/IOAccelerator.framework/Versions/A/IOAccelerator
0x00007fff372ea000 	/System/Library/Frameworks/MetalPerformanceShaders.framework/Versions/A/MetalPerformanceShaders
0x00007fff52df8000 	/System/Library/PrivateFrameworks/GPUWrangler.framework/Versions/A/GPUWrangler
0x00007fff56674000 	/System/Library/PrivateFrameworks/IOPresentment.framework/Versions/A/IOPresentment
0x00007fff4b926000 	/System/Library/PrivateFrameworks/DSExternalDisplay.framework/Versions/A/DSExternalDisplay
0x00007fff3b8f1000 	/System/Library/Frameworks/OpenGL.framework/Versions/A/Libraries/libCoreFSCache.dylib
0x00007fff37036000 	/System/Library/Frameworks/MetalPerformanceShaders.framework/Frameworks/MPSCore.framework/Versions/A/MPSCore
0x00007fff37074000 	/System/Library/Frameworks/MetalPerformanceShaders.framework/Frameworks/MPSImage.framework/Versions/A/MPSImage
0x00007fff3713b000 	/System/Library/Frameworks/MetalPerformanceShaders.framework/Frameworks/MPSNeuralNetwork.framework/Versions/A/MPSNeuralNetwork
0x00007fff370ff000 	/System/Library/Frameworks/MetalPerformanceShaders.framework/Frameworks/MPSMatrix.framework/Versions/A/MPSMatrix
0x00007fff3729a000 	/System/Library/Frameworks/MetalPerformanceShaders.framework/Frameworks/MPSRayIntersector.framework/Versions/A/MPSRayIntersector
0x00007fff37125000 	/System/Library/Frameworks/MetalPerformanceShaders.framework/Frameworks/MPSNDArray.framework/Versions/A/MPSNDArray
0x00007fff584da000 	/System/Library/PrivateFrameworks/MetalTools.framework/Versions/A/MetalTools
0x00007fff44570000 	/System/Library/PrivateFrameworks/AggregateDictionary.framework/Versions/A/AggregateDictionary
0x00007fff492cf000 	/System/Library/PrivateFrameworks/CoreAnalytics.framework/Versions/A/CoreAnalytics
0x00007fff45879000 	/System/Library/PrivateFrameworks/AppleSauce.framework/Versions/A/AppleSauce
0x00007fff686e1000 	/usr/lib/libIOReport.dylib
0x00007fff339f2000 	/System/Library/Frameworks/CoreVideo.framework/Versions/A/CoreVideo
0x00007fff54272000 	/System/Library/PrivateFrameworks/GraphVisualizer.framework/Versions/A/GraphVisualizer
0x00007fff4d5d9000 	/System/Library/PrivateFrameworks/FaceCore.framework/Versions/A/FaceCore
0x00007fff3af07000 	/System/Library/Frameworks/OpenCL.framework/Versions/A/OpenCL
0x00007fff68503000 	/usr/lib/libFosl_dynamic.dylib
0x00007fff599a3000 	/System/Library/PrivateFrameworks/OTSVG.framework/Versions/A/OTSVG
0x00007fff2fbb4000 	/System/Library/Frameworks/ApplicationServices.framework/Versions/A/Frameworks/ATS.framework/Versions/A/Resources/libFontRegistry.dylib
0x00007fff4e256000 	/System/Library/PrivateFrameworks/FontServices.framework/libhvf.dylib
0x00007fff3b8fc000 	/System/Library/Frameworks/OpenGL.framework/Versions/A/Libraries/libGFXShared.dylib
0x00007fff3bada000 	/System/Library/Frameworks/OpenGL.framework/Versions/A/Libraries/libGLU.dylib
0x00007fff3b905000 	/System/Library/Frameworks/OpenGL.framework/Versions/A/Libraries/libGL.dylib
0x00007fff3b910000 	/System/Library/Frameworks/OpenGL.framework/Versions/A/Libraries/libGLImage.dylib
0x00007fff3b8ee000 	/System/Library/Frameworks/OpenGL.framework/Versions/A/Libraries/libCVMSPluginSupport.dylib
0x00007fff3b8f7000 	/System/Library/Frameworks/OpenGL.framework/Versions/A/Libraries/libCoreVMClient.dylib
0x00007fff6a177000 	/usr/lib/libncurses.5.4.dylib
0x00007fff2fab0000 	/System/Library/Frameworks/ApplicationServices.framework/Versions/A/Frameworks/ATS.framework/Versions/A/ATS
0x00007fff2fc7d000 	/System/Library/Frameworks/ApplicationServices.framework/Versions/A/Frameworks/ColorSyncLegacy.framework/Versions/A/ColorSyncLegacy
0x00007fff2fd1b000 	/System/Library/Frameworks/ApplicationServices.framework/Versions/A/Frameworks/HIServices.framework/Versions/A/HIServices
0x00007fff2fd73000 	/System/Library/Frameworks/ApplicationServices.framework/Versions/A/Frameworks/LangAnalysis.framework/Versions/A/LangAnalysis
0x00007fff2fd82000 	/System/Library/Frameworks/ApplicationServices.framework/Versions/A/Frameworks/PrintCore.framework/Versions/A/PrintCore
0x00007fff2fdc8000 	/System/Library/Frameworks/ApplicationServices.framework/Versions/A/Frameworks/QD.framework/Versions/A/QD
0x00007fff2fdd3000 	/System/Library/Frameworks/ApplicationServices.framework/Versions/A/Frameworks/SpeechSynthesis.framework/Versions/A/SpeechSynthesis
0x00007fff2fc4d000 	/System/Library/Frameworks/ApplicationServices.framework/Versions/A/Frameworks/ATSUI.framework/Versions/A/ATSUI
0x00007fff695b9000 	/usr/lib/libcups.2.dylib
0x00007fff36387000 	/System/Library/Frameworks/Kerberos.framework/Versions/A/Kerberos
0x00007fff344c8000 	/System/Library/Frameworks/GSS.framework/Versions/A/GSS
0x00007fff6a8f8000 	/usr/lib/libresolv.9.dylib
0x00007fff54420000 	/System/Library/PrivateFrameworks/Heimdal.framework/Versions/A/Heimdal
0x00007fff3639a000 	/System/Library/Frameworks/Kerberos.framework/Versions/A/Libraries/libHeimdalProxy.dylib
0x00007fff69762000 	/usr/lib/libheimdal-asn1.dylib
0x00007fff48768000 	/System/Library/PrivateFrameworks/CommonAuth.framework/Versions/A/CommonAuth
0x00007fff459f7000 	/System/Library/PrivateFrameworks/AssertionServices.framework/Versions/A/AssertionServices
0x00007fff46599000 	/System/Library/PrivateFrameworks/AudioToolboxCore.framework/Versions/A/AudioToolboxCore
0x00007fff65583000 	/System/Library/PrivateFrameworks/caulk.framework/Versions/A/caulk
0x00007fff46b62000 	/System/Library/PrivateFrameworks/BaseBoard.framework/Versions/A/BaseBoard
0x00007fff5dbee000 	/System/Library/PrivateFrameworks/RunningBoardServices.framework/Versions/A/RunningBoardServices
0x00007fff5ac02000 	/System/Library/PrivateFrameworks/PersistentConnection.framework/Versions/A/PersistentConnection
0x00007fff5d5e8000 	/System/Library/PrivateFrameworks/ProtocolBuffer.framework/Versions/A/ProtocolBuffer
0x00007fff4878c000 	/System/Library/PrivateFrameworks/CommonUtilities.framework/Versions/A/CommonUtilities
0x00007fff46cf0000 	/System/Library/PrivateFrameworks/Bom.framework/Versions/A/Bom
0x00007fff683b4000 	/usr/lib/libAudioToolboxUtility.dylib
0x00007fff46ac0000 	/System/Library/PrivateFrameworks/Backup.framework/Versions/A/Backup
0x00007fff4b847000 	/System/Library/PrivateFrameworks/CrashReporterSupport.framework/Versions/A/CrashReporterSupport
0x00007fff5f67c000 	/System/Library/PrivateFrameworks/Sharing.framework/Versions/A/Sharing
0x00007fff45006000 	/System/Library/PrivateFrameworks/Apple80211.framework/Versions/A/Apple80211
0x00007fff467dd000 	/System/Library/PrivateFrameworks/AuthKit.framework/Versions/A/AuthKit
0x00007fff4b557000 	/System/Library/PrivateFrameworks/CoreUtils.framework/Versions/A/CoreUtils
0x00007fff33a37000 	/System/Library/Frameworks/CoreWLAN.framework/Versions/A/CoreWLAN
0x00007fff34655000 	/System/Library/Frameworks/IOBluetooth.framework/Versions/A/IOBluetooth
0x00007fff587de000 	/System/Library/PrivateFrameworks/MobileKeyBag.framework/Versions/A/MobileKeyBag
0x00007fff4a35d000 	/System/Library/PrivateFrameworks/CorePhoneNumbers.framework/Versions/A/CorePhoneNumbers
0x00007fff453f6000 	/System/Library/PrivateFrameworks/AppleIDAuthSupport.framework/Versions/A/AppleIDAuthSupport
0x00007fff3837f000 	/System/Library/Frameworks/Network.framework/Versions/A/Network
0x00007fff56eaf000 	/System/Library/PrivateFrameworks/KeychainCircle.framework/Versions/A/KeychainCircle
0x00007fff31490000 	/System/Library/Frameworks/CoreBluetooth.framework/Versions/A/CoreBluetooth
0x00007fff616f9000 	/System/Library/PrivateFrameworks/SpeechRecognitionCore.framework/Versions/A/SpeechRecognitionCore
0x0000000101600000 	/usr/local/Cellar/openjdk/15.0.1/libexec/openjdk.jdk/Contents/Home/lib/server/libjvm.dylib
0x0000000100547000 	/usr/local/Cellar/openjdk/15.0.1/libexec/openjdk.jdk/Contents/Home/lib/libjimage.dylib
0x00000001005a1000 	/usr/local/Cellar/openjdk/15.0.1/libexec/openjdk.jdk/Contents/Home/lib/libjava.dylib
0x0000000128a4f000 	/usr/local/Cellar/openjdk/15.0.1/libexec/openjdk.jdk/Contents/Home/lib/libnio.dylib
0x0000000128a67000 	/usr/local/Cellar/openjdk/15.0.1/libexec/openjdk.jdk/Contents/Home/lib/libnet.dylib
0x0000000128b0b000 	/usr/local/Cellar/openjdk/15.0.1/libexec/openjdk.jdk/Contents/Home/lib/libzip.dylib
0x0000000128c22000 	/Users/yudeng/OR_TOOLS/lib/libjniortools.jnilib
0x0000000128ea6000 	/Users/yudeng/OR_TOOLS/lib/libgflags.2.2.2.dylib
0x0000000128f09000 	/Users/yudeng/OR_TOOLS/lib/libglog.0.dylib
0x0000000128f55000 	/Users/yudeng/OR_TOOLS/lib/libprotobuf.3.6.1.dylib
0x00000001295fe000 	/Users/yudeng/OR_TOOLS/lib/libCbcSolver.3.9.9.dylib
0x0000000129712000 	/Users/yudeng/OR_TOOLS/lib/libCbc.3.9.9.dylib
0x0000000129827000 	/Users/yudeng/OR_TOOLS/lib/libOsiCbc.3.9.9.dylib
0x0000000129836000 	/Users/yudeng/OR_TOOLS/lib/libCgl.1.9.10.dylib
0x0000000129953000 	/Users/yudeng/OR_TOOLS/lib/libClpSolver.1.13.11.dylib
0x00000001299ce000 	/Users/yudeng/OR_TOOLS/lib/libClp.1.13.11.dylib
0x0000000129b7a000 	/Users/yudeng/OR_TOOLS/lib/libOsiClp.1.13.11.dylib
0x0000000129bc5000 	/Users/yudeng/OR_TOOLS/lib/libOsi.1.12.9.dylib
0x0000000129c14000 	/Users/yudeng/OR_TOOLS/lib/libCoinUtils.3.10.14.dylib
0x0000000129d4a000 	/Users/yudeng/OR_TOOLS/lib/libortools.dylib


VM Arguments:
jvm_args: -Djava.library.path=/Users/yudeng/OR_TOOLS/lib 
java_command: georg.ImportTest
java_class_path (initial): /Users/yudeng/Desktop/atsp/code/target/bg-jobs/sbt_161c3eaf/job-3/target/b5557b08/4175d189/code_2.13-0.1.0-SNAPSHOT-tests.jar:/Users/yudeng/Desktop/atsp/code/target/bg-jobs/sbt_161c3eaf/target/c4faed0d/b6ba602b/code_2.13-0.1.0-SNAPSHOT.jar:/Users/yudeng/Desktop/atsp/code/target/bg-jobs/sbt_161c3eaf/target/d4a281f3/3337e965/protobuf.jar:/Users/yudeng/Desktop/atsp/code/target/bg-jobs/sbt_161c3eaf/target/a761eb85/12543ae9/com.google.ortools.jar:/Users/yudeng/Desktop/atsp/code/target/bg-jobs/sbt_161c3eaf/target/9b2e4d82/37851899/scala-library-2.13.3.jar:/Users/yudeng/Desktop/atsp/code/target/bg-jobs/sbt_161c3eaf/target/6e5d9991/adce6847/scalatest_2.13-3.2.2.jar:/Users/yudeng/Desktop/atsp/code/target/bg-jobs/sbt_161c3eaf/target/84790c17/6649001c/poi-3.15-beta2.jar:/Users/yudeng/Desktop/atsp/code/target/bg-jobs/sbt_161c3eaf/target/472c4902/5fc67ecc/poi-ooxml-3.15-beta2.jar:/Users/yudeng/Desktop/atsp/code/target/bg-jobs/sbt_161c3eaf/target/6cd070e0/3e039909/poi-ooxml-schemas-3.15-beta2.jar:/Users/yudeng/Desktop/atsp/code/target/bg-jobs/sbt_161c3eaf/target/0b39f4c4/7bccdab4/optimus_2.13-3.2.4.jar:/Users/yudeng/Desktop/atsp/code/target/bg-jobs/sbt_161c3eaf/target/25921351/ef561290/optimus-solver-oj_2.13-3.2.4.jar:/Users/yudeng/Desktop/atsp/code/target/bg-jobs/sbt_161c3eaf/target/c1f63037/eb52c418/optimus-solver-lp_2.13-3.2.4.jar:/Users/yudeng/Desktop/atsp/code/target/bg-jobs/sbt_161c3eaf/target/fb91ca10/cff84903/scalatest-core_2.13-3.2.2.jar:/Users/yudeng/Desktop/atsp/code/target/bg-jobs/sbt_161c3eaf/target/79ed616b/e99b91e4/scalatest-featurespec_2.13-3.2.2.jar:/Users/yudeng/Desktop/atsp/code/target/bg-jobs/sbt_161c3eaf/target/73e88123/30ee1a9e/scalatest-flatspec_2.13-3.2.2.jar:/Users/yudeng/Desktop/atsp/code/target/bg-jobs/sbt_161c3eaf/target/4ad57e8f/3df0924a/scalatest-freespec_2.13-3.2.2.jar:/Users/yudeng/Desktop/atsp/code/target/bg-jobs/sbt_161c3eaf/target/10d3e622/b3f43a8d/scalatest-funsuite_2.13-3.2.2.jar:/Users/yudeng/Desktop/atsp/code/tar
Launcher Type: SUN_STANDARD

[Global flags]
     intx CICompilerCount                          = 4                                         {product} {ergonomic}
     uint ConcGCThreads                            = 2                                         {product} {ergonomic}
     uint G1ConcRefinementThreads                  = 8                                         {product} {ergonomic}
   size_t G1HeapRegionSize                         = 2097152                                   {product} {ergonomic}
    uintx GCDrainStackTargetSize                   = 64                                        {product} {ergonomic}
   size_t InitialHeapSize                          = 268435456                                 {product} {ergonomic}
   size_t MarkStackSize                            = 4194304                                   {product} {ergonomic}
   size_t MaxHeapSize                              = 4294967296                                {product} {ergonomic}
   size_t MaxNewSize                               = 2575302656                                {product} {ergonomic}
   size_t MinHeapDeltaBytes                        = 2097152                                   {product} {ergonomic}
   size_t MinHeapSize                              = 8388608                                   {product} {ergonomic}
    uintx NonNMethodCodeHeapSize                   = 5839372                                {pd product} {ergonomic}
    uintx NonProfiledCodeHeapSize                  = 122909434                              {pd product} {ergonomic}
    uintx ProfiledCodeHeapSize                     = 122909434                              {pd product} {ergonomic}
    uintx ReservedCodeCacheSize                    = 251658240                              {pd product} {ergonomic}
     bool SegmentedCodeCache                       = true                                      {product} {ergonomic}
   size_t SoftMaxHeapSize                          = 4294967296                             {manageable} {ergonomic}
     bool UseCompressedClassPointers               = true                                 {lp64_product} {ergonomic}
     bool UseCompressedOops                        = true                                 {lp64_product} {ergonomic}
     bool UseG1GC                                  = true                                      {product} {ergonomic}
     bool UseNUMA                                  = false                                     {product} {ergonomic}
     bool UseNUMAInterleaving                      = false                                     {product} {ergonomic}

Logging:
Log output configuration:
 #0: stdout all=warning uptime,level,tags
 #1: stderr all=off uptime,level,tags

Environment Variables:
JAVA_HOME=/Library/Java/JavaVirtualMachines/openjdk.jdk/Contents/Home
CLASSPATH=/Library/Java/JavaVirtualMachines/openjdk.jdk/Contents/Home/lib/tools.jar:/Library/Java/JavaVirtualMachines/openjdk.jdk/Contents/Home/lib/dt.jar:.
PATH=/Library/Java/JavaVirtualMachines/openjdk.jdk/Contents/Home/bin:/Library/Java/JavaVirtualMachines/openjdk.jdk/Contents/Home/bin:/usr/local/opt/openjdk/bin:/Library/Frameworks/Python.framework/Versions/3.6/bin:/anaconda3/bin:/Library/Frameworks/Python.framework/Versions/3.7/bin:/usr/local/bin:/usr/bin:/bin:/usr/sbin:/sbin:/Library/TeX/texbin:/usr/local/aria2/bin:/opt/X11/bin:.:.
SHELL=/bin/bash
DISPLAY=/private/tmp/com.apple.launchd.6qK3kQfXEI/org.macosforge.xquartz:0
LC_CTYPE=UTF-8

Signal Handlers:
SIGSEGV: [libjvm.dylib+0xa69a60], sa_mask[0]=11111111011111110111111111111111, sa_flags=SA_ONSTACK|SA_RESTART|SA_SIGINFO
SIGBUS: [libjvm.dylib+0xa69a60], sa_mask[0]=11111111011111110111111111111111, sa_flags=SA_RESTART|SA_SIGINFO
SIGFPE: [libjvm.dylib+0xa69a60], sa_mask[0]=11111111011111110111111111111111, sa_flags=SA_RESTART|SA_SIGINFO
SIGPIPE: [libjvm.dylib+0x82ae30], sa_mask[0]=11111111011111110111111111111111, sa_flags=SA_RESTART|SA_SIGINFO
SIGXFSZ: [libjvm.dylib+0x82ae30], sa_mask[0]=11111111011111110111111111111111, sa_flags=SA_RESTART|SA_SIGINFO
SIGILL: [libjvm.dylib+0xa69a60], sa_mask[0]=11111111011111110111111111111111, sa_flags=SA_RESTART|SA_SIGINFO
SIGUSR2: [libjvm.dylib+0x82b8d0], sa_mask[0]=00100000000000000000000000000000, sa_flags=SA_RESTART|SA_SIGINFO
SIGHUP: [libjvm.dylib+0x82a030], sa_mask[0]=11111111011111110111111111111111, sa_flags=SA_RESTART|SA_SIGINFO
SIGINT: [libjvm.dylib+0x82a030], sa_mask[0]=11111111011111110111111111111111, sa_flags=SA_RESTART|SA_SIGINFO
SIGTERM: [libjvm.dylib+0x82a030], sa_mask[0]=11111111011111110111111111111111, sa_flags=SA_RESTART|SA_SIGINFO
SIGQUIT: [libjvm.dylib+0x82a030], sa_mask[0]=11111111011111110111111111111111, sa_flags=SA_RESTART|SA_SIGINFO


---------------  S Y S T E M  ---------------

OS:uname: Darwin 19.4.0 Darwin Kernel Version 19.4.0: Wed Mar  4 22:28:40 PST 2020; root:xnu-6153.101.6~15/RELEASE_X86_64 x86_64
OS uptime: 11 days 20:12 hours
rlimit (soft/hard): STACK 8192k/65532k , CORE 0k/infinity , NPROC 2784/4176 , NOFILE 10240/infinity , AS infinity/infinity , CPU infinity/infinity , DATA infinity/infinity , FSIZE infinity/infinity , MEMLOCK infinity/infinity , RSS infinity/infinity
load average: 40.67 29.03 22.12

CPU: total 8 (initial active 8) (4 cores per cpu, 2 threads per core) family 6 model 158 stepping 9 microcode 0xca, cmov, cx8, fxsr, mmx, sse, sse2, sse3, ssse3, sse4.1, sse4.2, popcnt, vzeroupper, avx, avx2, aes, clmul, erms, 3dnowpref, lzcnt, ht, tsc, tscinvbit, bmi1, bmi2, adx, fma, clflush, clflushopt

Memory: 4k page, physical 16777216k(345856k free), swap 33554432k(1069824k free)

vm_info: OpenJDK 64-Bit Server VM (15.0.1+9) for bsd-amd64 JRE (15.0.1+9), built on Oct 28 2020 22:29:08 by "brew" with clang Apple LLVM 12.0.0 (clang-1200.0.32.21)

END.
