#
# A fatal error has been detected by the Java Runtime Environment:
#
#  SIGSEGV (0xb) at pc=0x0000000000000000, pid=22243, tid=5123
#
# JRE version: OpenJDK Runtime Environment (15.0.1+9) (build 15.0.1+9)
# Java VM: OpenJDK 64-Bit Server VM (15.0.1+9, mixed mode, sharing, tiered, compressed oops, g1 gc, bsd-amd64)
# Problematic frame:
# C  0x0000000000000000
#
# No core dump will be written. Core dumps have been disabled. To enable core dumping, try "ulimit -c unlimited" before starting Java again
#
# If you would like to submit a bug report, please visit:
#   https://bugreport.java.com/bugreport/crash.jsp
#

---------------  S U M M A R Y ------------

Command Line: -Djava.library.path=/Users/yudeng/OR_TOOLS/lib yu.YuExampleTest

Host: MacBookPro14,3 x86_64 2800 MHz, 8 cores, 16G, Darwin 19.4.0
Time: Fri Dec 11 15:32:57 2020 CET elapsed time: 2.268652 seconds (0d 0h 0m 2s)

---------------  T H R E A D  ---------------

Current thread is native thread

Stack: [0x00007000020db000,0x000070000215b000],  sp=0x000070000215afa0,  free space=511k

siginfo: si_signo: 11 (SIGSEGV), si_code: 1 (SEGV_MAPERR), si_addr: 0x0000000000000000

Registers:
RAX=0x0000000000000001, RBX=0x0000000000000000, RCX=0x0000000000000000, RDX=0x0000000000002000
RSP=0x000070000215afa0, RBP=0x0000000000000000, RSI=0x000070000225d000, RDI=0x0000700002159d40
R8 =0x00000000090008ff, R9 =0x0000000000000003, R10=0x00000001172a4858, R11=0x00007fff69fe13bc
R12=0x00000000000043b5, R13=0x000000000000000f, R14=0x0000000000000000, R15=0x0000000000000000
RIP=0x0000000000000000, EFLAGS=0x0000000000010202, ERR=0x0000000000000014
  TRAPNO=0x000000000000000e

Top of Stack: (sp=0x000070000215afa0)
0x000070000215afa0:   0000000000000000 0000000000000001
0x000070000215afb0:   000000000000001a 0000000000000505
0x000070000215afc0:   0000000000000000 0000000000000000
0x000070000215afd0:   000070000215aff0 00007fff69fdeb8b
0x000070000215afe0:   0000000000000000 0000000000000000
0x000070000215aff0:   0000000000000000 0000000000000000
0x000070000215b000:   3f6fda39386c7adc 0000000000000000
0x000070000215b010:   0000700002360000 00000001172d2dd0
0x000070000215b020:   0000000000000000 0000000000000000
0x000070000215b030:   0000000000000001 0000000a0000001f
0x000070000215b040:   0000000000000000 0001002800000000
0x000070000215b050:   0000000000000000 0000000000000000
0x000070000215b060:   0000000000000000 0000000000000000
0x000070000215b070:   0000000000000000 0000000000000000
0x000070000215b080:   0000000000000000 0000000000000000
0x000070000215b090:   000000010adf8e90 00007ffee4e1f8c0
0x000070000215b0a0:   0003000000000000 0000000000000000
0x000070000215b0b0:   000070000215b000 00007000020db000
0x000070000215b0c0:   00007000020da000 0000000000083000
0x000070000215b0d0:   0000000000001000 0000000000082d30
0x000070000215b0e0:   000070000215b000 000070000215b0ac
0x000070000215b0f0:   0000000000000d03 0000000000001403
0x000070000215b100:   00000000000008ff 0000000000000000
0x000070000215b110:   0000000000000000 3f6faa393a79cadc
0x000070000215b120:   0000000000000000 0000000000000000
0x000070000215b130:   0000000000000000 0000000000000000
0x000070000215b140:   00007ff33f304c60 0000000000000000
0x000070000215b150:   0000000000000000 0000000000000000
0x000070000215b160:   0000000000000000 0000000000000000
0x000070000215b170:   0000000000000000 0000000000000000
0x000070000215b180:   0000000000000000 0000000000000000
0x000070000215b190:   0000000000000000 0000000000000000 

Instructions: (pc=0x0000000000000000)
0xffffffffffffff00:   



---------------  P R O C E S S  ---------------

VM state: at safepoint (shutting down)

VM Mutex/Monitor currently owned by a thread:  ([mutex/lock_event])
[0x00007ff33d414920] Threads_lock - owner thread: 0x00007ff33d442010

Heap address: 0x0000000700000000, size: 4096 MB, Compressed Oops mode: Zero based, Oop shift amount: 3
CDS archive(s) mapped at: [0x0000000800000000-0x0000000800b2d000-0x0000000800b2d000), size 11718656, SharedBaseAddress: 0x0000000800000000, ArchiveRelocationMode: 0.
Compressed class space mapped at: 0x0000000800b30000-0x0000000840b30000, size: 1073741824
Narrow klass base: 0x0000000800000000, Narrow klass shift: 3, Narrow klass range: 0x100000000

GC Precious Log:
 CPUs: 8 total, 8 available
 Memory: 16384M
 Large Page Support: Disabled
 NUMA Support: Disabled
 Compressed Oops: Enabled (Zero based)
 Heap Region Size: 2M
 Heap Min Capacity: 8M
 Heap Initial Capacity: 256M
 Heap Max Capacity: 4G
 Pre-touch: Disabled
 Parallel Workers: 8
 Concurrent Workers: 2
 Concurrent Refinement Workers: 8
 Periodic GC: Disabled

Heap:
 garbage-first heap   total 266240K, used 16168K [0x0000000700000000, 0x0000000800000000)
  region size 2048K, 8 young (16384K), 0 survivors (0K)
 Metaspace       used 5966K, capacity 9342K, committed 9600K, reserved 1058816K
  class space    used 797K, capacity 1110K, committed 1152K, reserved 1048576K

Heap Regions: E=young(eden), S=young(survivor), O=old, HS=humongous(starts), HC=humongous(continues), CS=collection set, F=free, OA=open archive, CA=closed archive, TAMS=top-at-mark-start (previous, next)
|   0|0x0000000700000000, 0x0000000700000000, 0x0000000700200000|  0%| F|  |TAMS 0x0000000700000000, 0x0000000700000000| Untracked 
|   1|0x0000000700200000, 0x0000000700200000, 0x0000000700400000|  0%| F|  |TAMS 0x0000000700200000, 0x0000000700200000| Untracked 
|   2|0x0000000700400000, 0x0000000700400000, 0x0000000700600000|  0%| F|  |TAMS 0x0000000700400000, 0x0000000700400000| Untracked 
|   3|0x0000000700600000, 0x0000000700600000, 0x0000000700800000|  0%| F|  |TAMS 0x0000000700600000, 0x0000000700600000| Untracked 
|   4|0x0000000700800000, 0x0000000700800000, 0x0000000700a00000|  0%| F|  |TAMS 0x0000000700800000, 0x0000000700800000| Untracked 
|   5|0x0000000700a00000, 0x0000000700a00000, 0x0000000700c00000|  0%| F|  |TAMS 0x0000000700a00000, 0x0000000700a00000| Untracked 
|   6|0x0000000700c00000, 0x0000000700c00000, 0x0000000700e00000|  0%| F|  |TAMS 0x0000000700c00000, 0x0000000700c00000| Untracked 
|   7|0x0000000700e00000, 0x0000000700e00000, 0x0000000701000000|  0%| F|  |TAMS 0x0000000700e00000, 0x0000000700e00000| Untracked 
|   8|0x0000000701000000, 0x0000000701000000, 0x0000000701200000|  0%| F|  |TAMS 0x0000000701000000, 0x0000000701000000| Untracked 
|   9|0x0000000701200000, 0x0000000701200000, 0x0000000701400000|  0%| F|  |TAMS 0x0000000701200000, 0x0000000701200000| Untracked 
|  10|0x0000000701400000, 0x0000000701400000, 0x0000000701600000|  0%| F|  |TAMS 0x0000000701400000, 0x0000000701400000| Untracked 
|  11|0x0000000701600000, 0x0000000701600000, 0x0000000701800000|  0%| F|  |TAMS 0x0000000701600000, 0x0000000701600000| Untracked 
|  12|0x0000000701800000, 0x0000000701800000, 0x0000000701a00000|  0%| F|  |TAMS 0x0000000701800000, 0x0000000701800000| Untracked 
|  13|0x0000000701a00000, 0x0000000701a00000, 0x0000000701c00000|  0%| F|  |TAMS 0x0000000701a00000, 0x0000000701a00000| Untracked 
|  14|0x0000000701c00000, 0x0000000701c00000, 0x0000000701e00000|  0%| F|  |TAMS 0x0000000701c00000, 0x0000000701c00000| Untracked 
|  15|0x0000000701e00000, 0x0000000701e00000, 0x0000000702000000|  0%| F|  |TAMS 0x0000000701e00000, 0x0000000701e00000| Untracked 
|  16|0x0000000702000000, 0x0000000702000000, 0x0000000702200000|  0%| F|  |TAMS 0x0000000702000000, 0x0000000702000000| Untracked 
|  17|0x0000000702200000, 0x0000000702200000, 0x0000000702400000|  0%| F|  |TAMS 0x0000000702200000, 0x0000000702200000| Untracked 
|  18|0x0000000702400000, 0x0000000702400000, 0x0000000702600000|  0%| F|  |TAMS 0x0000000702400000, 0x0000000702400000| Untracked 
|  19|0x0000000702600000, 0x0000000702600000, 0x0000000702800000|  0%| F|  |TAMS 0x0000000702600000, 0x0000000702600000| Untracked 
|  20|0x0000000702800000, 0x0000000702800000, 0x0000000702a00000|  0%| F|  |TAMS 0x0000000702800000, 0x0000000702800000| Untracked 
|  21|0x0000000702a00000, 0x0000000702a00000, 0x0000000702c00000|  0%| F|  |TAMS 0x0000000702a00000, 0x0000000702a00000| Untracked 
|  22|0x0000000702c00000, 0x0000000702c00000, 0x0000000702e00000|  0%| F|  |TAMS 0x0000000702c00000, 0x0000000702c00000| Untracked 
|  23|0x0000000702e00000, 0x0000000702e00000, 0x0000000703000000|  0%| F|  |TAMS 0x0000000702e00000, 0x0000000702e00000| Untracked 
|  24|0x0000000703000000, 0x0000000703000000, 0x0000000703200000|  0%| F|  |TAMS 0x0000000703000000, 0x0000000703000000| Untracked 
|  25|0x0000000703200000, 0x0000000703200000, 0x0000000703400000|  0%| F|  |TAMS 0x0000000703200000, 0x0000000703200000| Untracked 
|  26|0x0000000703400000, 0x0000000703400000, 0x0000000703600000|  0%| F|  |TAMS 0x0000000703400000, 0x0000000703400000| Untracked 
|  27|0x0000000703600000, 0x0000000703600000, 0x0000000703800000|  0%| F|  |TAMS 0x0000000703600000, 0x0000000703600000| Untracked 
|  28|0x0000000703800000, 0x0000000703800000, 0x0000000703a00000|  0%| F|  |TAMS 0x0000000703800000, 0x0000000703800000| Untracked 
|  29|0x0000000703a00000, 0x0000000703a00000, 0x0000000703c00000|  0%| F|  |TAMS 0x0000000703a00000, 0x0000000703a00000| Untracked 
|  30|0x0000000703c00000, 0x0000000703c00000, 0x0000000703e00000|  0%| F|  |TAMS 0x0000000703c00000, 0x0000000703c00000| Untracked 
|  31|0x0000000703e00000, 0x0000000703e00000, 0x0000000704000000|  0%| F|  |TAMS 0x0000000703e00000, 0x0000000703e00000| Untracked 
|  32|0x0000000704000000, 0x0000000704000000, 0x0000000704200000|  0%| F|  |TAMS 0x0000000704000000, 0x0000000704000000| Untracked 
|  33|0x0000000704200000, 0x0000000704200000, 0x0000000704400000|  0%| F|  |TAMS 0x0000000704200000, 0x0000000704200000| Untracked 
|  34|0x0000000704400000, 0x0000000704400000, 0x0000000704600000|  0%| F|  |TAMS 0x0000000704400000, 0x0000000704400000| Untracked 
|  35|0x0000000704600000, 0x0000000704600000, 0x0000000704800000|  0%| F|  |TAMS 0x0000000704600000, 0x0000000704600000| Untracked 
|  36|0x0000000704800000, 0x0000000704800000, 0x0000000704a00000|  0%| F|  |TAMS 0x0000000704800000, 0x0000000704800000| Untracked 
|  37|0x0000000704a00000, 0x0000000704a00000, 0x0000000704c00000|  0%| F|  |TAMS 0x0000000704a00000, 0x0000000704a00000| Untracked 
|  38|0x0000000704c00000, 0x0000000704c00000, 0x0000000704e00000|  0%| F|  |TAMS 0x0000000704c00000, 0x0000000704c00000| Untracked 
|  39|0x0000000704e00000, 0x0000000704e00000, 0x0000000705000000|  0%| F|  |TAMS 0x0000000704e00000, 0x0000000704e00000| Untracked 
|  40|0x0000000705000000, 0x0000000705000000, 0x0000000705200000|  0%| F|  |TAMS 0x0000000705000000, 0x0000000705000000| Untracked 
|  41|0x0000000705200000, 0x0000000705200000, 0x0000000705400000|  0%| F|  |TAMS 0x0000000705200000, 0x0000000705200000| Untracked 
|  42|0x0000000705400000, 0x0000000705400000, 0x0000000705600000|  0%| F|  |TAMS 0x0000000705400000, 0x0000000705400000| Untracked 
|  43|0x0000000705600000, 0x0000000705600000, 0x0000000705800000|  0%| F|  |TAMS 0x0000000705600000, 0x0000000705600000| Untracked 
|  44|0x0000000705800000, 0x0000000705800000, 0x0000000705a00000|  0%| F|  |TAMS 0x0000000705800000, 0x0000000705800000| Untracked 
|  45|0x0000000705a00000, 0x0000000705a00000, 0x0000000705c00000|  0%| F|  |TAMS 0x0000000705a00000, 0x0000000705a00000| Untracked 
|  46|0x0000000705c00000, 0x0000000705c00000, 0x0000000705e00000|  0%| F|  |TAMS 0x0000000705c00000, 0x0000000705c00000| Untracked 
|  47|0x0000000705e00000, 0x0000000705e00000, 0x0000000706000000|  0%| F|  |TAMS 0x0000000705e00000, 0x0000000705e00000| Untracked 
|  48|0x0000000706000000, 0x0000000706000000, 0x0000000706200000|  0%| F|  |TAMS 0x0000000706000000, 0x0000000706000000| Untracked 
|  49|0x0000000706200000, 0x0000000706200000, 0x0000000706400000|  0%| F|  |TAMS 0x0000000706200000, 0x0000000706200000| Untracked 
|  50|0x0000000706400000, 0x0000000706400000, 0x0000000706600000|  0%| F|  |TAMS 0x0000000706400000, 0x0000000706400000| Untracked 
|  51|0x0000000706600000, 0x0000000706600000, 0x0000000706800000|  0%| F|  |TAMS 0x0000000706600000, 0x0000000706600000| Untracked 
|  52|0x0000000706800000, 0x0000000706800000, 0x0000000706a00000|  0%| F|  |TAMS 0x0000000706800000, 0x0000000706800000| Untracked 
|  53|0x0000000706a00000, 0x0000000706a00000, 0x0000000706c00000|  0%| F|  |TAMS 0x0000000706a00000, 0x0000000706a00000| Untracked 
|  54|0x0000000706c00000, 0x0000000706c00000, 0x0000000706e00000|  0%| F|  |TAMS 0x0000000706c00000, 0x0000000706c00000| Untracked 
|  55|0x0000000706e00000, 0x0000000706e00000, 0x0000000707000000|  0%| F|  |TAMS 0x0000000706e00000, 0x0000000706e00000| Untracked 
|  56|0x0000000707000000, 0x0000000707000000, 0x0000000707200000|  0%| F|  |TAMS 0x0000000707000000, 0x0000000707000000| Untracked 
|  57|0x0000000707200000, 0x0000000707200000, 0x0000000707400000|  0%| F|  |TAMS 0x0000000707200000, 0x0000000707200000| Untracked 
|  58|0x0000000707400000, 0x0000000707400000, 0x0000000707600000|  0%| F|  |TAMS 0x0000000707400000, 0x0000000707400000| Untracked 
|  59|0x0000000707600000, 0x0000000707600000, 0x0000000707800000|  0%| F|  |TAMS 0x0000000707600000, 0x0000000707600000| Untracked 
|  60|0x0000000707800000, 0x0000000707800000, 0x0000000707a00000|  0%| F|  |TAMS 0x0000000707800000, 0x0000000707800000| Untracked 
|  61|0x0000000707a00000, 0x0000000707a00000, 0x0000000707c00000|  0%| F|  |TAMS 0x0000000707a00000, 0x0000000707a00000| Untracked 
|  62|0x0000000707c00000, 0x0000000707c00000, 0x0000000707e00000|  0%| F|  |TAMS 0x0000000707c00000, 0x0000000707c00000| Untracked 
|  63|0x0000000707e00000, 0x0000000707e00000, 0x0000000708000000|  0%| F|  |TAMS 0x0000000707e00000, 0x0000000707e00000| Untracked 
|  64|0x0000000708000000, 0x0000000708000000, 0x0000000708200000|  0%| F|  |TAMS 0x0000000708000000, 0x0000000708000000| Untracked 
|  65|0x0000000708200000, 0x0000000708200000, 0x0000000708400000|  0%| F|  |TAMS 0x0000000708200000, 0x0000000708200000| Untracked 
|  66|0x0000000708400000, 0x0000000708400000, 0x0000000708600000|  0%| F|  |TAMS 0x0000000708400000, 0x0000000708400000| Untracked 
|  67|0x0000000708600000, 0x0000000708600000, 0x0000000708800000|  0%| F|  |TAMS 0x0000000708600000, 0x0000000708600000| Untracked 
|  68|0x0000000708800000, 0x0000000708800000, 0x0000000708a00000|  0%| F|  |TAMS 0x0000000708800000, 0x0000000708800000| Untracked 
|  69|0x0000000708a00000, 0x0000000708a00000, 0x0000000708c00000|  0%| F|  |TAMS 0x0000000708a00000, 0x0000000708a00000| Untracked 
|  70|0x0000000708c00000, 0x0000000708c00000, 0x0000000708e00000|  0%| F|  |TAMS 0x0000000708c00000, 0x0000000708c00000| Untracked 
|  71|0x0000000708e00000, 0x0000000708e00000, 0x0000000709000000|  0%| F|  |TAMS 0x0000000708e00000, 0x0000000708e00000| Untracked 
|  72|0x0000000709000000, 0x0000000709000000, 0x0000000709200000|  0%| F|  |TAMS 0x0000000709000000, 0x0000000709000000| Untracked 
|  73|0x0000000709200000, 0x0000000709200000, 0x0000000709400000|  0%| F|  |TAMS 0x0000000709200000, 0x0000000709200000| Untracked 
|  74|0x0000000709400000, 0x0000000709400000, 0x0000000709600000|  0%| F|  |TAMS 0x0000000709400000, 0x0000000709400000| Untracked 
|  75|0x0000000709600000, 0x0000000709600000, 0x0000000709800000|  0%| F|  |TAMS 0x0000000709600000, 0x0000000709600000| Untracked 
|  76|0x0000000709800000, 0x0000000709800000, 0x0000000709a00000|  0%| F|  |TAMS 0x0000000709800000, 0x0000000709800000| Untracked 
|  77|0x0000000709a00000, 0x0000000709a00000, 0x0000000709c00000|  0%| F|  |TAMS 0x0000000709a00000, 0x0000000709a00000| Untracked 
|  78|0x0000000709c00000, 0x0000000709c00000, 0x0000000709e00000|  0%| F|  |TAMS 0x0000000709c00000, 0x0000000709c00000| Untracked 
|  79|0x0000000709e00000, 0x0000000709e00000, 0x000000070a000000|  0%| F|  |TAMS 0x0000000709e00000, 0x0000000709e00000| Untracked 
|  80|0x000000070a000000, 0x000000070a000000, 0x000000070a200000|  0%| F|  |TAMS 0x000000070a000000, 0x000000070a000000| Untracked 
|  81|0x000000070a200000, 0x000000070a200000, 0x000000070a400000|  0%| F|  |TAMS 0x000000070a200000, 0x000000070a200000| Untracked 
|  82|0x000000070a400000, 0x000000070a400000, 0x000000070a600000|  0%| F|  |TAMS 0x000000070a400000, 0x000000070a400000| Untracked 
|  83|0x000000070a600000, 0x000000070a600000, 0x000000070a800000|  0%| F|  |TAMS 0x000000070a600000, 0x000000070a600000| Untracked 
|  84|0x000000070a800000, 0x000000070a800000, 0x000000070aa00000|  0%| F|  |TAMS 0x000000070a800000, 0x000000070a800000| Untracked 
|  85|0x000000070aa00000, 0x000000070aa00000, 0x000000070ac00000|  0%| F|  |TAMS 0x000000070aa00000, 0x000000070aa00000| Untracked 
|  86|0x000000070ac00000, 0x000000070ac00000, 0x000000070ae00000|  0%| F|  |TAMS 0x000000070ac00000, 0x000000070ac00000| Untracked 
|  87|0x000000070ae00000, 0x000000070ae00000, 0x000000070b000000|  0%| F|  |TAMS 0x000000070ae00000, 0x000000070ae00000| Untracked 
|  88|0x000000070b000000, 0x000000070b000000, 0x000000070b200000|  0%| F|  |TAMS 0x000000070b000000, 0x000000070b000000| Untracked 
|  89|0x000000070b200000, 0x000000070b200000, 0x000000070b400000|  0%| F|  |TAMS 0x000000070b200000, 0x000000070b200000| Untracked 
|  90|0x000000070b400000, 0x000000070b400000, 0x000000070b600000|  0%| F|  |TAMS 0x000000070b400000, 0x000000070b400000| Untracked 
|  91|0x000000070b600000, 0x000000070b600000, 0x000000070b800000|  0%| F|  |TAMS 0x000000070b600000, 0x000000070b600000| Untracked 
|  92|0x000000070b800000, 0x000000070b800000, 0x000000070ba00000|  0%| F|  |TAMS 0x000000070b800000, 0x000000070b800000| Untracked 
|  93|0x000000070ba00000, 0x000000070ba00000, 0x000000070bc00000|  0%| F|  |TAMS 0x000000070ba00000, 0x000000070ba00000| Untracked 
|  94|0x000000070bc00000, 0x000000070bc00000, 0x000000070be00000|  0%| F|  |TAMS 0x000000070bc00000, 0x000000070bc00000| Untracked 
|  95|0x000000070be00000, 0x000000070be00000, 0x000000070c000000|  0%| F|  |TAMS 0x000000070be00000, 0x000000070be00000| Untracked 
|  96|0x000000070c000000, 0x000000070c000000, 0x000000070c200000|  0%| F|  |TAMS 0x000000070c000000, 0x000000070c000000| Untracked 
|  97|0x000000070c200000, 0x000000070c200000, 0x000000070c400000|  0%| F|  |TAMS 0x000000070c200000, 0x000000070c200000| Untracked 
|  98|0x000000070c400000, 0x000000070c400000, 0x000000070c600000|  0%| F|  |TAMS 0x000000070c400000, 0x000000070c400000| Untracked 
|  99|0x000000070c600000, 0x000000070c600000, 0x000000070c800000|  0%| F|  |TAMS 0x000000070c600000, 0x000000070c600000| Untracked 
| 100|0x000000070c800000, 0x000000070c800000, 0x000000070ca00000|  0%| F|  |TAMS 0x000000070c800000, 0x000000070c800000| Untracked 
| 101|0x000000070ca00000, 0x000000070ca00000, 0x000000070cc00000|  0%| F|  |TAMS 0x000000070ca00000, 0x000000070ca00000| Untracked 
| 102|0x000000070cc00000, 0x000000070cc00000, 0x000000070ce00000|  0%| F|  |TAMS 0x000000070cc00000, 0x000000070cc00000| Untracked 
| 103|0x000000070ce00000, 0x000000070ce00000, 0x000000070d000000|  0%| F|  |TAMS 0x000000070ce00000, 0x000000070ce00000| Untracked 
| 104|0x000000070d000000, 0x000000070d000000, 0x000000070d200000|  0%| F|  |TAMS 0x000000070d000000, 0x000000070d000000| Untracked 
| 105|0x000000070d200000, 0x000000070d200000, 0x000000070d400000|  0%| F|  |TAMS 0x000000070d200000, 0x000000070d200000| Untracked 
| 106|0x000000070d400000, 0x000000070d400000, 0x000000070d600000|  0%| F|  |TAMS 0x000000070d400000, 0x000000070d400000| Untracked 
| 107|0x000000070d600000, 0x000000070d600000, 0x000000070d800000|  0%| F|  |TAMS 0x000000070d600000, 0x000000070d600000| Untracked 
| 108|0x000000070d800000, 0x000000070d800000, 0x000000070da00000|  0%| F|  |TAMS 0x000000070d800000, 0x000000070d800000| Untracked 
| 109|0x000000070da00000, 0x000000070da00000, 0x000000070dc00000|  0%| F|  |TAMS 0x000000070da00000, 0x000000070da00000| Untracked 
| 110|0x000000070dc00000, 0x000000070dc00000, 0x000000070de00000|  0%| F|  |TAMS 0x000000070dc00000, 0x000000070dc00000| Untracked 
| 111|0x000000070de00000, 0x000000070de00000, 0x000000070e000000|  0%| F|  |TAMS 0x000000070de00000, 0x000000070de00000| Untracked 
| 112|0x000000070e000000, 0x000000070e000000, 0x000000070e200000|  0%| F|  |TAMS 0x000000070e000000, 0x000000070e000000| Untracked 
| 113|0x000000070e200000, 0x000000070e200000, 0x000000070e400000|  0%| F|  |TAMS 0x000000070e200000, 0x000000070e200000| Untracked 
| 114|0x000000070e400000, 0x000000070e400000, 0x000000070e600000|  0%| F|  |TAMS 0x000000070e400000, 0x000000070e400000| Untracked 
| 115|0x000000070e600000, 0x000000070e600000, 0x000000070e800000|  0%| F|  |TAMS 0x000000070e600000, 0x000000070e600000| Untracked 
| 116|0x000000070e800000, 0x000000070e800000, 0x000000070ea00000|  0%| F|  |TAMS 0x000000070e800000, 0x000000070e800000| Untracked 
| 117|0x000000070ea00000, 0x000000070ea00000, 0x000000070ec00000|  0%| F|  |TAMS 0x000000070ea00000, 0x000000070ea00000| Untracked 
| 118|0x000000070ec00000, 0x000000070ec00000, 0x000000070ee00000|  0%| F|  |TAMS 0x000000070ec00000, 0x000000070ec00000| Untracked 
| 119|0x000000070ee00000, 0x000000070ee00000, 0x000000070f000000|  0%| F|  |TAMS 0x000000070ee00000, 0x000000070ee00000| Untracked 
| 120|0x000000070f000000, 0x000000070f200000, 0x000000070f200000|100%| E|  |TAMS 0x000000070f000000, 0x000000070f000000| Complete 
| 121|0x000000070f200000, 0x000000070f400000, 0x000000070f400000|100%| E|CS|TAMS 0x000000070f200000, 0x000000070f200000| Complete 
| 122|0x000000070f400000, 0x000000070f600000, 0x000000070f600000|100%| E|CS|TAMS 0x000000070f400000, 0x000000070f400000| Complete 
| 123|0x000000070f600000, 0x000000070f800000, 0x000000070f800000|100%| E|CS|TAMS 0x000000070f600000, 0x000000070f600000| Complete 
| 124|0x000000070f800000, 0x000000070fa00000, 0x000000070fa00000|100%| E|CS|TAMS 0x000000070f800000, 0x000000070f800000| Complete 
| 125|0x000000070fa00000, 0x000000070fc00000, 0x000000070fc00000|100%| E|CS|TAMS 0x000000070fa00000, 0x000000070fa00000| Complete 
| 126|0x000000070fc00000, 0x000000070fe00000, 0x000000070fe00000|100%| E|CS|TAMS 0x000000070fc00000, 0x000000070fc00000| Complete 
| 127|0x000000070fe00000, 0x0000000710000000, 0x0000000710000000|100%| E|CS|TAMS 0x000000070fe00000, 0x000000070fe00000| Complete 
|1534|0x00000007bfc00000, 0x00000007bfd51000, 0x00000007bfe00000| 65%|OA|  |TAMS 0x00000007bfc00000, 0x00000007bfc00000| Untracked 
|1535|0x00000007bfe00000, 0x00000007bfe79000, 0x00000007c0000000| 23%|CA|  |TAMS 0x00000007bfe00000, 0x00000007bfe00000| Untracked 

Card table byte_map: [0x0000000116529000,0x0000000116d29000] _byte_map_base: 0x0000000112d29000

Marking Bits (Prev, Next): (CMBitMap*) 0x00007ff340808210, (CMBitMap*) 0x00007ff340808250
 Prev Bits: [0x0000000126b0d000, 0x000000012ab0d000)
 Next Bits: [0x000000012ab0d000, 0x000000012eb0d000)

Polling page: 0x000000010ae3f000

Metaspace:

Usage:
  Non-class:      8.04 MB capacity,     5.05 MB ( 63%) used,     2.98 MB ( 37%) free+waste,     6.00 KB ( <1%) overhead. 
      Class:      1.08 MB capacity,   797.09 KB ( 72%) used,   310.35 KB ( 28%) free+waste,     2.56 KB ( <1%) overhead. 
       Both:      9.12 MB capacity,     5.83 MB ( 64%) used,     3.29 MB ( 36%) free+waste,     8.56 KB ( <1%) overhead. 

Virtual space:
  Non-class space:       10.00 MB reserved,       8.25 MB ( 82%) committed 
      Class space:        1.00 GB reserved,       1.12 MB ( <1%) committed 
             Both:        1.01 GB reserved,       9.38 MB ( <1%) committed 

Chunk freelists:
   Non-Class:  56.00 KB
       Class:  10.00 KB
        Both:  66.00 KB

MaxMetaspaceSize: 17179869184.00 GB
CompressedClassSpaceSize: 1.00 GB

CodeHeap 'non-profiled nmethods': size=120028Kb used=161Kb max_used=161Kb free=119866Kb
 bounds [0x000000011edd6000, 0x000000011f046000, 0x000000012630d000]
CodeHeap 'profiled nmethods': size=120028Kb used=908Kb max_used=908Kb free=119119Kb
 bounds [0x000000011789f000, 0x0000000117b0f000, 0x000000011edd6000]
CodeHeap 'non-nmethods': size=5704Kb used=1155Kb max_used=1170Kb free=4548Kb
 bounds [0x000000011730d000, 0x000000011757d000, 0x000000011789f000]
 total_blobs=977 nmethods=564 adapters=327
 compilation: enabled
              stopped_count=0, restarted_count=0
 full_count=0

Compilation events (20 events):
Event: 2.226 Thread 0x00007ff33d901400  555       3       jdk.internal.loader.BuiltinClassLoader::isSealed (71 bytes)
Event: 2.227 Thread 0x00007ff33d901400 nmethod 555 0x0000000117978190 code [0x0000000117978580, 0x0000000117979f10]
Event: 2.227 Thread 0x00007ff33d901400  556       3       java.lang.ClassLoader::compareCerts (197 bytes)
Event: 2.228 Thread 0x00007ff33d901400 nmethod 556 0x000000011797a910 code [0x000000011797ab20, 0x000000011797b370]
Event: 2.230 Thread 0x00007ff33d901400  557       3       sun.nio.cs.UTF_8$Encoder::encodeArrayLoop (489 bytes)
Event: 2.233 Thread 0x00007ff33d901400 nmethod 557 0x000000011797b690 code [0x000000011797bc60, 0x000000011797f1a0]
Event: 2.233 Thread 0x00007ff33d901400  558       3       java.io.BufferedOutputStream::flushBuffer (29 bytes)
Event: 2.233 Thread 0x00007ff33d901400 nmethod 558 0x0000000117980290 code [0x0000000117980420, 0x0000000117980640]
Event: 2.233 Thread 0x00007ff33d901400  559       3       java.nio.charset.CoderResult::isUnderflow (13 bytes)
Event: 2.233 Thread 0x00007ff33d901400 nmethod 559 0x0000000117980710 code [0x00000001179808a0, 0x00000001179809f0]
Event: 2.234 Thread 0x00007ff33d901400  560       3       java.lang.String::getChars (54 bytes)
Event: 2.234 Thread 0x00007ff33d901400 nmethod 560 0x0000000117980a90 code [0x0000000117980c80, 0x00000001179810d0]
Event: 2.234 Thread 0x00007ff33d901400  561       3       java.lang.StringLatin1::getChars (12 bytes)
Event: 2.234 Thread 0x00007ff33d901400 nmethod 561 0x0000000117981290 code [0x0000000117981420, 0x0000000117981520]
Event: 2.234 Thread 0x00007ff33d901400  562       3       java.io.PrintStream::ensureOpen (18 bytes)
Event: 2.234 Thread 0x00007ff33d901400 nmethod 562 0x0000000117981610 code [0x00000001179817c0, 0x00000001179819e0]
Event: 2.234 Thread 0x00007ff33d901400  563       3       java.io.BufferedWriter::ensureOpen (18 bytes)
Event: 2.235 Thread 0x00007ff33d901400 nmethod 563 0x0000000117981b10 code [0x0000000117981cc0, 0x0000000117981ee0]
Event: 2.235 Thread 0x00007ff33d901400  564       3       java.io.OutputStream::flush (1 bytes)
Event: 2.235 Thread 0x00007ff33d901400 nmethod 564 0x0000000117982010 code [0x00000001179821a0, 0x0000000117982290]

GC Heap History (0 events):
No events

Deoptimization events (2 events):
Event: 0.152 Thread 0x00007ff33e809e00 DEOPT PACKING pc=0x00000001178c5cc5 sp=0x000070000225b740
Event: 0.152 Thread 0x00007ff33e809e00 DEOPT UNPACKING pc=0x000000011735af2b sp=0x000070000225abc0 mode 0

Classes unloaded (0 events):
No events

Classes redefined (0 events):
No events

Internal exceptions (11 events):
Event: 0.443 Thread 0x00007ff33e809e00 Exception <a 'java/lang/NoSuchMethodError'{0x000000070f829138}: 'void java.lang.invoke.Invokers$Holder.invoke_MT(java.lang.Object, java.lang.Object)'> (0x000000070f829138) 
thrown [src/hotspot/share/interpreter/linkResolver.cpp, line 782]
Event: 0.446 Thread 0x00007ff33e809e00 Exception <a 'java/lang/NoSuchMethodError'{0x000000070f830bc8}: 'java.lang.Object java.lang.invoke.Invokers$Holder.invokeExact_MT(java.lang.Object, java.lang.Object, java.lang.Object, java.lang.Object, java.lang.Object, java.lang.Object)'> (0x000000070f830bc8) 
thrown [src/hotspot/share/interpreter/linkResolver.cpp, line 782]
Event: 0.572 Thread 0x00007ff33e809e00 Exception <a 'java/lang/NoSuchMethodError'{0x000000070f968eb0}: 'java.lang.Object java.lang.invoke.DirectMethodHandle$Holder.invokeStatic(java.lang.Object)'> (0x000000070f968eb0) 
thrown [src/hotspot/share/interpreter/linkResolver.cpp, line 782]
Event: 0.573 Thread 0x00007ff33e809e00 Exception <a 'java/lang/NoSuchMethodError'{0x000000070f96c930}: 'java.lang.Object java.lang.invoke.DirectMethodHandle$Holder.invokeStaticInit(java.lang.Object)'> (0x000000070f96c930) 
thrown [src/hotspot/share/interpreter/linkResolver.cpp, line 782]
Event: 0.791 Thread 0x00007ff33e809e00 Exception <a 'java/lang/NoSuchMethodError'{0x000000070f754a18}: 'java.lang.Object java.lang.invoke.DirectMethodHandle$Holder.invokeStatic(java.lang.Object, java.lang.Object, int, java.lang.Object)'> (0x000000070f754a18) 
thrown [src/hotspot/share/interpreter/linkResolver.cpp, line 782]
Event: 0.792 Thread 0x00007ff33e809e00 Exception <a 'java/lang/NoSuchMethodError'{0x000000070f7744c0}: 'java.lang.Object java.lang.invoke.DirectMethodHandle$Holder.newInvokeSpecial(java.lang.Object, java.lang.Object, int, java.lang.Object)'> (0x000000070f7744c0) 
thrown [src/hotspot/share/interpreter/linkResolver.cpp, line 782]
Event: 0.793 Thread 0x00007ff33e809e00 Exception <a 'java/lang/NoSuchMethodError'{0x000000070f7787d8}: 'java.lang.Object java.lang.invoke.DirectMethodHandle$Holder.invokeSpecial(java.lang.Object, java.lang.Object, java.lang.Object, int, java.lang.Object)'> (0x000000070f7787d8) 
thrown [src/hotspot/share/interpreter/linkResolver.cpp, line 782]
Event: 0.804 Thread 0x00007ff33e809e00 Exception <a 'java/lang/NoSuchMethodError'{0x000000070f781db0}: 'void java.lang.invoke.DirectMethodHandle$Holder.invokeStatic(java.lang.Object, java.lang.Object)'> (0x000000070f781db0) 
thrown [src/hotspot/share/interpreter/linkResolver.cpp, line 782]
Event: 1.101 Thread 0x00007ff33e809e00 Exception <a 'java/lang/NoSuchMethodError'{0x000000070f270478}: 'void java.lang.invoke.DirectMethodHandle$Holder.invokeStaticInit(java.lang.Object, java.lang.Object)'> (0x000000070f270478) 
thrown [src/hotspot/share/interpreter/linkResolver.cpp, line 782]
Event: 1.193 Thread 0x00007ff33e809e00 Exception <a 'java/lang/NoSuchMethodError'{0x000000070f2aaea0}: 'java.lang.Object java.lang.invoke.DirectMethodHandle$Holder.invokeStaticInit(java.lang.Object, java.lang.Object, java.lang.Object)'> (0x000000070f2aaea0) 
thrown [src/hotspot/share/interpreter/linkResolver.cpp, line 782]
Event: 2.208 Thread 0x00007ff33e809e00 Exception <a 'java/lang/NoSuchMethodError'{0x000000070f150b80}: 'java.lang.Object java.lang.invoke.DirectMethodHandle$Holder.newInvokeSpecial(java.lang.Object, java.lang.Object, java.lang.Object, java.lang.Object, java.lang.Object)'> (0x000000070f150b80) 
thrown [src/hotspot/share/interpreter/linkResolver.cpp, line 782]

Events (20 events):
Event: 1.192 loading class java/security/MessageDigest$Delegate$CloneableDelegate done
Event: 1.192 loading class sun/security/provider/ByteArrayAccess
Event: 1.192 loading class sun/security/provider/ByteArrayAccess done
Event: 1.253 loading class java/lang/StrictMath
Event: 1.253 loading class java/lang/StrictMath done
Event: 1.776 Executing VM operation: HandshakeAllThreads
Event: 1.776 Executing VM operation: HandshakeAllThreads done
Event: 2.113 Loaded shared library /Users/yudeng/OR_TOOLS/lib/libjniortools.jnilib
Event: 2.114 Executing VM operation: HandshakeAllThreads
Event: 2.114 Executing VM operation: HandshakeAllThreads done
Event: 2.230 loading class java/lang/Throwable$WrappedPrintStream
Event: 2.230 loading class java/lang/Throwable$PrintStreamOrWriter
Event: 2.230 loading class java/lang/Throwable$PrintStreamOrWriter done
Event: 2.230 loading class java/lang/Throwable$WrappedPrintStream done
Event: 2.235 Protecting memory [0x000070000215d000,0x0000700002161000] with protection modes 3
Event: 2.235 Thread 0x00007ff33e809e00 Thread exited: 0x00007ff33e809e00
Event: 2.236 Protecting memory [0x000070000215d000,0x0000700002161000] with protection modes 0
Event: 2.236 Thread 0x00007ff340152e00 Thread added: 0x00007ff340152e00
Event: 2.256 Protecting memory [0x000070000215d000,0x0000700002161000] with protection modes 3
Event: 2.256 Thread 0x00007ff340152e00 Thread exited: 0x00007ff340152e00


Dynamic libraries:
0x00007fff69300000 	/usr/lib/libz.1.dylib
0x000000010aded000 	/usr/local/Cellar/openjdk/15.0.1/libexec/openjdk.jdk/Contents/Home/lib/libjli.dylib
0x00007fff2ef78000 	/System/Library/Frameworks/Cocoa.framework/Versions/A/Cocoa
0x00007fff3c755000 	/System/Library/Frameworks/Security.framework/Versions/A/Security
0x00007fff2dee2000 	/System/Library/Frameworks/ApplicationServices.framework/Versions/A/ApplicationServices
0x00007fff66dc4000 	/usr/lib/libSystem.B.dylib
0x00007fff69bc0000 	/usr/lib/system/libcache.dylib
0x00007fff69bc6000 	/usr/lib/system/libcommonCrypto.dylib
0x00007fff69bd2000 	/usr/lib/system/libcompiler_rt.dylib
0x00007fff69bda000 	/usr/lib/system/libcopyfile.dylib
0x00007fff69be4000 	/usr/lib/system/libcorecrypto.dylib
0x00007fff69d83000 	/usr/lib/system/libdispatch.dylib
0x00007fff69dc4000 	/usr/lib/system/libdyld.dylib
0x00007fff69dfb000 	/usr/lib/system/libkeymgr.dylib
0x00007fff69e09000 	/usr/lib/system/liblaunch.dylib
0x00007fff69e0a000 	/usr/lib/system/libmacho.dylib
0x00007fff69e10000 	/usr/lib/system/libquarantine.dylib
0x00007fff69e13000 	/usr/lib/system/libremovefile.dylib
0x00007fff69e15000 	/usr/lib/system/libsystem_asl.dylib
0x00007fff69e2d000 	/usr/lib/system/libsystem_blocks.dylib
0x00007fff69e2e000 	/usr/lib/system/libsystem_c.dylib
0x00007fff69eb6000 	/usr/lib/system/libsystem_configuration.dylib
0x00007fff69eba000 	/usr/lib/system/libsystem_coreservices.dylib
0x00007fff69ebe000 	/usr/lib/system/libsystem_darwin.dylib
0x00007fff69ec7000 	/usr/lib/system/libsystem_dnssd.dylib
0x00007fff69ecf000 	/usr/lib/system/libsystem_featureflags.dylib
0x00007fff69ed1000 	/usr/lib/system/libsystem_info.dylib
0x00007fff69f4c000 	/usr/lib/system/libsystem_m.dylib
0x00007fff69f94000 	/usr/lib/system/libsystem_malloc.dylib
0x00007fff69fbc000 	/usr/lib/system/libsystem_networkextension.dylib
0x00007fff69fca000 	/usr/lib/system/libsystem_notify.dylib
0x00007fff69fe8000 	/usr/lib/system/libsystem_sandbox.dylib
0x00007fff69fed000 	/usr/lib/system/libsystem_secinit.dylib
0x00007fff69f1f000 	/usr/lib/system/libsystem_kernel.dylib
0x00007fff69fd4000 	/usr/lib/system/libsystem_platform.dylib
0x00007fff69fdd000 	/usr/lib/system/libsystem_pthread.dylib
0x00007fff69ff0000 	/usr/lib/system/libsystem_symptoms.dylib
0x00007fff69ff8000 	/usr/lib/system/libsystem_trace.dylib
0x00007fff6a010000 	/usr/lib/system/libunwind.dylib
0x00007fff6a016000 	/usr/lib/system/libxpc.dylib
0x00007fff68c24000 	/usr/lib/libobjc.A.dylib
0x00007fff670fd000 	/usr/lib/libc++abi.dylib
0x00007fff670aa000 	/usr/lib/libc++.1.dylib
0x00007fff2fe13000 	/System/Library/Frameworks/CoreFoundation.framework/Versions/A/CoreFoundation
0x00007fff324c9000 	/System/Library/Frameworks/Foundation.framework/Versions/C/Foundation
0x00007fff2d0d3000 	/System/Library/Frameworks/AppKit.framework/Versions/C/AppKit
0x00007fff2f8fc000 	/System/Library/Frameworks/CoreData.framework/Versions/A/CoreData
0x00007fff60de5000 	/System/Library/PrivateFrameworks/UIFoundation.framework/Versions/A/UIFoundation
0x00007fff5be93000 	/System/Library/PrivateFrameworks/RemoteViewServices.framework/Versions/A/RemoteViewServices
0x00007fff63939000 	/System/Library/PrivateFrameworks/XCTTargetBootstrap.framework/Versions/A/XCTTargetBootstrap
0x00007fff2fce7000 	/System/Library/Frameworks/CoreDisplay.framework/Versions/A/CoreDisplay
0x00007fff35382000 	/System/Library/Frameworks/Metal.framework/Versions/A/Metal
0x00007fff49eec000 	/System/Library/PrivateFrameworks/DesktopServicesPriv.framework/Versions/A/DesktopServicesPriv
0x00007fff67f01000 	/usr/lib/liblangid.dylib
0x00007fff49185000 	/System/Library/PrivateFrameworks/CoreSVG.framework/Versions/A/CoreSVG
0x00007fff5efe9000 	/System/Library/PrivateFrameworks/SkyLight.framework/Versions/A/SkyLight
0x00007fff30294000 	/System/Library/Frameworks/CoreGraphics.framework/Versions/A/CoreGraphics
0x00007fff2baa7000 	/System/Library/Frameworks/Accelerate.framework/Versions/A/Accelerate
0x00007fff691f1000 	/usr/lib/libxml2.2.dylib
0x00007fff54e45000 	/System/Library/PrivateFrameworks/IconServices.framework/Versions/A/IconServices
0x00007fff32ca8000 	/System/Library/Frameworks/IOSurface.framework/Versions/A/IOSurface
0x00007fff668ee000 	/usr/lib/libDiagnosticMessagesClient.dylib
0x00007fff49d46000 	/System/Library/PrivateFrameworks/DFRFoundation.framework/Versions/A/DFRFoundation
0x00007fff67c90000 	/usr/lib/libicucore.A.dylib
0x00007fff2e214000 	/System/Library/Frameworks/AudioToolbox.framework/Versions/A/AudioToolbox
0x00007fff2e2f7000 	/System/Library/Frameworks/AudioUnit.framework/Versions/A/AudioUnit
0x00007fff66fc6000 	/usr/lib/libauto.dylib
0x00007fff49de8000 	/System/Library/PrivateFrameworks/DataDetectorsCore.framework/Versions/A/DataDetectorsCore
0x00007fff2ea99000 	/System/Library/Frameworks/Carbon.framework/Versions/A/Frameworks/HIToolbox.framework/Versions/A/HIToolbox
0x00007fff3b952000 	/System/Library/Frameworks/QuartzCore.framework/Versions/A/QuartzCore
0x00007fff2edd8000 	/System/Library/Frameworks/Carbon.framework/Versions/A/Frameworks/SpeechRecognition.framework/Versions/A/SpeechRecognition
0x00007fff4985d000 	/System/Library/PrivateFrameworks/CoreUI.framework/Versions/A/CoreUI
0x00007fff2f367000 	/System/Library/Frameworks/CoreAudio.framework/Versions/A/CoreAudio
0x00007fff3218e000 	/System/Library/Frameworks/DiskArbitration.framework/Versions/A/DiskArbitration
0x00007fff56e92000 	/System/Library/PrivateFrameworks/MultitouchSupport.framework/Versions/A/MultitouchSupport
0x00007fff67b57000 	/usr/lib/libenergytrace.dylib
0x00007fff32c02000 	/System/Library/Frameworks/IOKit.framework/Versions/A/IOKit
0x00007fff311fb000 	/System/Library/Frameworks/CoreServices.framework/Versions/A/CoreServices
0x00007fff59029000 	/System/Library/PrivateFrameworks/PerformanceAnalysis.framework/Versions/A/PerformanceAnalysis
0x00007fff3a985000 	/System/Library/Frameworks/OpenGL.framework/Versions/A/OpenGL
0x00007fff2ef86000 	/System/Library/Frameworks/ColorSync.framework/Versions/A/ColorSync
0x00007fff30916000 	/System/Library/Frameworks/CoreImage.framework/Versions/A/CoreImage
0x00007fff31c6d000 	/System/Library/Frameworks/CoreText.framework/Versions/A/CoreText
0x00007fff32d38000 	/System/Library/Frameworks/ImageIO.framework/Versions/A/ImageIO
0x00007fff67126000 	/usr/lib/libcompression.dylib
0x00007fff66c32000 	/usr/lib/libMobileGestalt.dylib
0x00007fff60b5e000 	/System/Library/PrivateFrameworks/TextureIO.framework/Versions/A/TextureIO
0x00007fff66f29000 	/usr/lib/libate.dylib
0x00007fff5504e000 	/System/Library/PrivateFrameworks/InternationalSupport.framework/Versions/A/InternationalSupport
0x00007fff67f03000 	/usr/lib/liblzma.5.dylib
0x00007fff67b7e000 	/usr/lib/libfakelink.dylib
0x00007fff66eb6000 	/usr/lib/libarchive.2.dylib
0x00007fff3d805000 	/System/Library/Frameworks/SystemConfiguration.framework/Versions/A/SystemConfiguration
0x00007fff66821000 	/usr/lib/libCRFSuite.dylib
0x00007fff2e68a000 	/System/Library/Frameworks/CFNetwork.framework/Versions/A/CFNetwork
0x00007fff6708c000 	/usr/lib/libbsm.0.dylib
0x00007fff69dfc000 	/usr/lib/system/libkxld.dylib
0x00007fff4371b000 	/System/Library/PrivateFrameworks/AppleFSCompression.framework/Versions/A/AppleFSCompression
0x00007fff67417000 	/usr/lib/libcoretls.dylib
0x00007fff6742e000 	/usr/lib/libcoretls_cfhelpers.dylib
0x00007fff68c6a000 	/usr/lib/libpam.2.dylib
0x00007fff68d9f000 	/usr/lib/libsqlite3.dylib
0x00007fff691de000 	/usr/lib/libxar.1.dylib
0x00007fff6709d000 	/usr/lib/libbz2.1.0.dylib
0x00007fff67b9f000 	/usr/lib/libiconv.2.dylib
0x00007fff67113000 	/usr/lib/libcharset.1.dylib
0x00007fff68709000 	/usr/lib/libnetwork.dylib
0x00007fff68c71000 	/usr/lib/libpcap.A.dylib
0x00007fff66e6b000 	/usr/lib/libapple_nghttp2.dylib
0x00007fff315b2000 	/System/Library/Frameworks/CoreServices.framework/Versions/A/Frameworks/FSEvents.framework/Versions/A/FSEvents
0x00007fff31282000 	/System/Library/Frameworks/CoreServices.framework/Versions/A/Frameworks/CarbonCore.framework/Versions/A/CarbonCore
0x00007fff317f5000 	/System/Library/Frameworks/CoreServices.framework/Versions/A/Frameworks/Metadata.framework/Versions/A/Metadata
0x00007fff3188e000 	/System/Library/Frameworks/CoreServices.framework/Versions/A/Frameworks/OSServices.framework/Versions/A/OSServices
0x00007fff318bc000 	/System/Library/Frameworks/CoreServices.framework/Versions/A/Frameworks/SearchKit.framework/Versions/A/SearchKit
0x00007fff311fc000 	/System/Library/Frameworks/CoreServices.framework/Versions/A/Frameworks/AE.framework/Versions/A/AE
0x00007fff315bb000 	/System/Library/Frameworks/CoreServices.framework/Versions/A/Frameworks/LaunchServices.framework/Versions/A/LaunchServices
0x00007fff31564000 	/System/Library/Frameworks/CoreServices.framework/Versions/A/Frameworks/DictionaryServices.framework/Versions/A/DictionaryServices
0x00007fff31924000 	/System/Library/Frameworks/CoreServices.framework/Versions/A/Frameworks/SharedFileList.framework/Versions/A/SharedFileList
0x00007fff367a5000 	/System/Library/Frameworks/NetFS.framework/Versions/A/NetFS
0x00007fff573c1000 	/System/Library/PrivateFrameworks/NetAuth.framework/Versions/A/NetAuth
0x00007fff63d06000 	/System/Library/PrivateFrameworks/login.framework/Versions/A/Frameworks/loginsupport.framework/Versions/A/loginsupport
0x00007fff6062b000 	/System/Library/PrivateFrameworks/TCC.framework/Versions/A/TCC
0x00007fff482f8000 	/System/Library/PrivateFrameworks/CoreNLP.framework/Versions/A/CoreNLP
0x00007fff568c0000 	/System/Library/PrivateFrameworks/MetadataUtilities.framework/Versions/A/MetadataUtilities
0x00007fff67fdb000 	/usr/lib/libmecabra.dylib
0x00007fff67f33000 	/usr/lib/libmecab.dylib
0x00007fff67b8f000 	/usr/lib/libgermantok.dylib
0x00007fff66e52000 	/usr/lib/libThaiTokenizer.dylib
0x00007fff66858000 	/usr/lib/libChineseTokenizer.dylib
0x00007fff2babf000 	/System/Library/Frameworks/Accelerate.framework/Versions/A/Frameworks/vImage.framework/Versions/A/vImage
0x00007fff2cf29000 	/System/Library/Frameworks/Accelerate.framework/Versions/A/Frameworks/vecLib.framework/Versions/A/vecLib
0x00007fff2ce66000 	/System/Library/Frameworks/Accelerate.framework/Versions/A/Frameworks/vecLib.framework/Versions/A/libvMisc.dylib
0x00007fff2cc8e000 	/System/Library/Frameworks/Accelerate.framework/Versions/A/Frameworks/vecLib.framework/Versions/A/libvDSP.dylib
0x00007fff2c116000 	/System/Library/Frameworks/Accelerate.framework/Versions/A/Frameworks/vecLib.framework/Versions/A/libBLAS.dylib
0x00007fff2c852000 	/System/Library/Frameworks/Accelerate.framework/Versions/A/Frameworks/vecLib.framework/Versions/A/libLAPACK.dylib
0x00007fff2cbee000 	/System/Library/Frameworks/Accelerate.framework/Versions/A/Frameworks/vecLib.framework/Versions/A/libLinearAlgebra.dylib
0x00007fff2cc7b000 	/System/Library/Frameworks/Accelerate.framework/Versions/A/Frameworks/vecLib.framework/Versions/A/libSparseBLAS.dylib
0x00007fff2cc04000 	/System/Library/Frameworks/Accelerate.framework/Versions/A/Frameworks/vecLib.framework/Versions/A/libQuadrature.dylib
0x00007fff2c37e000 	/System/Library/Frameworks/Accelerate.framework/Versions/A/Frameworks/vecLib.framework/Versions/A/libBNNS.dylib
0x00007fff2cc0a000 	/System/Library/Frameworks/Accelerate.framework/Versions/A/Frameworks/vecLib.framework/Versions/A/libSparse.dylib
0x00007fff55436000 	/System/Library/PrivateFrameworks/LanguageModeling.framework/Versions/A/LanguageModeling
0x00007fff47ca8000 	/System/Library/PrivateFrameworks/CoreEmoji.framework/Versions/A/CoreEmoji
0x00007fff55554000 	/System/Library/PrivateFrameworks/LinguisticData.framework/Versions/A/LinguisticData
0x00007fff55505000 	/System/Library/PrivateFrameworks/Lexicon.framework/Versions/A/Lexicon
0x00007fff67114000 	/usr/lib/libcmph.dylib
0x00007fff39393000 	/System/Library/Frameworks/OpenDirectory.framework/Versions/A/Frameworks/CFOpenDirectory.framework/Versions/A/CFOpenDirectory
0x00007fff393b0000 	/System/Library/Frameworks/OpenDirectory.framework/Versions/A/OpenDirectory
0x00007fff417d0000 	/System/Library/PrivateFrameworks/APFS.framework/Versions/A/APFS
0x00007fff3ca9f000 	/System/Library/Frameworks/SecurityFoundation.framework/Versions/A/SecurityFoundation
0x00007fff691da000 	/usr/lib/libutil.dylib
0x00007fff491dd000 	/System/Library/PrivateFrameworks/CoreServicesStore.framework/Versions/A/CoreServicesStore
0x00007fff3cb56000 	/System/Library/Frameworks/ServiceManagement.framework/Versions/A/ServiceManagement
0x00007fff44ee9000 	/System/Library/PrivateFrameworks/BackgroundTaskManagement.framework/Versions/A/BackgroundTaskManagement
0x00007fff692d7000 	/usr/lib/libxslt.1.dylib
0x00007fff43d8d000 	/System/Library/PrivateFrameworks/AppleSystemInfo.framework/Versions/A/AppleSystemInfo
0x00007fff32f53000 	/System/Library/Frameworks/ImageIO.framework/Versions/A/Resources/libJPEG.dylib
0x00007fff3320f000 	/System/Library/Frameworks/ImageIO.framework/Versions/A/Resources/libTIFF.dylib
0x00007fff331f2000 	/System/Library/Frameworks/ImageIO.framework/Versions/A/Resources/libPng.dylib
0x00007fff32e95000 	/System/Library/Frameworks/ImageIO.framework/Versions/A/Resources/libGIF.dylib
0x00007fff32e99000 	/System/Library/Frameworks/ImageIO.framework/Versions/A/Resources/libJP2.dylib
0x00007fff3320d000 	/System/Library/Frameworks/ImageIO.framework/Versions/A/Resources/libRadiance.dylib
0x00007fff67b58000 	/usr/lib/libexpat.1.dylib
0x00007fff43876000 	/System/Library/PrivateFrameworks/AppleJPEG.framework/Versions/A/AppleJPEG
0x00007fff4c4b8000 	/System/Library/PrivateFrameworks/FontServices.framework/libFontParser.dylib
0x00007fff62d0c000 	/System/Library/PrivateFrameworks/WatchdogClient.framework/Versions/A/WatchdogClient
0x00007fff54a92000 	/System/Library/PrivateFrameworks/IOAccelerator.framework/Versions/A/IOAccelerator
0x00007fff3571d000 	/System/Library/Frameworks/MetalPerformanceShaders.framework/Versions/A/MetalPerformanceShaders
0x00007fff5122b000 	/System/Library/PrivateFrameworks/GPUWrangler.framework/Versions/A/GPUWrangler
0x00007fff54aa7000 	/System/Library/PrivateFrameworks/IOPresentment.framework/Versions/A/IOPresentment
0x00007fff49d59000 	/System/Library/PrivateFrameworks/DSExternalDisplay.framework/Versions/A/DSExternalDisplay
0x00007fff39d24000 	/System/Library/Frameworks/OpenGL.framework/Versions/A/Libraries/libCoreFSCache.dylib
0x00007fff35469000 	/System/Library/Frameworks/MetalPerformanceShaders.framework/Frameworks/MPSCore.framework/Versions/A/MPSCore
0x00007fff354a7000 	/System/Library/Frameworks/MetalPerformanceShaders.framework/Frameworks/MPSImage.framework/Versions/A/MPSImage
0x00007fff3556e000 	/System/Library/Frameworks/MetalPerformanceShaders.framework/Frameworks/MPSNeuralNetwork.framework/Versions/A/MPSNeuralNetwork
0x00007fff35532000 	/System/Library/Frameworks/MetalPerformanceShaders.framework/Frameworks/MPSMatrix.framework/Versions/A/MPSMatrix
0x00007fff356cd000 	/System/Library/Frameworks/MetalPerformanceShaders.framework/Frameworks/MPSRayIntersector.framework/Versions/A/MPSRayIntersector
0x00007fff35558000 	/System/Library/Frameworks/MetalPerformanceShaders.framework/Frameworks/MPSNDArray.framework/Versions/A/MPSNDArray
0x00007fff5690d000 	/System/Library/PrivateFrameworks/MetalTools.framework/Versions/A/MetalTools
0x00007fff429a3000 	/System/Library/PrivateFrameworks/AggregateDictionary.framework/Versions/A/AggregateDictionary
0x00007fff47702000 	/System/Library/PrivateFrameworks/CoreAnalytics.framework/Versions/A/CoreAnalytics
0x00007fff43cac000 	/System/Library/PrivateFrameworks/AppleSauce.framework/Versions/A/AppleSauce
0x00007fff66b14000 	/usr/lib/libIOReport.dylib
0x00007fff31e25000 	/System/Library/Frameworks/CoreVideo.framework/Versions/A/CoreVideo
0x00007fff526a5000 	/System/Library/PrivateFrameworks/GraphVisualizer.framework/Versions/A/GraphVisualizer
0x00007fff4ba0c000 	/System/Library/PrivateFrameworks/FaceCore.framework/Versions/A/FaceCore
0x00007fff3933a000 	/System/Library/Frameworks/OpenCL.framework/Versions/A/OpenCL
0x00007fff66936000 	/usr/lib/libFosl_dynamic.dylib
0x00007fff57dd6000 	/System/Library/PrivateFrameworks/OTSVG.framework/Versions/A/OTSVG
0x00007fff2dfe7000 	/System/Library/Frameworks/ApplicationServices.framework/Versions/A/Frameworks/ATS.framework/Versions/A/Resources/libFontRegistry.dylib
0x00007fff4c689000 	/System/Library/PrivateFrameworks/FontServices.framework/libhvf.dylib
0x00007fff39d2f000 	/System/Library/Frameworks/OpenGL.framework/Versions/A/Libraries/libGFXShared.dylib
0x00007fff39f0d000 	/System/Library/Frameworks/OpenGL.framework/Versions/A/Libraries/libGLU.dylib
0x00007fff39d38000 	/System/Library/Frameworks/OpenGL.framework/Versions/A/Libraries/libGL.dylib
0x00007fff39d43000 	/System/Library/Frameworks/OpenGL.framework/Versions/A/Libraries/libGLImage.dylib
0x00007fff39d21000 	/System/Library/Frameworks/OpenGL.framework/Versions/A/Libraries/libCVMSPluginSupport.dylib
0x00007fff39d2a000 	/System/Library/Frameworks/OpenGL.framework/Versions/A/Libraries/libCoreVMClient.dylib
0x00007fff685aa000 	/usr/lib/libncurses.5.4.dylib
0x00007fff2dee3000 	/System/Library/Frameworks/ApplicationServices.framework/Versions/A/Frameworks/ATS.framework/Versions/A/ATS
0x00007fff2e0b0000 	/System/Library/Frameworks/ApplicationServices.framework/Versions/A/Frameworks/ColorSyncLegacy.framework/Versions/A/ColorSyncLegacy
0x00007fff2e14e000 	/System/Library/Frameworks/ApplicationServices.framework/Versions/A/Frameworks/HIServices.framework/Versions/A/HIServices
0x00007fff2e1a6000 	/System/Library/Frameworks/ApplicationServices.framework/Versions/A/Frameworks/LangAnalysis.framework/Versions/A/LangAnalysis
0x00007fff2e1b5000 	/System/Library/Frameworks/ApplicationServices.framework/Versions/A/Frameworks/PrintCore.framework/Versions/A/PrintCore
0x00007fff2e1fb000 	/System/Library/Frameworks/ApplicationServices.framework/Versions/A/Frameworks/QD.framework/Versions/A/QD
0x00007fff2e206000 	/System/Library/Frameworks/ApplicationServices.framework/Versions/A/Frameworks/SpeechSynthesis.framework/Versions/A/SpeechSynthesis
0x00007fff2e080000 	/System/Library/Frameworks/ApplicationServices.framework/Versions/A/Frameworks/ATSUI.framework/Versions/A/ATSUI
0x00007fff679ec000 	/usr/lib/libcups.2.dylib
0x00007fff347ba000 	/System/Library/Frameworks/Kerberos.framework/Versions/A/Kerberos
0x00007fff328fb000 	/System/Library/Frameworks/GSS.framework/Versions/A/GSS
0x00007fff68d2b000 	/usr/lib/libresolv.9.dylib
0x00007fff52853000 	/System/Library/PrivateFrameworks/Heimdal.framework/Versions/A/Heimdal
0x00007fff347cd000 	/System/Library/Frameworks/Kerberos.framework/Versions/A/Libraries/libHeimdalProxy.dylib
0x00007fff67b95000 	/usr/lib/libheimdal-asn1.dylib
0x00007fff46b9b000 	/System/Library/PrivateFrameworks/CommonAuth.framework/Versions/A/CommonAuth
0x00007fff43e2a000 	/System/Library/PrivateFrameworks/AssertionServices.framework/Versions/A/AssertionServices
0x00007fff449cc000 	/System/Library/PrivateFrameworks/AudioToolboxCore.framework/Versions/A/AudioToolboxCore
0x00007fff639b6000 	/System/Library/PrivateFrameworks/caulk.framework/Versions/A/caulk
0x00007fff44f95000 	/System/Library/PrivateFrameworks/BaseBoard.framework/Versions/A/BaseBoard
0x00007fff5c021000 	/System/Library/PrivateFrameworks/RunningBoardServices.framework/Versions/A/RunningBoardServices
0x00007fff59035000 	/System/Library/PrivateFrameworks/PersistentConnection.framework/Versions/A/PersistentConnection
0x00007fff5ba1b000 	/System/Library/PrivateFrameworks/ProtocolBuffer.framework/Versions/A/ProtocolBuffer
0x00007fff46bbf000 	/System/Library/PrivateFrameworks/CommonUtilities.framework/Versions/A/CommonUtilities
0x00007fff45123000 	/System/Library/PrivateFrameworks/Bom.framework/Versions/A/Bom
0x00007fff667e7000 	/usr/lib/libAudioToolboxUtility.dylib
0x00007fff44ef3000 	/System/Library/PrivateFrameworks/Backup.framework/Versions/A/Backup
0x00007fff49c7a000 	/System/Library/PrivateFrameworks/CrashReporterSupport.framework/Versions/A/CrashReporterSupport
0x00007fff5daaf000 	/System/Library/PrivateFrameworks/Sharing.framework/Versions/A/Sharing
0x00007fff43439000 	/System/Library/PrivateFrameworks/Apple80211.framework/Versions/A/Apple80211
0x00007fff44c10000 	/System/Library/PrivateFrameworks/AuthKit.framework/Versions/A/AuthKit
0x00007fff4998a000 	/System/Library/PrivateFrameworks/CoreUtils.framework/Versions/A/CoreUtils
0x00007fff31e6a000 	/System/Library/Frameworks/CoreWLAN.framework/Versions/A/CoreWLAN
0x00007fff32a88000 	/System/Library/Frameworks/IOBluetooth.framework/Versions/A/IOBluetooth
0x00007fff56c11000 	/System/Library/PrivateFrameworks/MobileKeyBag.framework/Versions/A/MobileKeyBag
0x00007fff48790000 	/System/Library/PrivateFrameworks/CorePhoneNumbers.framework/Versions/A/CorePhoneNumbers
0x00007fff43829000 	/System/Library/PrivateFrameworks/AppleIDAuthSupport.framework/Versions/A/AppleIDAuthSupport
0x00007fff367b2000 	/System/Library/Frameworks/Network.framework/Versions/A/Network
0x00007fff552e2000 	/System/Library/PrivateFrameworks/KeychainCircle.framework/Versions/A/KeychainCircle
0x00007fff2f8c3000 	/System/Library/Frameworks/CoreBluetooth.framework/Versions/A/CoreBluetooth
0x00007fff5fb2c000 	/System/Library/PrivateFrameworks/SpeechRecognitionCore.framework/Versions/A/SpeechRecognitionCore
0x000000010c000000 	/usr/local/Cellar/openjdk/15.0.1/libexec/openjdk.jdk/Contents/Home/lib/server/libjvm.dylib
0x000000010ae2f000 	/usr/local/Cellar/openjdk/15.0.1/libexec/openjdk.jdk/Contents/Home/lib/libjimage.dylib
0x000000010ae89000 	/usr/local/Cellar/openjdk/15.0.1/libexec/openjdk.jdk/Contents/Home/lib/libjava.dylib
0x00000001171e8000 	/usr/local/Cellar/openjdk/15.0.1/libexec/openjdk.jdk/Contents/Home/lib/libnio.dylib
0x0000000133356000 	/usr/local/Cellar/openjdk/15.0.1/libexec/openjdk.jdk/Contents/Home/lib/libnet.dylib
0x00000001333fa000 	/usr/local/Cellar/openjdk/15.0.1/libexec/openjdk.jdk/Contents/Home/lib/libzip.dylib
0x0000000133511000 	/Users/yudeng/OR_TOOLS/lib/libjniortools.jnilib
0x0000000133795000 	/Users/yudeng/OR_TOOLS/lib/libgflags.2.2.2.dylib
0x00000001337f8000 	/Users/yudeng/OR_TOOLS/lib/libglog.0.dylib
0x0000000133844000 	/Users/yudeng/OR_TOOLS/lib/libprotobuf.3.6.1.dylib
0x0000000133eed000 	/Users/yudeng/OR_TOOLS/lib/libCbcSolver.3.9.9.dylib
0x0000000134001000 	/Users/yudeng/OR_TOOLS/lib/libCbc.3.9.9.dylib
0x0000000134116000 	/Users/yudeng/OR_TOOLS/lib/libOsiCbc.3.9.9.dylib
0x0000000134125000 	/Users/yudeng/OR_TOOLS/lib/libCgl.1.9.10.dylib
0x0000000134242000 	/Users/yudeng/OR_TOOLS/lib/libClpSolver.1.13.11.dylib
0x00000001342bd000 	/Users/yudeng/OR_TOOLS/lib/libClp.1.13.11.dylib
0x0000000134469000 	/Users/yudeng/OR_TOOLS/lib/libOsiClp.1.13.11.dylib
0x00000001344b4000 	/Users/yudeng/OR_TOOLS/lib/libOsi.1.12.9.dylib
0x0000000134503000 	/Users/yudeng/OR_TOOLS/lib/libCoinUtils.3.10.14.dylib
0x0000000134639000 	/Users/yudeng/OR_TOOLS/lib/libortools.dylib


VM Arguments:
jvm_args: -Djava.library.path=/Users/yudeng/OR_TOOLS/lib 
java_command: yu.YuExampleTest
java_class_path (initial): /Users/yudeng/Desktop/atsp/code/target/bg-jobs/sbt_35fd4e5/job-9/target/b5557b08/2771663f/code_2.13-0.1.0-SNAPSHOT-tests.jar:/Users/yudeng/Desktop/atsp/code/target/bg-jobs/sbt_35fd4e5/target/c4faed0d/d06df044/code_2.13-0.1.0-SNAPSHOT.jar:/Users/yudeng/Desktop/atsp/code/target/bg-jobs/sbt_35fd4e5/target/d4a281f3/3337e965/protobuf.jar:/Users/yudeng/Desktop/atsp/code/target/bg-jobs/sbt_35fd4e5/target/a761eb85/12543ae9/com.google.ortools.jar:/Users/yudeng/Desktop/atsp/code/target/bg-jobs/sbt_35fd4e5/target/9b2e4d82/37851899/scala-library-2.13.3.jar:/Users/yudeng/Desktop/atsp/code/target/bg-jobs/sbt_35fd4e5/target/6e5d9991/adce6847/scalatest_2.13-3.2.2.jar:/Users/yudeng/Desktop/atsp/code/target/bg-jobs/sbt_35fd4e5/target/84790c17/6649001c/poi-3.15-beta2.jar:/Users/yudeng/Desktop/atsp/code/target/bg-jobs/sbt_35fd4e5/target/472c4902/5fc67ecc/poi-ooxml-3.15-beta2.jar:/Users/yudeng/Desktop/atsp/code/target/bg-jobs/sbt_35fd4e5/target/6cd070e0/3e039909/poi-ooxml-schemas-3.15-beta2.jar:/Users/yudeng/Desktop/atsp/code/target/bg-jobs/sbt_35fd4e5/target/fb91ca10/cff84903/scalatest-core_2.13-3.2.2.jar:/Users/yudeng/Desktop/atsp/code/target/bg-jobs/sbt_35fd4e5/target/79ed616b/e99b91e4/scalatest-featurespec_2.13-3.2.2.jar:/Users/yudeng/Desktop/atsp/code/target/bg-jobs/sbt_35fd4e5/target/73e88123/30ee1a9e/scalatest-flatspec_2.13-3.2.2.jar:/Users/yudeng/Desktop/atsp/code/target/bg-jobs/sbt_35fd4e5/target/4ad57e8f/3df0924a/scalatest-freespec_2.13-3.2.2.jar:/Users/yudeng/Desktop/atsp/code/target/bg-jobs/sbt_35fd4e5/target/10d3e622/b3f43a8d/scalatest-funsuite_2.13-3.2.2.jar:/Users/yudeng/Desktop/atsp/code/target/bg-jobs/sbt_35fd4e5/target/7523b1a3/d4df0992/scalatest-funspec_2.13-3.2.2.jar:/Users/yudeng/Desktop/atsp/code/target/bg-jobs/sbt_35fd4e5/target/cf6aa9d4/82e8454d/scalatest-propspec_2.13-3.2.2.jar:/Users/yudeng/Desktop/atsp/code/target/bg-jobs/sbt_35fd4e5/target/076f1635/ab2375a7/scalatest-refspec_2.13-3.2.2.jar:/Users/yudeng/Desktop/atsp/code/target/bg
Launcher Type: SUN_STANDARD

[Global flags]
     intx CICompilerCount                          = 4                                         {product} {ergonomic}
     uint ConcGCThreads                            = 2                                         {product} {ergonomic}
     uint G1ConcRefinementThreads                  = 8                                         {product} {ergonomic}
   size_t G1HeapRegionSize                         = 2097152                                   {product} {ergonomic}
    uintx GCDrainStackTargetSize                   = 64                                        {product} {ergonomic}
   size_t InitialHeapSize                          = 268435456                                 {product} {ergonomic}
   size_t MarkStackSize                            = 4194304                                   {product} {ergonomic}
   size_t MaxHeapSize                              = 4294967296                                {product} {ergonomic}
   size_t MaxNewSize                               = 2575302656                                {product} {ergonomic}
   size_t MinHeapDeltaBytes                        = 2097152                                   {product} {ergonomic}
   size_t MinHeapSize                              = 8388608                                   {product} {ergonomic}
    uintx NonNMethodCodeHeapSize                   = 5839372                                {pd product} {ergonomic}
    uintx NonProfiledCodeHeapSize                  = 122909434                              {pd product} {ergonomic}
    uintx ProfiledCodeHeapSize                     = 122909434                              {pd product} {ergonomic}
    uintx ReservedCodeCacheSize                    = 251658240                              {pd product} {ergonomic}
     bool SegmentedCodeCache                       = true                                      {product} {ergonomic}
   size_t SoftMaxHeapSize                          = 4294967296                             {manageable} {ergonomic}
     bool UseCompressedClassPointers               = true                                 {lp64_product} {ergonomic}
     bool UseCompressedOops                        = true                                 {lp64_product} {ergonomic}
     bool UseG1GC                                  = true                                      {product} {ergonomic}
     bool UseNUMA                                  = false                                     {product} {ergonomic}
     bool UseNUMAInterleaving                      = false                                     {product} {ergonomic}

Logging:
Log output configuration:
 #0: 
[error occurred during error reporting (printing log configuration), id 0xb, SIGSEGV (0xb) at pc=0x000000010c6d28af]

Environment Variables:
JAVA_HOME=/Library/Java/JavaVirtualMachines/openjdk.jdk/Contents/Home
CLASSPATH=/Library/Java/JavaVirtualMachines/openjdk.jdk/Contents/Home/lib/tools.jar:/Library/Java/JavaVirtualMachines/openjdk.jdk/Contents/Home/lib/dt.jar:.
PATH=/Library/Java/JavaVirtualMachines/openjdk.jdk/Contents/Home/bin:/Library/Java/JavaVirtualMachines/openjdk.jdk/Contents/Home/bin:/usr/local/opt/openjdk/bin:/Library/Frameworks/Python.framework/Versions/3.6/bin:/anaconda3/bin:/Library/Frameworks/Python.framework/Versions/3.7/bin:/usr/local/bin:/usr/bin:/bin:/usr/sbin:/sbin:/Library/TeX/texbin:/usr/local/aria2/bin:/opt/X11/bin:.:.
SHELL=/bin/bash
DISPLAY=/private/tmp/com.apple.launchd.vcjhjchNKk/org.macosforge.xquartz:0
LC_CTYPE=UTF-8

Signal Handlers:
SIGSEGV: [libjvm.dylib+0xa69a60], sa_mask[0]=11111111011111110111111111111111, sa_flags=SA_ONSTACK|SA_RESTART|SA_SIGINFO
SIGBUS: [libjvm.dylib+0xa69a60], sa_mask[0]=11111111011111110111111111111111, sa_flags=SA_RESTART|SA_SIGINFO
SIGFPE: [libjvm.dylib+0xa69a60], sa_mask[0]=11111111011111110111111111111111, sa_flags=SA_RESTART|SA_SIGINFO
SIGPIPE: [libjvm.dylib+0x82ae30], sa_mask[0]=11111111011111110111111111111111, sa_flags=SA_RESTART|SA_SIGINFO
SIGXFSZ: [libjvm.dylib+0x82ae30], sa_mask[0]=11111111011111110111111111111111, sa_flags=SA_RESTART|SA_SIGINFO
SIGILL: [libjvm.dylib+0xa69a60], sa_mask[0]=11111111011111110111111111111111, sa_flags=SA_RESTART|SA_SIGINFO
SIGUSR2: [libjvm.dylib+0x82b8d0], sa_mask[0]=00100000000000000000000000000000, sa_flags=SA_RESTART|SA_SIGINFO
SIGHUP: [libjvm.dylib+0x82a030], sa_mask[0]=11111111011111110111111111111111, sa_flags=SA_RESTART|SA_SIGINFO
SIGINT: [libjvm.dylib+0x82a030], sa_mask[0]=00000000000000000000000000000000, sa_flags=SA_RESTART
SIGTERM: [libjvm.dylib+0x82a030], sa_mask[0]=11111111011111110111111111111111, sa_flags=SA_RESTART|SA_SIGINFO
SIGQUIT: [libjvm.dylib+0x82a030], sa_mask[0]=11111111011111110111111111111111, sa_flags=SA_RESTART|SA_SIGINFO


---------------  S Y S T E M  ---------------

OS:uname: Darwin 19.4.0 Darwin Kernel Version 19.4.0: Wed Mar  4 22:28:40 PST 2020; root:xnu-6153.101.6~15/RELEASE_X86_64 x86_64
OS uptime: 1 days 23:53 hours
rlimit (soft/hard): STACK 8192k/65532k , CORE 0k/infinity , NPROC 2784/4176 , NOFILE 10240/infinity , AS infinity/infinity , CPU infinity/infinity , DATA infinity/infinity , FSIZE infinity/infinity , MEMLOCK infinity/infinity , RSS infinity/infinity
load average: 215.83 204.25 214.71

CPU: total 8 (initial active 8) (4 cores per cpu, 2 threads per core) family 6 model 158 stepping 9 microcode 0xca, cmov, cx8, fxsr, mmx, sse, sse2, sse3, ssse3, sse4.1, sse4.2, popcnt, vzeroupper, avx, avx2, aes, clmul, erms, 3dnowpref, lzcnt, ht, tsc, tscinvbit, bmi1, bmi2, adx, fma, clflush, clflushopt

Memory: 4k page, physical 16777216k(72936k free), swap 3145728k(1604864k free)

vm_info: OpenJDK 64-Bit Server VM (15.0.1+9) for bsd-amd64 JRE (15.0.1+9), built on Oct 28 2020 22:29:08 by "brew" with clang Apple LLVM 12.0.0 (clang-1200.0.32.21)

END.
