#
# A fatal error has been detected by the Java Runtime Environment:
#
#  SIGSEGV (0xb) at pc=0x00000001309335e5, pid=43399, tid=6403
#
# JRE version: OpenJDK Runtime Environment (15.0.1+9) (build 15.0.1+9)
# Java VM: OpenJDK 64-Bit Server VM (15.0.1+9, mixed mode, sharing, tiered, compressed oops, g1 gc, bsd-amd64)
# Problematic frame:
# C  [libortools.dylib+0x33b5e5]  operations_research::MPConstraint::dual_value() const+0x15
#
# No core dump will be written. Core dumps have been disabled. To enable core dumping, try "ulimit -c unlimited" before starting Java again
#
# If you would like to submit a bug report, please visit:
#   https://bugreport.java.com/bugreport/crash.jsp
# The crash happened outside the Java Virtual Machine in native code.
# See problematic frame for where to report the bug.
#

---------------  S U M M A R Y ------------

Command Line: -Djava.library.path=/Users/yudeng/OR_TOOLS/lib georg.ImportTest

Host: MacBookPro14,3 x86_64 2800 MHz, 8 cores, 16G, Darwin 19.4.0
Time: Mon Mar  8 05:02:28 2021 CET elapsed time: 26.558146 seconds (0d 0h 0m 26s)

---------------  T H R E A D  ---------------

Current thread (0x00007ff9c800b000):  JavaThread "main" [_thread_in_native, id=6403, stack(0x000070000dea8000,0x000070000dfa8000)]

Stack: [0x000070000dea8000,0x000070000dfa8000],  sp=0x000070000dfa6b70,  free space=1018k
Native frames: (J=compiled Java code, A=aot compiled Java code, j=interpreted, Vv=VM code, C=native code)
C  [libortools.dylib+0x33b5e5]  operations_research::MPConstraint::dual_value() const+0x15
J 731  com.google.ortools.linearsolver.main_research_linear_solverJNI.MPConstraint_dualValue(JLcom/google/ortools/linearsolver/MPConstraint;)D (0 bytes) @ 0x000000011be6a27a [0x000000011be6a1a0+0x00000000000000da]
J 1230 c2 ch.ethz.math.ifor.atsp.BranchAndBound.lowerBoundSolvers.AssignmentProblem.ORToolsIP$$$Lambda$35+0x0000000800c4e408.apply(Ljava/lang/Object;)Ljava/lang/Object; (20 bytes) @ 0x000000011be9e38c [0x000000011be9dd00+0x000000000000068c]
J 1399 c2 scala.collection.StrictOptimizedMapOps.map(Lscala/Function1;)Lscala/collection/IterableOps; (73 bytes) @ 0x000000011bec21d8 [0x000000011bec1b40+0x0000000000000698]
J 1912 c2 ch.ethz.math.ifor.atsp.BranchAndBound.lowerBoundSolvers.AssignmentProblem.ORToolsIP$$$Lambda$34+0x0000000800c4d100.apply(Ljava/lang/Object;)Ljava/lang/Object; (16 bytes) @ 0x000000011bf2f204 [0x000000011bf2f0c0+0x0000000000000144]
J 1399 c2 scala.collection.StrictOptimizedMapOps.map(Lscala/Function1;)Lscala/collection/IterableOps; (73 bytes) @ 0x000000011bec2964 [0x000000011bec1b40+0x0000000000000e24]
J 1850 c2 scala.collection.immutable.HashMap.map(Lscala/Function1;)Lscala/collection/IterableOps; (6 bytes) @ 0x000000011bf1a4b4 [0x000000011bf1a480+0x0000000000000034]
J 2031 c1 ch.ethz.math.ifor.atsp.BranchAndBound.lowerBoundSolvers.AssignmentProblem.ORToolsIP$.compute(Lch/ethz/math/ifor/atsp/BranchAndBound/BranchNode;)Lscala/Tuple2; (296 bytes) @ 0x0000000114c57aec [0x0000000114c546a0+0x000000000000344c]
J 2029 c1 ch.ethz.math.ifor.atsp.BranchAndBound.BranchNode.<init>(Lch/ethz/math/ifor/atsp/Input;Lscala/collection/immutable/Map;Z)V (196 bytes) @ 0x0000000114c51cf4 [0x0000000114c51b00+0x00000000000001f4]
J 2118 c1 ch.ethz.math.ifor.atsp.BranchAndBound.branchingSchemes.CT80$.$anonfun$listChildren$15(Lscala/runtime/ObjectRef;Lch/ethz/math/ifor/atsp/BranchAndBound/BranchNode;Lscala/runtime/ObjectRef;Lscala/runtime/ObjectRef;I)V (228 bytes) @ 0x0000000114c8e05c [0x0000000114c8bf40+0x000000000000211c]
J 2040 c1 ch.ethz.math.ifor.atsp.BranchAndBound.branchingSchemes.CT80$$$Lambda$69+0x0000000800c6da68.apply$mcVI$sp(I)V (21 bytes) @ 0x0000000114c5bd3c [0x0000000114c5bca0+0x000000000000009c]
J 1729 c1 scala.collection.immutable.Range.foreach$mVc$sp(Lscala/Function1;)V (39 bytes) @ 0x0000000114bd8244 [0x0000000114bd7f40+0x0000000000000304]
j  ch.ethz.math.ifor.atsp.BranchAndBound.branchingSchemes.CT80$.listChildren(Lch/ethz/math/ifor/atsp/BranchAndBound/BranchNode;)Lscala/collection/immutable/List;+467
j  ch.ethz.math.ifor.atsp.BranchAndBound.BranchNode.branchStep()Lscala/util/Either;+33
j  ch.ethz.math.ifor.atsp.BranchAndBound.BranchAndBoundSolver$.solve(Lch/ethz/math/ifor/atsp/Input;Ljava/lang/String;ZZ)Lch/ethz/math/ifor/atsp/Output;+299
j  georg.ImportTest$.delayedEndpoint$georg$ImportTest$1()V+162
j  georg.ImportTest$delayedInit$body.apply()Ljava/lang/Object;+4
j  scala.Function0.apply$mcV$sp()V+1
j  scala.Function0.apply$mcV$sp$(Lscala/Function0;)V+1
j  scala.runtime.AbstractFunction0.apply$mcV$sp()V+1
j  scala.App.$anonfun$main$1(Lscala/Function0;)V+1
j  scala.App.$anonfun$main$1$adapted(Lscala/Function0;)Ljava/lang/Object;+1
j  scala.App$$Lambda$1+0x0000000800bbcdc8.apply(Ljava/lang/Object;)Ljava/lang/Object;+4
j  scala.collection.IterableOnceOps.foreach(Lscala/Function1;)V+26
j  scala.collection.IterableOnceOps.foreach$(Lscala/collection/IterableOnceOps;Lscala/Function1;)V+2
j  scala.collection.AbstractIterable.foreach(Lscala/Function1;)V+2
j  scala.App.main([Ljava/lang/String;)V+18
j  scala.App.main$(Lscala/App;[Ljava/lang/String;)V+2
j  georg.ImportTest$.main([Ljava/lang/String;)V+2
j  georg.ImportTest.main([Ljava/lang/String;)V+4
v  ~StubRoutines::call_stub
V  [libjvm.dylib+0x4b019d]  JavaCalls::call_helper(JavaValue*, methodHandle const&, JavaCallArguments*, Thread*)+0x2cd
V  [libjvm.dylib+0x51374a]  jni_invoke_static(JNIEnv_*, JavaValue*, _jobject*, JNICallType, _jmethodID*, JNI_ArgumentPusher*, Thread*)+0x1fa
V  [libjvm.dylib+0x516fb2]  jni_CallStaticVoidMethod+0x1a2
C  [libjli.dylib+0x911f]  JavaMain+0x9bf
C  [libjli.dylib+0xb839]  ThreadJavaMain+0x9
C  [libsystem_pthread.dylib+0x6109]  _pthread_start+0x94
C  [libsystem_pthread.dylib+0x1b8b]  thread_start+0xf

Java frames: (J=compiled Java code, j=interpreted, Vv=VM code)
J 731  com.google.ortools.linearsolver.main_research_linear_solverJNI.MPConstraint_dualValue(JLcom/google/ortools/linearsolver/MPConstraint;)D (0 bytes) @ 0x000000011be6a205 [0x000000011be6a1a0+0x0000000000000065]
J 1230 c2 ch.ethz.math.ifor.atsp.BranchAndBound.lowerBoundSolvers.AssignmentProblem.ORToolsIP$$$Lambda$35+0x0000000800c4e408.apply(Ljava/lang/Object;)Ljava/lang/Object; (20 bytes) @ 0x000000011be9e38c [0x000000011be9dd00+0x000000000000068c]
J 1399 c2 scala.collection.StrictOptimizedMapOps.map(Lscala/Function1;)Lscala/collection/IterableOps; (73 bytes) @ 0x000000011bec21d8 [0x000000011bec1b40+0x0000000000000698]
J 1912 c2 ch.ethz.math.ifor.atsp.BranchAndBound.lowerBoundSolvers.AssignmentProblem.ORToolsIP$$$Lambda$34+0x0000000800c4d100.apply(Ljava/lang/Object;)Ljava/lang/Object; (16 bytes) @ 0x000000011bf2f204 [0x000000011bf2f0c0+0x0000000000000144]
J 1399 c2 scala.collection.StrictOptimizedMapOps.map(Lscala/Function1;)Lscala/collection/IterableOps; (73 bytes) @ 0x000000011bec2964 [0x000000011bec1b40+0x0000000000000e24]
J 1850 c2 scala.collection.immutable.HashMap.map(Lscala/Function1;)Lscala/collection/IterableOps; (6 bytes) @ 0x000000011bf1a4b4 [0x000000011bf1a480+0x0000000000000034]
J 2031 c1 ch.ethz.math.ifor.atsp.BranchAndBound.lowerBoundSolvers.AssignmentProblem.ORToolsIP$.compute(Lch/ethz/math/ifor/atsp/BranchAndBound/BranchNode;)Lscala/Tuple2; (296 bytes) @ 0x0000000114c57aec [0x0000000114c546a0+0x000000000000344c]
J 2029 c1 ch.ethz.math.ifor.atsp.BranchAndBound.BranchNode.<init>(Lch/ethz/math/ifor/atsp/Input;Lscala/collection/immutable/Map;Z)V (196 bytes) @ 0x0000000114c51cf4 [0x0000000114c51b00+0x00000000000001f4]
J 2118 c1 ch.ethz.math.ifor.atsp.BranchAndBound.branchingSchemes.CT80$.$anonfun$listChildren$15(Lscala/runtime/ObjectRef;Lch/ethz/math/ifor/atsp/BranchAndBound/BranchNode;Lscala/runtime/ObjectRef;Lscala/runtime/ObjectRef;I)V (228 bytes) @ 0x0000000114c8e05c [0x0000000114c8bf40+0x000000000000211c]
J 2040 c1 ch.ethz.math.ifor.atsp.BranchAndBound.branchingSchemes.CT80$$$Lambda$69+0x0000000800c6da68.apply$mcVI$sp(I)V (21 bytes) @ 0x0000000114c5bd3c [0x0000000114c5bca0+0x000000000000009c]
J 1729 c1 scala.collection.immutable.Range.foreach$mVc$sp(Lscala/Function1;)V (39 bytes) @ 0x0000000114bd8244 [0x0000000114bd7f40+0x0000000000000304]
j  ch.ethz.math.ifor.atsp.BranchAndBound.branchingSchemes.CT80$.listChildren(Lch/ethz/math/ifor/atsp/BranchAndBound/BranchNode;)Lscala/collection/immutable/List;+467
j  ch.ethz.math.ifor.atsp.BranchAndBound.BranchNode.branchStep()Lscala/util/Either;+33
j  ch.ethz.math.ifor.atsp.BranchAndBound.BranchAndBoundSolver$.solve(Lch/ethz/math/ifor/atsp/Input;Ljava/lang/String;ZZ)Lch/ethz/math/ifor/atsp/Output;+299
j  georg.ImportTest$.delayedEndpoint$georg$ImportTest$1()V+162
j  georg.ImportTest$delayedInit$body.apply()Ljava/lang/Object;+4
j  scala.Function0.apply$mcV$sp()V+1
j  scala.Function0.apply$mcV$sp$(Lscala/Function0;)V+1
j  scala.runtime.AbstractFunction0.apply$mcV$sp()V+1
j  scala.App.$anonfun$main$1(Lscala/Function0;)V+1
j  scala.App.$anonfun$main$1$adapted(Lscala/Function0;)Ljava/lang/Object;+1
j  scala.App$$Lambda$1+0x0000000800bbcdc8.apply(Ljava/lang/Object;)Ljava/lang/Object;+4
j  scala.collection.IterableOnceOps.foreach(Lscala/Function1;)V+26
j  scala.collection.IterableOnceOps.foreach$(Lscala/collection/IterableOnceOps;Lscala/Function1;)V+2
j  scala.collection.AbstractIterable.foreach(Lscala/Function1;)V+2
j  scala.App.main([Ljava/lang/String;)V+18
j  scala.App.main$(Lscala/App;[Ljava/lang/String;)V+2
j  georg.ImportTest$.main([Ljava/lang/String;)V+2
j  georg.ImportTest.main([Ljava/lang/String;)V+4
v  ~StubRoutines::call_stub

siginfo: si_signo: 11 (SIGSEGV), si_code: 1 (SEGV_MAPERR), si_addr: 0x00000000000000b8

Register to memory mapping:

RAX=0x0 is NULL
RBX=0x00007ff9cc80dc10 points into unknown readable memory: 0x000000012f7963a0 | a0 63 79 2f 01 00 00 00
RCX=0x000070000dfa6ba8 is pointing into the stack for thread: 0x00007ff9c800b000
RDX=0x00007ff9cc80dc10 points into unknown readable memory: 0x000000012f7963a0 | a0 63 79 2f 01 00 00 00
RSP=0x000070000dfa6b70 is pointing into the stack for thread: 0x00007ff9c800b000
RBP=0x000070000dfa6b90 is pointing into the stack for thread: 0x00007ff9c800b000
RSI=0x000070000dfa6bd0 is pointing into the stack for thread: 0x00007ff9c800b000
RDI=0x00007ff9c8a3e800 points into unknown readable memory: 0x0000000000000000 | 00 00 00 00 00 00 00 00
R8 =3791496739 is a compressed pointer to object: scala.collection.immutable.BitmapIndexedMapNode 
{0x000000070fed3118} - klass: 'scala/collection/immutable/BitmapIndexedMapNode'
R9 =3791496744 is a compressed pointer to object: [Ljava.lang.Object; 
{0x000000070fed3140} - klass: 'java/lang/Object'[]
 - length: 38
R10=0x000000011be6a205 is at entry_point+101 in (nmethod*)0x000000011be6a010
R11=0x000000070fed3140 is an oop: [Ljava.lang.Object; 
{0x000000070fed3140} - klass: 'java/lang/Object'[]
 - length: 38
R12=0x0 is NULL
R13=0x00000000620b1b2b is an unknown value
R14=0x000070000dfa6bd0 is pointing into the stack for thread: 0x00007ff9c800b000
R15=0x00007ff9c800b000 is a thread


Registers:
RAX=0x0000000000000000, RBX=0x00007ff9cc80dc10, RCX=0x000070000dfa6ba8, RDX=0x00007ff9cc80dc10
RSP=0x000070000dfa6b70, RBP=0x000070000dfa6b90, RSI=0x000070000dfa6bd0, RDI=0x00007ff9c8a3e800
R8 =0x00000000e1fda623, R9 =0x00000000e1fda628, R10=0x000000011be6a205, R11=0x000000070fed3140
R12=0x0000000000000000, R13=0x00000000620b1b2b, R14=0x000070000dfa6bd0, R15=0x00007ff9c800b000
RIP=0x00000001309335e5, EFLAGS=0x0000000000010202, ERR=0x0000000000000004
  TRAPNO=0x000000000000000e

Top of Stack: (sp=0x000070000dfa6b70)
0x000070000dfa6b70:   00007ff9c800b000 0000000000000050
0x000070000dfa6b80:   000000070001aaa8 000070000dfa6bd0
0x000070000dfa6b90:   000070000dfa6be0 000000011be6a27a
0x000070000dfa6ba0:   000000071522cf18 000000070fed3a48
0x000070000dfa6bb0:   000000071522ca88 000000071522cb70
0x000070000dfa6bc0:   000070000dfa6bf0 03712b941522c9d4
0x000070000dfa6bd0:   0000000700015588 000000071522cf08
0x000070000dfa6be0:   00000000e1fda749 000000011be9e38c
0x000070000dfa6bf0:   4036000000000000 000000071522cfd8
0x000070000dfa6c00:   000000000000000c 0000000600000007
0x000070000dfa6c10:   000000071522cf70 00000000e1fc004c
0x000070000dfa6c20:   000000070001aaa8 0000000800000008
0x000070000dfa6c30:   000000071522cee0 0000000000000037
0x000070000dfa6c40:   000000071522aca0 0000000a10000000
0x000070000dfa6c50:   00000007000ec140 000000011bec21d8
0x000070000dfa6c60:   0000000d00000003 e001cff7e001cff7
0x000070000dfa6c70:   000000071522ccd0 000000071522cce8
0x000070000dfa6c80:   00000001066da000 000000071522cce8
0x000070000dfa6c90:   e2a459a5ffffffff 000000071522cd28
0x000070000dfa6ca0:   000000071522cd70 00000001e2a459ae
0x000070000dfa6cb0:   0000000d00000000 000000071522cce8
0x000070000dfa6cc0:   0000000000000000 0000000000000001
0x000070000dfa6cd0:   000000071522ccd0 0000000700000005
0x000070000dfa6ce0:   00000007000e7fb8 000070000dfa6d70
0x000070000dfa6cf0:   00007ff9c800b000 00000000e2a45591
0x000070000dfa6d00:   00000000e0003519 000000011bf2f204
0x000070000dfa6d10:   00007000e1fc004c 00000007000e7fa8
0x000070000dfa6d20:   000000071522ccb8 00007ff9c800b000
0x000070000dfa6d30:   000000070001a8c8 0000000108080000
0x000070000dfa6d40:   0000000000000000 00007ff9c800b300
0x000070000dfa6d50:   00000000e001cff5 000000011bec2964
0x000070000dfa6d60:   e00045760dfa6da0 0000000d00000001 

Instructions: (pc=0x00000001309335e5)
0x00000001309334e5:   8b 3b 48 83 c2 10 be 80 00 00 00 e8 e3 07 2c 00
0x00000001309334f5:   48 8b 03 48 8b 4b 18 c6 04 08 ff 48 8b 43 18 48
0x0000000130933505:   89 c1 48 c1 e9 03 48 89 c2 48 29 ca 48 2b 53 10
0x0000000130933515:   48 89 53 28 48 8b 4b 20 48 85 c9 74 ae 48 c7 41
0x0000000130933525:   08 00 00 00 00 48 89 01 48 c7 41 20 00 00 00 00
0x0000000130933535:   48 c7 41 10 00 00 00 00 48 83 c4 08 5b 5d c3 31
0x0000000130933545:   c0 48 8b 4b 20 48 85 c9 74 81 eb d1 66 66 66 66
0x0000000130933555:   66 66 2e 0f 1f 84 00 00 00 00 00 55 48 89 e5 f2
0x0000000130933565:   0f 10 57 38 66 0f 2e d0 75 02 7b 0c f2 0f 11 47
0x0000000130933575:   38 f2 0f 11 4f 40 eb 17 f2 0f 10 57 40 f2 0f 11
0x0000000130933585:   47 38 f2 0f 11 4f 40 66 0f 2e d1 75 02 7b 31 48
0x0000000130933595:   8b 47 70 48 63 77 30 48 8b 48 08 48 8b 89 e8 00
0x00000001309335a5:   00 00 48 89 f2 48 c1 ea 06 48 8b 0c d1 48 0f a3
0x00000001309335b5:   f1 73 0d 48 8b 08 48 8b 49 40 48 89 c7 5d ff e1
0x00000001309335c5:   5d c3 66 0f 1f 84 00 00 00 00 00 55 48 89 e5 41
0x00000001309335d5:   56 53 48 83 ec 10 48 89 fb 48 8b 7b 70 48 8b 07
0x00000001309335e5:   ff 90 b8 00 00 00 84 c0 74 2d 4c 8b 73 70 4c 89
0x00000001309335f5:   f7 e8 05 84 00 00 0f 57 c0 84 c0 74 5f 49 8b 06
0x0000000130933605:   4c 89 f7 ff 90 a8 00 00 00 0f 57 c0 84 c0 74 4c
0x0000000130933615:   f2 0f 10 43 68 eb 45 48 8d 35 94 e8 33 00 48 8d
0x0000000130933625:   5d e0 ba 6f 00 00 00 b9 02 00 00 00 48 89 df e8
0x0000000130933635:   d3 f9 2b 00 48 89 df e8 bf f9 2b 00 48 8d 35 7c
0x0000000130933645:   ea 33 00 ba 31 00 00 00 48 89 c7 e8 77 03 2c 00
0x0000000130933655:   48 8d 7d e0 e8 b4 f9 2b 00 0f 57 c0 48 83 c4 10
0x0000000130933665:   5b 41 5e 5d c3 48 89 c3 48 8d 7d e0 e8 9c f9 2b
0x0000000130933675:   00 48 89 df e8 c4 ed 2b 00 0f 0b 55 48 89 e5 41
0x0000000130933685:   56 53 48 83 ec 10 48 89 fb 48 8b 7b 70 48 8b 07
0x0000000130933695:   ff 90 b8 00 00 00 84 c0 74 3b 4c 8b 73 70 4c 89
0x00000001309336a5:   f7 e8 55 83 00 00 84 c0 74 6d 49 8b 06 4c 89 f7
0x00000001309336b5:   ff 90 a8 00 00 00 84 c0 74 5d 48 8b 7b 70 48 8b
0x00000001309336c5:   07 48 8b 80 98 00 00 00 8b 73 30 48 83 c4 10 5b
0x00000001309336d5:   41 5e 5d ff e0 48 8d 35 d6 e7 33 00 48 8d 5d e0 


Stack slot to memory mapping:
stack at sp + 0 slots: 0x00007ff9c800b000 is a thread
stack at sp + 1 slots: 0x0000000000000050 is an unknown value
stack at sp + 2 slots: 0x000000070001aaa8 is an oop: ch.ethz.math.ifor.atsp.Site 
{0x000000070001aaa8} - klass: 'ch/ethz/math/ifor/atsp/Site'
stack at sp + 3 slots: 0x000070000dfa6bd0 is pointing into the stack for thread: 0x00007ff9c800b000
stack at sp + 4 slots: 0x000070000dfa6be0 is pointing into the stack for thread: 0x00007ff9c800b000
stack at sp + 5 slots: 0x000000011be6a27a is at entry_point+218 in (nmethod*)0x000000011be6a010
stack at sp + 6 slots: 0x000000071522cf18 is pointing into object: [I 
{0x000000071522cf08} - klass: {type array int}
 - length: 3
stack at sp + 7 slots: 0x000000070fed3a48 is an oop: com.google.ortools.linearsolver.MPConstraint 
{0x000000070fed3a48} - klass: 'com/google/ortools/linearsolver/MPConstraint'


---------------  P R O C E S S  ---------------

Threads class SMR info:
_java_thread_list=0x00007ff9cc9a3cc0, length=10, elements={
0x00007ff9c800b000, 0x00007ff9ca820400, 0x00007ff9ca00ac00, 0x00007ff9c90c6c00,
0x00007ff9c9018600, 0x00007ff9c90c3c00, 0x00007ff9c8048e00, 0x00007ff9ca821600,
0x00007ff9c8081400, 0x00007ff9c803d800
}

Java Threads: ( => current thread )
=>0x00007ff9c800b000 JavaThread "main" [_thread_in_native, id=6403, stack(0x000070000dea8000,0x000070000dfa8000)]
  0x00007ff9ca820400 JavaThread "Reference Handler" daemon [_thread_blocked, id=16899, stack(0x000070000e5bd000,0x000070000e6bd000)]
  0x00007ff9ca00ac00 JavaThread "Finalizer" daemon [_thread_in_native, id=14595, stack(0x000070000e6c0000,0x000070000e7c0000)]
  0x00007ff9c90c6c00 JavaThread "Signal Dispatcher" daemon [_thread_blocked, id=41987, stack(0x000070000e8c9000,0x000070000e9c9000)]
  0x00007ff9c9018600 JavaThread "Service Thread" daemon [_thread_blocked, id=22787, stack(0x000070000e9cc000,0x000070000eacc000)]
  0x00007ff9c90c3c00 JavaThread "C2 CompilerThread0" daemon [_thread_blocked, id=41219, stack(0x000070000eacf000,0x000070000ebcf000)]
  0x00007ff9c8048e00 JavaThread "C1 CompilerThread0" daemon [_thread_blocked, id=40451, stack(0x000070000ebd2000,0x000070000ecd2000)]
  0x00007ff9ca821600 JavaThread "Sweeper thread" daemon [_thread_blocked, id=24323, stack(0x000070000ecd5000,0x000070000edd5000)]
  0x00007ff9c8081400 JavaThread "Notification Thread" daemon [_thread_blocked, id=25091, stack(0x000070000edd8000,0x000070000eed8000)]
  0x00007ff9c803d800 JavaThread "Common-Cleaner" daemon [_thread_blocked, id=38659, stack(0x000070000efde000,0x000070000f0de000)]

Other Threads:
  0x00007ff9c98090d0 VMThread "VM Thread" [stack: 0x000070000e4ba000,0x000070000e5ba000] [id=17923]
  0x00007ff9c7c27e00 WatcherThread [stack: 0x000070000eedb000,0x000070000efdb000] [id=25347]
  0x00007ff9c7c17cb0 GCTaskThread "GC Thread#0" [stack: 0x000070000dfab000,0x000070000e0ab000] [id=11779]
  0x00007ff9c7f90bb0 GCTaskThread "GC Thread#1" [stack: 0x000070000f0e1000,0x000070000f1e1000] [id=25603]
  0x00007ff9c7f917b0 GCTaskThread "GC Thread#2" [stack: 0x000070000f1e4000,0x000070000f2e4000] [id=25859]
  0x00007ff9c995aaa0 GCTaskThread "GC Thread#3" [stack: 0x000070000f2e7000,0x000070000f3e7000] [id=37635]
  0x00007ff9c995ba90 GCTaskThread "GC Thread#4" [stack: 0x000070000f3ea000,0x000070000f4ea000] [id=26371]
  0x00007ff9c995caa0 GCTaskThread "GC Thread#5" [stack: 0x000070000f4ed000,0x000070000f5ed000] [id=37379]
  0x00007ff9cd9aae70 GCTaskThread "GC Thread#6" [stack: 0x000070000f5f0000,0x000070000f6f0000] [id=43275]
  0x00007ff9cc92efa0 GCTaskThread "GC Thread#7" [stack: 0x000070000f7f6000,0x000070000f8f6000] [id=27143]
  0x00007ff9c7f08610 ConcurrentGCThread "G1 Main Marker" [stack: 0x000070000e0ae000,0x000070000e1ae000] [id=18691]
  0x00007ff9c9804760 ConcurrentGCThread "G1 Conc#0" [stack: 0x000070000e1b1000,0x000070000e2b1000] [id=18435]
  0x00007ff9c9e7f0c0 ConcurrentGCThread "G1 Conc#1" [stack: 0x000070000f6f3000,0x000070000f7f3000] [id=27399]
  0x00007ff9c7f251d0 ConcurrentGCThread "G1 Refine#0" [stack: 0x000070000e2b4000,0x000070000e3b4000] [id=18179]
  0x00007ff9c7f26240 ConcurrentGCThread "G1 Young RemSet Sampling" [stack: 0x000070000e3b7000,0x000070000e4b7000] [id=13571]

Threads with active compile tasks:

VM state: not at safepoint (normal execution)

VM Mutex/Monitor currently owned by a thread: None

Heap address: 0x0000000700000000, size: 4096 MB, Compressed Oops mode: Zero based, Oop shift amount: 3
CDS archive(s) mapped at: [0x0000000800000000-0x0000000800b2d000-0x0000000800b2d000), size 11718656, SharedBaseAddress: 0x0000000800000000, ArchiveRelocationMode: 0.
Compressed class space mapped at: 0x0000000800b30000-0x0000000840b30000, size: 1073741824
Narrow klass base: 0x0000000800000000, Narrow klass shift: 3, Narrow klass range: 0x100000000

GC Precious Log:
 CPUs: 8 total, 8 available
 Memory: 16384M
 Large Page Support: Disabled
 NUMA Support: Disabled
 Compressed Oops: Enabled (Zero based)
 Heap Region Size: 2M
 Heap Min Capacity: 8M
 Heap Initial Capacity: 256M
 Heap Max Capacity: 4G
 Pre-touch: Disabled
 Parallel Workers: 8
 Concurrent Workers: 2
 Concurrent Refinement Workers: 8
 Periodic GC: Disabled

Heap:
 garbage-first heap   total 352256K, used 188531K [0x0000000700000000, 0x0000000800000000)
  region size 2048K, 6 young (12288K), 5 survivors (10240K)
 Metaspace       used 8216K, capacity 11240K, committed 11392K, reserved 1058816K
  class space    used 1022K, capacity 1356K, committed 1408K, reserved 1048576K

Heap Regions: E=young(eden), S=young(survivor), O=old, HS=humongous(starts), HC=humongous(continues), CS=collection set, F=free, OA=open archive, CA=closed archive, TAMS=top-at-mark-start (previous, next)
|   0|0x0000000700000000, 0x0000000700200000, 0x0000000700200000|100%| O|  |TAMS 0x0000000700200000, 0x0000000700000000| Untracked 
|   1|0x0000000700200000, 0x0000000700400000, 0x0000000700400000|100%| O|  |TAMS 0x0000000700400000, 0x0000000700200000| Untracked 
|   2|0x0000000700400000, 0x0000000700600000, 0x0000000700600000|100%| O|  |TAMS 0x0000000700600000, 0x0000000700400000| Untracked 
|   3|0x0000000700600000, 0x0000000700800000, 0x0000000700800000|100%| O|  |TAMS 0x0000000700800000, 0x0000000700600000| Untracked 
|   4|0x0000000700800000, 0x0000000700a00000, 0x0000000700a00000|100%| O|  |TAMS 0x0000000700a00000, 0x0000000700800000| Untracked 
|   5|0x0000000700a00000, 0x0000000700c00000, 0x0000000700c00000|100%| O|  |TAMS 0x0000000700c00000, 0x0000000700a00000| Untracked 
|   6|0x0000000700c00000, 0x0000000700e00000, 0x0000000700e00000|100%| O|  |TAMS 0x0000000700e00000, 0x0000000700c00000| Untracked 
|   7|0x0000000700e00000, 0x0000000701000000, 0x0000000701000000|100%| O|  |TAMS 0x0000000701000000, 0x0000000700e00000| Untracked 
|   8|0x0000000701000000, 0x0000000701200000, 0x0000000701200000|100%| O|  |TAMS 0x0000000701200000, 0x0000000701000000| Untracked 
|   9|0x0000000701200000, 0x0000000701400000, 0x0000000701400000|100%| O|  |TAMS 0x0000000701400000, 0x0000000701200000| Untracked 
|  10|0x0000000701400000, 0x0000000701600000, 0x0000000701600000|100%| O|  |TAMS 0x0000000701600000, 0x0000000701400000| Untracked 
|  11|0x0000000701600000, 0x0000000701800000, 0x0000000701800000|100%| O|  |TAMS 0x0000000701800000, 0x0000000701600000| Untracked 
|  12|0x0000000701800000, 0x0000000701a00000, 0x0000000701a00000|100%| O|  |TAMS 0x0000000701a00000, 0x0000000701800000| Untracked 
|  13|0x0000000701a00000, 0x0000000701c00000, 0x0000000701c00000|100%| O|  |TAMS 0x0000000701c00000, 0x0000000701a00000| Untracked 
|  14|0x0000000701c00000, 0x0000000701e00000, 0x0000000701e00000|100%| O|  |TAMS 0x0000000701e00000, 0x0000000701c00000| Untracked 
|  15|0x0000000701e00000, 0x0000000702000000, 0x0000000702000000|100%| O|  |TAMS 0x0000000702000000, 0x0000000701e00000| Untracked 
|  16|0x0000000702000000, 0x0000000702200000, 0x0000000702200000|100%| O|  |TAMS 0x0000000702200000, 0x0000000702000000| Untracked 
|  17|0x0000000702200000, 0x0000000702400000, 0x0000000702400000|100%| O|  |TAMS 0x0000000702400000, 0x0000000702200000| Untracked 
|  18|0x0000000702400000, 0x0000000702600000, 0x0000000702600000|100%| O|  |TAMS 0x0000000702600000, 0x0000000702400000| Untracked 
|  19|0x0000000702600000, 0x0000000702800000, 0x0000000702800000|100%| O|  |TAMS 0x0000000702800000, 0x0000000702600000| Untracked 
|  20|0x0000000702800000, 0x0000000702a00000, 0x0000000702a00000|100%| O|  |TAMS 0x0000000702a00000, 0x0000000702800000| Untracked 
|  21|0x0000000702a00000, 0x0000000702c00000, 0x0000000702c00000|100%| O|  |TAMS 0x0000000702c00000, 0x0000000702a00000| Untracked 
|  22|0x0000000702c00000, 0x0000000702e00000, 0x0000000702e00000|100%| O|  |TAMS 0x0000000702e00000, 0x0000000702c00000| Untracked 
|  23|0x0000000702e00000, 0x0000000703000000, 0x0000000703000000|100%| O|  |TAMS 0x0000000703000000, 0x0000000702e00000| Untracked 
|  24|0x0000000703000000, 0x0000000703200000, 0x0000000703200000|100%| O|  |TAMS 0x0000000703200000, 0x0000000703000000| Untracked 
|  25|0x0000000703200000, 0x0000000703400000, 0x0000000703400000|100%| O|  |TAMS 0x0000000703400000, 0x0000000703200000| Untracked 
|  26|0x0000000703400000, 0x0000000703600000, 0x0000000703600000|100%| O|  |TAMS 0x0000000703600000, 0x0000000703400000| Untracked 
|  27|0x0000000703600000, 0x0000000703800000, 0x0000000703800000|100%| O|  |TAMS 0x0000000703800000, 0x0000000703600000| Untracked 
|  28|0x0000000703800000, 0x0000000703a00000, 0x0000000703a00000|100%| O|  |TAMS 0x0000000703a00000, 0x0000000703800000| Untracked 
|  29|0x0000000703a00000, 0x0000000703c00000, 0x0000000703c00000|100%| O|  |TAMS 0x0000000703c00000, 0x0000000703a00000| Untracked 
|  30|0x0000000703c00000, 0x0000000703e00000, 0x0000000703e00000|100%| O|  |TAMS 0x0000000703e00000, 0x0000000703c00000| Untracked 
|  31|0x0000000703e00000, 0x0000000704000000, 0x0000000704000000|100%| O|  |TAMS 0x0000000704000000, 0x0000000703e00000| Untracked 
|  32|0x0000000704000000, 0x0000000704200000, 0x0000000704200000|100%| O|  |TAMS 0x0000000704200000, 0x0000000704000000| Untracked 
|  33|0x0000000704200000, 0x0000000704400000, 0x0000000704400000|100%| O|  |TAMS 0x0000000704400000, 0x0000000704200000| Untracked 
|  34|0x0000000704400000, 0x0000000704600000, 0x0000000704600000|100%| O|  |TAMS 0x0000000704600000, 0x0000000704400000| Untracked 
|  35|0x0000000704600000, 0x0000000704800000, 0x0000000704800000|100%| O|  |TAMS 0x0000000704800000, 0x0000000704600000| Untracked 
|  36|0x0000000704800000, 0x0000000704a00000, 0x0000000704a00000|100%| O|  |TAMS 0x0000000704a00000, 0x0000000704800000| Untracked 
|  37|0x0000000704a00000, 0x0000000704c00000, 0x0000000704c00000|100%| O|  |TAMS 0x0000000704c00000, 0x0000000704a00000| Untracked 
|  38|0x0000000704c00000, 0x0000000704e00000, 0x0000000704e00000|100%| O|  |TAMS 0x0000000704e00000, 0x0000000704c00000| Untracked 
|  39|0x0000000704e00000, 0x0000000705000000, 0x0000000705000000|100%| O|  |TAMS 0x0000000705000000, 0x0000000704e00000| Untracked 
|  40|0x0000000705000000, 0x0000000705200000, 0x0000000705200000|100%| O|  |TAMS 0x0000000705200000, 0x0000000705000000| Untracked 
|  41|0x0000000705200000, 0x0000000705400000, 0x0000000705400000|100%| O|  |TAMS 0x0000000705400000, 0x0000000705200000| Untracked 
|  42|0x0000000705400000, 0x0000000705600000, 0x0000000705600000|100%| O|  |TAMS 0x0000000705600000, 0x0000000705400000| Untracked 
|  43|0x0000000705600000, 0x0000000705800000, 0x0000000705800000|100%| O|  |TAMS 0x0000000705800000, 0x0000000705600000| Untracked 
|  44|0x0000000705800000, 0x0000000705a00000, 0x0000000705a00000|100%| O|  |TAMS 0x0000000705a00000, 0x0000000705800000| Untracked 
|  45|0x0000000705a00000, 0x0000000705c00000, 0x0000000705c00000|100%| O|  |TAMS 0x0000000705c00000, 0x0000000705a00000| Untracked 
|  46|0x0000000705c00000, 0x0000000705e00000, 0x0000000705e00000|100%| O|  |TAMS 0x0000000705e00000, 0x0000000705c00000| Untracked 
|  47|0x0000000705e00000, 0x0000000706000000, 0x0000000706000000|100%| O|  |TAMS 0x0000000706000000, 0x0000000705e00000| Untracked 
|  48|0x0000000706000000, 0x0000000706200000, 0x0000000706200000|100%| O|  |TAMS 0x0000000706200000, 0x0000000706000000| Untracked 
|  49|0x0000000706200000, 0x0000000706400000, 0x0000000706400000|100%| O|  |TAMS 0x0000000706400000, 0x0000000706200000| Untracked 
|  50|0x0000000706400000, 0x0000000706600000, 0x0000000706600000|100%| O|  |TAMS 0x0000000706600000, 0x0000000706400000| Untracked 
|  51|0x0000000706600000, 0x0000000706800000, 0x0000000706800000|100%| O|  |TAMS 0x0000000706800000, 0x0000000706600000| Untracked 
|  52|0x0000000706800000, 0x0000000706a00000, 0x0000000706a00000|100%| O|  |TAMS 0x0000000706a00000, 0x0000000706800000| Untracked 
|  53|0x0000000706a00000, 0x0000000706c00000, 0x0000000706c00000|100%| O|  |TAMS 0x0000000706c00000, 0x0000000706a00000| Untracked 
|  54|0x0000000706c00000, 0x0000000706e00000, 0x0000000706e00000|100%| O|  |TAMS 0x0000000706e00000, 0x0000000706c00000| Untracked 
|  55|0x0000000706e00000, 0x0000000707000000, 0x0000000707000000|100%| O|  |TAMS 0x0000000707000000, 0x0000000706e00000| Untracked 
|  56|0x0000000707000000, 0x0000000707200000, 0x0000000707200000|100%| O|  |TAMS 0x0000000707200000, 0x0000000707000000| Untracked 
|  57|0x0000000707200000, 0x0000000707400000, 0x0000000707400000|100%| O|  |TAMS 0x0000000707400000, 0x0000000707200000| Untracked 
|  58|0x0000000707400000, 0x0000000707600000, 0x0000000707600000|100%| O|  |TAMS 0x0000000707600000, 0x0000000707400000| Untracked 
|  59|0x0000000707600000, 0x0000000707800000, 0x0000000707800000|100%| O|  |TAMS 0x0000000707800000, 0x0000000707600000| Untracked 
|  60|0x0000000707800000, 0x0000000707a00000, 0x0000000707a00000|100%| O|  |TAMS 0x0000000707a00000, 0x0000000707800000| Untracked 
|  61|0x0000000707a00000, 0x0000000707c00000, 0x0000000707c00000|100%| O|  |TAMS 0x0000000707c00000, 0x0000000707a00000| Untracked 
|  62|0x0000000707c00000, 0x0000000707e00000, 0x0000000707e00000|100%| O|  |TAMS 0x0000000707e00000, 0x0000000707c00000| Untracked 
|  63|0x0000000707e00000, 0x0000000708000000, 0x0000000708000000|100%| O|  |TAMS 0x0000000708000000, 0x0000000707e00000| Untracked 
|  64|0x0000000708000000, 0x0000000708200000, 0x0000000708200000|100%| O|  |TAMS 0x0000000708200000, 0x0000000708000000| Untracked 
|  65|0x0000000708200000, 0x0000000708400000, 0x0000000708400000|100%| O|  |TAMS 0x0000000708400000, 0x0000000708200000| Untracked 
|  66|0x0000000708400000, 0x0000000708600000, 0x0000000708600000|100%| O|  |TAMS 0x0000000708600000, 0x0000000708400000| Untracked 
|  67|0x0000000708600000, 0x0000000708800000, 0x0000000708800000|100%| O|  |TAMS 0x0000000708800000, 0x0000000708600000| Untracked 
|  68|0x0000000708800000, 0x0000000708a00000, 0x0000000708a00000|100%| O|  |TAMS 0x0000000708a00000, 0x0000000708800000| Untracked 
|  69|0x0000000708a00000, 0x0000000708c00000, 0x0000000708c00000|100%| O|  |TAMS 0x0000000708c00000, 0x0000000708a00000| Untracked 
|  70|0x0000000708c00000, 0x0000000708e00000, 0x0000000708e00000|100%| O|  |TAMS 0x0000000708e00000, 0x0000000708c00000| Untracked 
|  71|0x0000000708e00000, 0x0000000709000000, 0x0000000709000000|100%| O|  |TAMS 0x0000000709000000, 0x0000000708e00000| Untracked 
|  72|0x0000000709000000, 0x0000000709200000, 0x0000000709200000|100%| O|  |TAMS 0x0000000709200000, 0x0000000709000000| Untracked 
|  73|0x0000000709200000, 0x0000000709400000, 0x0000000709400000|100%| O|  |TAMS 0x0000000709400000, 0x0000000709200000| Untracked 
|  74|0x0000000709400000, 0x0000000709600000, 0x0000000709600000|100%| O|  |TAMS 0x0000000709600000, 0x0000000709400000| Untracked 
|  75|0x0000000709600000, 0x0000000709800000, 0x0000000709800000|100%| O|  |TAMS 0x0000000709800000, 0x0000000709600000| Untracked 
|  76|0x0000000709800000, 0x0000000709a00000, 0x0000000709a00000|100%| O|  |TAMS 0x0000000709a00000, 0x0000000709800000| Untracked 
|  77|0x0000000709a00000, 0x0000000709c00000, 0x0000000709c00000|100%| O|  |TAMS 0x0000000709c00000, 0x0000000709a00000| Untracked 
|  78|0x0000000709c00000, 0x0000000709e00000, 0x0000000709e00000|100%| O|  |TAMS 0x0000000709e00000, 0x0000000709c00000| Untracked 
|  79|0x0000000709e00000, 0x000000070a000000, 0x000000070a000000|100%| O|  |TAMS 0x0000000709e6a400, 0x0000000709e00000| Untracked 
|  80|0x000000070a000000, 0x000000070a200000, 0x000000070a200000|100%| O|  |TAMS 0x000000070a000000, 0x000000070a000000| Untracked 
|  81|0x000000070a200000, 0x000000070a400000, 0x000000070a400000|100%| O|  |TAMS 0x000000070a200000, 0x000000070a200000| Untracked 
|  82|0x000000070a400000, 0x000000070a600000, 0x000000070a600000|100%| O|  |TAMS 0x000000070a400000, 0x000000070a400000| Untracked 
|  83|0x000000070a600000, 0x000000070a800000, 0x000000070a800000|100%| O|  |TAMS 0x000000070a600000, 0x000000070a600000| Untracked 
|  84|0x000000070a800000, 0x000000070aa00000, 0x000000070aa00000|100%| O|  |TAMS 0x000000070a800000, 0x000000070a800000| Untracked 
|  85|0x000000070aa00000, 0x000000070ac00000, 0x000000070ac00000|100%| O|  |TAMS 0x000000070aa00000, 0x000000070aa00000| Untracked 
|  86|0x000000070ac00000, 0x000000070ac7b800, 0x000000070ae00000| 24%| O|  |TAMS 0x000000070ac00000, 0x000000070ac00000| Untracked 
|  87|0x000000070ae00000, 0x000000070ae00000, 0x000000070b000000|  0%| F|  |TAMS 0x000000070ae00000, 0x000000070ae00000| Untracked 
|  88|0x000000070b000000, 0x000000070b000000, 0x000000070b200000|  0%| F|  |TAMS 0x000000070b000000, 0x000000070b000000| Untracked 
|  89|0x000000070b200000, 0x000000070b200000, 0x000000070b400000|  0%| F|  |TAMS 0x000000070b200000, 0x000000070b200000| Untracked 
|  90|0x000000070b400000, 0x000000070b400000, 0x000000070b600000|  0%| F|  |TAMS 0x000000070b400000, 0x000000070b400000| Untracked 
|  91|0x000000070b600000, 0x000000070b600000, 0x000000070b800000|  0%| F|  |TAMS 0x000000070b600000, 0x000000070b600000| Untracked 
|  92|0x000000070b800000, 0x000000070b800000, 0x000000070ba00000|  0%| F|  |TAMS 0x000000070b800000, 0x000000070b800000| Untracked 
|  93|0x000000070ba00000, 0x000000070ba00000, 0x000000070bc00000|  0%| F|  |TAMS 0x000000070ba00000, 0x000000070ba00000| Untracked 
|  94|0x000000070bc00000, 0x000000070bc00000, 0x000000070be00000|  0%| F|  |TAMS 0x000000070bc00000, 0x000000070bc00000| Untracked 
|  95|0x000000070be00000, 0x000000070be00000, 0x000000070c000000|  0%| F|  |TAMS 0x000000070be00000, 0x000000070be00000| Untracked 
|  96|0x000000070c000000, 0x000000070c000000, 0x000000070c200000|  0%| F|  |TAMS 0x000000070c000000, 0x000000070c000000| Untracked 
|  97|0x000000070c200000, 0x000000070c200000, 0x000000070c400000|  0%| F|  |TAMS 0x000000070c200000, 0x000000070c200000| Untracked 
|  98|0x000000070c400000, 0x000000070c400000, 0x000000070c600000|  0%| F|  |TAMS 0x000000070c400000, 0x000000070c400000| Untracked 
|  99|0x000000070c600000, 0x000000070c600000, 0x000000070c800000|  0%| F|  |TAMS 0x000000070c600000, 0x000000070c600000| Untracked 
| 100|0x000000070c800000, 0x000000070c800000, 0x000000070ca00000|  0%| F|  |TAMS 0x000000070c800000, 0x000000070c800000| Untracked 
| 101|0x000000070ca00000, 0x000000070ca00000, 0x000000070cc00000|  0%| F|  |TAMS 0x000000070ca00000, 0x000000070ca00000| Untracked 
| 102|0x000000070cc00000, 0x000000070cc00000, 0x000000070ce00000|  0%| F|  |TAMS 0x000000070cc00000, 0x000000070cc00000| Untracked 
| 103|0x000000070ce00000, 0x000000070ce00000, 0x000000070d000000|  0%| F|  |TAMS 0x000000070ce00000, 0x000000070ce00000| Untracked 
| 104|0x000000070d000000, 0x000000070d000000, 0x000000070d200000|  0%| F|  |TAMS 0x000000070d000000, 0x000000070d000000| Untracked 
| 105|0x000000070d200000, 0x000000070d200000, 0x000000070d400000|  0%| F|  |TAMS 0x000000070d200000, 0x000000070d200000| Untracked 
| 106|0x000000070d400000, 0x000000070d400000, 0x000000070d600000|  0%| F|  |TAMS 0x000000070d400000, 0x000000070d400000| Untracked 
| 107|0x000000070d600000, 0x000000070d600000, 0x000000070d800000|  0%| F|  |TAMS 0x000000070d600000, 0x000000070d600000| Untracked 
| 108|0x000000070d800000, 0x000000070d800000, 0x000000070da00000|  0%| F|  |TAMS 0x000000070d800000, 0x000000070d800000| Untracked 
| 109|0x000000070da00000, 0x000000070da00000, 0x000000070dc00000|  0%| F|  |TAMS 0x000000070da00000, 0x000000070da00000| Untracked 
| 110|0x000000070dc00000, 0x000000070dc00000, 0x000000070de00000|  0%| F|  |TAMS 0x000000070dc00000, 0x000000070dc00000| Untracked 
| 111|0x000000070de00000, 0x000000070de00000, 0x000000070e000000|  0%| F|  |TAMS 0x000000070de00000, 0x000000070de00000| Untracked 
| 112|0x000000070e000000, 0x000000070e000000, 0x000000070e200000|  0%| F|  |TAMS 0x000000070e000000, 0x000000070e000000| Untracked 
| 113|0x000000070e200000, 0x000000070e200000, 0x000000070e400000|  0%| F|  |TAMS 0x000000070e200000, 0x000000070e200000| Untracked 
| 114|0x000000070e400000, 0x000000070e400000, 0x000000070e600000|  0%| F|  |TAMS 0x000000070e400000, 0x000000070e400000| Untracked 
| 115|0x000000070e600000, 0x000000070e600000, 0x000000070e800000|  0%| F|  |TAMS 0x000000070e600000, 0x000000070e600000| Untracked 
| 116|0x000000070e800000, 0x000000070e800000, 0x000000070ea00000|  0%| F|  |TAMS 0x000000070e800000, 0x000000070e800000| Untracked 
| 117|0x000000070ea00000, 0x000000070ea00000, 0x000000070ec00000|  0%| F|  |TAMS 0x000000070ea00000, 0x000000070ea00000| Untracked 
| 118|0x000000070ec00000, 0x000000070ec00000, 0x000000070ee00000|  0%| F|  |TAMS 0x000000070ec00000, 0x000000070ec00000| Untracked 
| 119|0x000000070ee00000, 0x000000070ee00000, 0x000000070f000000|  0%| F|  |TAMS 0x000000070ee00000, 0x000000070ee00000| Untracked 
| 120|0x000000070f000000, 0x000000070f000000, 0x000000070f200000|  0%| F|  |TAMS 0x000000070f000000, 0x000000070f000000| Untracked 
| 121|0x000000070f200000, 0x000000070f200000, 0x000000070f400000|  0%| F|  |TAMS 0x000000070f200000, 0x000000070f200000| Untracked 
| 122|0x000000070f400000, 0x000000070f400000, 0x000000070f600000|  0%| F|  |TAMS 0x000000070f400000, 0x000000070f400000| Untracked 
| 123|0x000000070f600000, 0x000000070f7d7500, 0x000000070f800000| 92%| S|CS|TAMS 0x000000070f600000, 0x000000070f600000| Complete 
| 124|0x000000070f800000, 0x000000070fa00000, 0x000000070fa00000|100%| S|CS|TAMS 0x000000070f800000, 0x000000070f800000| Complete 
| 125|0x000000070fa00000, 0x000000070fc00000, 0x000000070fc00000|100%| S|CS|TAMS 0x000000070fa00000, 0x000000070fa00000| Complete 
| 126|0x000000070fc00000, 0x000000070fe00000, 0x000000070fe00000|100%| S|CS|TAMS 0x000000070fc00000, 0x000000070fc00000| Complete 
| 127|0x000000070fe00000, 0x0000000710000000, 0x0000000710000000|100%| S|CS|TAMS 0x000000070fe00000, 0x000000070fe00000| Complete 
| 128|0x0000000710000000, 0x0000000710000000, 0x0000000710200000|  0%| F|  |TAMS 0x0000000710000000, 0x0000000710000000| Untracked 
| 129|0x0000000710200000, 0x0000000710200000, 0x0000000710400000|  0%| F|  |TAMS 0x0000000710200000, 0x0000000710200000| Untracked 
| 130|0x0000000710400000, 0x0000000710400000, 0x0000000710600000|  0%| F|  |TAMS 0x0000000710400000, 0x0000000710400000| Untracked 
| 131|0x0000000710600000, 0x0000000710600000, 0x0000000710800000|  0%| F|  |TAMS 0x0000000710600000, 0x0000000710600000| Untracked 
| 132|0x0000000710800000, 0x0000000710800000, 0x0000000710a00000|  0%| F|  |TAMS 0x0000000710800000, 0x0000000710800000| Untracked 
| 133|0x0000000710a00000, 0x0000000710a00000, 0x0000000710c00000|  0%| F|  |TAMS 0x0000000710a00000, 0x0000000710a00000| Untracked 
| 134|0x0000000710c00000, 0x0000000710c00000, 0x0000000710e00000|  0%| F|  |TAMS 0x0000000710c00000, 0x0000000710c00000| Untracked 
| 135|0x0000000710e00000, 0x0000000710e00000, 0x0000000711000000|  0%| F|  |TAMS 0x0000000710e00000, 0x0000000710e00000| Untracked 
| 136|0x0000000711000000, 0x0000000711000000, 0x0000000711200000|  0%| F|  |TAMS 0x0000000711000000, 0x0000000711000000| Untracked 
| 137|0x0000000711200000, 0x0000000711200000, 0x0000000711400000|  0%| F|  |TAMS 0x0000000711200000, 0x0000000711200000| Untracked 
| 138|0x0000000711400000, 0x0000000711400000, 0x0000000711600000|  0%| F|  |TAMS 0x0000000711400000, 0x0000000711400000| Untracked 
| 139|0x0000000711600000, 0x0000000711600000, 0x0000000711800000|  0%| F|  |TAMS 0x0000000711600000, 0x0000000711600000| Untracked 
| 140|0x0000000711800000, 0x0000000711800000, 0x0000000711a00000|  0%| F|  |TAMS 0x0000000711800000, 0x0000000711800000| Untracked 
| 141|0x0000000711a00000, 0x0000000711a00000, 0x0000000711c00000|  0%| F|  |TAMS 0x0000000711a00000, 0x0000000711a00000| Untracked 
| 142|0x0000000711c00000, 0x0000000711c00000, 0x0000000711e00000|  0%| F|  |TAMS 0x0000000711c00000, 0x0000000711c00000| Untracked 
| 143|0x0000000711e00000, 0x0000000711e00000, 0x0000000712000000|  0%| F|  |TAMS 0x0000000711e00000, 0x0000000711e00000| Untracked 
| 144|0x0000000712000000, 0x0000000712000000, 0x0000000712200000|  0%| F|  |TAMS 0x0000000712000000, 0x0000000712000000| Untracked 
| 145|0x0000000712200000, 0x0000000712200000, 0x0000000712400000|  0%| F|  |TAMS 0x0000000712200000, 0x0000000712200000| Untracked 
| 146|0x0000000712400000, 0x0000000712400000, 0x0000000712600000|  0%| F|  |TAMS 0x0000000712400000, 0x0000000712400000| Untracked 
| 147|0x0000000712600000, 0x0000000712600000, 0x0000000712800000|  0%| F|  |TAMS 0x0000000712600000, 0x0000000712600000| Untracked 
| 148|0x0000000712800000, 0x0000000712800000, 0x0000000712a00000|  0%| F|  |TAMS 0x0000000712800000, 0x0000000712800000| Untracked 
| 149|0x0000000712a00000, 0x0000000712a00000, 0x0000000712c00000|  0%| F|  |TAMS 0x0000000712a00000, 0x0000000712a00000| Untracked 
| 150|0x0000000712c00000, 0x0000000712c00000, 0x0000000712e00000|  0%| F|  |TAMS 0x0000000712c00000, 0x0000000712c00000| Untracked 
| 151|0x0000000712e00000, 0x0000000712e00000, 0x0000000713000000|  0%| F|  |TAMS 0x0000000712e00000, 0x0000000712e00000| Untracked 
| 152|0x0000000713000000, 0x0000000713000000, 0x0000000713200000|  0%| F|  |TAMS 0x0000000713000000, 0x0000000713000000| Untracked 
| 153|0x0000000713200000, 0x0000000713200000, 0x0000000713400000|  0%| F|  |TAMS 0x0000000713200000, 0x0000000713200000| Untracked 
| 154|0x0000000713400000, 0x0000000713400000, 0x0000000713600000|  0%| F|  |TAMS 0x0000000713400000, 0x0000000713400000| Untracked 
| 155|0x0000000713600000, 0x0000000713600000, 0x0000000713800000|  0%| F|  |TAMS 0x0000000713600000, 0x0000000713600000| Untracked 
| 156|0x0000000713800000, 0x0000000713800000, 0x0000000713a00000|  0%| F|  |TAMS 0x0000000713800000, 0x0000000713800000| Untracked 
| 157|0x0000000713a00000, 0x0000000713a00000, 0x0000000713c00000|  0%| F|  |TAMS 0x0000000713a00000, 0x0000000713a00000| Untracked 
| 158|0x0000000713c00000, 0x0000000713c00000, 0x0000000713e00000|  0%| F|  |TAMS 0x0000000713c00000, 0x0000000713c00000| Untracked 
| 159|0x0000000713e00000, 0x0000000713e00000, 0x0000000714000000|  0%| F|  |TAMS 0x0000000713e00000, 0x0000000713e00000| Untracked 
| 160|0x0000000714000000, 0x0000000714000000, 0x0000000714200000|  0%| F|  |TAMS 0x0000000714000000, 0x0000000714000000| Untracked 
| 161|0x0000000714200000, 0x0000000714200000, 0x0000000714400000|  0%| F|  |TAMS 0x0000000714200000, 0x0000000714200000| Untracked 
| 162|0x0000000714400000, 0x0000000714400000, 0x0000000714600000|  0%| F|  |TAMS 0x0000000714400000, 0x0000000714400000| Untracked 
| 163|0x0000000714600000, 0x0000000714600000, 0x0000000714800000|  0%| F|  |TAMS 0x0000000714600000, 0x0000000714600000| Untracked 
| 164|0x0000000714800000, 0x0000000714800000, 0x0000000714a00000|  0%| F|  |TAMS 0x0000000714800000, 0x0000000714800000| Untracked 
| 165|0x0000000714a00000, 0x0000000714a00000, 0x0000000714c00000|  0%| F|  |TAMS 0x0000000714a00000, 0x0000000714a00000| Untracked 
| 166|0x0000000714c00000, 0x0000000714c00000, 0x0000000714e00000|  0%| F|  |TAMS 0x0000000714c00000, 0x0000000714c00000| Untracked 
| 167|0x0000000714e00000, 0x0000000714e00000, 0x0000000715000000|  0%| F|  |TAMS 0x0000000714e00000, 0x0000000714e00000| Untracked 
| 168|0x0000000715000000, 0x0000000715000000, 0x0000000715200000|  0%| F|  |TAMS 0x0000000715000000, 0x0000000715000000| Untracked 
| 169|0x0000000715200000, 0x0000000715300800, 0x0000000715400000| 50%| E|  |TAMS 0x0000000715200000, 0x0000000715200000| Complete 
|1534|0x00000007bfc00000, 0x00000007bfd51000, 0x00000007bfe00000| 65%|OA|  |TAMS 0x00000007bfd51000, 0x00000007bfc00000| Untracked 
|1535|0x00000007bfe00000, 0x00000007bfe79000, 0x00000007c0000000| 23%|CA|  |TAMS 0x00000007bfe79000, 0x00000007bfe00000| Untracked 

Card table byte_map: [0x0000000109eda000,0x000000010a6da000] _byte_map_base: 0x00000001066da000

Marking Bits (Prev, Next): (CMBitMap*) 0x00007ff9c900c210, (CMBitMap*) 0x00007ff9c900c250
 Prev Bits: [0x0000000123366000, 0x0000000127366000)
 Next Bits: [0x0000000127366000, 0x000000012b366000)

Polling page: 0x0000000106bf9000

Metaspace:

Usage:
  Non-class:      9.65 MB capacity,     7.03 MB ( 73%) used,     2.62 MB ( 27%) free+waste,    10.81 KB ( <1%) overhead. 
      Class:      1.32 MB capacity,  1022.18 KB ( 75%) used,   329.45 KB ( 24%) free+waste,     4.38 KB ( <1%) overhead. 
       Both:     10.98 MB capacity,     8.02 MB ( 73%) used,     2.94 MB ( 27%) free+waste,    15.19 KB ( <1%) overhead. 

Virtual space:
  Non-class space:       10.00 MB reserved,       9.75 MB ( 98%) committed 
      Class space:        1.00 GB reserved,       1.38 MB ( <1%) committed 
             Both:        1.01 GB reserved,      11.12 MB (  1%) committed 

Chunk freelists:
   Non-Class:  84.00 KB
       Class:  20.00 KB
        Both:  104.00 KB

MaxMetaspaceSize: 17179869184.00 GB
CompressedClassSpaceSize: 1.00 GB

CodeHeap 'non-profiled nmethods': size=120028Kb used=1287Kb max_used=1287Kb free=118740Kb
 bounds [0x000000011be2f000, 0x000000011c09f000, 0x0000000123366000]
CodeHeap 'profiled nmethods': size=120028Kb used=3952Kb max_used=3952Kb free=116075Kb
 bounds [0x00000001148f8000, 0x0000000114cd8000, 0x000000011be2f000]
CodeHeap 'non-nmethods': size=5704Kb used=1169Kb max_used=1240Kb free=4534Kb
 bounds [0x0000000114366000, 0x00000001145d6000, 0x00000001148f8000]
 total_blobs=2623 nmethods=2199 adapters=337
 compilation: enabled
              stopped_count=0, restarted_count=0
 full_count=0

Compilation events (20 events):
Event: 25.245 Thread 0x00007ff9c90c3c00 2218       4       scala.collection.SeqOps::sorted (125 bytes)
Event: 25.258 Thread 0x00007ff9c90c3c00 nmethod 2218 0x000000011bf6b090 code [0x000000011bf6b280, 0x000000011bf6bab0]
Event: 25.390 Thread 0x00007ff9c90c3c00 2219       4       java.lang.StringBuilder::toString (35 bytes)
Event: 25.395 Thread 0x00007ff9c90c3c00 nmethod 2219 0x000000011bf6c010 code [0x000000011bf6c1a0, 0x000000011bf6c5b8]
Event: 25.408 Thread 0x00007ff9c8048e00 2220       3       scala.collection.immutable.List::take (119 bytes)
Event: 25.409 Thread 0x00007ff9c8048e00 nmethod 2220 0x0000000114cc8010 code [0x0000000114cc83e0, 0x0000000114cca2b0]
Event: 25.771 Thread 0x00007ff9c90c3c00 2221       4       scala.collection.immutable.Map$Map4$Map4Iterator::next (145 bytes)
Event: 25.775 Thread 0x00007ff9c90c3c00 nmethod 2221 0x000000011bf6c790 code [0x000000011bf6c920, 0x000000011bf6cc38]
Event: 25.966 Thread 0x00007ff9c8048e00 2222       3       ch.ethz.math.ifor.atsp.BranchAndBound.BranchNode::detectTours (409 bytes)
Event: 25.971 Thread 0x00007ff9c8048e00 nmethod 2222 0x0000000114ccab90 code [0x0000000114ccb520, 0x0000000114cd2590]
Event: 26.128 Thread 0x00007ff9c90c3c00 2223       4       scala.collection.immutable.List::reverse (37 bytes)
Event: 26.131 Thread 0x00007ff9c90c3c00 nmethod 2223 0x000000011bf6ce90 code [0x000000011bf6d020, 0x000000011bf6d198]
Event: 26.230 Thread 0x00007ff9c90c3c00 2224       4       scala.collection.immutable.List::filter (453 bytes)
Event: 26.234 Thread 0x00007ff9c90c3c00 nmethod 2224 0x000000011bf6d310 code [0x000000011bf6d4c0, 0x000000011bf6d7b8]
Event: 26.237 Thread 0x00007ff9c90c3c00 2225       4       scala.collection.StrictOptimizedIterableOps::dropRight (100 bytes)
Event: 26.252 Thread 0x00007ff9c90c3c00 nmethod 2225 0x000000011bf6db90 code [0x000000011bf6dd80, 0x000000011bf6e668]
Event: 26.467 Thread 0x00007ff9c90c3c00 2226       4       scala.collection.AbstractMap::concat (6 bytes)
Event: 26.478 Thread 0x00007ff9c90c3c00 nmethod 2226 0x000000011bf6ed10 code [0x000000011bf6ef00, 0x000000011bf6f5e8]
Event: 26.478 Thread 0x00007ff9c90c3c00 2227       4       scala.collection.MapOps::concat (64 bytes)
Event: 26.492 Thread 0x00007ff9c90c3c00 nmethod 2227 0x000000011bf6fc10 code [0x000000011bf6fe20, 0x000000011bf70708]

GC Heap History (20 events):
Event: 17.705 GC heap before
{Heap before GC invocations=10 (full 0):
 garbage-first heap   total 319488K, used 246662K [0x0000000700000000, 0x0000000800000000)
  region size 2048K, 78 young (159744K), 9 survivors (18432K)
 Metaspace       used 8194K, capacity 11239K, committed 11392K, reserved 1058816K
  class space    used 1022K, capacity 1356K, committed 1408K, reserved 1048576K
}
Event: 17.721 GC heap after
{Heap after GC invocations=11 (full 0):
 garbage-first heap   total 319488K, used 115921K [0x0000000700000000, 0x0000000800000000)
  region size 2048K, 9 young (18432K), 9 survivors (18432K)
 Metaspace       used 8194K, capacity 11239K, committed 11392K, reserved 1058816K
  class space    used 1022K, capacity 1356K, committed 1408K, reserved 1048576K
}
Event: 19.018 GC heap before
{Heap before GC invocations=11 (full 0):
 garbage-first heap   total 319488K, used 246993K [0x0000000700000000, 0x0000000800000000)
  region size 2048K, 73 young (149504K), 9 survivors (18432K)
 Metaspace       used 8196K, capacity 11239K, committed 11392K, reserved 1058816K
  class space    used 1022K, capacity 1356K, committed 1408K, reserved 1048576K
}
Event: 19.032 GC heap after
{Heap after GC invocations=12 (full 0):
 garbage-first heap   total 319488K, used 125854K [0x0000000700000000, 0x0000000800000000)
  region size 2048K, 8 young (16384K), 8 survivors (16384K)
 Metaspace       used 8196K, capacity 11239K, committed 11392K, reserved 1058816K
  class space    used 1022K, capacity 1356K, committed 1408K, reserved 1048576K
}
Event: 20.185 GC heap before
{Heap before GC invocations=12 (full 0):
 garbage-first heap   total 319488K, used 250782K [0x0000000700000000, 0x0000000800000000)
  region size 2048K, 69 young (141312K), 8 survivors (16384K)
 Metaspace       used 8200K, capacity 11239K, committed 11392K, reserved 1058816K
  class space    used 1022K, capacity 1356K, committed 1408K, reserved 1048576K
}
Event: 20.199 GC heap after
{Heap after GC invocations=13 (full 0):
 garbage-first heap   total 319488K, used 135771K [0x0000000700000000, 0x0000000800000000)
  region size 2048K, 8 young (16384K), 8 survivors (16384K)
 Metaspace       used 8200K, capacity 11239K, committed 11392K, reserved 1058816K
  class space    used 1022K, capacity 1356K, committed 1408K, reserved 1048576K
}
Event: 21.218 GC heap before
{Heap before GC invocations=13 (full 0):
 garbage-first heap   total 319488K, used 252507K [0x0000000700000000, 0x0000000800000000)
  region size 2048K, 65 young (133120K), 8 survivors (16384K)
 Metaspace       used 8203K, capacity 11239K, committed 11392K, reserved 1058816K
  class space    used 1022K, capacity 1356K, committed 1408K, reserved 1048576K
}
Event: 21.231 GC heap after
{Heap after GC invocations=14 (full 0):
 garbage-first heap   total 319488K, used 144512K [0x0000000700000000, 0x0000000800000000)
  region size 2048K, 7 young (14336K), 7 survivors (14336K)
 Metaspace       used 8203K, capacity 11239K, committed 11392K, reserved 1058816K
  class space    used 1022K, capacity 1356K, committed 1408K, reserved 1048576K
}
Event: 22.201 GC heap before
{Heap before GC invocations=14 (full 0):
 garbage-first heap   total 319488K, used 255104K [0x0000000700000000, 0x0000000800000000)
  region size 2048K, 61 young (124928K), 7 survivors (14336K)
 Metaspace       used 8213K, capacity 11240K, committed 11392K, reserved 1058816K
  class space    used 1022K, capacity 1356K, committed 1408K, reserved 1048576K
}
Event: 22.212 GC heap after
{Heap after GC invocations=15 (full 0):
 garbage-first heap   total 319488K, used 151956K [0x0000000700000000, 0x0000000800000000)
  region size 2048K, 7 young (14336K), 7 survivors (14336K)
 Metaspace       used 8213K, capacity 11240K, committed 11392K, reserved 1058816K
  class space    used 1022K, capacity 1356K, committed 1408K, reserved 1048576K
}
Event: 23.016 GC heap before
{Heap before GC invocations=15 (full 0):
 garbage-first heap   total 319488K, used 254356K [0x0000000700000000, 0x0000000800000000)
  region size 2048K, 57 young (116736K), 7 survivors (14336K)
 Metaspace       used 8214K, capacity 11240K, committed 11392K, reserved 1058816K
  class space    used 1022K, capacity 1356K, committed 1408K, reserved 1048576K
}
Event: 23.026 GC heap after
{Heap after GC invocations=16 (full 0):
 garbage-first heap   total 319488K, used 160735K [0x0000000700000000, 0x0000000800000000)
  region size 2048K, 6 young (12288K), 6 survivors (12288K)
 Metaspace       used 8214K, capacity 11240K, committed 11392K, reserved 1058816K
  class space    used 1022K, capacity 1356K, committed 1408K, reserved 1048576K
}
Event: 23.858 GC heap before
{Heap before GC invocations=16 (full 0):
 garbage-first heap   total 319488K, used 256991K [0x0000000700000000, 0x0000000800000000)
  region size 2048K, 53 young (108544K), 6 survivors (12288K)
 Metaspace       used 8215K, capacity 11240K, committed 11392K, reserved 1058816K
  class space    used 1022K, capacity 1356K, committed 1408K, reserved 1048576K
}
Event: 23.869 GC heap after
{Heap after GC invocations=17 (full 0):
 garbage-first heap   total 319488K, used 167534K [0x0000000700000000, 0x0000000800000000)
  region size 2048K, 6 young (12288K), 6 survivors (12288K)
 Metaspace       used 8215K, capacity 11240K, committed 11392K, reserved 1058816K
  class space    used 1022K, capacity 1356K, committed 1408K, reserved 1048576K
}
Event: 24.832 GC heap before
{Heap before GC invocations=18 (full 0):
 garbage-first heap   total 325632K, used 257646K [0x0000000700000000, 0x0000000800000000)
  region size 2048K, 50 young (102400K), 6 survivors (12288K)
 Metaspace       used 8216K, capacity 11240K, committed 11392K, reserved 1058816K
  class space    used 1022K, capacity 1356K, committed 1408K, reserved 1048576K
}
Event: 24.843 GC heap after
{Heap after GC invocations=19 (full 0):
 garbage-first heap   total 325632K, used 174588K [0x0000000700000000, 0x0000000800000000)
  region size 2048K, 6 young (12288K), 6 survivors (12288K)
 Metaspace       used 8216K, capacity 11240K, committed 11392K, reserved 1058816K
  class space    used 1022K, capacity 1356K, committed 1408K, reserved 1048576K
}
Event: 25.629 GC heap before
{Heap before GC invocations=19 (full 0):
 garbage-first heap   total 325632K, used 262652K [0x0000000700000000, 0x0000000800000000)
  region size 2048K, 49 young (100352K), 6 survivors (12288K)
 Metaspace       used 8216K, capacity 11240K, committed 11392K, reserved 1058816K
  class space    used 1022K, capacity 1356K, committed 1408K, reserved 1048576K
}
Event: 25.638 GC heap after
{Heap after GC invocations=20 (full 0):
 garbage-first heap   total 325632K, used 181728K [0x0000000700000000, 0x0000000800000000)
  region size 2048K, 5 young (10240K), 5 survivors (10240K)
 Metaspace       used 8216K, capacity 11240K, committed 11392K, reserved 1058816K
  class space    used 1022K, capacity 1356K, committed 1408K, reserved 1048576K
}
Event: 26.534 GC heap before
{Heap before GC invocations=21 (full 0):
 garbage-first heap   total 352256K, used 267744K [0x0000000700000000, 0x0000000800000000)
  region size 2048K, 47 young (96256K), 5 survivors (10240K)
 Metaspace       used 8216K, capacity 11240K, committed 11392K, reserved 1058816K
  class space    used 1022K, capacity 1356K, committed 1408K, reserved 1048576K
}
Event: 26.543 GC heap after
{Heap after GC invocations=22 (full 0):
 garbage-first heap   total 352256K, used 188531K [0x0000000700000000, 0x0000000800000000)
  region size 2048K, 5 young (10240K), 5 survivors (10240K)
 Metaspace       used 8216K, capacity 11240K, committed 11392K, reserved 1058816K
  class space    used 1022K, capacity 1356K, committed 1408K, reserved 1048576K
}

Deoptimization events (20 events):
Event: 11.831 Thread 0x00007ff9c800b000 DEOPT PACKING pc=0x000000011bf48634 sp=0x000070000dfa7100
Event: 11.831 Thread 0x00007ff9c800b000 DEOPT UNPACKING pc=0x00000001143b4125 sp=0x000070000dfa6f78 mode 2
Event: 11.847 Thread 0x00007ff9c800b000 Uncommon trap: trap_request=0xffffff66 fr.pc=0x000000011bf48634 relative=0x00000000000004d4
Event: 11.847 Thread 0x00007ff9c800b000 Uncommon trap: reason=speculate_class_check action=maybe_recompile pc=0x000000011bf48634 method=scala.collection.immutable.Map$.from(Lscala/collection/IterableOnce;)Lscala/collection/immutable/Map; @ 1 c2
Event: 11.847 Thread 0x00007ff9c800b000 DEOPT PACKING pc=0x000000011bf48634 sp=0x000070000dfa7100
Event: 11.847 Thread 0x00007ff9c800b000 DEOPT UNPACKING pc=0x00000001143b4125 sp=0x000070000dfa6f78 mode 2
Event: 22.587 Thread 0x00007ff9c800b000 DEOPT PACKING pc=0x0000000114c7846a sp=0x000070000dfa6e20
Event: 22.587 Thread 0x00007ff9c800b000 DEOPT UNPACKING pc=0x00000001143b3f2b sp=0x000070000dfa6410 mode 0
Event: 25.227 Thread 0x00007ff9c800b000 DEOPT PACKING pc=0x0000000114bf6237 sp=0x000070000dfa7160
Event: 25.227 Thread 0x00007ff9c800b000 DEOPT UNPACKING pc=0x00000001143b3f2b sp=0x000070000dfa6628 mode 0
Event: 25.227 Thread 0x00007ff9c800b000 DEOPT PACKING pc=0x0000000114bf7030 sp=0x000070000dfa72a0
Event: 25.227 Thread 0x00007ff9c800b000 DEOPT UNPACKING pc=0x00000001143b3f2b sp=0x000070000dfa6748 mode 0
Event: 25.966 Thread 0x00007ff9c800b000 DEOPT PACKING pc=0x0000000114bf19a4 sp=0x000070000dfa6e30
Event: 25.966 Thread 0x00007ff9c800b000 DEOPT UNPACKING pc=0x00000001143b3f2b sp=0x000070000dfa6398 mode 0
Event: 26.128 Thread 0x00007ff9c800b000 DEOPT PACKING pc=0x0000000114c2ad5d sp=0x000070000dfa7340
Event: 26.128 Thread 0x00007ff9c800b000 DEOPT UNPACKING pc=0x00000001143b3f2b sp=0x000070000dfa6890 mode 0
Event: 26.230 Thread 0x00007ff9c800b000 DEOPT PACKING pc=0x0000000114c2f2ee sp=0x000070000dfa72e0
Event: 26.230 Thread 0x00007ff9c800b000 DEOPT UNPACKING pc=0x00000001143b3f2b sp=0x000070000dfa6820 mode 0
Event: 26.237 Thread 0x00007ff9c800b000 DEOPT PACKING pc=0x0000000114c31e37 sp=0x000070000dfa7270
Event: 26.237 Thread 0x00007ff9c800b000 DEOPT UNPACKING pc=0x00000001143b3f2b sp=0x000070000dfa6738 mode 0

Classes unloaded (0 events):
No events

Classes redefined (0 events):
No events

Internal exceptions (20 events):
Event: 1.209 Thread 0x00007ff9c800b000 Exception <a 'java/lang/NoSuchMethodError'{0x000000070ef642f0}: 'java.lang.Object java.lang.invoke.DirectMethodHandle$Holder.newInvokeSpecial(java.lang.Object, java.lang.Object, java.lang.Object, java.lang.Object, java.lang.Object, java.lang.Object)'> (0x000000070ef642f0) 
thrown [src/hotspot/share/interpreter/linkResolver.cpp, line 782]
Event: 1.214 Thread 0x00007ff9c800b000 Exception <a 'java/lang/NoSuchMethodError'{0x000000070ef747b0}: 'java.lang.Object java.lang.invoke.DirectMethodHandle$Holder.newInvokeSpecial(java.lang.Object, java.lang.Object, java.lang.Object, java.lang.Object, java.lang.Object)'> (0x000000070ef747b0) 
thrown [src/hotspot/share/interpreter/linkResolver.cpp, line 782]
Event: 1.413 Thread 0x00007ff9c800b000 Exception <a 'java/lang/NoSuchMethodError'{0x000000070ea1f708}: 'java.lang.Object java.lang.invoke.DirectMethodHandle$Holder.newInvokeSpecial(java.lang.Object, java.lang.Object, java.lang.Object, java.lang.Object, java.lang.Object, java.lang.Object, java.lang.Object)'> (0x000000070ea1f708) 
thrown [src/hotspot/share/interpreter/linkResolver.cpp, line 782]
Event: 1.415 Thread 0x00007ff9c800b000 Exception <a 'java/lang/NoSuchMethodError'{0x000000070ea24570}: 'java.lang.Object java.lang.invoke.Invokers$Holder.linkToTargetMethod(java.lang.Object, java.lang.Object, java.lang.Object, java.lang.Object, java.lang.Object, java.lang.Object, java.lang.Object)'> (0x000000070ea24570) 
thrown [src/hotspot/share/interpreter/linkResolver.cpp, line 782]
Event: 1.417 Thread 0x00007ff9c800b000 Exception <a 'java/lang/NoSuchMethodError'{0x000000070ea306a0}: 'java.lang.Object java.lang.invoke.DirectMethodHandle$Holder.newInvokeSpecial(java.lang.Object, java.lang.Object, java.lang.Object, java.lang.Object, java.lang.Object, java.lang.Object, java.lang.Object, java.lang.Object)'> (0x000000070ea306a0) 
thrown [src/hotspot/share/interpreter/linkResolver.cpp, line 782]
Event: 1.418 Thread 0x00007ff9c800b000 Exception <a 'java/lang/NoSuchMethodError'{0x000000070ea35a88}: 'java.lang.Object java.lang.invoke.DirectMethodHandle$Holder.invokeSpecial(java.lang.Object, java.lang.Object, java.lang.Object, java.lang.Object, java.lang.Object, java.lang.Object, java.lang.Object, java.lang.Object, java.lang.Object)'> (0x000000070ea35a88) 
thrown [src/hotspot/share/interpreter/linkResolver.cpp, line 782]
Event: 1.419 Thread 0x00007ff9c800b000 Exception <a 'java/lang/NoSuchMethodError'{0x000000070ea3a910}: 'java.lang.Object java.lang.invoke.Invokers$Holder.linkToTargetMethod(java.lang.Object, java.lang.Object, java.lang.Object, java.lang.Object, java.lang.Object, java.lang.Object, java.lang.Object, java.lang.Object)'> (0x000000070ea3a910) 
thrown [src/hotspot/share/interpreter/linkResolver.cpp, line 782]
Event: 1.421 Thread 0x00007ff9c800b000 Exception <a 'java/lang/NoSuchMethodError'{0x000000070ea47018}: 'java.lang.Object java.lang.invoke.DirectMethodHandle$Holder.newInvokeSpecial(java.lang.Object, java.lang.Object, java.lang.Object, java.lang.Object, java.lang.Object, java.lang.Object, java.lang.Object, java.lang.Object, java.lang.Object)'> (0x000000070ea47018) 
thrown [src/hotspot/share/interpreter/linkResolver.cpp, line 782]
Event: 1.425 Thread 0x00007ff9c800b000 Exception <a 'java/lang/NoSuchMethodError'{0x000000070ea4c330}: 'java.lang.Object java.lang.invoke.DirectMethodHandle$Holder.invokeSpecial(java.lang.Object, java.lang.Object, java.lang.Object, java.lang.Object, java.lang.Object, java.lang.Object, java.lang.Object, java.lang.Object, java.lang.Object, java.lang.Object)'> (0x000000070ea4c330) 
thrown [src/hotspot/share/interpreter/linkResolver.cpp, line 782]
Event: 1.428 Thread 0x00007ff9c800b000 Exception <a 'java/lang/NoSuchMethodError'{0x000000070ea50af0}: 'java.lang.Object java.lang.invoke.Invokers$Holder.linkToTargetMethod(java.lang.Object, java.lang.Object, java.lang.Object, java.lang.Object, java.lang.Object, java.lang.Object, java.lang.Object, java.lang.Object, java.lang.Object)'> (0x000000070ea50af0) 
thrown [src/hotspot/share/interpreter/linkResolver.cpp, line 782]
Event: 1.477 Thread 0x00007ff9c800b000 Exception <a 'java/lang/NoSuchMethodError'{0x000000070ead3718}: 'java.lang.Object java.lang.invoke.DirectMethodHandle$Holder.newInvokeSpecial(java.lang.Object, double)'> (0x000000070ead3718) 
thrown [src/hotspot/share/interpreter/linkResolver.cpp, line 782]
Event: 1.575 Thread 0x00007ff9c800b000 Exception <a 'java/lang/NoSuchMethodError'{0x000000070eb54010}: 'java.lang.Object java.lang.invoke.DirectMethodHandle$Holder.invokeStatic(java.lang.Object, java.lang.Object, double, java.lang.Object)'> (0x000000070eb54010) 
thrown [src/hotspot/share/interpreter/linkResolver.cpp, line 782]
Event: 1.577 Thread 0x00007ff9c800b000 Exception <a 'java/lang/NoSuchMethodError'{0x000000070eb5d1d0}: 'java.lang.Object java.lang.invoke.DirectMethodHandle$Holder.newInvokeSpecial(java.lang.Object, java.lang.Object, double)'> (0x000000070eb5d1d0) 
thrown [src/hotspot/share/interpreter/linkResolver.cpp, line 782]
Event: 1.577 Thread 0x00007ff9c800b000 Exception <a 'java/lang/NoSuchMethodError'{0x000000070eb61440}: 'java.lang.Object java.lang.invoke.DirectMethodHandle$Holder.invokeSpecial(java.lang.Object, java.lang.Object, java.lang.Object, double)'> (0x000000070eb61440) 
thrown [src/hotspot/share/interpreter/linkResolver.cpp, line 782]
Event: 1.578 Thread 0x00007ff9c800b000 Exception <a 'java/lang/NoSuchMethodError'{0x000000070eb65108}: 'java.lang.Object java.lang.invoke.Invokers$Holder.linkToTargetMethod(java.lang.Object, double, java.lang.Object)'> (0x000000070eb65108) 
thrown [src/hotspot/share/interpreter/linkResolver.cpp, line 782]
Event: 1.596 Thread 0x00007ff9c800b000 Exception <a 'java/lang/NoSuchMethodError'{0x000000070fe21a20}: 'int java.lang.invoke.DirectMethodHandle$Holder.invokeStatic(java.lang.Object)'> (0x000000070fe21a20) 
thrown [src/hotspot/share/interpreter/linkResolver.cpp, line 782]
Event: 1.612 Thread 0x00007ff9c800b000 Exception <a 'java/lang/NoSuchMethodError'{0x000000070fe670f8}: 'java.lang.Object java.lang.invoke.Invokers$Holder.linkToTargetMethod(java.lang.Object, java.lang.Object, java.lang.Object, int, java.lang.Object)'> (0x000000070fe670f8) 
thrown [src/hotspot/share/interpreter/linkResolver.cpp, line 782]
Event: 1.615 Thread 0x00007ff9c800b000 Exception <a 'java/lang/NoSuchMethodError'{0x000000070fe73178}: 'java.lang.Object java.lang.invoke.DirectMethodHandle$Holder.newInvokeSpecial(java.lang.Object, java.lang.Object, java.lang.Object, int)'> (0x000000070fe73178) 
thrown [src/hotspot/share/interpreter/linkResolver.cpp, line 782]
Event: 1.616 Thread 0x00007ff9c800b000 Exception <a 'java/lang/NoSuchMethodError'{0x000000070fe77020}: 'java.lang.Object java.lang.invoke.DirectMethodHandle$Holder.invokeSpecial(java.lang.Object, java.lang.Object, java.lang.Object, java.lang.Object, int)'> (0x000000070fe77020) 
thrown [src/hotspot/share/interpreter/linkResolver.cpp, line 782]
Event: 1.619 Thread 0x00007ff9c800b000 Exception <a 'java/lang/NoSuchMethodError'{0x000000070fe7abf0}: 'java.lang.Object java.lang.invoke.Invokers$Holder.linkToTargetMethod(java.lang.Object, java.lang.Object, int, java.lang.Object)'> (0x000000070fe7abf0) 
thrown [src/hotspot/share/interpreter/linkResolver.cpp, line 782]

Events (20 events):
Event: 23.869 Executing VM operation: HandshakeAllThreads
Event: 23.869 Executing VM operation: HandshakeAllThreads done
Event: 24.134 Executing VM operation: G1Concurrent
Event: 24.135 Executing VM operation: G1Concurrent done
Event: 24.135 Executing VM operation: HandshakeAllThreads
Event: 24.135 Executing VM operation: HandshakeAllThreads done
Event: 24.419 Executing VM operation: G1Concurrent
Event: 24.420 Executing VM operation: G1Concurrent done
Event: 24.832 Executing VM operation: G1CollectForAllocation
Event: 24.843 Executing VM operation: G1CollectForAllocation done
Event: 25.629 Executing VM operation: G1CollectForAllocation
Event: 25.638 Executing VM operation: G1CollectForAllocation done
Event: 25.638 Executing VM operation: HandshakeAllThreads
Event: 25.638 Executing VM operation: HandshakeAllThreads done
Event: 25.975 Executing VM operation: G1Concurrent
Event: 25.986 Executing VM operation: G1Concurrent done
Event: 26.265 Executing VM operation: G1Concurrent
Event: 26.265 Executing VM operation: G1Concurrent done
Event: 26.534 Executing VM operation: G1CollectForAllocation
Event: 26.543 Executing VM operation: G1CollectForAllocation done


Dynamic libraries:
0x00007fff6aecd000 	/usr/lib/libz.1.dylib
0x0000000106ba6000 	/usr/local/Cellar/openjdk/15.0.1/libexec/openjdk.jdk/Contents/Home/lib/libjli.dylib
0x00007fff30b45000 	/System/Library/Frameworks/Cocoa.framework/Versions/A/Cocoa
0x00007fff3e322000 	/System/Library/Frameworks/Security.framework/Versions/A/Security
0x00007fff2faaf000 	/System/Library/Frameworks/ApplicationServices.framework/Versions/A/ApplicationServices
0x00007fff68991000 	/usr/lib/libSystem.B.dylib
0x00007fff6b78d000 	/usr/lib/system/libcache.dylib
0x00007fff6b793000 	/usr/lib/system/libcommonCrypto.dylib
0x00007fff6b79f000 	/usr/lib/system/libcompiler_rt.dylib
0x00007fff6b7a7000 	/usr/lib/system/libcopyfile.dylib
0x00007fff6b7b1000 	/usr/lib/system/libcorecrypto.dylib
0x00007fff6b950000 	/usr/lib/system/libdispatch.dylib
0x00007fff6b991000 	/usr/lib/system/libdyld.dylib
0x00007fff6b9c8000 	/usr/lib/system/libkeymgr.dylib
0x00007fff6b9d6000 	/usr/lib/system/liblaunch.dylib
0x00007fff6b9d7000 	/usr/lib/system/libmacho.dylib
0x00007fff6b9dd000 	/usr/lib/system/libquarantine.dylib
0x00007fff6b9e0000 	/usr/lib/system/libremovefile.dylib
0x00007fff6b9e2000 	/usr/lib/system/libsystem_asl.dylib
0x00007fff6b9fa000 	/usr/lib/system/libsystem_blocks.dylib
0x00007fff6b9fb000 	/usr/lib/system/libsystem_c.dylib
0x00007fff6ba83000 	/usr/lib/system/libsystem_configuration.dylib
0x00007fff6ba87000 	/usr/lib/system/libsystem_coreservices.dylib
0x00007fff6ba8b000 	/usr/lib/system/libsystem_darwin.dylib
0x00007fff6ba94000 	/usr/lib/system/libsystem_dnssd.dylib
0x00007fff6ba9c000 	/usr/lib/system/libsystem_featureflags.dylib
0x00007fff6ba9e000 	/usr/lib/system/libsystem_info.dylib
0x00007fff6bb19000 	/usr/lib/system/libsystem_m.dylib
0x00007fff6bb61000 	/usr/lib/system/libsystem_malloc.dylib
0x00007fff6bb89000 	/usr/lib/system/libsystem_networkextension.dylib
0x00007fff6bb97000 	/usr/lib/system/libsystem_notify.dylib
0x00007fff6bbb5000 	/usr/lib/system/libsystem_sandbox.dylib
0x00007fff6bbba000 	/usr/lib/system/libsystem_secinit.dylib
0x00007fff6baec000 	/usr/lib/system/libsystem_kernel.dylib
0x00007fff6bba1000 	/usr/lib/system/libsystem_platform.dylib
0x00007fff6bbaa000 	/usr/lib/system/libsystem_pthread.dylib
0x00007fff6bbbd000 	/usr/lib/system/libsystem_symptoms.dylib
0x00007fff6bbc5000 	/usr/lib/system/libsystem_trace.dylib
0x00007fff6bbdd000 	/usr/lib/system/libunwind.dylib
0x00007fff6bbe3000 	/usr/lib/system/libxpc.dylib
0x00007fff6a7f1000 	/usr/lib/libobjc.A.dylib
0x00007fff68cca000 	/usr/lib/libc++abi.dylib
0x00007fff68c77000 	/usr/lib/libc++.1.dylib
0x00007fff319e0000 	/System/Library/Frameworks/CoreFoundation.framework/Versions/A/CoreFoundation
0x00007fff34096000 	/System/Library/Frameworks/Foundation.framework/Versions/C/Foundation
0x00007fff2eca0000 	/System/Library/Frameworks/AppKit.framework/Versions/C/AppKit
0x00007fff314c9000 	/System/Library/Frameworks/CoreData.framework/Versions/A/CoreData
0x00007fff629b2000 	/System/Library/PrivateFrameworks/UIFoundation.framework/Versions/A/UIFoundation
0x00007fff5da60000 	/System/Library/PrivateFrameworks/RemoteViewServices.framework/Versions/A/RemoteViewServices
0x00007fff65506000 	/System/Library/PrivateFrameworks/XCTTargetBootstrap.framework/Versions/A/XCTTargetBootstrap
0x00007fff318b4000 	/System/Library/Frameworks/CoreDisplay.framework/Versions/A/CoreDisplay
0x00007fff36f4f000 	/System/Library/Frameworks/Metal.framework/Versions/A/Metal
0x00007fff4bab9000 	/System/Library/PrivateFrameworks/DesktopServicesPriv.framework/Versions/A/DesktopServicesPriv
0x00007fff69ace000 	/usr/lib/liblangid.dylib
0x00007fff4ad52000 	/System/Library/PrivateFrameworks/CoreSVG.framework/Versions/A/CoreSVG
0x00007fff60bb6000 	/System/Library/PrivateFrameworks/SkyLight.framework/Versions/A/SkyLight
0x00007fff31e61000 	/System/Library/Frameworks/CoreGraphics.framework/Versions/A/CoreGraphics
0x00007fff2d674000 	/System/Library/Frameworks/Accelerate.framework/Versions/A/Accelerate
0x00007fff6adbe000 	/usr/lib/libxml2.2.dylib
0x00007fff56a12000 	/System/Library/PrivateFrameworks/IconServices.framework/Versions/A/IconServices
0x00007fff34875000 	/System/Library/Frameworks/IOSurface.framework/Versions/A/IOSurface
0x00007fff684bb000 	/usr/lib/libDiagnosticMessagesClient.dylib
0x00007fff4b913000 	/System/Library/PrivateFrameworks/DFRFoundation.framework/Versions/A/DFRFoundation
0x00007fff6985d000 	/usr/lib/libicucore.A.dylib
0x00007fff2fde1000 	/System/Library/Frameworks/AudioToolbox.framework/Versions/A/AudioToolbox
0x00007fff2fec4000 	/System/Library/Frameworks/AudioUnit.framework/Versions/A/AudioUnit
0x00007fff68b93000 	/usr/lib/libauto.dylib
0x00007fff4b9b5000 	/System/Library/PrivateFrameworks/DataDetectorsCore.framework/Versions/A/DataDetectorsCore
0x00007fff30666000 	/System/Library/Frameworks/Carbon.framework/Versions/A/Frameworks/HIToolbox.framework/Versions/A/HIToolbox
0x00007fff3d51f000 	/System/Library/Frameworks/QuartzCore.framework/Versions/A/QuartzCore
0x00007fff309a5000 	/System/Library/Frameworks/Carbon.framework/Versions/A/Frameworks/SpeechRecognition.framework/Versions/A/SpeechRecognition
0x00007fff4b42a000 	/System/Library/PrivateFrameworks/CoreUI.framework/Versions/A/CoreUI
0x00007fff30f34000 	/System/Library/Frameworks/CoreAudio.framework/Versions/A/CoreAudio
0x00007fff33d5b000 	/System/Library/Frameworks/DiskArbitration.framework/Versions/A/DiskArbitration
0x00007fff58a5f000 	/System/Library/PrivateFrameworks/MultitouchSupport.framework/Versions/A/MultitouchSupport
0x00007fff69724000 	/usr/lib/libenergytrace.dylib
0x00007fff347cf000 	/System/Library/Frameworks/IOKit.framework/Versions/A/IOKit
0x00007fff32dc8000 	/System/Library/Frameworks/CoreServices.framework/Versions/A/CoreServices
0x00007fff5abf6000 	/System/Library/PrivateFrameworks/PerformanceAnalysis.framework/Versions/A/PerformanceAnalysis
0x00007fff3c552000 	/System/Library/Frameworks/OpenGL.framework/Versions/A/OpenGL
0x00007fff30b53000 	/System/Library/Frameworks/ColorSync.framework/Versions/A/ColorSync
0x00007fff324e3000 	/System/Library/Frameworks/CoreImage.framework/Versions/A/CoreImage
0x00007fff3383a000 	/System/Library/Frameworks/CoreText.framework/Versions/A/CoreText
0x00007fff34905000 	/System/Library/Frameworks/ImageIO.framework/Versions/A/ImageIO
0x00007fff68cf3000 	/usr/lib/libcompression.dylib
0x00007fff687ff000 	/usr/lib/libMobileGestalt.dylib
0x00007fff6272b000 	/System/Library/PrivateFrameworks/TextureIO.framework/Versions/A/TextureIO
0x00007fff68af6000 	/usr/lib/libate.dylib
0x00007fff56c1b000 	/System/Library/PrivateFrameworks/InternationalSupport.framework/Versions/A/InternationalSupport
0x00007fff69ad0000 	/usr/lib/liblzma.5.dylib
0x00007fff6974b000 	/usr/lib/libfakelink.dylib
0x00007fff68a83000 	/usr/lib/libarchive.2.dylib
0x00007fff3f3d2000 	/System/Library/Frameworks/SystemConfiguration.framework/Versions/A/SystemConfiguration
0x00007fff683ee000 	/usr/lib/libCRFSuite.dylib
0x00007fff30257000 	/System/Library/Frameworks/CFNetwork.framework/Versions/A/CFNetwork
0x00007fff68c59000 	/usr/lib/libbsm.0.dylib
0x00007fff6b9c9000 	/usr/lib/system/libkxld.dylib
0x00007fff452e8000 	/System/Library/PrivateFrameworks/AppleFSCompression.framework/Versions/A/AppleFSCompression
0x00007fff68fe4000 	/usr/lib/libcoretls.dylib
0x00007fff68ffb000 	/usr/lib/libcoretls_cfhelpers.dylib
0x00007fff6a837000 	/usr/lib/libpam.2.dylib
0x00007fff6a96c000 	/usr/lib/libsqlite3.dylib
0x00007fff6adab000 	/usr/lib/libxar.1.dylib
0x00007fff68c6a000 	/usr/lib/libbz2.1.0.dylib
0x00007fff6976c000 	/usr/lib/libiconv.2.dylib
0x00007fff68ce0000 	/usr/lib/libcharset.1.dylib
0x00007fff6a2d6000 	/usr/lib/libnetwork.dylib
0x00007fff6a83e000 	/usr/lib/libpcap.A.dylib
0x00007fff68a38000 	/usr/lib/libapple_nghttp2.dylib
0x00007fff3317f000 	/System/Library/Frameworks/CoreServices.framework/Versions/A/Frameworks/FSEvents.framework/Versions/A/FSEvents
0x00007fff32e4f000 	/System/Library/Frameworks/CoreServices.framework/Versions/A/Frameworks/CarbonCore.framework/Versions/A/CarbonCore
0x00007fff333c2000 	/System/Library/Frameworks/CoreServices.framework/Versions/A/Frameworks/Metadata.framework/Versions/A/Metadata
0x00007fff3345b000 	/System/Library/Frameworks/CoreServices.framework/Versions/A/Frameworks/OSServices.framework/Versions/A/OSServices
0x00007fff33489000 	/System/Library/Frameworks/CoreServices.framework/Versions/A/Frameworks/SearchKit.framework/Versions/A/SearchKit
0x00007fff32dc9000 	/System/Library/Frameworks/CoreServices.framework/Versions/A/Frameworks/AE.framework/Versions/A/AE
0x00007fff33188000 	/System/Library/Frameworks/CoreServices.framework/Versions/A/Frameworks/LaunchServices.framework/Versions/A/LaunchServices
0x00007fff33131000 	/System/Library/Frameworks/CoreServices.framework/Versions/A/Frameworks/DictionaryServices.framework/Versions/A/DictionaryServices
0x00007fff334f1000 	/System/Library/Frameworks/CoreServices.framework/Versions/A/Frameworks/SharedFileList.framework/Versions/A/SharedFileList
0x00007fff38372000 	/System/Library/Frameworks/NetFS.framework/Versions/A/NetFS
0x00007fff58f8e000 	/System/Library/PrivateFrameworks/NetAuth.framework/Versions/A/NetAuth
0x00007fff658d3000 	/System/Library/PrivateFrameworks/login.framework/Versions/A/Frameworks/loginsupport.framework/Versions/A/loginsupport
0x00007fff621f8000 	/System/Library/PrivateFrameworks/TCC.framework/Versions/A/TCC
0x00007fff49ec5000 	/System/Library/PrivateFrameworks/CoreNLP.framework/Versions/A/CoreNLP
0x00007fff5848d000 	/System/Library/PrivateFrameworks/MetadataUtilities.framework/Versions/A/MetadataUtilities
0x00007fff69ba8000 	/usr/lib/libmecabra.dylib
0x00007fff69b00000 	/usr/lib/libmecab.dylib
0x00007fff6975c000 	/usr/lib/libgermantok.dylib
0x00007fff68a1f000 	/usr/lib/libThaiTokenizer.dylib
0x00007fff68425000 	/usr/lib/libChineseTokenizer.dylib
0x00007fff2d68c000 	/System/Library/Frameworks/Accelerate.framework/Versions/A/Frameworks/vImage.framework/Versions/A/vImage
0x00007fff2eaf6000 	/System/Library/Frameworks/Accelerate.framework/Versions/A/Frameworks/vecLib.framework/Versions/A/vecLib
0x00007fff2ea33000 	/System/Library/Frameworks/Accelerate.framework/Versions/A/Frameworks/vecLib.framework/Versions/A/libvMisc.dylib
0x00007fff2e85b000 	/System/Library/Frameworks/Accelerate.framework/Versions/A/Frameworks/vecLib.framework/Versions/A/libvDSP.dylib
0x00007fff2dce3000 	/System/Library/Frameworks/Accelerate.framework/Versions/A/Frameworks/vecLib.framework/Versions/A/libBLAS.dylib
0x00007fff2e41f000 	/System/Library/Frameworks/Accelerate.framework/Versions/A/Frameworks/vecLib.framework/Versions/A/libLAPACK.dylib
0x00007fff2e7bb000 	/System/Library/Frameworks/Accelerate.framework/Versions/A/Frameworks/vecLib.framework/Versions/A/libLinearAlgebra.dylib
0x00007fff2e848000 	/System/Library/Frameworks/Accelerate.framework/Versions/A/Frameworks/vecLib.framework/Versions/A/libSparseBLAS.dylib
0x00007fff2e7d1000 	/System/Library/Frameworks/Accelerate.framework/Versions/A/Frameworks/vecLib.framework/Versions/A/libQuadrature.dylib
0x00007fff2df4b000 	/System/Library/Frameworks/Accelerate.framework/Versions/A/Frameworks/vecLib.framework/Versions/A/libBNNS.dylib
0x00007fff2e7d7000 	/System/Library/Frameworks/Accelerate.framework/Versions/A/Frameworks/vecLib.framework/Versions/A/libSparse.dylib
0x00007fff57003000 	/System/Library/PrivateFrameworks/LanguageModeling.framework/Versions/A/LanguageModeling
0x00007fff49875000 	/System/Library/PrivateFrameworks/CoreEmoji.framework/Versions/A/CoreEmoji
0x00007fff57121000 	/System/Library/PrivateFrameworks/LinguisticData.framework/Versions/A/LinguisticData
0x00007fff570d2000 	/System/Library/PrivateFrameworks/Lexicon.framework/Versions/A/Lexicon
0x00007fff68ce1000 	/usr/lib/libcmph.dylib
0x00007fff3af60000 	/System/Library/Frameworks/OpenDirectory.framework/Versions/A/Frameworks/CFOpenDirectory.framework/Versions/A/CFOpenDirectory
0x00007fff3af7d000 	/System/Library/Frameworks/OpenDirectory.framework/Versions/A/OpenDirectory
0x00007fff4339d000 	/System/Library/PrivateFrameworks/APFS.framework/Versions/A/APFS
0x00007fff3e66c000 	/System/Library/Frameworks/SecurityFoundation.framework/Versions/A/SecurityFoundation
0x00007fff6ada7000 	/usr/lib/libutil.dylib
0x00007fff4adaa000 	/System/Library/PrivateFrameworks/CoreServicesStore.framework/Versions/A/CoreServicesStore
0x00007fff3e723000 	/System/Library/Frameworks/ServiceManagement.framework/Versions/A/ServiceManagement
0x00007fff46ab6000 	/System/Library/PrivateFrameworks/BackgroundTaskManagement.framework/Versions/A/BackgroundTaskManagement
0x00007fff6aea4000 	/usr/lib/libxslt.1.dylib
0x00007fff4595a000 	/System/Library/PrivateFrameworks/AppleSystemInfo.framework/Versions/A/AppleSystemInfo
0x00007fff34b20000 	/System/Library/Frameworks/ImageIO.framework/Versions/A/Resources/libJPEG.dylib
0x00007fff34ddc000 	/System/Library/Frameworks/ImageIO.framework/Versions/A/Resources/libTIFF.dylib
0x00007fff34dbf000 	/System/Library/Frameworks/ImageIO.framework/Versions/A/Resources/libPng.dylib
0x00007fff34a62000 	/System/Library/Frameworks/ImageIO.framework/Versions/A/Resources/libGIF.dylib
0x00007fff34a66000 	/System/Library/Frameworks/ImageIO.framework/Versions/A/Resources/libJP2.dylib
0x00007fff34dda000 	/System/Library/Frameworks/ImageIO.framework/Versions/A/Resources/libRadiance.dylib
0x00007fff69725000 	/usr/lib/libexpat.1.dylib
0x00007fff45443000 	/System/Library/PrivateFrameworks/AppleJPEG.framework/Versions/A/AppleJPEG
0x00007fff4e085000 	/System/Library/PrivateFrameworks/FontServices.framework/libFontParser.dylib
0x00007fff648d9000 	/System/Library/PrivateFrameworks/WatchdogClient.framework/Versions/A/WatchdogClient
0x00007fff5665f000 	/System/Library/PrivateFrameworks/IOAccelerator.framework/Versions/A/IOAccelerator
0x00007fff372ea000 	/System/Library/Frameworks/MetalPerformanceShaders.framework/Versions/A/MetalPerformanceShaders
0x00007fff52df8000 	/System/Library/PrivateFrameworks/GPUWrangler.framework/Versions/A/GPUWrangler
0x00007fff56674000 	/System/Library/PrivateFrameworks/IOPresentment.framework/Versions/A/IOPresentment
0x00007fff4b926000 	/System/Library/PrivateFrameworks/DSExternalDisplay.framework/Versions/A/DSExternalDisplay
0x00007fff3b8f1000 	/System/Library/Frameworks/OpenGL.framework/Versions/A/Libraries/libCoreFSCache.dylib
0x00007fff37036000 	/System/Library/Frameworks/MetalPerformanceShaders.framework/Frameworks/MPSCore.framework/Versions/A/MPSCore
0x00007fff37074000 	/System/Library/Frameworks/MetalPerformanceShaders.framework/Frameworks/MPSImage.framework/Versions/A/MPSImage
0x00007fff3713b000 	/System/Library/Frameworks/MetalPerformanceShaders.framework/Frameworks/MPSNeuralNetwork.framework/Versions/A/MPSNeuralNetwork
0x00007fff370ff000 	/System/Library/Frameworks/MetalPerformanceShaders.framework/Frameworks/MPSMatrix.framework/Versions/A/MPSMatrix
0x00007fff3729a000 	/System/Library/Frameworks/MetalPerformanceShaders.framework/Frameworks/MPSRayIntersector.framework/Versions/A/MPSRayIntersector
0x00007fff37125000 	/System/Library/Frameworks/MetalPerformanceShaders.framework/Frameworks/MPSNDArray.framework/Versions/A/MPSNDArray
0x00007fff584da000 	/System/Library/PrivateFrameworks/MetalTools.framework/Versions/A/MetalTools
0x00007fff44570000 	/System/Library/PrivateFrameworks/AggregateDictionary.framework/Versions/A/AggregateDictionary
0x00007fff492cf000 	/System/Library/PrivateFrameworks/CoreAnalytics.framework/Versions/A/CoreAnalytics
0x00007fff45879000 	/System/Library/PrivateFrameworks/AppleSauce.framework/Versions/A/AppleSauce
0x00007fff686e1000 	/usr/lib/libIOReport.dylib
0x00007fff339f2000 	/System/Library/Frameworks/CoreVideo.framework/Versions/A/CoreVideo
0x00007fff54272000 	/System/Library/PrivateFrameworks/GraphVisualizer.framework/Versions/A/GraphVisualizer
0x00007fff4d5d9000 	/System/Library/PrivateFrameworks/FaceCore.framework/Versions/A/FaceCore
0x00007fff3af07000 	/System/Library/Frameworks/OpenCL.framework/Versions/A/OpenCL
0x00007fff68503000 	/usr/lib/libFosl_dynamic.dylib
0x00007fff599a3000 	/System/Library/PrivateFrameworks/OTSVG.framework/Versions/A/OTSVG
0x00007fff2fbb4000 	/System/Library/Frameworks/ApplicationServices.framework/Versions/A/Frameworks/ATS.framework/Versions/A/Resources/libFontRegistry.dylib
0x00007fff4e256000 	/System/Library/PrivateFrameworks/FontServices.framework/libhvf.dylib
0x00007fff3b8fc000 	/System/Library/Frameworks/OpenGL.framework/Versions/A/Libraries/libGFXShared.dylib
0x00007fff3bada000 	/System/Library/Frameworks/OpenGL.framework/Versions/A/Libraries/libGLU.dylib
0x00007fff3b905000 	/System/Library/Frameworks/OpenGL.framework/Versions/A/Libraries/libGL.dylib
0x00007fff3b910000 	/System/Library/Frameworks/OpenGL.framework/Versions/A/Libraries/libGLImage.dylib
0x00007fff3b8ee000 	/System/Library/Frameworks/OpenGL.framework/Versions/A/Libraries/libCVMSPluginSupport.dylib
0x00007fff3b8f7000 	/System/Library/Frameworks/OpenGL.framework/Versions/A/Libraries/libCoreVMClient.dylib
0x00007fff6a177000 	/usr/lib/libncurses.5.4.dylib
0x00007fff2fab0000 	/System/Library/Frameworks/ApplicationServices.framework/Versions/A/Frameworks/ATS.framework/Versions/A/ATS
0x00007fff2fc7d000 	/System/Library/Frameworks/ApplicationServices.framework/Versions/A/Frameworks/ColorSyncLegacy.framework/Versions/A/ColorSyncLegacy
0x00007fff2fd1b000 	/System/Library/Frameworks/ApplicationServices.framework/Versions/A/Frameworks/HIServices.framework/Versions/A/HIServices
0x00007fff2fd73000 	/System/Library/Frameworks/ApplicationServices.framework/Versions/A/Frameworks/LangAnalysis.framework/Versions/A/LangAnalysis
0x00007fff2fd82000 	/System/Library/Frameworks/ApplicationServices.framework/Versions/A/Frameworks/PrintCore.framework/Versions/A/PrintCore
0x00007fff2fdc8000 	/System/Library/Frameworks/ApplicationServices.framework/Versions/A/Frameworks/QD.framework/Versions/A/QD
0x00007fff2fdd3000 	/System/Library/Frameworks/ApplicationServices.framework/Versions/A/Frameworks/SpeechSynthesis.framework/Versions/A/SpeechSynthesis
0x00007fff2fc4d000 	/System/Library/Frameworks/ApplicationServices.framework/Versions/A/Frameworks/ATSUI.framework/Versions/A/ATSUI
0x00007fff695b9000 	/usr/lib/libcups.2.dylib
0x00007fff36387000 	/System/Library/Frameworks/Kerberos.framework/Versions/A/Kerberos
0x00007fff344c8000 	/System/Library/Frameworks/GSS.framework/Versions/A/GSS
0x00007fff6a8f8000 	/usr/lib/libresolv.9.dylib
0x00007fff54420000 	/System/Library/PrivateFrameworks/Heimdal.framework/Versions/A/Heimdal
0x00007fff3639a000 	/System/Library/Frameworks/Kerberos.framework/Versions/A/Libraries/libHeimdalProxy.dylib
0x00007fff69762000 	/usr/lib/libheimdal-asn1.dylib
0x00007fff48768000 	/System/Library/PrivateFrameworks/CommonAuth.framework/Versions/A/CommonAuth
0x00007fff459f7000 	/System/Library/PrivateFrameworks/AssertionServices.framework/Versions/A/AssertionServices
0x00007fff46599000 	/System/Library/PrivateFrameworks/AudioToolboxCore.framework/Versions/A/AudioToolboxCore
0x00007fff65583000 	/System/Library/PrivateFrameworks/caulk.framework/Versions/A/caulk
0x00007fff46b62000 	/System/Library/PrivateFrameworks/BaseBoard.framework/Versions/A/BaseBoard
0x00007fff5dbee000 	/System/Library/PrivateFrameworks/RunningBoardServices.framework/Versions/A/RunningBoardServices
0x00007fff5ac02000 	/System/Library/PrivateFrameworks/PersistentConnection.framework/Versions/A/PersistentConnection
0x00007fff5d5e8000 	/System/Library/PrivateFrameworks/ProtocolBuffer.framework/Versions/A/ProtocolBuffer
0x00007fff4878c000 	/System/Library/PrivateFrameworks/CommonUtilities.framework/Versions/A/CommonUtilities
0x00007fff46cf0000 	/System/Library/PrivateFrameworks/Bom.framework/Versions/A/Bom
0x00007fff683b4000 	/usr/lib/libAudioToolboxUtility.dylib
0x00007fff46ac0000 	/System/Library/PrivateFrameworks/Backup.framework/Versions/A/Backup
0x00007fff4b847000 	/System/Library/PrivateFrameworks/CrashReporterSupport.framework/Versions/A/CrashReporterSupport
0x00007fff5f67c000 	/System/Library/PrivateFrameworks/Sharing.framework/Versions/A/Sharing
0x00007fff45006000 	/System/Library/PrivateFrameworks/Apple80211.framework/Versions/A/Apple80211
0x00007fff467dd000 	/System/Library/PrivateFrameworks/AuthKit.framework/Versions/A/AuthKit
0x00007fff4b557000 	/System/Library/PrivateFrameworks/CoreUtils.framework/Versions/A/CoreUtils
0x00007fff33a37000 	/System/Library/Frameworks/CoreWLAN.framework/Versions/A/CoreWLAN
0x00007fff34655000 	/System/Library/Frameworks/IOBluetooth.framework/Versions/A/IOBluetooth
0x00007fff587de000 	/System/Library/PrivateFrameworks/MobileKeyBag.framework/Versions/A/MobileKeyBag
0x00007fff4a35d000 	/System/Library/PrivateFrameworks/CorePhoneNumbers.framework/Versions/A/CorePhoneNumbers
0x00007fff453f6000 	/System/Library/PrivateFrameworks/AppleIDAuthSupport.framework/Versions/A/AppleIDAuthSupport
0x00007fff3837f000 	/System/Library/Frameworks/Network.framework/Versions/A/Network
0x00007fff56eaf000 	/System/Library/PrivateFrameworks/KeychainCircle.framework/Versions/A/KeychainCircle
0x00007fff31490000 	/System/Library/Frameworks/CoreBluetooth.framework/Versions/A/CoreBluetooth
0x00007fff616f9000 	/System/Library/PrivateFrameworks/SpeechRecognitionCore.framework/Versions/A/SpeechRecognitionCore
0x0000000107c00000 	/usr/local/Cellar/openjdk/15.0.1/libexec/openjdk.jdk/Contents/Home/lib/server/libjvm.dylib
0x0000000106be9000 	/usr/local/Cellar/openjdk/15.0.1/libexec/openjdk.jdk/Contents/Home/lib/libjimage.dylib
0x0000000108ca8000 	/usr/local/Cellar/openjdk/15.0.1/libexec/openjdk.jdk/Contents/Home/lib/libjava.dylib
0x000000010b8df000 	/usr/local/Cellar/openjdk/15.0.1/libexec/openjdk.jdk/Contents/Home/lib/libnio.dylib
0x000000010b8f7000 	/usr/local/Cellar/openjdk/15.0.1/libexec/openjdk.jdk/Contents/Home/lib/libnet.dylib
0x000000010b99b000 	/usr/local/Cellar/openjdk/15.0.1/libexec/openjdk.jdk/Contents/Home/lib/libzip.dylib
0x000000012f693000 	/Users/yudeng/OR_TOOLS/lib/libjniortools.jnilib
0x000000010bcb4000 	/Users/yudeng/OR_TOOLS/lib/libgflags.2.2.2.dylib
0x000000010bd17000 	/Users/yudeng/OR_TOOLS/lib/libglog.0.dylib
0x000000012f917000 	/Users/yudeng/OR_TOOLS/lib/libprotobuf.3.6.1.dylib
0x000000010bd63000 	/Users/yudeng/OR_TOOLS/lib/libCbcSolver.3.9.9.dylib
0x000000012ffc0000 	/Users/yudeng/OR_TOOLS/lib/libCbc.3.9.9.dylib
0x00000001300d5000 	/Users/yudeng/OR_TOOLS/lib/libOsiCbc.3.9.9.dylib
0x00000001300e4000 	/Users/yudeng/OR_TOOLS/lib/libCgl.1.9.10.dylib
0x0000000130201000 	/Users/yudeng/OR_TOOLS/lib/libClpSolver.1.13.11.dylib
0x000000013027c000 	/Users/yudeng/OR_TOOLS/lib/libClp.1.13.11.dylib
0x0000000130428000 	/Users/yudeng/OR_TOOLS/lib/libOsiClp.1.13.11.dylib
0x0000000130473000 	/Users/yudeng/OR_TOOLS/lib/libOsi.1.12.9.dylib
0x00000001304c2000 	/Users/yudeng/OR_TOOLS/lib/libCoinUtils.3.10.14.dylib
0x00000001305f8000 	/Users/yudeng/OR_TOOLS/lib/libortools.dylib


VM Arguments:
jvm_args: -Djava.library.path=/Users/yudeng/OR_TOOLS/lib 
java_command: georg.ImportTest
java_class_path (initial): /Users/yudeng/Desktop/atsp/code/target/bg-jobs/sbt_bc5e6fac/job-1/target/b5557b08/5f52803e/code_2.13-0.1.0-SNAPSHOT-tests.jar:/Users/yudeng/Desktop/atsp/code/target/bg-jobs/sbt_bc5e6fac/target/c4faed0d/b6ba602b/code_2.13-0.1.0-SNAPSHOT.jar:/Users/yudeng/Desktop/atsp/code/target/bg-jobs/sbt_bc5e6fac/target/d4a281f3/3337e965/protobuf.jar:/Users/yudeng/Desktop/atsp/code/target/bg-jobs/sbt_bc5e6fac/target/a761eb85/12543ae9/com.google.ortools.jar:/Users/yudeng/Desktop/atsp/code/target/bg-jobs/sbt_bc5e6fac/target/9b2e4d82/37851899/scala-library-2.13.3.jar:/Users/yudeng/Desktop/atsp/code/target/bg-jobs/sbt_bc5e6fac/target/6e5d9991/adce6847/scalatest_2.13-3.2.2.jar:/Users/yudeng/Desktop/atsp/code/target/bg-jobs/sbt_bc5e6fac/target/84790c17/6649001c/poi-3.15-beta2.jar:/Users/yudeng/Desktop/atsp/code/target/bg-jobs/sbt_bc5e6fac/target/472c4902/5fc67ecc/poi-ooxml-3.15-beta2.jar:/Users/yudeng/Desktop/atsp/code/target/bg-jobs/sbt_bc5e6fac/target/6cd070e0/3e039909/poi-ooxml-schemas-3.15-beta2.jar:/Users/yudeng/Desktop/atsp/code/target/bg-jobs/sbt_bc5e6fac/target/0b39f4c4/7bccdab4/optimus_2.13-3.2.4.jar:/Users/yudeng/Desktop/atsp/code/target/bg-jobs/sbt_bc5e6fac/target/25921351/ef561290/optimus-solver-oj_2.13-3.2.4.jar:/Users/yudeng/Desktop/atsp/code/target/bg-jobs/sbt_bc5e6fac/target/c1f63037/eb52c418/optimus-solver-lp_2.13-3.2.4.jar:/Users/yudeng/Desktop/atsp/code/target/bg-jobs/sbt_bc5e6fac/target/fb91ca10/cff84903/scalatest-core_2.13-3.2.2.jar:/Users/yudeng/Desktop/atsp/code/target/bg-jobs/sbt_bc5e6fac/target/79ed616b/e99b91e4/scalatest-featurespec_2.13-3.2.2.jar:/Users/yudeng/Desktop/atsp/code/target/bg-jobs/sbt_bc5e6fac/target/73e88123/30ee1a9e/scalatest-flatspec_2.13-3.2.2.jar:/Users/yudeng/Desktop/atsp/code/target/bg-jobs/sbt_bc5e6fac/target/4ad57e8f/3df0924a/scalatest-freespec_2.13-3.2.2.jar:/Users/yudeng/Desktop/atsp/code/target/bg-jobs/sbt_bc5e6fac/target/10d3e622/b3f43a8d/scalatest-funsuite_2.13-3.2.2.jar:/Users/yudeng/Desktop/atsp/code/tar
Launcher Type: SUN_STANDARD

[Global flags]
     intx CICompilerCount                          = 4                                         {product} {ergonomic}
     uint ConcGCThreads                            = 2                                         {product} {ergonomic}
     uint G1ConcRefinementThreads                  = 8                                         {product} {ergonomic}
   size_t G1HeapRegionSize                         = 2097152                                   {product} {ergonomic}
    uintx GCDrainStackTargetSize                   = 64                                        {product} {ergonomic}
   size_t InitialHeapSize                          = 268435456                                 {product} {ergonomic}
   size_t MarkStackSize                            = 4194304                                   {product} {ergonomic}
   size_t MaxHeapSize                              = 4294967296                                {product} {ergonomic}
   size_t MaxNewSize                               = 2575302656                                {product} {ergonomic}
   size_t MinHeapDeltaBytes                        = 2097152                                   {product} {ergonomic}
   size_t MinHeapSize                              = 8388608                                   {product} {ergonomic}
    uintx NonNMethodCodeHeapSize                   = 5839372                                {pd product} {ergonomic}
    uintx NonProfiledCodeHeapSize                  = 122909434                              {pd product} {ergonomic}
    uintx ProfiledCodeHeapSize                     = 122909434                              {pd product} {ergonomic}
    uintx ReservedCodeCacheSize                    = 251658240                              {pd product} {ergonomic}
     bool SegmentedCodeCache                       = true                                      {product} {ergonomic}
   size_t SoftMaxHeapSize                          = 4294967296                             {manageable} {ergonomic}
     bool UseCompressedClassPointers               = true                                 {lp64_product} {ergonomic}
     bool UseCompressedOops                        = true                                 {lp64_product} {ergonomic}
     bool UseG1GC                                  = true                                      {product} {ergonomic}
     bool UseNUMA                                  = false                                     {product} {ergonomic}
     bool UseNUMAInterleaving                      = false                                     {product} {ergonomic}

Logging:
Log output configuration:
 #0: stdout all=warning uptime,level,tags
 #1: stderr all=off uptime,level,tags

Environment Variables:
JAVA_HOME=/Library/Java/JavaVirtualMachines/openjdk.jdk/Contents/Home
CLASSPATH=/Library/Java/JavaVirtualMachines/openjdk.jdk/Contents/Home/lib/tools.jar:/Library/Java/JavaVirtualMachines/openjdk.jdk/Contents/Home/lib/dt.jar:.
PATH=/Library/Java/JavaVirtualMachines/openjdk.jdk/Contents/Home/bin:/Library/Java/JavaVirtualMachines/openjdk.jdk/Contents/Home/bin:/usr/local/opt/openjdk/bin:/Library/Frameworks/Python.framework/Versions/3.6/bin:/anaconda3/bin:/Library/Frameworks/Python.framework/Versions/3.7/bin:/usr/local/bin:/usr/bin:/bin:/usr/sbin:/sbin:/Library/TeX/texbin:/usr/local/aria2/bin:/opt/X11/bin:.:.
SHELL=/bin/bash
DISPLAY=/private/tmp/com.apple.launchd.6qK3kQfXEI/org.macosforge.xquartz:0
LC_CTYPE=UTF-8

Signal Handlers:
SIGSEGV: [libjvm.dylib+0xa69a60], sa_mask[0]=11111111011111110111111111111111, sa_flags=SA_ONSTACK|SA_RESTART|SA_SIGINFO
SIGBUS: [libjvm.dylib+0xa69a60], sa_mask[0]=11111111011111110111111111111111, sa_flags=SA_RESTART|SA_SIGINFO
SIGFPE: [libjvm.dylib+0xa69a60], sa_mask[0]=11111111011111110111111111111111, sa_flags=SA_RESTART|SA_SIGINFO
SIGPIPE: [libjvm.dylib+0x82ae30], sa_mask[0]=11111111011111110111111111111111, sa_flags=SA_RESTART|SA_SIGINFO
SIGXFSZ: [libjvm.dylib+0x82ae30], sa_mask[0]=11111111011111110111111111111111, sa_flags=SA_RESTART|SA_SIGINFO
SIGILL: [libjvm.dylib+0xa69a60], sa_mask[0]=11111111011111110111111111111111, sa_flags=SA_RESTART|SA_SIGINFO
SIGUSR2: [libjvm.dylib+0x82b8d0], sa_mask[0]=00100000000000000000000000000000, sa_flags=SA_RESTART|SA_SIGINFO
SIGHUP: [libjvm.dylib+0x82a030], sa_mask[0]=11111111011111110111111111111111, sa_flags=SA_RESTART|SA_SIGINFO
SIGINT: [libjvm.dylib+0x82a030], sa_mask[0]=11111111011111110111111111111111, sa_flags=SA_RESTART|SA_SIGINFO
SIGTERM: [libjvm.dylib+0x82a030], sa_mask[0]=11111111011111110111111111111111, sa_flags=SA_RESTART|SA_SIGINFO
SIGQUIT: [libjvm.dylib+0x82a030], sa_mask[0]=11111111011111110111111111111111, sa_flags=SA_RESTART|SA_SIGINFO


---------------  S Y S T E M  ---------------

OS:uname: Darwin 19.4.0 Darwin Kernel Version 19.4.0: Wed Mar  4 22:28:40 PST 2020; root:xnu-6153.101.6~15/RELEASE_X86_64 x86_64
OS uptime: 11 days 20:15 hours
rlimit (soft/hard): STACK 8192k/65532k , CORE 0k/infinity , NPROC 2784/4176 , NOFILE 10240/infinity , AS infinity/infinity , CPU infinity/infinity , DATA infinity/infinity , FSIZE infinity/infinity , MEMLOCK infinity/infinity , RSS infinity/infinity
load average: 75.31 51.00 32.76

CPU: total 8 (initial active 8) (4 cores per cpu, 2 threads per core) family 6 model 158 stepping 9 microcode 0xca, cmov, cx8, fxsr, mmx, sse, sse2, sse3, ssse3, sse4.1, sse4.2, popcnt, vzeroupper, avx, avx2, aes, clmul, erms, 3dnowpref, lzcnt, ht, tsc, tscinvbit, bmi1, bmi2, adx, fma, clflush, clflushopt

Memory: 4k page, physical 16777216k(23360k free), swap 33554432k(1091072k free)

vm_info: OpenJDK 64-Bit Server VM (15.0.1+9) for bsd-amd64 JRE (15.0.1+9), built on Oct 28 2020 22:29:08 by "brew" with clang Apple LLVM 12.0.0 (clang-1200.0.32.21)

END.
