#
# A fatal error has been detected by the Java Runtime Environment:
#
#  SIGSEGV (0xb) at pc=0x00000000000006b4, pid=82118, tid=4611
#
# JRE version: OpenJDK Runtime Environment (15.0.1+9) (build 15.0.1+9)
# Java VM: OpenJDK 64-Bit Server VM (15.0.1+9, mixed mode, sharing, tiered, compressed oops, g1 gc, bsd-amd64)
# Problematic frame:
# C  0x00000000000006b4
#
# No core dump will be written. Core dumps have been disabled. To enable core dumping, try "ulimit -c unlimited" before starting Java again
#
# If you would like to submit a bug report, please visit:
#   https://bugreport.java.com/bugreport/crash.jsp
#

---------------  S U M M A R Y ------------

Command Line: -Djava.library.path=/Users/yudeng/OR_TOOLS/lib georg.BranchAndBoundTest

Host: MacBookPro14,3 x86_64 2800 MHz, 8 cores, 16G, Darwin 19.4.0
Time: Thu Dec  3 15:07:04 2020 CET elapsed time: 0.836296 seconds (0d 0h 0m 0s)

---------------  T H R E A D  ---------------

Current thread is native thread

Stack: [0x000070000bb2e000,0x000070000bbae000],  sp=0x000070000bbadfa0,  free space=511k
Native frames: (J=compiled Java code, A=aot compiled Java code, j=interpreted, Vv=VM code, C=native code)
C  0x00000000000006b4


siginfo: si_signo: 11 (SIGSEGV), si_code: 1 (SEGV_MAPERR), si_addr: 0x00000000000006b4

Registers:
RAX=0x0000000000000001, RBX=0x0000000000000000, RCX=0x0000000000000000, RDX=0x0000000000000000
RSP=0x000070000bbadfa0, RBP=0x0000000000000001, RSI=0x000070000bcb0034, RDI=0x000070000bbacd40
R8 =0x00000000090008ff, R9 =0x0000000000000003, R10=0x000000010fdbe858, R11=0x00007fff6a6d33bc
R12=0x0000000000000000, R13=0x0000000000000000, R14=0x0000000000000000, R15=0x0000000000000001
RIP=0x00000000000006b4, EFLAGS=0x0000000000010202, ERR=0x0000000000000014
  TRAPNO=0x000000000000000e

Top of Stack: (sp=0x000070000bbadfa0)
0x000070000bbadfa0:   0000000000933e01 000070000bbae000
0x000070000bbadfb0:   000070000bbadfd0 00007fff6a6d5109
0x000070000bbadfc0:   0000000000000000 0000000000000000
0x000070000bbadfd0:   000070000bbadff0 00007fff6a6d0b8b
0x000070000bbadfe0:   0000000000000000 0000000000000000
0x000070000bbadff0:   0000000000000000 0000000000000000
0x000070000bbae000:   ae462d30266d5cdd 0000000000000000
0x000070000bbae010:   000070000bdb3000 000000010fdecdd0
0x000070000bbae020:   0000000000000000 0000000000000000
0x000070000bbae030:   0000000000000001 0000000a0000001f
0x000070000bbae040:   0000000000000000 0001002800000000
0x000070000bbae050:   0000000000000000 0000000000000000
0x000070000bbae060:   0000000000000000 0000000000000000
0x000070000bbae070:   0000000000000000 0000000000000000
0x000070000bbae080:   0000000000000000 0000000000000000
0x000070000bbae090:   000000010c324e90 00007ffee38f6ba0
0x000070000bbae0a0:   0003000000000000 0000000000000000
0x000070000bbae0b0:   000070000bbae000 000070000bb2e000
0x000070000bbae0c0:   000070000bb2d000 0000000000083000
0x000070000bbae0d0:   0000000000001000 0000000000933e84
0x000070000bbae0e0:   000070000bbae000 000070000bbae0ac
0x000070000bbae0f0:   0000000000000b03 0000000000001203
0x000070000bbae100:   00000000000008ff 0000000000000000
0x000070000bbae110:   0000000000000000 ae465d302dd7bcdd
0x000070000bbae120:   0000000000000000 0000000000000000
0x000070000bbae130:   0000000000000000 0000000000000000
0x000070000bbae140:   00007fd46bf2be40 0000000000000000
0x000070000bbae150:   0000000000000000 0000000000000000
0x000070000bbae160:   0000000000000000 0000000000000000
0x000070000bbae170:   0000000000000000 0000000000000000
0x000070000bbae180:   0000000000000000 0000000000000000
0x000070000bbae190:   0000000000000000 0000000000000000 

Instructions: (pc=0x00000000000006b4)
0x00000000000005b4:   ?? ?? ?? ?? ?? ?? ?? ?? ?? ?? ?? ?? ?? ?? ?? ??
0x00000000000005c4:   ?? ?? ?? ?? ?? ?? ?? ?? ?? ?? ?? ?? ?? ?? ?? ??
0x00000000000005d4:   ?? ?? ?? ?? ?? ?? ?? ?? ?? ?? ?? ?? ?? ?? ?? ??
0x00000000000005e4:   ?? ?? ?? ?? ?? ?? ?? ?? ?? ?? ?? ?? ?? ?? ?? ??
0x00000000000005f4:   ?? ?? ?? ?? ?? ?? ?? ?? ?? ?? ?? ?? ?? ?? ?? ??
0x0000000000000604:   ?? ?? ?? ?? ?? ?? ?? ?? ?? ?? ?? ?? ?? ?? ?? ??
0x0000000000000614:   ?? ?? ?? ?? ?? ?? ?? ?? ?? ?? ?? ?? ?? ?? ?? ??
0x0000000000000624:   ?? ?? ?? ?? ?? ?? ?? ?? ?? ?? ?? ?? ?? ?? ?? ??
0x0000000000000634:   ?? ?? ?? ?? ?? ?? ?? ?? ?? ?? ?? ?? ?? ?? ?? ??
0x0000000000000644:   ?? ?? ?? ?? ?? ?? ?? ?? ?? ?? ?? ?? ?? ?? ?? ??
0x0000000000000654:   ?? ?? ?? ?? ?? ?? ?? ?? ?? ?? ?? ?? ?? ?? ?? ??
0x0000000000000664:   ?? ?? ?? ?? ?? ?? ?? ?? ?? ?? ?? ?? ?? ?? ?? ??
0x0000000000000674:   ?? ?? ?? ?? ?? ?? ?? ?? ?? ?? ?? ?? ?? ?? ?? ??
0x0000000000000684:   ?? ?? ?? ?? ?? ?? ?? ?? ?? ?? ?? ?? ?? ?? ?? ??
0x0000000000000694:   ?? ?? ?? ?? ?? ?? ?? ?? ?? ?? ?? ?? ?? ?? ?? ??
0x00000000000006a4:   ?? ?? ?? ?? ?? ?? ?? ?? ?? ?? ?? ?? ?? ?? ?? ??
0x00000000000006b4:   ?? ?? ?? ?? ?? ?? ?? ?? ?? ?? ?? ?? ?? ?? ?? ??
0x00000000000006c4:   ?? ?? ?? ?? ?? ?? ?? ?? ?? ?? ?? ?? ?? ?? ?? ??
0x00000000000006d4:   ?? ?? ?? ?? ?? ?? ?? ?? ?? ?? ?? ?? ?? ?? ?? ??
0x00000000000006e4:   ?? ?? ?? ?? ?? ?? ?? ?? ?? ?? ?? ?? ?? ?? ?? ??
0x00000000000006f4:   ?? ?? ?? ?? ?? ?? ?? ?? ?? ?? ?? ?? ?? ?? ?? ??
0x0000000000000704:   ?? ?? ?? ?? ?? ?? ?? ?? ?? ?? ?? ?? ?? ?? ?? ??
0x0000000000000714:   ?? ?? ?? ?? ?? ?? ?? ?? ?? ?? ?? ?? ?? ?? ?? ??
0x0000000000000724:   ?? ?? ?? ?? ?? ?? ?? ?? ?? ?? ?? ?? ?? ?? ?? ??
0x0000000000000734:   ?? ?? ?? ?? ?? ?? ?? ?? ?? ?? ?? ?? ?? ?? ?? ??
0x0000000000000744:   ?? ?? ?? ?? ?? ?? ?? ?? ?? ?? ?? ?? ?? ?? ?? ??
0x0000000000000754:   ?? ?? ?? ?? ?? ?? ?? ?? ?? ?? ?? ?? ?? ?? ?? ??
0x0000000000000764:   ?? ?? ?? ?? ?? ?? ?? ?? ?? ?? ?? ?? ?? ?? ?? ??
0x0000000000000774:   ?? ?? ?? ?? ?? ?? ?? ?? ?? ?? ?? ?? ?? ?? ?? ??
0x0000000000000784:   ?? ?? ?? ?? ?? ?? ?? ?? ?? ?? ?? ?? ?? ?? ?? ??
0x0000000000000794:   ?? ?? ?? ?? ?? ?? ?? ?? ?? ?? ?? ?? ?? ?? ?? ??
0x00000000000007a4:   ?? ?? ?? ?? ?? ?? ?? ?? ?? ?? ?? ?? ?? ?? ?? ?? 



---------------  P R O C E S S  ---------------

VM state: at safepoint (shutting down)

VM Mutex/Monitor currently owned by a thread:  ([mutex/lock_event])
[0x00007fd46bc122f0] Threads_lock - owner thread: 0x00007fd46bd0d3b0

Heap address: 0x0000000700000000, size: 4096 MB, Compressed Oops mode: Zero based, Oop shift amount: 3
CDS archive(s) mapped at: [0x0000000800000000-0x0000000800b2d000-0x0000000800b2d000), size 11718656, SharedBaseAddress: 0x0000000800000000, ArchiveRelocationMode: 0.
Compressed class space mapped at: 0x0000000800b30000-0x0000000840b30000, size: 1073741824
Narrow klass base: 0x0000000800000000, Narrow klass shift: 3, Narrow klass range: 0x100000000

GC Precious Log:
 CPUs: 8 total, 8 available
 Memory: 16384M
 Large Page Support: Disabled
 NUMA Support: Disabled
 Compressed Oops: Enabled (Zero based)
 Heap Region Size: 2M
 Heap Min Capacity: 8M
 Heap Initial Capacity: 256M
 Heap Max Capacity: 4G
 Pre-touch: Disabled
 Parallel Workers: 8
 Concurrent Workers: 2
 Concurrent Refinement Workers: 8
 Periodic GC: Disabled

Heap:
 garbage-first heap   total 266240K, used 14120K [0x0000000700000000, 0x0000000800000000)
  region size 2048K, 7 young (14336K), 0 survivors (0K)
 Metaspace       used 4965K, capacity 8536K, committed 8832K, reserved 1056768K
  class space    used 697K, capacity 1032K, committed 1152K, reserved 1048576K

Heap Regions: E=young(eden), S=young(survivor), O=old, HS=humongous(starts), HC=humongous(continues), CS=collection set, F=free, OA=open archive, CA=closed archive, TAMS=top-at-mark-start (previous, next)
|   0|0x0000000700000000, 0x0000000700000000, 0x0000000700200000|  0%| F|  |TAMS 0x0000000700000000, 0x0000000700000000| Untracked 
|   1|0x0000000700200000, 0x0000000700200000, 0x0000000700400000|  0%| F|  |TAMS 0x0000000700200000, 0x0000000700200000| Untracked 
|   2|0x0000000700400000, 0x0000000700400000, 0x0000000700600000|  0%| F|  |TAMS 0x0000000700400000, 0x0000000700400000| Untracked 
|   3|0x0000000700600000, 0x0000000700600000, 0x0000000700800000|  0%| F|  |TAMS 0x0000000700600000, 0x0000000700600000| Untracked 
|   4|0x0000000700800000, 0x0000000700800000, 0x0000000700a00000|  0%| F|  |TAMS 0x0000000700800000, 0x0000000700800000| Untracked 
|   5|0x0000000700a00000, 0x0000000700a00000, 0x0000000700c00000|  0%| F|  |TAMS 0x0000000700a00000, 0x0000000700a00000| Untracked 
|   6|0x0000000700c00000, 0x0000000700c00000, 0x0000000700e00000|  0%| F|  |TAMS 0x0000000700c00000, 0x0000000700c00000| Untracked 
|   7|0x0000000700e00000, 0x0000000700e00000, 0x0000000701000000|  0%| F|  |TAMS 0x0000000700e00000, 0x0000000700e00000| Untracked 
|   8|0x0000000701000000, 0x0000000701000000, 0x0000000701200000|  0%| F|  |TAMS 0x0000000701000000, 0x0000000701000000| Untracked 
|   9|0x0000000701200000, 0x0000000701200000, 0x0000000701400000|  0%| F|  |TAMS 0x0000000701200000, 0x0000000701200000| Untracked 
|  10|0x0000000701400000, 0x0000000701400000, 0x0000000701600000|  0%| F|  |TAMS 0x0000000701400000, 0x0000000701400000| Untracked 
|  11|0x0000000701600000, 0x0000000701600000, 0x0000000701800000|  0%| F|  |TAMS 0x0000000701600000, 0x0000000701600000| Untracked 
|  12|0x0000000701800000, 0x0000000701800000, 0x0000000701a00000|  0%| F|  |TAMS 0x0000000701800000, 0x0000000701800000| Untracked 
|  13|0x0000000701a00000, 0x0000000701a00000, 0x0000000701c00000|  0%| F|  |TAMS 0x0000000701a00000, 0x0000000701a00000| Untracked 
|  14|0x0000000701c00000, 0x0000000701c00000, 0x0000000701e00000|  0%| F|  |TAMS 0x0000000701c00000, 0x0000000701c00000| Untracked 
|  15|0x0000000701e00000, 0x0000000701e00000, 0x0000000702000000|  0%| F|  |TAMS 0x0000000701e00000, 0x0000000701e00000| Untracked 
|  16|0x0000000702000000, 0x0000000702000000, 0x0000000702200000|  0%| F|  |TAMS 0x0000000702000000, 0x0000000702000000| Untracked 
|  17|0x0000000702200000, 0x0000000702200000, 0x0000000702400000|  0%| F|  |TAMS 0x0000000702200000, 0x0000000702200000| Untracked 
|  18|0x0000000702400000, 0x0000000702400000, 0x0000000702600000|  0%| F|  |TAMS 0x0000000702400000, 0x0000000702400000| Untracked 
|  19|0x0000000702600000, 0x0000000702600000, 0x0000000702800000|  0%| F|  |TAMS 0x0000000702600000, 0x0000000702600000| Untracked 
|  20|0x0000000702800000, 0x0000000702800000, 0x0000000702a00000|  0%| F|  |TAMS 0x0000000702800000, 0x0000000702800000| Untracked 
|  21|0x0000000702a00000, 0x0000000702a00000, 0x0000000702c00000|  0%| F|  |TAMS 0x0000000702a00000, 0x0000000702a00000| Untracked 
|  22|0x0000000702c00000, 0x0000000702c00000, 0x0000000702e00000|  0%| F|  |TAMS 0x0000000702c00000, 0x0000000702c00000| Untracked 
|  23|0x0000000702e00000, 0x0000000702e00000, 0x0000000703000000|  0%| F|  |TAMS 0x0000000702e00000, 0x0000000702e00000| Untracked 
|  24|0x0000000703000000, 0x0000000703000000, 0x0000000703200000|  0%| F|  |TAMS 0x0000000703000000, 0x0000000703000000| Untracked 
|  25|0x0000000703200000, 0x0000000703200000, 0x0000000703400000|  0%| F|  |TAMS 0x0000000703200000, 0x0000000703200000| Untracked 
|  26|0x0000000703400000, 0x0000000703400000, 0x0000000703600000|  0%| F|  |TAMS 0x0000000703400000, 0x0000000703400000| Untracked 
|  27|0x0000000703600000, 0x0000000703600000, 0x0000000703800000|  0%| F|  |TAMS 0x0000000703600000, 0x0000000703600000| Untracked 
|  28|0x0000000703800000, 0x0000000703800000, 0x0000000703a00000|  0%| F|  |TAMS 0x0000000703800000, 0x0000000703800000| Untracked 
|  29|0x0000000703a00000, 0x0000000703a00000, 0x0000000703c00000|  0%| F|  |TAMS 0x0000000703a00000, 0x0000000703a00000| Untracked 
|  30|0x0000000703c00000, 0x0000000703c00000, 0x0000000703e00000|  0%| F|  |TAMS 0x0000000703c00000, 0x0000000703c00000| Untracked 
|  31|0x0000000703e00000, 0x0000000703e00000, 0x0000000704000000|  0%| F|  |TAMS 0x0000000703e00000, 0x0000000703e00000| Untracked 
|  32|0x0000000704000000, 0x0000000704000000, 0x0000000704200000|  0%| F|  |TAMS 0x0000000704000000, 0x0000000704000000| Untracked 
|  33|0x0000000704200000, 0x0000000704200000, 0x0000000704400000|  0%| F|  |TAMS 0x0000000704200000, 0x0000000704200000| Untracked 
|  34|0x0000000704400000, 0x0000000704400000, 0x0000000704600000|  0%| F|  |TAMS 0x0000000704400000, 0x0000000704400000| Untracked 
|  35|0x0000000704600000, 0x0000000704600000, 0x0000000704800000|  0%| F|  |TAMS 0x0000000704600000, 0x0000000704600000| Untracked 
|  36|0x0000000704800000, 0x0000000704800000, 0x0000000704a00000|  0%| F|  |TAMS 0x0000000704800000, 0x0000000704800000| Untracked 
|  37|0x0000000704a00000, 0x0000000704a00000, 0x0000000704c00000|  0%| F|  |TAMS 0x0000000704a00000, 0x0000000704a00000| Untracked 
|  38|0x0000000704c00000, 0x0000000704c00000, 0x0000000704e00000|  0%| F|  |TAMS 0x0000000704c00000, 0x0000000704c00000| Untracked 
|  39|0x0000000704e00000, 0x0000000704e00000, 0x0000000705000000|  0%| F|  |TAMS 0x0000000704e00000, 0x0000000704e00000| Untracked 
|  40|0x0000000705000000, 0x0000000705000000, 0x0000000705200000|  0%| F|  |TAMS 0x0000000705000000, 0x0000000705000000| Untracked 
|  41|0x0000000705200000, 0x0000000705200000, 0x0000000705400000|  0%| F|  |TAMS 0x0000000705200000, 0x0000000705200000| Untracked 
|  42|0x0000000705400000, 0x0000000705400000, 0x0000000705600000|  0%| F|  |TAMS 0x0000000705400000, 0x0000000705400000| Untracked 
|  43|0x0000000705600000, 0x0000000705600000, 0x0000000705800000|  0%| F|  |TAMS 0x0000000705600000, 0x0000000705600000| Untracked 
|  44|0x0000000705800000, 0x0000000705800000, 0x0000000705a00000|  0%| F|  |TAMS 0x0000000705800000, 0x0000000705800000| Untracked 
|  45|0x0000000705a00000, 0x0000000705a00000, 0x0000000705c00000|  0%| F|  |TAMS 0x0000000705a00000, 0x0000000705a00000| Untracked 
|  46|0x0000000705c00000, 0x0000000705c00000, 0x0000000705e00000|  0%| F|  |TAMS 0x0000000705c00000, 0x0000000705c00000| Untracked 
|  47|0x0000000705e00000, 0x0000000705e00000, 0x0000000706000000|  0%| F|  |TAMS 0x0000000705e00000, 0x0000000705e00000| Untracked 
|  48|0x0000000706000000, 0x0000000706000000, 0x0000000706200000|  0%| F|  |TAMS 0x0000000706000000, 0x0000000706000000| Untracked 
|  49|0x0000000706200000, 0x0000000706200000, 0x0000000706400000|  0%| F|  |TAMS 0x0000000706200000, 0x0000000706200000| Untracked 
|  50|0x0000000706400000, 0x0000000706400000, 0x0000000706600000|  0%| F|  |TAMS 0x0000000706400000, 0x0000000706400000| Untracked 
|  51|0x0000000706600000, 0x0000000706600000, 0x0000000706800000|  0%| F|  |TAMS 0x0000000706600000, 0x0000000706600000| Untracked 
|  52|0x0000000706800000, 0x0000000706800000, 0x0000000706a00000|  0%| F|  |TAMS 0x0000000706800000, 0x0000000706800000| Untracked 
|  53|0x0000000706a00000, 0x0000000706a00000, 0x0000000706c00000|  0%| F|  |TAMS 0x0000000706a00000, 0x0000000706a00000| Untracked 
|  54|0x0000000706c00000, 0x0000000706c00000, 0x0000000706e00000|  0%| F|  |TAMS 0x0000000706c00000, 0x0000000706c00000| Untracked 
|  55|0x0000000706e00000, 0x0000000706e00000, 0x0000000707000000|  0%| F|  |TAMS 0x0000000706e00000, 0x0000000706e00000| Untracked 
|  56|0x0000000707000000, 0x0000000707000000, 0x0000000707200000|  0%| F|  |TAMS 0x0000000707000000, 0x0000000707000000| Untracked 
|  57|0x0000000707200000, 0x0000000707200000, 0x0000000707400000|  0%| F|  |TAMS 0x0000000707200000, 0x0000000707200000| Untracked 
|  58|0x0000000707400000, 0x0000000707400000, 0x0000000707600000|  0%| F|  |TAMS 0x0000000707400000, 0x0000000707400000| Untracked 
|  59|0x0000000707600000, 0x0000000707600000, 0x0000000707800000|  0%| F|  |TAMS 0x0000000707600000, 0x0000000707600000| Untracked 
|  60|0x0000000707800000, 0x0000000707800000, 0x0000000707a00000|  0%| F|  |TAMS 0x0000000707800000, 0x0000000707800000| Untracked 
|  61|0x0000000707a00000, 0x0000000707a00000, 0x0000000707c00000|  0%| F|  |TAMS 0x0000000707a00000, 0x0000000707a00000| Untracked 
|  62|0x0000000707c00000, 0x0000000707c00000, 0x0000000707e00000|  0%| F|  |TAMS 0x0000000707c00000, 0x0000000707c00000| Untracked 
|  63|0x0000000707e00000, 0x0000000707e00000, 0x0000000708000000|  0%| F|  |TAMS 0x0000000707e00000, 0x0000000707e00000| Untracked 
|  64|0x0000000708000000, 0x0000000708000000, 0x0000000708200000|  0%| F|  |TAMS 0x0000000708000000, 0x0000000708000000| Untracked 
|  65|0x0000000708200000, 0x0000000708200000, 0x0000000708400000|  0%| F|  |TAMS 0x0000000708200000, 0x0000000708200000| Untracked 
|  66|0x0000000708400000, 0x0000000708400000, 0x0000000708600000|  0%| F|  |TAMS 0x0000000708400000, 0x0000000708400000| Untracked 
|  67|0x0000000708600000, 0x0000000708600000, 0x0000000708800000|  0%| F|  |TAMS 0x0000000708600000, 0x0000000708600000| Untracked 
|  68|0x0000000708800000, 0x0000000708800000, 0x0000000708a00000|  0%| F|  |TAMS 0x0000000708800000, 0x0000000708800000| Untracked 
|  69|0x0000000708a00000, 0x0000000708a00000, 0x0000000708c00000|  0%| F|  |TAMS 0x0000000708a00000, 0x0000000708a00000| Untracked 
|  70|0x0000000708c00000, 0x0000000708c00000, 0x0000000708e00000|  0%| F|  |TAMS 0x0000000708c00000, 0x0000000708c00000| Untracked 
|  71|0x0000000708e00000, 0x0000000708e00000, 0x0000000709000000|  0%| F|  |TAMS 0x0000000708e00000, 0x0000000708e00000| Untracked 
|  72|0x0000000709000000, 0x0000000709000000, 0x0000000709200000|  0%| F|  |TAMS 0x0000000709000000, 0x0000000709000000| Untracked 
|  73|0x0000000709200000, 0x0000000709200000, 0x0000000709400000|  0%| F|  |TAMS 0x0000000709200000, 0x0000000709200000| Untracked 
|  74|0x0000000709400000, 0x0000000709400000, 0x0000000709600000|  0%| F|  |TAMS 0x0000000709400000, 0x0000000709400000| Untracked 
|  75|0x0000000709600000, 0x0000000709600000, 0x0000000709800000|  0%| F|  |TAMS 0x0000000709600000, 0x0000000709600000| Untracked 
|  76|0x0000000709800000, 0x0000000709800000, 0x0000000709a00000|  0%| F|  |TAMS 0x0000000709800000, 0x0000000709800000| Untracked 
|  77|0x0000000709a00000, 0x0000000709a00000, 0x0000000709c00000|  0%| F|  |TAMS 0x0000000709a00000, 0x0000000709a00000| Untracked 
|  78|0x0000000709c00000, 0x0000000709c00000, 0x0000000709e00000|  0%| F|  |TAMS 0x0000000709c00000, 0x0000000709c00000| Untracked 
|  79|0x0000000709e00000, 0x0000000709e00000, 0x000000070a000000|  0%| F|  |TAMS 0x0000000709e00000, 0x0000000709e00000| Untracked 
|  80|0x000000070a000000, 0x000000070a000000, 0x000000070a200000|  0%| F|  |TAMS 0x000000070a000000, 0x000000070a000000| Untracked 
|  81|0x000000070a200000, 0x000000070a200000, 0x000000070a400000|  0%| F|  |TAMS 0x000000070a200000, 0x000000070a200000| Untracked 
|  82|0x000000070a400000, 0x000000070a400000, 0x000000070a600000|  0%| F|  |TAMS 0x000000070a400000, 0x000000070a400000| Untracked 
|  83|0x000000070a600000, 0x000000070a600000, 0x000000070a800000|  0%| F|  |TAMS 0x000000070a600000, 0x000000070a600000| Untracked 
|  84|0x000000070a800000, 0x000000070a800000, 0x000000070aa00000|  0%| F|  |TAMS 0x000000070a800000, 0x000000070a800000| Untracked 
|  85|0x000000070aa00000, 0x000000070aa00000, 0x000000070ac00000|  0%| F|  |TAMS 0x000000070aa00000, 0x000000070aa00000| Untracked 
|  86|0x000000070ac00000, 0x000000070ac00000, 0x000000070ae00000|  0%| F|  |TAMS 0x000000070ac00000, 0x000000070ac00000| Untracked 
|  87|0x000000070ae00000, 0x000000070ae00000, 0x000000070b000000|  0%| F|  |TAMS 0x000000070ae00000, 0x000000070ae00000| Untracked 
|  88|0x000000070b000000, 0x000000070b000000, 0x000000070b200000|  0%| F|  |TAMS 0x000000070b000000, 0x000000070b000000| Untracked 
|  89|0x000000070b200000, 0x000000070b200000, 0x000000070b400000|  0%| F|  |TAMS 0x000000070b200000, 0x000000070b200000| Untracked 
|  90|0x000000070b400000, 0x000000070b400000, 0x000000070b600000|  0%| F|  |TAMS 0x000000070b400000, 0x000000070b400000| Untracked 
|  91|0x000000070b600000, 0x000000070b600000, 0x000000070b800000|  0%| F|  |TAMS 0x000000070b600000, 0x000000070b600000| Untracked 
|  92|0x000000070b800000, 0x000000070b800000, 0x000000070ba00000|  0%| F|  |TAMS 0x000000070b800000, 0x000000070b800000| Untracked 
|  93|0x000000070ba00000, 0x000000070ba00000, 0x000000070bc00000|  0%| F|  |TAMS 0x000000070ba00000, 0x000000070ba00000| Untracked 
|  94|0x000000070bc00000, 0x000000070bc00000, 0x000000070be00000|  0%| F|  |TAMS 0x000000070bc00000, 0x000000070bc00000| Untracked 
|  95|0x000000070be00000, 0x000000070be00000, 0x000000070c000000|  0%| F|  |TAMS 0x000000070be00000, 0x000000070be00000| Untracked 
|  96|0x000000070c000000, 0x000000070c000000, 0x000000070c200000|  0%| F|  |TAMS 0x000000070c000000, 0x000000070c000000| Untracked 
|  97|0x000000070c200000, 0x000000070c200000, 0x000000070c400000|  0%| F|  |TAMS 0x000000070c200000, 0x000000070c200000| Untracked 
|  98|0x000000070c400000, 0x000000070c400000, 0x000000070c600000|  0%| F|  |TAMS 0x000000070c400000, 0x000000070c400000| Untracked 
|  99|0x000000070c600000, 0x000000070c600000, 0x000000070c800000|  0%| F|  |TAMS 0x000000070c600000, 0x000000070c600000| Untracked 
| 100|0x000000070c800000, 0x000000070c800000, 0x000000070ca00000|  0%| F|  |TAMS 0x000000070c800000, 0x000000070c800000| Untracked 
| 101|0x000000070ca00000, 0x000000070ca00000, 0x000000070cc00000|  0%| F|  |TAMS 0x000000070ca00000, 0x000000070ca00000| Untracked 
| 102|0x000000070cc00000, 0x000000070cc00000, 0x000000070ce00000|  0%| F|  |TAMS 0x000000070cc00000, 0x000000070cc00000| Untracked 
| 103|0x000000070ce00000, 0x000000070ce00000, 0x000000070d000000|  0%| F|  |TAMS 0x000000070ce00000, 0x000000070ce00000| Untracked 
| 104|0x000000070d000000, 0x000000070d000000, 0x000000070d200000|  0%| F|  |TAMS 0x000000070d000000, 0x000000070d000000| Untracked 
| 105|0x000000070d200000, 0x000000070d200000, 0x000000070d400000|  0%| F|  |TAMS 0x000000070d200000, 0x000000070d200000| Untracked 
| 106|0x000000070d400000, 0x000000070d400000, 0x000000070d600000|  0%| F|  |TAMS 0x000000070d400000, 0x000000070d400000| Untracked 
| 107|0x000000070d600000, 0x000000070d600000, 0x000000070d800000|  0%| F|  |TAMS 0x000000070d600000, 0x000000070d600000| Untracked 
| 108|0x000000070d800000, 0x000000070d800000, 0x000000070da00000|  0%| F|  |TAMS 0x000000070d800000, 0x000000070d800000| Untracked 
| 109|0x000000070da00000, 0x000000070da00000, 0x000000070dc00000|  0%| F|  |TAMS 0x000000070da00000, 0x000000070da00000| Untracked 
| 110|0x000000070dc00000, 0x000000070dc00000, 0x000000070de00000|  0%| F|  |TAMS 0x000000070dc00000, 0x000000070dc00000| Untracked 
| 111|0x000000070de00000, 0x000000070de00000, 0x000000070e000000|  0%| F|  |TAMS 0x000000070de00000, 0x000000070de00000| Untracked 
| 112|0x000000070e000000, 0x000000070e000000, 0x000000070e200000|  0%| F|  |TAMS 0x000000070e000000, 0x000000070e000000| Untracked 
| 113|0x000000070e200000, 0x000000070e200000, 0x000000070e400000|  0%| F|  |TAMS 0x000000070e200000, 0x000000070e200000| Untracked 
| 114|0x000000070e400000, 0x000000070e400000, 0x000000070e600000|  0%| F|  |TAMS 0x000000070e400000, 0x000000070e400000| Untracked 
| 115|0x000000070e600000, 0x000000070e600000, 0x000000070e800000|  0%| F|  |TAMS 0x000000070e600000, 0x000000070e600000| Untracked 
| 116|0x000000070e800000, 0x000000070e800000, 0x000000070ea00000|  0%| F|  |TAMS 0x000000070e800000, 0x000000070e800000| Untracked 
| 117|0x000000070ea00000, 0x000000070ea00000, 0x000000070ec00000|  0%| F|  |TAMS 0x000000070ea00000, 0x000000070ea00000| Untracked 
| 118|0x000000070ec00000, 0x000000070ec00000, 0x000000070ee00000|  0%| F|  |TAMS 0x000000070ec00000, 0x000000070ec00000| Untracked 
| 119|0x000000070ee00000, 0x000000070ee00000, 0x000000070f000000|  0%| F|  |TAMS 0x000000070ee00000, 0x000000070ee00000| Untracked 
| 120|0x000000070f000000, 0x000000070f000000, 0x000000070f200000|  0%| F|  |TAMS 0x000000070f000000, 0x000000070f000000| Untracked 
| 121|0x000000070f200000, 0x000000070f3546f8, 0x000000070f400000| 66%| E|  |TAMS 0x000000070f200000, 0x000000070f200000| Complete 
| 122|0x000000070f400000, 0x000000070f600000, 0x000000070f600000|100%| E|CS|TAMS 0x000000070f400000, 0x000000070f400000| Complete 
| 123|0x000000070f600000, 0x000000070f800000, 0x000000070f800000|100%| E|CS|TAMS 0x000000070f600000, 0x000000070f600000| Complete 
| 124|0x000000070f800000, 0x000000070fa00000, 0x000000070fa00000|100%| E|CS|TAMS 0x000000070f800000, 0x000000070f800000| Complete 
| 125|0x000000070fa00000, 0x000000070fc00000, 0x000000070fc00000|100%| E|CS|TAMS 0x000000070fa00000, 0x000000070fa00000| Complete 
| 126|0x000000070fc00000, 0x000000070fe00000, 0x000000070fe00000|100%| E|CS|TAMS 0x000000070fc00000, 0x000000070fc00000| Complete 
| 127|0x000000070fe00000, 0x0000000710000000, 0x0000000710000000|100%| E|CS|TAMS 0x000000070fe00000, 0x000000070fe00000| Complete 
|1534|0x00000007bfc00000, 0x00000007bfd51000, 0x00000007bfe00000| 65%|OA|  |TAMS 0x00000007bfc00000, 0x00000007bfc00000| Untracked 
|1535|0x00000007bfe00000, 0x00000007bfe79000, 0x00000007c0000000| 23%|CA|  |TAMS 0x00000007bfe00000, 0x00000007bfe00000| Untracked 

Card table byte_map: [0x0000000127205000,0x0000000127a05000] _byte_map_base: 0x0000000123a05000

Marking Bits (Prev, Next): (CMBitMap*) 0x00007fd46c017010, (CMBitMap*) 0x00007fd46c017050
 Prev Bits: [0x0000000128205000, 0x000000012c205000)
 Next Bits: [0x000000012c205000, 0x0000000130205000)

Polling page: 0x000000010c368000

Metaspace:

Usage:
  Non-class:      7.33 MB capacity,     4.17 MB ( 57%) used,     3.15 MB ( 43%) free+waste,     7.56 KB ( <1%) overhead. 
      Class:      1.01 MB capacity,   697.06 KB ( 68%) used,   331.44 KB ( 32%) free+waste,     3.50 KB ( <1%) overhead. 
       Both:      8.34 MB capacity,     4.85 MB ( 58%) used,     3.48 MB ( 42%) free+waste,    11.06 KB ( <1%) overhead. 

Virtual space:
  Non-class space:        8.00 MB reserved,       7.50 MB ( 94%) committed 
      Class space:        1.00 GB reserved,       1.12 MB ( <1%) committed 
             Both:        1.01 GB reserved,       8.62 MB ( <1%) committed 

Chunk freelists:
   Non-Class:  16.00 KB
       Class:  0 bytes
        Both:  16.00 KB

MaxMetaspaceSize: 17179869184.00 GB
CompressedClassSpaceSize: 1.00 GB

CodeHeap 'non-profiled nmethods': size=120028Kb used=140Kb max_used=140Kb free=119887Kb
 bounds [0x000000011fcce000, 0x000000011ff3e000, 0x0000000127205000]
CodeHeap 'profiled nmethods': size=120028Kb used=754Kb max_used=754Kb free=119273Kb
 bounds [0x0000000118797000, 0x0000000118a07000, 0x000000011fcce000]
CodeHeap 'non-nmethods': size=5704Kb used=1154Kb max_used=1170Kb free=4550Kb
 bounds [0x0000000118205000, 0x0000000118475000, 0x0000000118797000]
 total_blobs=876 nmethods=465 adapters=325
 compilation: enabled
              stopped_count=0, restarted_count=0
 full_count=0

Compilation events (20 events):
Event: 0.817 Thread 0x00007fd46d809000 nmethod 457 0x0000000118851690 code [0x0000000118851820, 0x00000001188519b0]
Event: 0.817 Thread 0x00007fd46d809000  454       3       java.lang.invoke.MemberName::isConstructor (8 bytes)
Event: 0.817 Thread 0x00007fd46d809000 nmethod 454 0x0000000118851a90 code [0x0000000118851c20, 0x0000000118851e50]
Event: 0.817 Thread 0x00007fd46d809000  455       3       jdk.internal.org.objectweb.asm.Handler::getExceptionTableSize (10 bytes)
Event: 0.817 Thread 0x00007fd46d809000 nmethod 455 0x0000000118851f10 code [0x00000001188520a0, 0x0000000118852290]
Event: 0.817 Thread 0x00007fd46d809000  456       1       jdk.internal.org.objectweb.asm.MethodWriter::hasAsmInstructions (5 bytes)
Event: 0.817 Thread 0x00007fd46d809000 nmethod 456 0x000000011fcef610 code [0x000000011fcef7a0, 0x000000011fcef850]
Event: 0.820 Thread 0x00007fd46d809000  458       3       jdk.internal.org.objectweb.asm.AnnotationWriter::putAnnotations (67 bytes)
Event: 0.821 Thread 0x00007fd46d809000 nmethod 458 0x0000000118852390 code [0x00000001188525a0, 0x00000001188529d0]
Event: 0.821 Thread 0x00007fd46d809000  459   !   3       java.lang.invoke.MemberName::clone (14 bytes)
Event: 0.821 Thread 0x00007fd46d809000 nmethod 459 0x0000000118852c90 code [0x0000000118852e60, 0x0000000118853170]
Event: 0.822 Thread 0x00007fd46d809000  462       3       java.lang.invoke.MemberName::isResolved (13 bytes)
Event: 0.822 Thread 0x00007fd46d809000 nmethod 462 0x0000000118853310 code [0x00000001188534a0, 0x00000001188535f0]
Event: 0.822 Thread 0x00007fd46d809000  461       3       scala.runtime.BoxesRunTime::equals (13 bytes)
Event: 0.822 Thread 0x00007fd46d809000 nmethod 461 0x0000000118853690 code [0x0000000118853820, 0x0000000118853980]
Event: 0.824 Thread 0x00007fd46c822000 nmethod 437 0x000000011fcf0190 code [0x000000011fcf0320, 0x000000011fcf07c8]
Event: 0.824 Thread 0x00007fd46d809000  464       1       java.nio.Buffer::position (5 bytes)
Event: 0.825 Thread 0x00007fd46d809000 nmethod 464 0x000000011fcf0a90 code [0x000000011fcf0c20, 0x000000011fcf0cd0]
Event: 0.825 Thread 0x00007fd46d809000  465       1       java.nio.Buffer::limit (5 bytes)
Event: 0.825 Thread 0x00007fd46d809000 nmethod 465 0x000000011fcf0d90 code [0x000000011fcf0f20, 0x000000011fcf0fd0]

GC Heap History (0 events):
No events

Deoptimization events (2 events):
Event: 0.114 Thread 0x00007fd46d00b400 DEOPT PACKING pc=0x00000001187a70b6 sp=0x000070000bcae160
Event: 0.114 Thread 0x00007fd46d00b400 DEOPT UNPACKING pc=0x0000000118252f2b sp=0x000070000bcad6a0 mode 0

Classes unloaded (0 events):
No events

Classes redefined (0 events):
No events

Internal exceptions (13 events):
Event: 0.260 Thread 0x00007fd46d00b400 Exception <a 'java/lang/NoSuchMethodError'{0x000000070f801650}: 'void java.lang.invoke.Invokers$Holder.invoke_MT(java.lang.Object, java.lang.Object)'> (0x000000070f801650) 
thrown [src/hotspot/share/interpreter/linkResolver.cpp, line 782]
Event: 0.264 Thread 0x00007fd46d00b400 Exception <a 'java/lang/NoSuchMethodError'{0x000000070f8090e0}: 'java.lang.Object java.lang.invoke.Invokers$Holder.invokeExact_MT(java.lang.Object, java.lang.Object, java.lang.Object, java.lang.Object, java.lang.Object, java.lang.Object)'> (0x000000070f8090e0) 
thrown [src/hotspot/share/interpreter/linkResolver.cpp, line 782]
Event: 0.323 Thread 0x00007fd46d00b400 Exception <a 'java/lang/NoSuchMethodError'{0x000000070f9635d0}: 'java.lang.Object java.lang.invoke.DirectMethodHandle$Holder.invokeStatic(java.lang.Object)'> (0x000000070f9635d0) 
thrown [src/hotspot/share/interpreter/linkResolver.cpp, line 782]
Event: 0.324 Thread 0x00007fd46d00b400 Exception <a 'java/lang/NoSuchMethodError'{0x000000070f967050}: 'java.lang.Object java.lang.invoke.DirectMethodHandle$Holder.invokeStaticInit(java.lang.Object)'> (0x000000070f967050) 
thrown [src/hotspot/share/interpreter/linkResolver.cpp, line 782]
Event: 0.435 Thread 0x00007fd46d00b400 Exception <a 'java/lang/NoSuchMethodError'{0x000000070f462db8}: 'void java.lang.invoke.DirectMethodHandle$Holder.invokeStatic(java.lang.Object, java.lang.Object)'> (0x000000070f462db8) 
thrown [src/hotspot/share/interpreter/linkResolver.cpp, line 782]
Event: 0.435 Thread 0x00007fd46d00b400 Exception <a 'java/lang/NoSuchMethodError'{0x000000070f4667c0}: 'void java.lang.invoke.DirectMethodHandle$Holder.invokeStaticInit(java.lang.Object, java.lang.Object)'> (0x000000070f4667c0) 
thrown [src/hotspot/share/interpreter/linkResolver.cpp, line 782]
Event: 0.464 Thread 0x00007fd46d00b400 Exception <a 'java/lang/NoSuchMethodError'{0x000000070f4a2658}: 'java.lang.Object java.lang.invoke.DirectMethodHandle$Holder.invokeStaticInit(java.lang.Object, java.lang.Object, java.lang.Object)'> (0x000000070f4a2658) 
thrown [src/hotspot/share/interpreter/linkResolver.cpp, line 782]
Event: 0.797 Thread 0x00007fd46d00b400 Exception <a 'java/lang/NoSuchMethodError'{0x000000070f23c028}: 'java.lang.Object java.lang.invoke.Invokers$Holder.linkToTargetMethod(java.lang.Object, int, java.lang.Object, java.lang.Object, java.lang.Object, java.lang.Object, java.lang.Object)'> (0x000000070f23c028) 
thrown [src/hotspot/share/interpreter/linkResolver.cpp, line 782]
Event: 0.800 Thread 0x00007fd46d00b400 Exception <a 'java/lang/NoSuchMethodError'{0x000000070f24a230}: 'java.lang.Object java.lang.invoke.DirectMethodHandle$Holder.newInvokeSpecial(java.lang.Object, java.lang.Object, int, java.lang.Object)'> (0x000000070f24a230) 
thrown [src/hotspot/share/interpreter/linkResolver.cpp, line 782]
Event: 0.801 Thread 0x00007fd46d00b400 Exception <a 'java/lang/NoSuchMethodError'{0x000000070f24e718}: 'java.lang.Object java.lang.invoke.DirectMethodHandle$Holder.invokeSpecial(java.lang.Object, java.lang.Object, java.lang.Object, int, java.lang.Object)'> (0x000000070f24e718) 
thrown [src/hotspot/share/interpreter/linkResolver.cpp, line 782]
Event: 0.805 Thread 0x00007fd46d00b400 Exception <a 'java/lang/NoSuchMethodError'{0x000000070f2634e0}: 'java.lang.Object java.lang.invoke.DirectMethodHandle$Holder.newInvokeSpecial(java.lang.Object, java.lang.Object, java.lang.Object, int)'> (0x000000070f2634e0) 
thrown [src/hotspot/share/interpreter/linkResolver.cpp, line 782]
Event: 0.806 Thread 0x00007fd46d00b400 Exception <a 'java/lang/NoSuchMethodError'{0x000000070f26b150}: 'java.lang.Object java.lang.invoke.Invokers$Holder.linkToTargetMethod(java.lang.Object, java.lang.Object, int, java.lang.Object)'> (0x000000070f26b150) 
thrown [src/hotspot/share/interpreter/linkResolver.cpp, line 782]
Event: 0.814 Thread 0x00007fd46d00b400 Exception <a 'java/lang/NoSuchMethodError'{0x000000070f29bbf8}: 'java.lang.Object java.lang.invoke.DirectMethodHandle$Holder.newInvokeSpecial(java.lang.Object, java.lang.Object, java.lang.Object, int, java.lang.Object)'> (0x000000070f29bbf8) 
thrown [src/hotspot/share/interpreter/linkResolver.cpp, line 782]

Events (20 events):
Event: 0.464 loading class sun/security/provider/ByteArrayAccess done
Event: 0.466 loading class java/lang/AssertionError
Event: 0.466 loading class java/lang/AssertionError done
Event: 0.493 loading class java/lang/ArrayIndexOutOfBoundsException
Event: 0.493 loading class java/lang/ArrayIndexOutOfBoundsException done
Event: 0.784 Loaded shared library /Users/yudeng/OR_TOOLS/lib/libjniortools.jnilib
Event: 0.785 Executing VM operation: HandshakeAllThreads
Event: 0.785 Executing VM operation: HandshakeAllThreads done
Event: 0.824 loading class java/lang/Throwable$WrappedPrintStream
Event: 0.824 loading class java/lang/Throwable$PrintStreamOrWriter
Event: 0.824 loading class java/lang/Throwable$PrintStreamOrWriter done
Event: 0.824 loading class java/lang/Throwable$WrappedPrintStream done
Event: 0.830 Protecting memory [0x000070000bbb0000,0x000070000bbb4000] with protection modes 3
Event: 0.830 Thread 0x00007fd46d00b400 Thread exited: 0x00007fd46d00b400
Event: 0.830 Protecting memory [0x000070000bbb0000,0x000070000bbb4000] with protection modes 0
Event: 0.830 Thread 0x00007fd470022000 Thread added: 0x00007fd470022000
Event: 0.832 Protecting memory [0x000070000c5d1000,0x000070000c5d5000] with protection modes 3
Event: 0.832 Thread 0x00007fd46d809a00 Thread exited: 0x00007fd46d809a00
Event: 0.832 Protecting memory [0x000070000bbb0000,0x000070000bbb4000] with protection modes 3
Event: 0.832 Thread 0x00007fd470022000 Thread exited: 0x00007fd470022000


Dynamic libraries:
0x00007fff699f2000 	/usr/lib/libz.1.dylib
0x000000010c319000 	/usr/local/Cellar/openjdk/15.0.1/libexec/openjdk.jdk/Contents/Home/lib/libjli.dylib
0x00007fff2f66a000 	/System/Library/Frameworks/Cocoa.framework/Versions/A/Cocoa
0x00007fff3ce47000 	/System/Library/Frameworks/Security.framework/Versions/A/Security
0x00007fff2e5d4000 	/System/Library/Frameworks/ApplicationServices.framework/Versions/A/ApplicationServices
0x00007fff674b6000 	/usr/lib/libSystem.B.dylib
0x00007fff6a2b2000 	/usr/lib/system/libcache.dylib
0x00007fff6a2b8000 	/usr/lib/system/libcommonCrypto.dylib
0x00007fff6a2c4000 	/usr/lib/system/libcompiler_rt.dylib
0x00007fff6a2cc000 	/usr/lib/system/libcopyfile.dylib
0x00007fff6a2d6000 	/usr/lib/system/libcorecrypto.dylib
0x00007fff6a475000 	/usr/lib/system/libdispatch.dylib
0x00007fff6a4b6000 	/usr/lib/system/libdyld.dylib
0x00007fff6a4ed000 	/usr/lib/system/libkeymgr.dylib
0x00007fff6a4fb000 	/usr/lib/system/liblaunch.dylib
0x00007fff6a4fc000 	/usr/lib/system/libmacho.dylib
0x00007fff6a502000 	/usr/lib/system/libquarantine.dylib
0x00007fff6a505000 	/usr/lib/system/libremovefile.dylib
0x00007fff6a507000 	/usr/lib/system/libsystem_asl.dylib
0x00007fff6a51f000 	/usr/lib/system/libsystem_blocks.dylib
0x00007fff6a520000 	/usr/lib/system/libsystem_c.dylib
0x00007fff6a5a8000 	/usr/lib/system/libsystem_configuration.dylib
0x00007fff6a5ac000 	/usr/lib/system/libsystem_coreservices.dylib
0x00007fff6a5b0000 	/usr/lib/system/libsystem_darwin.dylib
0x00007fff6a5b9000 	/usr/lib/system/libsystem_dnssd.dylib
0x00007fff6a5c1000 	/usr/lib/system/libsystem_featureflags.dylib
0x00007fff6a5c3000 	/usr/lib/system/libsystem_info.dylib
0x00007fff6a63e000 	/usr/lib/system/libsystem_m.dylib
0x00007fff6a686000 	/usr/lib/system/libsystem_malloc.dylib
0x00007fff6a6ae000 	/usr/lib/system/libsystem_networkextension.dylib
0x00007fff6a6bc000 	/usr/lib/system/libsystem_notify.dylib
0x00007fff6a6da000 	/usr/lib/system/libsystem_sandbox.dylib
0x00007fff6a6df000 	/usr/lib/system/libsystem_secinit.dylib
0x00007fff6a611000 	/usr/lib/system/libsystem_kernel.dylib
0x00007fff6a6c6000 	/usr/lib/system/libsystem_platform.dylib
0x00007fff6a6cf000 	/usr/lib/system/libsystem_pthread.dylib
0x00007fff6a6e2000 	/usr/lib/system/libsystem_symptoms.dylib
0x00007fff6a6ea000 	/usr/lib/system/libsystem_trace.dylib
0x00007fff6a702000 	/usr/lib/system/libunwind.dylib
0x00007fff6a708000 	/usr/lib/system/libxpc.dylib
0x00007fff69316000 	/usr/lib/libobjc.A.dylib
0x00007fff677ef000 	/usr/lib/libc++abi.dylib
0x00007fff6779c000 	/usr/lib/libc++.1.dylib
0x00007fff30505000 	/System/Library/Frameworks/CoreFoundation.framework/Versions/A/CoreFoundation
0x00007fff32bbb000 	/System/Library/Frameworks/Foundation.framework/Versions/C/Foundation
0x00007fff2d7c5000 	/System/Library/Frameworks/AppKit.framework/Versions/C/AppKit
0x00007fff2ffee000 	/System/Library/Frameworks/CoreData.framework/Versions/A/CoreData
0x00007fff614d7000 	/System/Library/PrivateFrameworks/UIFoundation.framework/Versions/A/UIFoundation
0x00007fff5c585000 	/System/Library/PrivateFrameworks/RemoteViewServices.framework/Versions/A/RemoteViewServices
0x00007fff6402b000 	/System/Library/PrivateFrameworks/XCTTargetBootstrap.framework/Versions/A/XCTTargetBootstrap
0x00007fff303d9000 	/System/Library/Frameworks/CoreDisplay.framework/Versions/A/CoreDisplay
0x00007fff35a74000 	/System/Library/Frameworks/Metal.framework/Versions/A/Metal
0x00007fff4a5de000 	/System/Library/PrivateFrameworks/DesktopServicesPriv.framework/Versions/A/DesktopServicesPriv
0x00007fff685f3000 	/usr/lib/liblangid.dylib
0x00007fff49877000 	/System/Library/PrivateFrameworks/CoreSVG.framework/Versions/A/CoreSVG
0x00007fff5f6db000 	/System/Library/PrivateFrameworks/SkyLight.framework/Versions/A/SkyLight
0x00007fff30986000 	/System/Library/Frameworks/CoreGraphics.framework/Versions/A/CoreGraphics
0x00007fff2c199000 	/System/Library/Frameworks/Accelerate.framework/Versions/A/Accelerate
0x00007fff698e3000 	/usr/lib/libxml2.2.dylib
0x00007fff55537000 	/System/Library/PrivateFrameworks/IconServices.framework/Versions/A/IconServices
0x00007fff3339a000 	/System/Library/Frameworks/IOSurface.framework/Versions/A/IOSurface
0x00007fff66fe0000 	/usr/lib/libDiagnosticMessagesClient.dylib
0x00007fff4a438000 	/System/Library/PrivateFrameworks/DFRFoundation.framework/Versions/A/DFRFoundation
0x00007fff68382000 	/usr/lib/libicucore.A.dylib
0x00007fff2e906000 	/System/Library/Frameworks/AudioToolbox.framework/Versions/A/AudioToolbox
0x00007fff2e9e9000 	/System/Library/Frameworks/AudioUnit.framework/Versions/A/AudioUnit
0x00007fff676b8000 	/usr/lib/libauto.dylib
0x00007fff4a4da000 	/System/Library/PrivateFrameworks/DataDetectorsCore.framework/Versions/A/DataDetectorsCore
0x00007fff2f18b000 	/System/Library/Frameworks/Carbon.framework/Versions/A/Frameworks/HIToolbox.framework/Versions/A/HIToolbox
0x00007fff3c044000 	/System/Library/Frameworks/QuartzCore.framework/Versions/A/QuartzCore
0x00007fff2f4ca000 	/System/Library/Frameworks/Carbon.framework/Versions/A/Frameworks/SpeechRecognition.framework/Versions/A/SpeechRecognition
0x00007fff49f4f000 	/System/Library/PrivateFrameworks/CoreUI.framework/Versions/A/CoreUI
0x00007fff2fa59000 	/System/Library/Frameworks/CoreAudio.framework/Versions/A/CoreAudio
0x00007fff32880000 	/System/Library/Frameworks/DiskArbitration.framework/Versions/A/DiskArbitration
0x00007fff57584000 	/System/Library/PrivateFrameworks/MultitouchSupport.framework/Versions/A/MultitouchSupport
0x00007fff68249000 	/usr/lib/libenergytrace.dylib
0x00007fff332f4000 	/System/Library/Frameworks/IOKit.framework/Versions/A/IOKit
0x00007fff318ed000 	/System/Library/Frameworks/CoreServices.framework/Versions/A/CoreServices
0x00007fff5971b000 	/System/Library/PrivateFrameworks/PerformanceAnalysis.framework/Versions/A/PerformanceAnalysis
0x00007fff3b077000 	/System/Library/Frameworks/OpenGL.framework/Versions/A/OpenGL
0x00007fff2f678000 	/System/Library/Frameworks/ColorSync.framework/Versions/A/ColorSync
0x00007fff31008000 	/System/Library/Frameworks/CoreImage.framework/Versions/A/CoreImage
0x00007fff3235f000 	/System/Library/Frameworks/CoreText.framework/Versions/A/CoreText
0x00007fff3342a000 	/System/Library/Frameworks/ImageIO.framework/Versions/A/ImageIO
0x00007fff67818000 	/usr/lib/libcompression.dylib
0x00007fff67324000 	/usr/lib/libMobileGestalt.dylib
0x00007fff61250000 	/System/Library/PrivateFrameworks/TextureIO.framework/Versions/A/TextureIO
0x00007fff6761b000 	/usr/lib/libate.dylib
0x00007fff55740000 	/System/Library/PrivateFrameworks/InternationalSupport.framework/Versions/A/InternationalSupport
0x00007fff685f5000 	/usr/lib/liblzma.5.dylib
0x00007fff68270000 	/usr/lib/libfakelink.dylib
0x00007fff675a8000 	/usr/lib/libarchive.2.dylib
0x00007fff3def7000 	/System/Library/Frameworks/SystemConfiguration.framework/Versions/A/SystemConfiguration
0x00007fff66f13000 	/usr/lib/libCRFSuite.dylib
0x00007fff2ed7c000 	/System/Library/Frameworks/CFNetwork.framework/Versions/A/CFNetwork
0x00007fff6777e000 	/usr/lib/libbsm.0.dylib
0x00007fff6a4ee000 	/usr/lib/system/libkxld.dylib
0x00007fff43e0d000 	/System/Library/PrivateFrameworks/AppleFSCompression.framework/Versions/A/AppleFSCompression
0x00007fff67b09000 	/usr/lib/libcoretls.dylib
0x00007fff67b20000 	/usr/lib/libcoretls_cfhelpers.dylib
0x00007fff6935c000 	/usr/lib/libpam.2.dylib
0x00007fff69491000 	/usr/lib/libsqlite3.dylib
0x00007fff698d0000 	/usr/lib/libxar.1.dylib
0x00007fff6778f000 	/usr/lib/libbz2.1.0.dylib
0x00007fff68291000 	/usr/lib/libiconv.2.dylib
0x00007fff67805000 	/usr/lib/libcharset.1.dylib
0x00007fff68dfb000 	/usr/lib/libnetwork.dylib
0x00007fff69363000 	/usr/lib/libpcap.A.dylib
0x00007fff6755d000 	/usr/lib/libapple_nghttp2.dylib
0x00007fff31ca4000 	/System/Library/Frameworks/CoreServices.framework/Versions/A/Frameworks/FSEvents.framework/Versions/A/FSEvents
0x00007fff31974000 	/System/Library/Frameworks/CoreServices.framework/Versions/A/Frameworks/CarbonCore.framework/Versions/A/CarbonCore
0x00007fff31ee7000 	/System/Library/Frameworks/CoreServices.framework/Versions/A/Frameworks/Metadata.framework/Versions/A/Metadata
0x00007fff31f80000 	/System/Library/Frameworks/CoreServices.framework/Versions/A/Frameworks/OSServices.framework/Versions/A/OSServices
0x00007fff31fae000 	/System/Library/Frameworks/CoreServices.framework/Versions/A/Frameworks/SearchKit.framework/Versions/A/SearchKit
0x00007fff318ee000 	/System/Library/Frameworks/CoreServices.framework/Versions/A/Frameworks/AE.framework/Versions/A/AE
0x00007fff31cad000 	/System/Library/Frameworks/CoreServices.framework/Versions/A/Frameworks/LaunchServices.framework/Versions/A/LaunchServices
0x00007fff31c56000 	/System/Library/Frameworks/CoreServices.framework/Versions/A/Frameworks/DictionaryServices.framework/Versions/A/DictionaryServices
0x00007fff32016000 	/System/Library/Frameworks/CoreServices.framework/Versions/A/Frameworks/SharedFileList.framework/Versions/A/SharedFileList
0x00007fff36e97000 	/System/Library/Frameworks/NetFS.framework/Versions/A/NetFS
0x00007fff57ab3000 	/System/Library/PrivateFrameworks/NetAuth.framework/Versions/A/NetAuth
0x00007fff643f8000 	/System/Library/PrivateFrameworks/login.framework/Versions/A/Frameworks/loginsupport.framework/Versions/A/loginsupport
0x00007fff60d1d000 	/System/Library/PrivateFrameworks/TCC.framework/Versions/A/TCC
0x00007fff489ea000 	/System/Library/PrivateFrameworks/CoreNLP.framework/Versions/A/CoreNLP
0x00007fff56fb2000 	/System/Library/PrivateFrameworks/MetadataUtilities.framework/Versions/A/MetadataUtilities
0x00007fff686cd000 	/usr/lib/libmecabra.dylib
0x00007fff68625000 	/usr/lib/libmecab.dylib
0x00007fff68281000 	/usr/lib/libgermantok.dylib
0x00007fff67544000 	/usr/lib/libThaiTokenizer.dylib
0x00007fff66f4a000 	/usr/lib/libChineseTokenizer.dylib
0x00007fff2c1b1000 	/System/Library/Frameworks/Accelerate.framework/Versions/A/Frameworks/vImage.framework/Versions/A/vImage
0x00007fff2d61b000 	/System/Library/Frameworks/Accelerate.framework/Versions/A/Frameworks/vecLib.framework/Versions/A/vecLib
0x00007fff2d558000 	/System/Library/Frameworks/Accelerate.framework/Versions/A/Frameworks/vecLib.framework/Versions/A/libvMisc.dylib
0x00007fff2d380000 	/System/Library/Frameworks/Accelerate.framework/Versions/A/Frameworks/vecLib.framework/Versions/A/libvDSP.dylib
0x00007fff2c808000 	/System/Library/Frameworks/Accelerate.framework/Versions/A/Frameworks/vecLib.framework/Versions/A/libBLAS.dylib
0x00007fff2cf44000 	/System/Library/Frameworks/Accelerate.framework/Versions/A/Frameworks/vecLib.framework/Versions/A/libLAPACK.dylib
0x00007fff2d2e0000 	/System/Library/Frameworks/Accelerate.framework/Versions/A/Frameworks/vecLib.framework/Versions/A/libLinearAlgebra.dylib
0x00007fff2d36d000 	/System/Library/Frameworks/Accelerate.framework/Versions/A/Frameworks/vecLib.framework/Versions/A/libSparseBLAS.dylib
0x00007fff2d2f6000 	/System/Library/Frameworks/Accelerate.framework/Versions/A/Frameworks/vecLib.framework/Versions/A/libQuadrature.dylib
0x00007fff2ca70000 	/System/Library/Frameworks/Accelerate.framework/Versions/A/Frameworks/vecLib.framework/Versions/A/libBNNS.dylib
0x00007fff2d2fc000 	/System/Library/Frameworks/Accelerate.framework/Versions/A/Frameworks/vecLib.framework/Versions/A/libSparse.dylib
0x00007fff55b28000 	/System/Library/PrivateFrameworks/LanguageModeling.framework/Versions/A/LanguageModeling
0x00007fff4839a000 	/System/Library/PrivateFrameworks/CoreEmoji.framework/Versions/A/CoreEmoji
0x00007fff55c46000 	/System/Library/PrivateFrameworks/LinguisticData.framework/Versions/A/LinguisticData
0x00007fff55bf7000 	/System/Library/PrivateFrameworks/Lexicon.framework/Versions/A/Lexicon
0x00007fff67806000 	/usr/lib/libcmph.dylib
0x00007fff39a85000 	/System/Library/Frameworks/OpenDirectory.framework/Versions/A/Frameworks/CFOpenDirectory.framework/Versions/A/CFOpenDirectory
0x00007fff39aa2000 	/System/Library/Frameworks/OpenDirectory.framework/Versions/A/OpenDirectory
0x00007fff41ec2000 	/System/Library/PrivateFrameworks/APFS.framework/Versions/A/APFS
0x00007fff3d191000 	/System/Library/Frameworks/SecurityFoundation.framework/Versions/A/SecurityFoundation
0x00007fff698cc000 	/usr/lib/libutil.dylib
0x00007fff498cf000 	/System/Library/PrivateFrameworks/CoreServicesStore.framework/Versions/A/CoreServicesStore
0x00007fff3d248000 	/System/Library/Frameworks/ServiceManagement.framework/Versions/A/ServiceManagement
0x00007fff455db000 	/System/Library/PrivateFrameworks/BackgroundTaskManagement.framework/Versions/A/BackgroundTaskManagement
0x00007fff699c9000 	/usr/lib/libxslt.1.dylib
0x00007fff4447f000 	/System/Library/PrivateFrameworks/AppleSystemInfo.framework/Versions/A/AppleSystemInfo
0x00007fff33645000 	/System/Library/Frameworks/ImageIO.framework/Versions/A/Resources/libJPEG.dylib
0x00007fff33901000 	/System/Library/Frameworks/ImageIO.framework/Versions/A/Resources/libTIFF.dylib
0x00007fff338e4000 	/System/Library/Frameworks/ImageIO.framework/Versions/A/Resources/libPng.dylib
0x00007fff33587000 	/System/Library/Frameworks/ImageIO.framework/Versions/A/Resources/libGIF.dylib
0x00007fff3358b000 	/System/Library/Frameworks/ImageIO.framework/Versions/A/Resources/libJP2.dylib
0x00007fff338ff000 	/System/Library/Frameworks/ImageIO.framework/Versions/A/Resources/libRadiance.dylib
0x00007fff6824a000 	/usr/lib/libexpat.1.dylib
0x00007fff43f68000 	/System/Library/PrivateFrameworks/AppleJPEG.framework/Versions/A/AppleJPEG
0x00007fff4cbaa000 	/System/Library/PrivateFrameworks/FontServices.framework/libFontParser.dylib
0x00007fff633fe000 	/System/Library/PrivateFrameworks/WatchdogClient.framework/Versions/A/WatchdogClient
0x00007fff55184000 	/System/Library/PrivateFrameworks/IOAccelerator.framework/Versions/A/IOAccelerator
0x00007fff35e0f000 	/System/Library/Frameworks/MetalPerformanceShaders.framework/Versions/A/MetalPerformanceShaders
0x00007fff5191d000 	/System/Library/PrivateFrameworks/GPUWrangler.framework/Versions/A/GPUWrangler
0x00007fff55199000 	/System/Library/PrivateFrameworks/IOPresentment.framework/Versions/A/IOPresentment
0x00007fff4a44b000 	/System/Library/PrivateFrameworks/DSExternalDisplay.framework/Versions/A/DSExternalDisplay
0x00007fff3a416000 	/System/Library/Frameworks/OpenGL.framework/Versions/A/Libraries/libCoreFSCache.dylib
0x00007fff35b5b000 	/System/Library/Frameworks/MetalPerformanceShaders.framework/Frameworks/MPSCore.framework/Versions/A/MPSCore
0x00007fff35b99000 	/System/Library/Frameworks/MetalPerformanceShaders.framework/Frameworks/MPSImage.framework/Versions/A/MPSImage
0x00007fff35c60000 	/System/Library/Frameworks/MetalPerformanceShaders.framework/Frameworks/MPSNeuralNetwork.framework/Versions/A/MPSNeuralNetwork
0x00007fff35c24000 	/System/Library/Frameworks/MetalPerformanceShaders.framework/Frameworks/MPSMatrix.framework/Versions/A/MPSMatrix
0x00007fff35dbf000 	/System/Library/Frameworks/MetalPerformanceShaders.framework/Frameworks/MPSRayIntersector.framework/Versions/A/MPSRayIntersector
0x00007fff35c4a000 	/System/Library/Frameworks/MetalPerformanceShaders.framework/Frameworks/MPSNDArray.framework/Versions/A/MPSNDArray
0x00007fff56fff000 	/System/Library/PrivateFrameworks/MetalTools.framework/Versions/A/MetalTools
0x00007fff43095000 	/System/Library/PrivateFrameworks/AggregateDictionary.framework/Versions/A/AggregateDictionary
0x00007fff47df4000 	/System/Library/PrivateFrameworks/CoreAnalytics.framework/Versions/A/CoreAnalytics
0x00007fff4439e000 	/System/Library/PrivateFrameworks/AppleSauce.framework/Versions/A/AppleSauce
0x00007fff67206000 	/usr/lib/libIOReport.dylib
0x00007fff32517000 	/System/Library/Frameworks/CoreVideo.framework/Versions/A/CoreVideo
0x00007fff52d97000 	/System/Library/PrivateFrameworks/GraphVisualizer.framework/Versions/A/GraphVisualizer
0x00007fff4c0fe000 	/System/Library/PrivateFrameworks/FaceCore.framework/Versions/A/FaceCore
0x00007fff39a2c000 	/System/Library/Frameworks/OpenCL.framework/Versions/A/OpenCL
0x00007fff67028000 	/usr/lib/libFosl_dynamic.dylib
0x00007fff584c8000 	/System/Library/PrivateFrameworks/OTSVG.framework/Versions/A/OTSVG
0x00007fff2e6d9000 	/System/Library/Frameworks/ApplicationServices.framework/Versions/A/Frameworks/ATS.framework/Versions/A/Resources/libFontRegistry.dylib
0x00007fff4cd7b000 	/System/Library/PrivateFrameworks/FontServices.framework/libhvf.dylib
0x00007fff3a421000 	/System/Library/Frameworks/OpenGL.framework/Versions/A/Libraries/libGFXShared.dylib
0x00007fff3a5ff000 	/System/Library/Frameworks/OpenGL.framework/Versions/A/Libraries/libGLU.dylib
0x00007fff3a42a000 	/System/Library/Frameworks/OpenGL.framework/Versions/A/Libraries/libGL.dylib
0x00007fff3a435000 	/System/Library/Frameworks/OpenGL.framework/Versions/A/Libraries/libGLImage.dylib
0x00007fff3a413000 	/System/Library/Frameworks/OpenGL.framework/Versions/A/Libraries/libCVMSPluginSupport.dylib
0x00007fff3a41c000 	/System/Library/Frameworks/OpenGL.framework/Versions/A/Libraries/libCoreVMClient.dylib
0x00007fff68c9c000 	/usr/lib/libncurses.5.4.dylib
0x00007fff2e5d5000 	/System/Library/Frameworks/ApplicationServices.framework/Versions/A/Frameworks/ATS.framework/Versions/A/ATS
0x00007fff2e7a2000 	/System/Library/Frameworks/ApplicationServices.framework/Versions/A/Frameworks/ColorSyncLegacy.framework/Versions/A/ColorSyncLegacy
0x00007fff2e840000 	/System/Library/Frameworks/ApplicationServices.framework/Versions/A/Frameworks/HIServices.framework/Versions/A/HIServices
0x00007fff2e898000 	/System/Library/Frameworks/ApplicationServices.framework/Versions/A/Frameworks/LangAnalysis.framework/Versions/A/LangAnalysis
0x00007fff2e8a7000 	/System/Library/Frameworks/ApplicationServices.framework/Versions/A/Frameworks/PrintCore.framework/Versions/A/PrintCore
0x00007fff2e8ed000 	/System/Library/Frameworks/ApplicationServices.framework/Versions/A/Frameworks/QD.framework/Versions/A/QD
0x00007fff2e8f8000 	/System/Library/Frameworks/ApplicationServices.framework/Versions/A/Frameworks/SpeechSynthesis.framework/Versions/A/SpeechSynthesis
0x00007fff2e772000 	/System/Library/Frameworks/ApplicationServices.framework/Versions/A/Frameworks/ATSUI.framework/Versions/A/ATSUI
0x00007fff680de000 	/usr/lib/libcups.2.dylib
0x00007fff34eac000 	/System/Library/Frameworks/Kerberos.framework/Versions/A/Kerberos
0x00007fff32fed000 	/System/Library/Frameworks/GSS.framework/Versions/A/GSS
0x00007fff6941d000 	/usr/lib/libresolv.9.dylib
0x00007fff52f45000 	/System/Library/PrivateFrameworks/Heimdal.framework/Versions/A/Heimdal
0x00007fff34ebf000 	/System/Library/Frameworks/Kerberos.framework/Versions/A/Libraries/libHeimdalProxy.dylib
0x00007fff68287000 	/usr/lib/libheimdal-asn1.dylib
0x00007fff4728d000 	/System/Library/PrivateFrameworks/CommonAuth.framework/Versions/A/CommonAuth
0x00007fff4451c000 	/System/Library/PrivateFrameworks/AssertionServices.framework/Versions/A/AssertionServices
0x00007fff450be000 	/System/Library/PrivateFrameworks/AudioToolboxCore.framework/Versions/A/AudioToolboxCore
0x00007fff640a8000 	/System/Library/PrivateFrameworks/caulk.framework/Versions/A/caulk
0x00007fff45687000 	/System/Library/PrivateFrameworks/BaseBoard.framework/Versions/A/BaseBoard
0x00007fff5c713000 	/System/Library/PrivateFrameworks/RunningBoardServices.framework/Versions/A/RunningBoardServices
0x00007fff59727000 	/System/Library/PrivateFrameworks/PersistentConnection.framework/Versions/A/PersistentConnection
0x00007fff5c10d000 	/System/Library/PrivateFrameworks/ProtocolBuffer.framework/Versions/A/ProtocolBuffer
0x00007fff472b1000 	/System/Library/PrivateFrameworks/CommonUtilities.framework/Versions/A/CommonUtilities
0x00007fff45815000 	/System/Library/PrivateFrameworks/Bom.framework/Versions/A/Bom
0x00007fff66ed9000 	/usr/lib/libAudioToolboxUtility.dylib
0x00007fff455e5000 	/System/Library/PrivateFrameworks/Backup.framework/Versions/A/Backup
0x00007fff4a36c000 	/System/Library/PrivateFrameworks/CrashReporterSupport.framework/Versions/A/CrashReporterSupport
0x00007fff5e1a1000 	/System/Library/PrivateFrameworks/Sharing.framework/Versions/A/Sharing
0x00007fff43b2b000 	/System/Library/PrivateFrameworks/Apple80211.framework/Versions/A/Apple80211
0x00007fff45302000 	/System/Library/PrivateFrameworks/AuthKit.framework/Versions/A/AuthKit
0x00007fff4a07c000 	/System/Library/PrivateFrameworks/CoreUtils.framework/Versions/A/CoreUtils
0x00007fff3255c000 	/System/Library/Frameworks/CoreWLAN.framework/Versions/A/CoreWLAN
0x00007fff3317a000 	/System/Library/Frameworks/IOBluetooth.framework/Versions/A/IOBluetooth
0x00007fff57303000 	/System/Library/PrivateFrameworks/MobileKeyBag.framework/Versions/A/MobileKeyBag
0x00007fff48e82000 	/System/Library/PrivateFrameworks/CorePhoneNumbers.framework/Versions/A/CorePhoneNumbers
0x00007fff43f1b000 	/System/Library/PrivateFrameworks/AppleIDAuthSupport.framework/Versions/A/AppleIDAuthSupport
0x00007fff36ea4000 	/System/Library/Frameworks/Network.framework/Versions/A/Network
0x00007fff559d4000 	/System/Library/PrivateFrameworks/KeychainCircle.framework/Versions/A/KeychainCircle
0x00007fff2ffb5000 	/System/Library/Frameworks/CoreBluetooth.framework/Versions/A/CoreBluetooth
0x00007fff6021e000 	/System/Library/PrivateFrameworks/SpeechRecognitionCore.framework/Versions/A/SpeechRecognitionCore
0x000000010d400000 	/usr/local/Cellar/openjdk/15.0.1/libexec/openjdk.jdk/Contents/Home/lib/server/libjvm.dylib
0x000000010c358000 	/usr/local/Cellar/openjdk/15.0.1/libexec/openjdk.jdk/Contents/Home/lib/libjimage.dylib
0x000000010c3b2000 	/usr/local/Cellar/openjdk/15.0.1/libexec/openjdk.jdk/Contents/Home/lib/libjava.dylib
0x0000000134868000 	/usr/local/Cellar/openjdk/15.0.1/libexec/openjdk.jdk/Contents/Home/lib/libnio.dylib
0x0000000134880000 	/usr/local/Cellar/openjdk/15.0.1/libexec/openjdk.jdk/Contents/Home/lib/libnet.dylib
0x0000000134924000 	/usr/local/Cellar/openjdk/15.0.1/libexec/openjdk.jdk/Contents/Home/lib/libzip.dylib
0x00000001349f0000 	/Users/yudeng/OR_TOOLS/lib/libjniortools.jnilib
0x0000000134c74000 	/Users/yudeng/OR_TOOLS/lib/libgflags.2.2.2.dylib
0x0000000134cd7000 	/Users/yudeng/OR_TOOLS/lib/libglog.0.dylib
0x0000000134d23000 	/Users/yudeng/OR_TOOLS/lib/libprotobuf.3.6.1.dylib
0x00000001353cc000 	/Users/yudeng/OR_TOOLS/lib/libCbcSolver.3.9.9.dylib
0x00000001354e0000 	/Users/yudeng/OR_TOOLS/lib/libCbc.3.9.9.dylib
0x00000001355f5000 	/Users/yudeng/OR_TOOLS/lib/libOsiCbc.3.9.9.dylib
0x0000000135604000 	/Users/yudeng/OR_TOOLS/lib/libCgl.1.9.10.dylib
0x0000000135721000 	/Users/yudeng/OR_TOOLS/lib/libClpSolver.1.13.11.dylib
0x000000013579c000 	/Users/yudeng/OR_TOOLS/lib/libClp.1.13.11.dylib
0x0000000135948000 	/Users/yudeng/OR_TOOLS/lib/libOsiClp.1.13.11.dylib
0x0000000135993000 	/Users/yudeng/OR_TOOLS/lib/libOsi.1.12.9.dylib
0x00000001359e2000 	/Users/yudeng/OR_TOOLS/lib/libCoinUtils.3.10.14.dylib
0x0000000135b18000 	/Users/yudeng/OR_TOOLS/lib/libortools.dylib


VM Arguments:
jvm_args: -Djava.library.path=/Users/yudeng/OR_TOOLS/lib 
java_command: georg.BranchAndBoundTest
java_class_path (initial): /Users/yudeng/Desktop/atsp/code/target/bg-jobs/sbt_8594701b/job-1/target/b5557b08/ecd9f5d2/code_2.13-0.1.0-SNAPSHOT-tests.jar:/Users/yudeng/Desktop/atsp/code/target/bg-jobs/sbt_8594701b/target/c4faed0d/b8b4bde9/code_2.13-0.1.0-SNAPSHOT.jar:/Users/yudeng/Desktop/atsp/code/target/bg-jobs/sbt_8594701b/target/d4a281f3/3337e965/protobuf.jar:/Users/yudeng/Desktop/atsp/code/target/bg-jobs/sbt_8594701b/target/a761eb85/12543ae9/com.google.ortools.jar:/Users/yudeng/Desktop/atsp/code/target/bg-jobs/sbt_8594701b/target/9b2e4d82/37851899/scala-library-2.13.3.jar:/Users/yudeng/Desktop/atsp/code/target/bg-jobs/sbt_8594701b/target/6e5d9991/adce6847/scalatest_2.13-3.2.2.jar:/Users/yudeng/Desktop/atsp/code/target/bg-jobs/sbt_8594701b/target/fb91ca10/cff84903/scalatest-core_2.13-3.2.2.jar:/Users/yudeng/Desktop/atsp/code/target/bg-jobs/sbt_8594701b/target/79ed616b/e99b91e4/scalatest-featurespec_2.13-3.2.2.jar:/Users/yudeng/Desktop/atsp/code/target/bg-jobs/sbt_8594701b/target/73e88123/30ee1a9e/scalatest-flatspec_2.13-3.2.2.jar:/Users/yudeng/Desktop/atsp/code/target/bg-jobs/sbt_8594701b/target/4ad57e8f/3df0924a/scalatest-freespec_2.13-3.2.2.jar:/Users/yudeng/Desktop/atsp/code/target/bg-jobs/sbt_8594701b/target/10d3e622/b3f43a8d/scalatest-funsuite_2.13-3.2.2.jar:/Users/yudeng/Desktop/atsp/code/target/bg-jobs/sbt_8594701b/target/7523b1a3/d4df0992/scalatest-funspec_2.13-3.2.2.jar:/Users/yudeng/Desktop/atsp/code/target/bg-jobs/sbt_8594701b/target/cf6aa9d4/82e8454d/scalatest-propspec_2.13-3.2.2.jar:/Users/yudeng/Desktop/atsp/code/target/bg-jobs/sbt_8594701b/target/076f1635/ab2375a7/scalatest-refspec_2.13-3.2.2.jar:/Users/yudeng/Desktop/atsp/code/target/bg-jobs/sbt_8594701b/target/59d8a55a/20b2b67e/scalatest-wordspec_2.13-3.2.2.jar:/Users/yudeng/Desktop/atsp/code/target/bg-jobs/sbt_8594701b/target/3d809e31/d4f31aab/scalatest-diagrams_2.13-3.2.2.jar:/Users/yudeng/Desktop/atsp/code/target/bg-jobs/sbt_8594701b/target/da4164c1/0c520e9e/scalatest-matchers-core_2.13-3.2.
Launcher Type: SUN_STANDARD

[Global flags]
     intx CICompilerCount                          = 4                                         {product} {ergonomic}
     uint ConcGCThreads                            = 2                                         {product} {ergonomic}
     uint G1ConcRefinementThreads                  = 8                                         {product} {ergonomic}
   size_t G1HeapRegionSize                         = 2097152                                   {product} {ergonomic}
    uintx GCDrainStackTargetSize                   = 64                                        {product} {ergonomic}
   size_t InitialHeapSize                          = 268435456                                 {product} {ergonomic}
   size_t MarkStackSize                            = 4194304                                   {product} {ergonomic}
   size_t MaxHeapSize                              = 4294967296                                {product} {ergonomic}
   size_t MaxNewSize                               = 2575302656                                {product} {ergonomic}
   size_t MinHeapDeltaBytes                        = 2097152                                   {product} {ergonomic}
   size_t MinHeapSize                              = 8388608                                   {product} {ergonomic}
    uintx NonNMethodCodeHeapSize                   = 5839372                                {pd product} {ergonomic}
    uintx NonProfiledCodeHeapSize                  = 122909434                              {pd product} {ergonomic}
    uintx ProfiledCodeHeapSize                     = 122909434                              {pd product} {ergonomic}
    uintx ReservedCodeCacheSize                    = 251658240                              {pd product} {ergonomic}
     bool SegmentedCodeCache                       = true                                      {product} {ergonomic}
   size_t SoftMaxHeapSize                          = 4294967296                             {manageable} {ergonomic}
     bool UseCompressedClassPointers               = true                                 {lp64_product} {ergonomic}
     bool UseCompressedOops                        = true                                 {lp64_product} {ergonomic}
     bool UseG1GC                                  = true                                      {product} {ergonomic}
     bool UseNUMA                                  = false                                     {product} {ergonomic}
     bool UseNUMAInterleaving                      = false                                     {product} {ergonomic}

Logging:
Log output configuration:
 #0: 
[error occurred during error reporting (printing log configuration), id 0xb, SIGSEGV (0xb) at pc=0x000000010dad28af]

Environment Variables:
JAVA_HOME=/Library/Java/JavaVirtualMachines/openjdk.jdk/Contents/Home
CLASSPATH=/Library/Java/JavaVirtualMachines/openjdk.jdk/Contents/Home/lib/tools.jar:/Library/Java/JavaVirtualMachines/openjdk.jdk/Contents/Home/lib/dt.jar:.
PATH=/Library/Java/JavaVirtualMachines/openjdk.jdk/Contents/Home/bin:/Library/Java/JavaVirtualMachines/openjdk.jdk/Contents/Home/bin:/usr/local/opt/openjdk/bin:/Library/Frameworks/Python.framework/Versions/3.6/bin:/anaconda3/bin:/Library/Frameworks/Python.framework/Versions/3.7/bin:/usr/local/bin:/usr/bin:/bin:/usr/sbin:/sbin:/Library/TeX/texbin:/usr/local/aria2/bin:/opt/X11/bin:.:.
SHELL=/bin/bash
DISPLAY=/private/tmp/com.apple.launchd.EE9kPkxOay/org.macosforge.xquartz:0
LC_CTYPE=UTF-8

Signal Handlers:
SIGSEGV: [libjvm.dylib+0xa69a60], sa_mask[0]=11111111011111110111111111111111, sa_flags=SA_ONSTACK|SA_RESTART|SA_SIGINFO
SIGBUS: [libjvm.dylib+0xa69a60], sa_mask[0]=11111111011111110111111111111111, sa_flags=SA_RESTART|SA_SIGINFO
SIGFPE: [libjvm.dylib+0xa69a60], sa_mask[0]=11111111011111110111111111111111, sa_flags=SA_RESTART|SA_SIGINFO
SIGPIPE: [libjvm.dylib+0x82ae30], sa_mask[0]=11111111011111110111111111111111, sa_flags=SA_RESTART|SA_SIGINFO
SIGXFSZ: [libjvm.dylib+0x82ae30], sa_mask[0]=11111111011111110111111111111111, sa_flags=SA_RESTART|SA_SIGINFO
SIGILL: [libjvm.dylib+0xa69a60], sa_mask[0]=11111111011111110111111111111111, sa_flags=SA_RESTART|SA_SIGINFO
SIGUSR2: [libjvm.dylib+0x82b8d0], sa_mask[0]=00100000000000000000000000000000, sa_flags=SA_RESTART|SA_SIGINFO
SIGHUP: [libjvm.dylib+0x82a030], sa_mask[0]=11111111011111110111111111111111, sa_flags=SA_RESTART|SA_SIGINFO
SIGINT: [libjvm.dylib+0x82a030], sa_mask[0]=00000000000000000000000000000000, sa_flags=SA_RESTART
SIGTERM: [libjvm.dylib+0x82a030], sa_mask[0]=11111111011111110111111111111111, sa_flags=SA_RESTART|SA_SIGINFO
SIGQUIT: [libjvm.dylib+0x82a030], sa_mask[0]=11111111011111110111111111111111, sa_flags=SA_RESTART|SA_SIGINFO


---------------  S Y S T E M  ---------------

OS:uname: Darwin 19.4.0 Darwin Kernel Version 19.4.0: Wed Mar  4 22:28:40 PST 2020; root:xnu-6153.101.6~15/RELEASE_X86_64 x86_64
OS uptime: 53 days 5:10 hours
rlimit (soft/hard): STACK 8192k/65532k , CORE 0k/infinity , NPROC 2784/4176 , NOFILE 10240/infinity , AS infinity/infinity , CPU infinity/infinity , DATA infinity/infinity , FSIZE infinity/infinity , MEMLOCK infinity/infinity , RSS infinity/infinity
load average: 17.91 13.28 10.87

CPU: total 8 (initial active 8) (4 cores per cpu, 2 threads per core) family 6 model 158 stepping 9 microcode 0xca, cmov, cx8, fxsr, mmx, sse, sse2, sse3, ssse3, sse4.1, sse4.2, popcnt, vzeroupper, avx, avx2, aes, clmul, erms, 3dnowpref, lzcnt, ht, tsc, tscinvbit, bmi1, bmi2, adx, fma, clflush, clflushopt

Memory: 4k page, physical 16777216k(325888k free), swap 15728640k(1377536k free)

vm_info: OpenJDK 64-Bit Server VM (15.0.1+9) for bsd-amd64 JRE (15.0.1+9), built on Oct 28 2020 22:29:08 by "brew" with clang Apple LLVM 12.0.0 (clang-1200.0.32.21)

END.
